[0.052s] Invoking command in '/home/prakrutk/husky_ws/build/husky_desktop': AMENT_PREFIX_PATH=/home/prakrutk/husky_ws/install/husky_viz:/home/prakrutk/husky_ws/install/husky_msgs:/home/prakrutk/husky_ws/install/husky_description:${AMENT_PREFIX_PATH} CMAKE_PREFIX_PATH=/home/prakrutk/husky_ws/install/husky_viz:/home/prakrutk/husky_ws/install/husky_msgs:/home/prakrutk/husky_ws/install/husky_description:/opt/ros/humble CONDA_PROMPT_MODIFIER=(base) LD_LIBRARY_PATH=/home/prakrutk/husky_ws/install/husky_msgs/lib:${LD_LIBRARY_PATH} PYTHONPATH=/home/prakrutk/husky_ws/install/husky_msgs/local/lib/python3.10/dist-packages:${PYTHONPATH} /usr/bin/cmake /home/prakrutk/husky_ws/src/husky/husky_desktop -DCMAKE_INSTALL_PREFIX=/home/prakrutk/husky_ws/install/husky_desktop
[0.101s] -- The C compiler identification is GNU 11.4.0
[0.152s] -- The CXX compiler identification is GNU 11.4.0
[0.158s] -- Detecting C compiler ABI info
[0.220s] -- Detecting C compiler ABI info - done
[0.227s] -- Check for working C compiler: /usr/bin/cc - skipped
[0.227s] -- Detecting C compile features
[0.227s] -- Detecting C compile features - done
[0.230s] -- Detecting CXX compiler ABI info
[0.301s] -- Detecting CXX compiler ABI info - done
[0.314s] -- Check for working CXX compiler: /usr/bin/c++ - skipped
[0.314s] -- Detecting CXX compile features
[0.315s] -- Detecting CXX compile features - done
[0.318s] -- Found ament_cmake: 1.3.5 (/opt/ros/humble/share/ament_cmake/cmake)
[0.492s] -- Found Python3: /usr/bin/python3.10 (found version "3.10.12") found components: Interpreter 
[0.631s] -- Configuring done
[0.634s] -- Generating done
[0.635s] -- Build files have been written to: /home/prakrutk/husky_ws/build/husky_desktop
[0.638s] Invoked command in '/home/prakrutk/husky_ws/build/husky_desktop' returned '0': AMENT_PREFIX_PATH=/home/prakrutk/husky_ws/install/husky_viz:/home/prakrutk/husky_ws/install/husky_msgs:/home/prakrutk/husky_ws/install/husky_description:${AMENT_PREFIX_PATH} CMAKE_PREFIX_PATH=/home/prakrutk/husky_ws/install/husky_viz:/home/prakrutk/husky_ws/install/husky_msgs:/home/prakrutk/husky_ws/install/husky_description:/opt/ros/humble CONDA_PROMPT_MODIFIER=(base) LD_LIBRARY_PATH=/home/prakrutk/husky_ws/install/husky_msgs/lib:${LD_LIBRARY_PATH} PYTHONPATH=/home/prakrutk/husky_ws/install/husky_msgs/local/lib/python3.10/dist-packages:${PYTHONPATH} /usr/bin/cmake /home/prakrutk/husky_ws/src/husky/husky_desktop -DCMAKE_INSTALL_PREFIX=/home/prakrutk/husky_ws/install/husky_desktop
[0.640s] Invoking command in '/home/prakrutk/husky_ws/build/husky_desktop': AMENT_PREFIX_PATH=/home/prakrutk/husky_ws/install/husky_viz:/home/prakrutk/husky_ws/install/husky_msgs:/home/prakrutk/husky_ws/install/husky_description:${AMENT_PREFIX_PATH} CMAKE_PREFIX_PATH=/home/prakrutk/husky_ws/install/husky_viz:/home/prakrutk/husky_ws/install/husky_msgs:/home/prakrutk/husky_ws/install/husky_description:/opt/ros/humble CONDA_PROMPT_MODIFIER=(base) LD_LIBRARY_PATH=/home/prakrutk/husky_ws/install/husky_msgs/lib:${LD_LIBRARY_PATH} PYTHONPATH=/home/prakrutk/husky_ws/install/husky_msgs/local/lib/python3.10/dist-packages:${PYTHONPATH} /usr/bin/cmake --build /home/prakrutk/husky_ws/build/husky_desktop -- -j8 -l8
[0.674s] Invoked command in '/home/prakrutk/husky_ws/build/husky_desktop' returned '0': AMENT_PREFIX_PATH=/home/prakrutk/husky_ws/install/husky_viz:/home/prakrutk/husky_ws/install/husky_msgs:/home/prakrutk/husky_ws/install/husky_description:${AMENT_PREFIX_PATH} CMAKE_PREFIX_PATH=/home/prakrutk/husky_ws/install/husky_viz:/home/prakrutk/husky_ws/install/husky_msgs:/home/prakrutk/husky_ws/install/husky_description:/opt/ros/humble CONDA_PROMPT_MODIFIER=(base) LD_LIBRARY_PATH=/home/prakrutk/husky_ws/install/husky_msgs/lib:${LD_LIBRARY_PATH} PYTHONPATH=/home/prakrutk/husky_ws/install/husky_msgs/local/lib/python3.10/dist-packages:${PYTHONPATH} /usr/bin/cmake --build /home/prakrutk/husky_ws/build/husky_desktop -- -j8 -l8
[0.694s] Invoking command in '/home/prakrutk/husky_ws/build/husky_desktop': AMENT_PREFIX_PATH=/home/prakrutk/husky_ws/install/husky_viz:/home/prakrutk/husky_ws/install/husky_msgs:/home/prakrutk/husky_ws/install/husky_description:${AMENT_PREFIX_PATH} CMAKE_PREFIX_PATH=/home/prakrutk/husky_ws/install/husky_viz:/home/prakrutk/husky_ws/install/husky_msgs:/home/prakrutk/husky_ws/install/husky_description:/opt/ros/humble CONDA_PROMPT_MODIFIER=(base) LD_LIBRARY_PATH=/home/prakrutk/husky_ws/install/husky_msgs/lib:${LD_LIBRARY_PATH} PYTHONPATH=/home/prakrutk/husky_ws/install/husky_msgs/local/lib/python3.10/dist-packages:${PYTHONPATH} /usr/bin/cmake --install /home/prakrutk/husky_ws/build/husky_desktop
[0.702s] -- Install configuration: ""
[0.702s] -- Installing: /home/prakrutk/husky_ws/install/husky_desktop/share/ament_index/resource_index/package_run_dependencies/husky_desktop
[0.702s] -- Installing: /home/prakrutk/husky_ws/install/husky_desktop/share/ament_index/resource_index/parent_prefix_path/husky_desktop
[0.702s] -- Installing: /home/prakrutk/husky_ws/install/husky_desktop/share/husky_desktop/environment/ament_prefix_path.sh
[0.703s] -- Installing: /home/prakrutk/husky_ws/install/husky_desktop/share/husky_desktop/environment/ament_prefix_path.dsv
[0.703s] -- Installing: /home/prakrutk/husky_ws/install/husky_desktop/share/husky_desktop/environment/path.sh
[0.703s] -- Installing: /home/prakrutk/husky_ws/install/husky_desktop/share/husky_desktop/environment/path.dsv
[0.703s] -- Installing: /home/prakrutk/husky_ws/install/husky_desktop/share/husky_desktop/local_setup.bash
[0.703s] -- Installing: /home/prakrutk/husky_ws/install/husky_desktop/share/husky_desktop/local_setup.sh
[0.703s] -- Installing: /home/prakrutk/husky_ws/install/husky_desktop/share/husky_desktop/local_setup.zsh
[0.703s] -- Installing: /home/prakrutk/husky_ws/install/husky_desktop/share/husky_desktop/local_setup.dsv
[0.703s] -- Installing: /home/prakrutk/husky_ws/install/husky_desktop/share/husky_desktop/package.dsv
[0.704s] -- Installing: /home/prakrutk/husky_ws/install/husky_desktop/share/ament_index/resource_index/packages/husky_desktop
[0.704s] -- Installing: /home/prakrutk/husky_ws/install/husky_desktop/share/husky_desktop/cmake/husky_desktopConfig.cmake
[0.704s] -- Installing: /home/prakrutk/husky_ws/install/husky_desktop/share/husky_desktop/cmake/husky_desktopConfig-version.cmake
[0.704s] -- Installing: /home/prakrutk/husky_ws/install/husky_desktop/share/husky_desktop/package.xml
[0.706s] Invoked command in '/home/prakrutk/husky_ws/build/husky_desktop' returned '0': AMENT_PREFIX_PATH=/home/prakrutk/husky_ws/install/husky_viz:/home/prakrutk/husky_ws/install/husky_msgs:/home/prakrutk/husky_ws/install/husky_description:${AMENT_PREFIX_PATH} CMAKE_PREFIX_PATH=/home/prakrutk/husky_ws/install/husky_viz:/home/prakrutk/husky_ws/install/husky_msgs:/home/prakrutk/husky_ws/install/husky_description:/opt/ros/humble CONDA_PROMPT_MODIFIER=(base) LD_LIBRARY_PATH=/home/prakrutk/husky_ws/install/husky_msgs/lib:${LD_LIBRARY_PATH} PYTHONPATH=/home/prakrutk/husky_ws/install/husky_msgs/local/lib/python3.10/dist-packages:${PYTHONPATH} /usr/bin/cmake --install /home/prakrutk/husky_ws/build/husky_desktop
