[0.092s] Invoking command in '/home/prakrutk/Downloads/FOR_Project/ROS-Gazebo/husky_ws/build/husky_desktop': AMENT_PREFIX_PATH=/home/prakrutk/husky_ws/install/husky_viz:/home/prakrutk/husky_ws/install/husky_msgs:/home/prakrutk/husky_ws/install/husky_description:${AMENT_PREFIX_PATH} CMAKE_PREFIX_PATH=/home/prakrutk/Downloads/FOR_Project/ROS-Gazebo/husky_ws/install/husky_viz:/home/prakrutk/Downloads/FOR_Project/ROS-Gazebo/husky_ws/install/husky_msgs:/home/prakrutk/Downloads/FOR_Project/ROS-Gazebo/husky_ws/install/husky_description:/opt/ros/humble LD_LIBRARY_PATH=/home/prakrutk/husky_ws/install/husky_msgs/lib:/home/prakrutk/Downloads/FOR_Project/ROS-Gazebo/husky_ws/install/husky_msgs/lib:${LD_LIBRARY_PATH} PYTHONPATH=/home/prakrutk/husky_ws/install/husky_msgs/local/lib/python3.10/dist-packages:${PYTHONPATH} /usr/bin/cmake --build /home/prakrutk/Downloads/FOR_Project/ROS-Gazebo/husky_ws/build/husky_desktop -- -j8 -l8
[0.104s] [0mCMake Error: The current CMakeCache.txt directory /home/prakrutk/Downloads/FOR_Project/ROS-Gazebo/husky_ws/build/husky_desktop/CMakeCache.txt is different than the directory /home/prakrutk/husky_ws/build/husky_desktop where CMakeCache.txt was created. This may result in binaries being created in the wrong place. If you are not sure, reedit the CMakeCache.txt[0m
[0.233s] Invoked command in '/home/prakrutk/Downloads/FOR_Project/ROS-Gazebo/husky_ws/build/husky_desktop' returned '0': AMENT_PREFIX_PATH=/home/prakrutk/husky_ws/install/husky_viz:/home/prakrutk/husky_ws/install/husky_msgs:/home/prakrutk/husky_ws/install/husky_description:${AMENT_PREFIX_PATH} CMAKE_PREFIX_PATH=/home/prakrutk/Downloads/FOR_Project/ROS-Gazebo/husky_ws/install/husky_viz:/home/prakrutk/Downloads/FOR_Project/ROS-Gazebo/husky_ws/install/husky_msgs:/home/prakrutk/Downloads/FOR_Project/ROS-Gazebo/husky_ws/install/husky_description:/opt/ros/humble LD_LIBRARY_PATH=/home/prakrutk/husky_ws/install/husky_msgs/lib:/home/prakrutk/Downloads/FOR_Project/ROS-Gazebo/husky_ws/install/husky_msgs/lib:${LD_LIBRARY_PATH} PYTHONPATH=/home/prakrutk/husky_ws/install/husky_msgs/local/lib/python3.10/dist-packages:${PYTHONPATH} /usr/bin/cmake --build /home/prakrutk/Downloads/FOR_Project/ROS-Gazebo/husky_ws/build/husky_desktop -- -j8 -l8
[0.459s] Invoking command in '/home/prakrutk/Downloads/FOR_Project/ROS-Gazebo/husky_ws/build/husky_desktop': AMENT_PREFIX_PATH=/home/prakrutk/husky_ws/install/husky_viz:/home/prakrutk/husky_ws/install/husky_msgs:/home/prakrutk/husky_ws/install/husky_description:${AMENT_PREFIX_PATH} CMAKE_PREFIX_PATH=/home/prakrutk/Downloads/FOR_Project/ROS-Gazebo/husky_ws/install/husky_viz:/home/prakrutk/Downloads/FOR_Project/ROS-Gazebo/husky_ws/install/husky_msgs:/home/prakrutk/Downloads/FOR_Project/ROS-Gazebo/husky_ws/install/husky_description:/opt/ros/humble LD_LIBRARY_PATH=/home/prakrutk/husky_ws/install/husky_msgs/lib:/home/prakrutk/Downloads/FOR_Project/ROS-Gazebo/husky_ws/install/husky_msgs/lib:${LD_LIBRARY_PATH} PYTHONPATH=/home/prakrutk/husky_ws/install/husky_msgs/local/lib/python3.10/dist-packages:${PYTHONPATH} /usr/bin/cmake --install /home/prakrutk/Downloads/FOR_Project/ROS-Gazebo/husky_ws/build/husky_desktop
[0.471s] -- Install configuration: ""
[0.473s] -- Up-to-date: /home/prakrutk/husky_ws/install/husky_desktop/share/ament_index/resource_index/package_run_dependencies/husky_desktop
[0.474s] -- Up-to-date: /home/prakrutk/husky_ws/install/husky_desktop/share/ament_index/resource_index/parent_prefix_path/husky_desktop
[0.474s] -- Up-to-date: /home/prakrutk/husky_ws/install/husky_desktop/share/husky_desktop/environment/ament_prefix_path.sh
[0.474s] -- Up-to-date: /home/prakrutk/husky_ws/install/husky_desktop/share/husky_desktop/environment/ament_prefix_path.dsv
[0.474s] -- Up-to-date: /home/prakrutk/husky_ws/install/husky_desktop/share/husky_desktop/environment/path.sh
[0.474s] -- Up-to-date: /home/prakrutk/husky_ws/install/husky_desktop/share/husky_desktop/environment/path.dsv
[0.475s] -- Up-to-date: /home/prakrutk/husky_ws/install/husky_desktop/share/husky_desktop/local_setup.bash
[0.475s] -- Up-to-date: /home/prakrutk/husky_ws/install/husky_desktop/share/husky_desktop/local_setup.sh
[0.475s] -- Up-to-date: /home/prakrutk/husky_ws/install/husky_desktop/share/husky_desktop/local_setup.zsh
[0.475s] -- Up-to-date: /home/prakrutk/husky_ws/install/husky_desktop/share/husky_desktop/local_setup.dsv
[0.475s] -- Installing: /home/prakrutk/husky_ws/install/husky_desktop/share/husky_desktop/package.dsv
[0.476s] -- Up-to-date: /home/prakrutk/husky_ws/install/husky_desktop/share/ament_index/resource_index/packages/husky_desktop
[0.476s] -- Up-to-date: /home/prakrutk/husky_ws/install/husky_desktop/share/husky_desktop/cmake/husky_desktopConfig.cmake
[0.476s] -- Up-to-date: /home/prakrutk/husky_ws/install/husky_desktop/share/husky_desktop/cmake/husky_desktopConfig-version.cmake
[0.477s] -- Up-to-date: /home/prakrutk/husky_ws/install/husky_desktop/share/husky_desktop/package.xml
[0.483s] Invoked command in '/home/prakrutk/Downloads/FOR_Project/ROS-Gazebo/husky_ws/build/husky_desktop' returned '0': AMENT_PREFIX_PATH=/home/prakrutk/husky_ws/install/husky_viz:/home/prakrutk/husky_ws/install/husky_msgs:/home/prakrutk/husky_ws/install/husky_description:${AMENT_PREFIX_PATH} CMAKE_PREFIX_PATH=/home/prakrutk/Downloads/FOR_Project/ROS-Gazebo/husky_ws/install/husky_viz:/home/prakrutk/Downloads/FOR_Project/ROS-Gazebo/husky_ws/install/husky_msgs:/home/prakrutk/Downloads/FOR_Project/ROS-Gazebo/husky_ws/install/husky_description:/opt/ros/humble LD_LIBRARY_PATH=/home/prakrutk/husky_ws/install/husky_msgs/lib:/home/prakrutk/Downloads/FOR_Project/ROS-Gazebo/husky_ws/install/husky_msgs/lib:${LD_LIBRARY_PATH} PYTHONPATH=/home/prakrutk/husky_ws/install/husky_msgs/local/lib/python3.10/dist-packages:${PYTHONPATH} /usr/bin/cmake --install /home/prakrutk/Downloads/FOR_Project/ROS-Gazebo/husky_ws/build/husky_desktop
