[0.103s] Invoking command in '/home/prakrutk/husky_ws/build/husky_msgs': CMAKE_PREFIX_PATH=${CMAKE_PREFIX_PATH}:/opt/ros/humble /usr/bin/cmake --build /home/prakrutk/husky_ws/build/husky_msgs -- -j8 -l8
[0.151s] [  3%] Built target husky_msgs__cpp
[0.153s] [ 12%] Built target husky_msgs__rosidl_generator_c
[0.169s] [ 12%] Built target ament_cmake_python_copy_husky_msgs
[0.189s] [ 22%] Built target husky_msgs__rosidl_typesupport_cpp
[0.193s] [ 32%] Built target husky_msgs__rosidl_typesupport_introspection_cpp
[0.196s] [ 41%] Built target husky_msgs__rosidl_typesupport_introspection_c
[0.198s] [ 51%] Built target husky_msgs__rosidl_typesupport_c
[0.206s] [ 61%] Built target husky_msgs__rosidl_typesupport_fastrtps_cpp
[0.207s] [ 70%] Built target husky_msgs__rosidl_typesupport_fastrtps_c
[0.235s] [ 70%] Built target husky_msgs
[0.257s] [ 74%] Built target husky_msgs__py
[0.282s] [ 80%] Built target husky_msgs__rosidl_generator_py
[0.308s] [ 87%] Built target husky_msgs__rosidl_typesupport_introspection_c__pyext
[0.320s] [ 96%] Built target husky_msgs__rosidl_typesupport_fastrtps_c__pyext
[0.321s] [100%] Built target husky_msgs__rosidl_typesupport_c__pyext
[0.499s] running egg_info
[0.499s] writing husky_msgs.egg-info/PKG-INFO
[0.499s] writing dependency_links to husky_msgs.egg-info/dependency_links.txt
[0.500s] writing top-level names to husky_msgs.egg-info/top_level.txt
[0.502s] reading manifest file 'husky_msgs.egg-info/SOURCES.txt'
[0.502s] writing manifest file 'husky_msgs.egg-info/SOURCES.txt'
[0.528s] [100%] Built target ament_cmake_python_build_husky_msgs_egg
[0.674s] Invoked command in '/home/prakrutk/husky_ws/build/husky_msgs' returned '0': CMAKE_PREFIX_PATH=${CMAKE_PREFIX_PATH}:/opt/ros/humble /usr/bin/cmake --build /home/prakrutk/husky_ws/build/husky_msgs -- -j8 -l8
[0.737s] Invoking command in '/home/prakrutk/husky_ws/build/husky_msgs': CMAKE_PREFIX_PATH=${CMAKE_PREFIX_PATH}:/opt/ros/humble /usr/bin/cmake --install /home/prakrutk/husky_ws/build/husky_msgs
[0.755s] -- Install configuration: ""
[0.756s] -- Up-to-date: /home/prakrutk/husky_ws/install/husky_msgs/share/ament_index/resource_index/rosidl_interfaces/husky_msgs
[0.756s] -- Up-to-date: /home/prakrutk/husky_ws/install/husky_msgs/include/husky_msgs/husky_msgs
[0.756s] -- Up-to-date: /home/prakrutk/husky_ws/install/husky_msgs/include/husky_msgs/husky_msgs/msg
[0.756s] -- Up-to-date: /home/prakrutk/husky_ws/install/husky_msgs/include/husky_msgs/husky_msgs/msg/husky_status.h
[0.757s] -- Up-to-date: /home/prakrutk/husky_ws/install/husky_msgs/include/husky_msgs/husky_msgs/msg/rosidl_generator_c__visibility_control.h
[0.757s] -- Up-to-date: /home/prakrutk/husky_ws/install/husky_msgs/include/husky_msgs/husky_msgs/msg/detail
[0.757s] -- Up-to-date: /home/prakrutk/husky_ws/install/husky_msgs/include/husky_msgs/husky_msgs/msg/detail/husky_status__struct.h
[0.758s] -- Up-to-date: /home/prakrutk/husky_ws/install/husky_msgs/include/husky_msgs/husky_msgs/msg/detail/husky_status__type_support.h
[0.758s] -- Up-to-date: /home/prakrutk/husky_ws/install/husky_msgs/include/husky_msgs/husky_msgs/msg/detail/husky_status__functions.h
[0.758s] -- Up-to-date: /home/prakrutk/husky_ws/install/husky_msgs/include/husky_msgs/husky_msgs/msg/detail/husky_status__functions.c
[0.758s] -- Up-to-date: /home/prakrutk/husky_ws/install/husky_msgs/share/husky_msgs/environment/library_path.sh
[0.758s] -- Up-to-date: /home/prakrutk/husky_ws/install/husky_msgs/share/husky_msgs/environment/library_path.dsv
[0.759s] -- Up-to-date: /home/prakrutk/husky_ws/install/husky_msgs/lib/libhusky_msgs__rosidl_generator_c.so
[0.759s] -- Up-to-date: /home/prakrutk/husky_ws/install/husky_msgs/include/husky_msgs/husky_msgs
[0.759s] -- Up-to-date: /home/prakrutk/husky_ws/install/husky_msgs/include/husky_msgs/husky_msgs/msg
[0.759s] -- Up-to-date: /home/prakrutk/husky_ws/install/husky_msgs/include/husky_msgs/husky_msgs/msg/detail
[0.759s] -- Up-to-date: /home/prakrutk/husky_ws/install/husky_msgs/include/husky_msgs/husky_msgs/msg/detail/husky_status__rosidl_typesupport_fastrtps_c.h
[0.759s] -- Up-to-date: /home/prakrutk/husky_ws/install/husky_msgs/include/husky_msgs/husky_msgs/msg/rosidl_typesupport_fastrtps_c__visibility_control.h
[0.760s] -- Up-to-date: /home/prakrutk/husky_ws/install/husky_msgs/lib/libhusky_msgs__rosidl_typesupport_fastrtps_c.so
[0.760s] -- Up-to-date: /home/prakrutk/husky_ws/install/husky_msgs/include/husky_msgs/husky_msgs
[0.760s] -- Up-to-date: /home/prakrutk/husky_ws/install/husky_msgs/include/husky_msgs/husky_msgs/msg
[0.760s] -- Up-to-date: /home/prakrutk/husky_ws/install/husky_msgs/include/husky_msgs/husky_msgs/msg/husky_status.hpp
[0.760s] -- Up-to-date: /home/prakrutk/husky_ws/install/husky_msgs/include/husky_msgs/husky_msgs/msg/detail
[0.760s] -- Up-to-date: /home/prakrutk/husky_ws/install/husky_msgs/include/husky_msgs/husky_msgs/msg/detail/husky_status__struct.hpp
[0.761s] -- Up-to-date: /home/prakrutk/husky_ws/install/husky_msgs/include/husky_msgs/husky_msgs/msg/detail/husky_status__builder.hpp
[0.761s] -- Up-to-date: /home/prakrutk/husky_ws/install/husky_msgs/include/husky_msgs/husky_msgs/msg/detail/husky_status__traits.hpp
[0.761s] -- Up-to-date: /home/prakrutk/husky_ws/install/husky_msgs/include/husky_msgs/husky_msgs
[0.761s] -- Up-to-date: /home/prakrutk/husky_ws/install/husky_msgs/include/husky_msgs/husky_msgs/msg
[0.762s] -- Up-to-date: /home/prakrutk/husky_ws/install/husky_msgs/include/husky_msgs/husky_msgs/msg/detail
[0.762s] -- Up-to-date: /home/prakrutk/husky_ws/install/husky_msgs/include/husky_msgs/husky_msgs/msg/detail/husky_status__rosidl_typesupport_fastrtps_cpp.hpp
[0.762s] -- Up-to-date: /home/prakrutk/husky_ws/install/husky_msgs/include/husky_msgs/husky_msgs/msg/detail/dds_fastrtps
[0.762s] -- Up-to-date: /home/prakrutk/husky_ws/install/husky_msgs/include/husky_msgs/husky_msgs/msg/rosidl_typesupport_fastrtps_cpp__visibility_control.h
[0.763s] -- Up-to-date: /home/prakrutk/husky_ws/install/husky_msgs/lib/libhusky_msgs__rosidl_typesupport_fastrtps_cpp.so
[0.763s] -- Up-to-date: /home/prakrutk/husky_ws/install/husky_msgs/include/husky_msgs/husky_msgs
[0.763s] -- Up-to-date: /home/prakrutk/husky_ws/install/husky_msgs/include/husky_msgs/husky_msgs/msg
[0.763s] -- Up-to-date: /home/prakrutk/husky_ws/install/husky_msgs/include/husky_msgs/husky_msgs/msg/rosidl_typesupport_introspection_c__visibility_control.h
[0.763s] -- Up-to-date: /home/prakrutk/husky_ws/install/husky_msgs/include/husky_msgs/husky_msgs/msg/detail
[0.763s] -- Up-to-date: /home/prakrutk/husky_ws/install/husky_msgs/include/husky_msgs/husky_msgs/msg/detail/husky_status__rosidl_typesupport_introspection_c.h
[0.763s] -- Up-to-date: /home/prakrutk/husky_ws/install/husky_msgs/include/husky_msgs/husky_msgs/msg/detail/husky_status__type_support.c
[0.764s] -- Up-to-date: /home/prakrutk/husky_ws/install/husky_msgs/lib/libhusky_msgs__rosidl_typesupport_introspection_c.so
[0.767s] -- Up-to-date: /home/prakrutk/husky_ws/install/husky_msgs/lib/libhusky_msgs__rosidl_typesupport_c.so
[0.768s] -- Up-to-date: /home/prakrutk/husky_ws/install/husky_msgs/include/husky_msgs/husky_msgs
[0.769s] -- Up-to-date: /home/prakrutk/husky_ws/install/husky_msgs/include/husky_msgs/husky_msgs/msg
[0.769s] -- Up-to-date: /home/prakrutk/husky_ws/install/husky_msgs/include/husky_msgs/husky_msgs/msg/detail
[0.769s] -- Up-to-date: /home/prakrutk/husky_ws/install/husky_msgs/include/husky_msgs/husky_msgs/msg/detail/husky_status__type_support.cpp
[0.770s] -- Up-to-date: /home/prakrutk/husky_ws/install/husky_msgs/include/husky_msgs/husky_msgs/msg/detail/husky_status__rosidl_typesupport_introspection_cpp.hpp
[0.771s] -- Up-to-date: /home/prakrutk/husky_ws/install/husky_msgs/lib/libhusky_msgs__rosidl_typesupport_introspection_cpp.so
[0.772s] -- Up-to-date: /home/prakrutk/husky_ws/install/husky_msgs/lib/libhusky_msgs__rosidl_typesupport_cpp.so
[0.772s] -- Up-to-date: /home/prakrutk/husky_ws/install/husky_msgs/share/husky_msgs/environment/pythonpath.sh
[0.772s] -- Up-to-date: /home/prakrutk/husky_ws/install/husky_msgs/share/husky_msgs/environment/pythonpath.dsv
[0.773s] -- Up-to-date: /home/prakrutk/husky_ws/install/husky_msgs/local/lib/python3.10/dist-packages/husky_msgs-1.0.8-py3.10.egg-info
[0.773s] -- Installing: /home/prakrutk/husky_ws/install/husky_msgs/local/lib/python3.10/dist-packages/husky_msgs-1.0.8-py3.10.egg-info/SOURCES.txt
[0.774s] -- Installing: /home/prakrutk/husky_ws/install/husky_msgs/local/lib/python3.10/dist-packages/husky_msgs-1.0.8-py3.10.egg-info/top_level.txt
[0.774s] -- Installing: /home/prakrutk/husky_ws/install/husky_msgs/local/lib/python3.10/dist-packages/husky_msgs-1.0.8-py3.10.egg-info/dependency_links.txt
[0.774s] -- Installing: /home/prakrutk/husky_ws/install/husky_msgs/local/lib/python3.10/dist-packages/husky_msgs-1.0.8-py3.10.egg-info/PKG-INFO
[0.775s] -- Up-to-date: /home/prakrutk/husky_ws/install/husky_msgs/local/lib/python3.10/dist-packages/husky_msgs
[0.775s] -- Up-to-date: /home/prakrutk/husky_ws/install/husky_msgs/local/lib/python3.10/dist-packages/husky_msgs/_husky_msgs_s.ep.rosidl_typesupport_introspection_c.c
[0.775s] -- Up-to-date: /home/prakrutk/husky_ws/install/husky_msgs/local/lib/python3.10/dist-packages/husky_msgs/husky_msgs_s__rosidl_typesupport_introspection_c.cpython-311-x86_64-linux-gnu.so
[0.776s] -- Up-to-date: /home/prakrutk/husky_ws/install/husky_msgs/local/lib/python3.10/dist-packages/husky_msgs/_husky_msgs_s.ep.rosidl_typesupport_fastrtps_c.c
[0.776s] -- Up-to-date: /home/prakrutk/husky_ws/install/husky_msgs/local/lib/python3.10/dist-packages/husky_msgs/libhusky_msgs__rosidl_generator_py.so
[0.777s] -- Up-to-date: /home/prakrutk/husky_ws/install/husky_msgs/local/lib/python3.10/dist-packages/husky_msgs/_husky_msgs_s.ep.rosidl_typesupport_c.c
[0.777s] -- Up-to-date: /home/prakrutk/husky_ws/install/husky_msgs/local/lib/python3.10/dist-packages/husky_msgs/msg
[0.777s] -- Up-to-date: /home/prakrutk/husky_ws/install/husky_msgs/local/lib/python3.10/dist-packages/husky_msgs/msg/_husky_status.py
[0.778s] -- Up-to-date: /home/prakrutk/husky_ws/install/husky_msgs/local/lib/python3.10/dist-packages/husky_msgs/msg/_husky_status_s.c
[0.778s] -- Up-to-date: /home/prakrutk/husky_ws/install/husky_msgs/local/lib/python3.10/dist-packages/husky_msgs/msg/__init__.py
[0.779s] -- Up-to-date: /home/prakrutk/husky_ws/install/husky_msgs/local/lib/python3.10/dist-packages/husky_msgs/__init__.py
[0.779s] -- Up-to-date: /home/prakrutk/husky_ws/install/husky_msgs/local/lib/python3.10/dist-packages/husky_msgs/husky_msgs_s__rosidl_typesupport_c.cpython-311-x86_64-linux-gnu.so
[0.779s] -- Up-to-date: /home/prakrutk/husky_ws/install/husky_msgs/local/lib/python3.10/dist-packages/husky_msgs/husky_msgs_s__rosidl_typesupport_fastrtps_c.cpython-311-x86_64-linux-gnu.so
[0.794s] Listing '/home/prakrutk/husky_ws/install/husky_msgs/local/lib/python3.10/dist-packages/husky_msgs'...
[0.794s] Listing '/home/prakrutk/husky_ws/install/husky_msgs/local/lib/python3.10/dist-packages/husky_msgs/msg'...
[0.799s] -- Up-to-date: /home/prakrutk/husky_ws/install/husky_msgs/local/lib/python3.10/dist-packages/husky_msgs/husky_msgs_s__rosidl_typesupport_fastrtps_c.cpython-311-x86_64-linux-gnu.so
[0.799s] -- Up-to-date: /home/prakrutk/husky_ws/install/husky_msgs/local/lib/python3.10/dist-packages/husky_msgs/husky_msgs_s__rosidl_typesupport_introspection_c.cpython-311-x86_64-linux-gnu.so
[0.800s] -- Up-to-date: /home/prakrutk/husky_ws/install/husky_msgs/local/lib/python3.10/dist-packages/husky_msgs/husky_msgs_s__rosidl_typesupport_c.cpython-311-x86_64-linux-gnu.so
[0.800s] -- Up-to-date: /home/prakrutk/husky_ws/install/husky_msgs/lib/libhusky_msgs__rosidl_generator_py.so
[0.801s] -- Up-to-date: /home/prakrutk/husky_ws/install/husky_msgs/share/husky_msgs/msg/HuskyStatus.idl
[0.801s] -- Up-to-date: /home/prakrutk/husky_ws/install/husky_msgs/share/husky_msgs/msg/HuskyStatus.msg
[0.802s] -- Up-to-date: /home/prakrutk/husky_ws/install/husky_msgs/share/ament_index/resource_index/package_run_dependencies/husky_msgs
[0.802s] -- Up-to-date: /home/prakrutk/husky_ws/install/husky_msgs/share/ament_index/resource_index/parent_prefix_path/husky_msgs
[0.803s] -- Up-to-date: /home/prakrutk/husky_ws/install/husky_msgs/share/husky_msgs/environment/ament_prefix_path.sh
[0.803s] -- Up-to-date: /home/prakrutk/husky_ws/install/husky_msgs/share/husky_msgs/environment/ament_prefix_path.dsv
[0.803s] -- Up-to-date: /home/prakrutk/husky_ws/install/husky_msgs/share/husky_msgs/environment/path.sh
[0.804s] -- Up-to-date: /home/prakrutk/husky_ws/install/husky_msgs/share/husky_msgs/environment/path.dsv
[0.804s] -- Up-to-date: /home/prakrutk/husky_ws/install/husky_msgs/share/husky_msgs/local_setup.bash
[0.805s] -- Up-to-date: /home/prakrutk/husky_ws/install/husky_msgs/share/husky_msgs/local_setup.sh
[0.805s] -- Up-to-date: /home/prakrutk/husky_ws/install/husky_msgs/share/husky_msgs/local_setup.zsh
[0.805s] -- Up-to-date: /home/prakrutk/husky_ws/install/husky_msgs/share/husky_msgs/local_setup.dsv
[0.805s] -- Installing: /home/prakrutk/husky_ws/install/husky_msgs/share/husky_msgs/package.dsv
[0.806s] -- Up-to-date: /home/prakrutk/husky_ws/install/husky_msgs/share/ament_index/resource_index/packages/husky_msgs
[0.806s] -- Up-to-date: /home/prakrutk/husky_ws/install/husky_msgs/share/husky_msgs/cmake/export_husky_msgs__rosidl_generator_cExport.cmake
[0.807s] -- Up-to-date: /home/prakrutk/husky_ws/install/husky_msgs/share/husky_msgs/cmake/export_husky_msgs__rosidl_generator_cExport-noconfig.cmake
[0.807s] -- Up-to-date: /home/prakrutk/husky_ws/install/husky_msgs/share/husky_msgs/cmake/export_husky_msgs__rosidl_typesupport_fastrtps_cExport.cmake
[0.808s] -- Up-to-date: /home/prakrutk/husky_ws/install/husky_msgs/share/husky_msgs/cmake/export_husky_msgs__rosidl_typesupport_fastrtps_cExport-noconfig.cmake
[0.808s] -- Up-to-date: /home/prakrutk/husky_ws/install/husky_msgs/share/husky_msgs/cmake/export_husky_msgs__rosidl_generator_cppExport.cmake
[0.809s] -- Up-to-date: /home/prakrutk/husky_ws/install/husky_msgs/share/husky_msgs/cmake/export_husky_msgs__rosidl_typesupport_fastrtps_cppExport.cmake
[0.809s] -- Up-to-date: /home/prakrutk/husky_ws/install/husky_msgs/share/husky_msgs/cmake/export_husky_msgs__rosidl_typesupport_fastrtps_cppExport-noconfig.cmake
[0.809s] -- Up-to-date: /home/prakrutk/husky_ws/install/husky_msgs/share/husky_msgs/cmake/husky_msgs__rosidl_typesupport_introspection_cExport.cmake
[0.809s] -- Up-to-date: /home/prakrutk/husky_ws/install/husky_msgs/share/husky_msgs/cmake/husky_msgs__rosidl_typesupport_introspection_cExport-noconfig.cmake
[0.809s] -- Up-to-date: /home/prakrutk/husky_ws/install/husky_msgs/share/husky_msgs/cmake/husky_msgs__rosidl_typesupport_cExport.cmake
[0.810s] -- Up-to-date: /home/prakrutk/husky_ws/install/husky_msgs/share/husky_msgs/cmake/husky_msgs__rosidl_typesupport_cExport-noconfig.cmake
[0.810s] -- Up-to-date: /home/prakrutk/husky_ws/install/husky_msgs/share/husky_msgs/cmake/husky_msgs__rosidl_typesupport_introspection_cppExport.cmake
[0.810s] -- Up-to-date: /home/prakrutk/husky_ws/install/husky_msgs/share/husky_msgs/cmake/husky_msgs__rosidl_typesupport_introspection_cppExport-noconfig.cmake
[0.810s] -- Up-to-date: /home/prakrutk/husky_ws/install/husky_msgs/share/husky_msgs/cmake/husky_msgs__rosidl_typesupport_cppExport.cmake
[0.810s] -- Up-to-date: /home/prakrutk/husky_ws/install/husky_msgs/share/husky_msgs/cmake/husky_msgs__rosidl_typesupport_cppExport-noconfig.cmake
[0.811s] -- Up-to-date: /home/prakrutk/husky_ws/install/husky_msgs/share/husky_msgs/cmake/export_husky_msgs__rosidl_generator_pyExport.cmake
[0.811s] -- Up-to-date: /home/prakrutk/husky_ws/install/husky_msgs/share/husky_msgs/cmake/export_husky_msgs__rosidl_generator_pyExport-noconfig.cmake
[0.811s] -- Up-to-date: /home/prakrutk/husky_ws/install/husky_msgs/share/husky_msgs/cmake/rosidl_cmake-extras.cmake
[0.811s] -- Up-to-date: /home/prakrutk/husky_ws/install/husky_msgs/share/husky_msgs/cmake/ament_cmake_export_dependencies-extras.cmake
[0.811s] -- Up-to-date: /home/prakrutk/husky_ws/install/husky_msgs/share/husky_msgs/cmake/ament_cmake_export_include_directories-extras.cmake
[0.812s] -- Up-to-date: /home/prakrutk/husky_ws/install/husky_msgs/share/husky_msgs/cmake/ament_cmake_export_libraries-extras.cmake
[0.812s] -- Up-to-date: /home/prakrutk/husky_ws/install/husky_msgs/share/husky_msgs/cmake/ament_cmake_export_targets-extras.cmake
[0.812s] -- Up-to-date: /home/prakrutk/husky_ws/install/husky_msgs/share/husky_msgs/cmake/rosidl_cmake_export_typesupport_targets-extras.cmake
[0.812s] -- Up-to-date: /home/prakrutk/husky_ws/install/husky_msgs/share/husky_msgs/cmake/rosidl_cmake_export_typesupport_libraries-extras.cmake
[0.812s] -- Up-to-date: /home/prakrutk/husky_ws/install/husky_msgs/share/husky_msgs/cmake/husky_msgsConfig.cmake
[0.812s] -- Up-to-date: /home/prakrutk/husky_ws/install/husky_msgs/share/husky_msgs/cmake/husky_msgsConfig-version.cmake
[0.813s] -- Up-to-date: /home/prakrutk/husky_ws/install/husky_msgs/share/husky_msgs/package.xml
[0.940s] Invoked command in '/home/prakrutk/husky_ws/build/husky_msgs' returned '0': CMAKE_PREFIX_PATH=${CMAKE_PREFIX_PATH}:/opt/ros/humble /usr/bin/cmake --install /home/prakrutk/husky_ws/build/husky_msgs
