[0.095s] Invoking command in '/home/prakrutk/husky_ws/build/husky_control': AMENT_PREFIX_PATH=/home/prakrutk/husky_ws/install/husky_description:${AMENT_PREFIX_PATH} CMAKE_PREFIX_PATH=/home/prakrutk/husky_ws/install/husky_description:/opt/ros/humble CONDA_PROMPT_MODIFIER=(base) /usr/bin/cmake /home/prakrutk/husky_ws/src/husky/husky_control -DCMAKE_INSTALL_PREFIX=/home/prakrutk/husky_ws/install/husky_control
[0.147s] -- The C compiler identification is GNU 11.4.0
[0.199s] -- The CXX compiler identification is GNU 11.4.0
[0.208s] -- Detecting C compiler ABI info
[0.271s] -- Detecting C compiler ABI info - done
[0.278s] -- Check for working C compiler: /usr/bin/cc - skipped
[0.278s] -- Detecting C compile features
[0.278s] -- Detecting C compile features - done
[0.281s] -- Detecting CXX compiler ABI info
[0.356s] -- Detecting CXX compiler ABI info - done
[0.363s] -- Check for working CXX compiler: /usr/bin/c++ - skipped
[0.363s] -- Detecting CXX compile features
[0.363s] -- Detecting CXX compile features - done
[0.366s] -- Found ament_cmake: 1.3.5 (/opt/ros/humble/share/ament_cmake/cmake)
[0.551s] -- Found Python3: /usr/bin/python3.10 (found version "3.10.12") found components: Interpreter 
[0.702s] -- Configuring done
[0.705s] -- Generating done
[0.706s] -- Build files have been written to: /home/prakrutk/husky_ws/build/husky_control
[0.710s] Invoked command in '/home/prakrutk/husky_ws/build/husky_control' returned '0': AMENT_PREFIX_PATH=/home/prakrutk/husky_ws/install/husky_description:${AMENT_PREFIX_PATH} CMAKE_PREFIX_PATH=/home/prakrutk/husky_ws/install/husky_description:/opt/ros/humble CONDA_PROMPT_MODIFIER=(base) /usr/bin/cmake /home/prakrutk/husky_ws/src/husky/husky_control -DCMAKE_INSTALL_PREFIX=/home/prakrutk/husky_ws/install/husky_control
[0.712s] Invoking command in '/home/prakrutk/husky_ws/build/husky_control': AMENT_PREFIX_PATH=/home/prakrutk/husky_ws/install/husky_description:${AMENT_PREFIX_PATH} CMAKE_PREFIX_PATH=/home/prakrutk/husky_ws/install/husky_description:/opt/ros/humble CONDA_PROMPT_MODIFIER=(base) /usr/bin/cmake --build /home/prakrutk/husky_ws/build/husky_control -- -j8 -l8
[0.748s] Invoked command in '/home/prakrutk/husky_ws/build/husky_control' returned '0': AMENT_PREFIX_PATH=/home/prakrutk/husky_ws/install/husky_description:${AMENT_PREFIX_PATH} CMAKE_PREFIX_PATH=/home/prakrutk/husky_ws/install/husky_description:/opt/ros/humble CONDA_PROMPT_MODIFIER=(base) /usr/bin/cmake --build /home/prakrutk/husky_ws/build/husky_control -- -j8 -l8
[0.770s] Invoking command in '/home/prakrutk/husky_ws/build/husky_control': AMENT_PREFIX_PATH=/home/prakrutk/husky_ws/install/husky_description:${AMENT_PREFIX_PATH} CMAKE_PREFIX_PATH=/home/prakrutk/husky_ws/install/husky_description:/opt/ros/humble CONDA_PROMPT_MODIFIER=(base) /usr/bin/cmake --install /home/prakrutk/husky_ws/build/husky_control
[0.777s] -- Install configuration: ""
[0.777s] -- Installing: /home/prakrutk/husky_ws/install/husky_control/share/husky_control/config
[0.777s] -- Installing: /home/prakrutk/husky_ws/install/husky_control/share/husky_control/config/localization.yaml
[0.777s] -- Installing: /home/prakrutk/husky_ws/install/husky_control/share/husky_control/config/teleop_logitech.yaml
[0.778s] -- Installing: /home/prakrutk/husky_ws/install/husky_control/share/husky_control/config/empty.yaml
[0.778s] -- Installing: /home/prakrutk/husky_ws/install/husky_control/share/husky_control/config/public_interface.yaml
[0.778s] -- Installing: /home/prakrutk/husky_ws/install/husky_control/share/husky_control/config/twist_mux.yaml
[0.778s] -- Installing: /home/prakrutk/husky_ws/install/husky_control/share/husky_control/config/gazebo_interface.yaml
[0.778s] -- Installing: /home/prakrutk/husky_ws/install/husky_control/share/husky_control/config/imu_filter.yaml
[0.778s] -- Installing: /home/prakrutk/husky_ws/install/husky_control/share/husky_control/config/teleop_ps4.yaml
[0.779s] -- Installing: /home/prakrutk/husky_ws/install/husky_control/share/husky_control/config/control.yaml
[0.779s] -- Installing: /home/prakrutk/husky_ws/install/husky_control/share/husky_control/config/teleop_interactive_markers.yaml
[0.780s] -- Installing: /home/prakrutk/husky_ws/install/husky_control/share/husky_control/launch
[0.781s] -- Installing: /home/prakrutk/husky_ws/install/husky_control/share/husky_control/launch/teleop_base.launch.py
[0.781s] -- Installing: /home/prakrutk/husky_ws/install/husky_control/share/husky_control/launch/control.launch
[0.781s] -- Installing: /home/prakrutk/husky_ws/install/husky_control/share/husky_control/launch/teleop_joy.launch.py
[0.781s] -- Installing: /home/prakrutk/husky_ws/install/husky_control/share/husky_control/launch/teleop.launch
[0.781s] -- Installing: /home/prakrutk/husky_ws/install/husky_control/share/husky_control/launch/control.launch.py
[0.781s] -- Installing: /home/prakrutk/husky_ws/install/husky_control/share/ament_index/resource_index/package_run_dependencies/husky_control
[0.782s] -- Installing: /home/prakrutk/husky_ws/install/husky_control/share/ament_index/resource_index/parent_prefix_path/husky_control
[0.782s] -- Installing: /home/prakrutk/husky_ws/install/husky_control/share/husky_control/environment/ament_prefix_path.sh
[0.782s] -- Installing: /home/prakrutk/husky_ws/install/husky_control/share/husky_control/environment/ament_prefix_path.dsv
[0.782s] -- Installing: /home/prakrutk/husky_ws/install/husky_control/share/husky_control/environment/path.sh
[0.783s] -- Installing: /home/prakrutk/husky_ws/install/husky_control/share/husky_control/environment/path.dsv
[0.783s] -- Installing: /home/prakrutk/husky_ws/install/husky_control/share/husky_control/local_setup.bash
[0.783s] -- Installing: /home/prakrutk/husky_ws/install/husky_control/share/husky_control/local_setup.sh
[0.783s] -- Installing: /home/prakrutk/husky_ws/install/husky_control/share/husky_control/local_setup.zsh
[0.783s] -- Installing: /home/prakrutk/husky_ws/install/husky_control/share/husky_control/local_setup.dsv
[0.783s] -- Installing: /home/prakrutk/husky_ws/install/husky_control/share/husky_control/package.dsv
[0.783s] -- Installing: /home/prakrutk/husky_ws/install/husky_control/share/ament_index/resource_index/packages/husky_control
[0.784s] -- Installing: /home/prakrutk/husky_ws/install/husky_control/share/husky_control/cmake/husky_controlConfig.cmake
[0.784s] -- Installing: /home/prakrutk/husky_ws/install/husky_control/share/husky_control/cmake/husky_controlConfig-version.cmake
[0.786s] -- Installing: /home/prakrutk/husky_ws/install/husky_control/share/husky_control/package.xml
[0.790s] Invoked command in '/home/prakrutk/husky_ws/build/husky_control' returned '0': AMENT_PREFIX_PATH=/home/prakrutk/husky_ws/install/husky_description:${AMENT_PREFIX_PATH} CMAKE_PREFIX_PATH=/home/prakrutk/husky_ws/install/husky_description:/opt/ros/humble CONDA_PROMPT_MODIFIER=(base) /usr/bin/cmake --install /home/prakrutk/husky_ws/build/husky_control
