[0.186s] Invoking command in '/home/prakrutk/Downloads/FOR_Project/ROS-Gazebo/husky_ws/build/husky_control': AMENT_PREFIX_PATH=/home/prakrutk/husky_ws/install/husky_description:${AMENT_PREFIX_PATH} CMAKE_PREFIX_PATH=/home/prakrutk/Downloads/FOR_Project/ROS-Gazebo/husky_ws/install/husky_description:/opt/ros/humble /usr/bin/cmake --build /home/prakrutk/Downloads/FOR_Project/ROS-Gazebo/husky_ws/build/husky_control -- -j8 -l8
[0.196s] [0mCMake Error: The current CMakeCache.txt directory /home/prakrutk/Downloads/FOR_Project/ROS-Gazebo/husky_ws/build/husky_control/CMakeCache.txt is different than the directory /home/prakrutk/husky_ws/build/husky_control where CMakeCache.txt was created. This may result in binaries being created in the wrong place. If you are not sure, reedit the CMakeCache.txt[0m
[0.244s] Invoked command in '/home/prakrutk/Downloads/FOR_Project/ROS-Gazebo/husky_ws/build/husky_control' returned '0': AMENT_PREFIX_PATH=/home/prakrutk/husky_ws/install/husky_description:${AMENT_PREFIX_PATH} CMAKE_PREFIX_PATH=/home/prakrutk/Downloads/FOR_Project/ROS-Gazebo/husky_ws/install/husky_description:/opt/ros/humble /usr/bin/cmake --build /home/prakrutk/Downloads/FOR_Project/ROS-Gazebo/husky_ws/build/husky_control -- -j8 -l8
[0.277s] Invoking command in '/home/prakrutk/Downloads/FOR_Project/ROS-Gazebo/husky_ws/build/husky_control': AMENT_PREFIX_PATH=/home/prakrutk/husky_ws/install/husky_description:${AMENT_PREFIX_PATH} CMAKE_PREFIX_PATH=/home/prakrutk/Downloads/FOR_Project/ROS-Gazebo/husky_ws/install/husky_description:/opt/ros/humble /usr/bin/cmake --install /home/prakrutk/Downloads/FOR_Project/ROS-Gazebo/husky_ws/build/husky_control
[0.289s] -- Install configuration: ""
[0.289s] -- Up-to-date: /home/prakrutk/husky_ws/install/husky_control/share/husky_control/config
[0.289s] -- Up-to-date: /home/prakrutk/husky_ws/install/husky_control/share/husky_control/config/localization.yaml
[0.289s] -- Up-to-date: /home/prakrutk/husky_ws/install/husky_control/share/husky_control/config/teleop_logitech.yaml
[0.290s] -- Up-to-date: /home/prakrutk/husky_ws/install/husky_control/share/husky_control/config/empty.yaml
[0.290s] -- Up-to-date: /home/prakrutk/husky_ws/install/husky_control/share/husky_control/config/public_interface.yaml
[0.290s] -- Up-to-date: /home/prakrutk/husky_ws/install/husky_control/share/husky_control/config/twist_mux.yaml
[0.290s] -- Up-to-date: /home/prakrutk/husky_ws/install/husky_control/share/husky_control/config/gazebo_interface.yaml
[0.290s] -- Up-to-date: /home/prakrutk/husky_ws/install/husky_control/share/husky_control/config/imu_filter.yaml
[0.290s] -- Up-to-date: /home/prakrutk/husky_ws/install/husky_control/share/husky_control/config/teleop_ps4.yaml
[0.290s] -- Up-to-date: /home/prakrutk/husky_ws/install/husky_control/share/husky_control/config/control.yaml
[0.291s] -- Up-to-date: /home/prakrutk/husky_ws/install/husky_control/share/husky_control/config/teleop_interactive_markers.yaml
[0.291s] -- Up-to-date: /home/prakrutk/husky_ws/install/husky_control/share/husky_control/launch
[0.291s] -- Up-to-date: /home/prakrutk/husky_ws/install/husky_control/share/husky_control/launch/teleop_base.launch.py
[0.291s] -- Up-to-date: /home/prakrutk/husky_ws/install/husky_control/share/husky_control/launch/control.launch
[0.291s] -- Up-to-date: /home/prakrutk/husky_ws/install/husky_control/share/husky_control/launch/teleop_joy.launch.py
[0.291s] -- Up-to-date: /home/prakrutk/husky_ws/install/husky_control/share/husky_control/launch/teleop.launch
[0.292s] -- Up-to-date: /home/prakrutk/husky_ws/install/husky_control/share/husky_control/launch/control.launch.py
[0.292s] -- Up-to-date: /home/prakrutk/husky_ws/install/husky_control/share/ament_index/resource_index/package_run_dependencies/husky_control
[0.292s] -- Up-to-date: /home/prakrutk/husky_ws/install/husky_control/share/ament_index/resource_index/parent_prefix_path/husky_control
[0.292s] -- Up-to-date: /home/prakrutk/husky_ws/install/husky_control/share/husky_control/environment/ament_prefix_path.sh
[0.293s] -- Up-to-date: /home/prakrutk/husky_ws/install/husky_control/share/husky_control/environment/ament_prefix_path.dsv
[0.293s] -- Up-to-date: /home/prakrutk/husky_ws/install/husky_control/share/husky_control/environment/path.sh
[0.293s] -- Up-to-date: /home/prakrutk/husky_ws/install/husky_control/share/husky_control/environment/path.dsv
[0.294s] -- Up-to-date: /home/prakrutk/husky_ws/install/husky_control/share/husky_control/local_setup.bash
[0.295s] -- Up-to-date: /home/prakrutk/husky_ws/install/husky_control/share/husky_control/local_setup.sh
[0.295s] -- Up-to-date: /home/prakrutk/husky_ws/install/husky_control/share/husky_control/local_setup.zsh
[0.296s] -- Up-to-date: /home/prakrutk/husky_ws/install/husky_control/share/husky_control/local_setup.dsv
[0.299s] -- Installing: /home/prakrutk/husky_ws/install/husky_control/share/husky_control/package.dsv
[0.299s] -- Up-to-date: /home/prakrutk/husky_ws/install/husky_control/share/ament_index/resource_index/packages/husky_control
[0.300s] -- Up-to-date: /home/prakrutk/husky_ws/install/husky_control/share/husky_control/cmake/husky_controlConfig.cmake
[0.300s] -- Up-to-date: /home/prakrutk/husky_ws/install/husky_control/share/husky_control/cmake/husky_controlConfig-version.cmake
[0.301s] -- Up-to-date: /home/prakrutk/husky_ws/install/husky_control/share/husky_control/package.xml
[0.304s] Invoked command in '/home/prakrutk/Downloads/FOR_Project/ROS-Gazebo/husky_ws/build/husky_control' returned '0': AMENT_PREFIX_PATH=/home/prakrutk/husky_ws/install/husky_description:${AMENT_PREFIX_PATH} CMAKE_PREFIX_PATH=/home/prakrutk/Downloads/FOR_Project/ROS-Gazebo/husky_ws/install/husky_description:/opt/ros/humble /usr/bin/cmake --install /home/prakrutk/Downloads/FOR_Project/ROS-Gazebo/husky_ws/build/husky_control
