[0.244s] Invoking command in '/home/prakrutk/husky_ws/build/husky_simulator': CMAKE_PREFIX_PATH=/home/prakrutk/husky_ws/install/husky_gazebo:/home/prakrutk/husky_ws/install/husky_control:/home/prakrutk/husky_ws/install/husky_description:/home/prakrutk/husky_ws/install/husky_desktop:/home/prakrutk/husky_ws/install/husky_viz:/home/prakrutk/husky_ws/install/husky_simulator:/home/prakrutk/husky_ws/install/husky_robot:/home/prakrutk/husky_ws/install/husky_bringup:/home/prakrutk/husky_ws/install/husky_base:/home/prakrutk/husky_ws/install/husky_msgs:/opt/ros/humble /usr/bin/cmake --build /home/prakrutk/husky_ws/build/husky_simulator -- -j8 -l8
[0.298s] Invoked command in '/home/prakrutk/husky_ws/build/husky_simulator' returned '0': CMAKE_PREFIX_PATH=/home/prakrutk/husky_ws/install/husky_gazebo:/home/prakrutk/husky_ws/install/husky_control:/home/prakrutk/husky_ws/install/husky_description:/home/prakrutk/husky_ws/install/husky_desktop:/home/prakrutk/husky_ws/install/husky_viz:/home/prakrutk/husky_ws/install/husky_simulator:/home/prakrutk/husky_ws/install/husky_robot:/home/prakrutk/husky_ws/install/husky_bringup:/home/prakrutk/husky_ws/install/husky_base:/home/prakrutk/husky_ws/install/husky_msgs:/opt/ros/humble /usr/bin/cmake --build /home/prakrutk/husky_ws/build/husky_simulator -- -j8 -l8
[0.550s] Invoking command in '/home/prakrutk/husky_ws/build/husky_simulator': CMAKE_PREFIX_PATH=/home/prakrutk/husky_ws/install/husky_gazebo:/home/prakrutk/husky_ws/install/husky_control:/home/prakrutk/husky_ws/install/husky_description:/home/prakrutk/husky_ws/install/husky_desktop:/home/prakrutk/husky_ws/install/husky_viz:/home/prakrutk/husky_ws/install/husky_simulator:/home/prakrutk/husky_ws/install/husky_robot:/home/prakrutk/husky_ws/install/husky_bringup:/home/prakrutk/husky_ws/install/husky_base:/home/prakrutk/husky_ws/install/husky_msgs:/opt/ros/humble /usr/bin/cmake --install /home/prakrutk/husky_ws/build/husky_simulator
[0.563s] -- Install configuration: ""
[0.563s] -- Up-to-date: /home/prakrutk/husky_ws/install/husky_simulator/share/ament_index/resource_index/package_run_dependencies/husky_simulator
[0.563s] -- Up-to-date: /home/prakrutk/husky_ws/install/husky_simulator/share/ament_index/resource_index/parent_prefix_path/husky_simulator
[0.563s] -- Up-to-date: /home/prakrutk/husky_ws/install/husky_simulator/share/husky_simulator/environment/ament_prefix_path.sh
[0.563s] -- Up-to-date: /home/prakrutk/husky_ws/install/husky_simulator/share/husky_simulator/environment/ament_prefix_path.dsv
[0.565s] -- Up-to-date: /home/prakrutk/husky_ws/install/husky_simulator/share/husky_simulator/environment/path.sh
[0.565s] -- Up-to-date: /home/prakrutk/husky_ws/install/husky_simulator/share/husky_simulator/environment/path.dsv
[0.565s] -- Up-to-date: /home/prakrutk/husky_ws/install/husky_simulator/share/husky_simulator/local_setup.bash
[0.565s] -- Up-to-date: /home/prakrutk/husky_ws/install/husky_simulator/share/husky_simulator/local_setup.sh
[0.565s] -- Up-to-date: /home/prakrutk/husky_ws/install/husky_simulator/share/husky_simulator/local_setup.zsh
[0.565s] -- Up-to-date: /home/prakrutk/husky_ws/install/husky_simulator/share/husky_simulator/local_setup.dsv
[0.566s] -- Installing: /home/prakrutk/husky_ws/install/husky_simulator/share/husky_simulator/package.dsv
[0.567s] -- Up-to-date: /home/prakrutk/husky_ws/install/husky_simulator/share/ament_index/resource_index/packages/husky_simulator
[0.567s] -- Up-to-date: /home/prakrutk/husky_ws/install/husky_simulator/share/husky_simulator/cmake/husky_simulatorConfig.cmake
[0.567s] -- Up-to-date: /home/prakrutk/husky_ws/install/husky_simulator/share/husky_simulator/cmake/husky_simulatorConfig-version.cmake
[0.567s] -- Up-to-date: /home/prakrutk/husky_ws/install/husky_simulator/share/husky_simulator/package.xml
[0.568s] Invoked command in '/home/prakrutk/husky_ws/build/husky_simulator' returned '0': CMAKE_PREFIX_PATH=/home/prakrutk/husky_ws/install/husky_gazebo:/home/prakrutk/husky_ws/install/husky_control:/home/prakrutk/husky_ws/install/husky_description:/home/prakrutk/husky_ws/install/husky_desktop:/home/prakrutk/husky_ws/install/husky_viz:/home/prakrutk/husky_ws/install/husky_simulator:/home/prakrutk/husky_ws/install/husky_robot:/home/prakrutk/husky_ws/install/husky_bringup:/home/prakrutk/husky_ws/install/husky_base:/home/prakrutk/husky_ws/install/husky_msgs:/opt/ros/humble /usr/bin/cmake --install /home/prakrutk/husky_ws/build/husky_simulator
