[0.074s] Invoking command in '/home/prakrutk/husky_ws/build/husky_robot': AMENT_PREFIX_PATH=/home/prakrutk/husky_ws/install/husky_bringup:/home/prakrutk/husky_ws/install/husky_control:/home/prakrutk/husky_ws/install/husky_base:/home/prakrutk/husky_ws/install/husky_msgs:/home/prakrutk/husky_ws/install/husky_description:${AMENT_PREFIX_PATH} CMAKE_PREFIX_PATH=/home/prakrutk/husky_ws/install/husky_bringup:/home/prakrutk/husky_ws/install/husky_control:/home/prakrutk/husky_ws/install/husky_base:/home/prakrutk/husky_ws/install/husky_msgs:/home/prakrutk/husky_ws/install/husky_description:/opt/ros/humble CONDA_PROMPT_MODIFIER=(base) LD_LIBRARY_PATH=/home/prakrutk/husky_ws/install/husky_base/lib:/home/prakrutk/husky_ws/install/husky_msgs/lib:${LD_LIBRARY_PATH} PYTHONPATH=/home/prakrutk/husky_ws/install/husky_msgs/local/lib/python3.10/dist-packages:${PYTHONPATH} /usr/bin/cmake --build /home/prakrutk/husky_ws/build/husky_robot -- -j8 -l8
[0.115s] Invoked command in '/home/prakrutk/husky_ws/build/husky_robot' returned '0': AMENT_PREFIX_PATH=/home/prakrutk/husky_ws/install/husky_bringup:/home/prakrutk/husky_ws/install/husky_control:/home/prakrutk/husky_ws/install/husky_base:/home/prakrutk/husky_ws/install/husky_msgs:/home/prakrutk/husky_ws/install/husky_description:${AMENT_PREFIX_PATH} CMAKE_PREFIX_PATH=/home/prakrutk/husky_ws/install/husky_bringup:/home/prakrutk/husky_ws/install/husky_control:/home/prakrutk/husky_ws/install/husky_base:/home/prakrutk/husky_ws/install/husky_msgs:/home/prakrutk/husky_ws/install/husky_description:/opt/ros/humble CONDA_PROMPT_MODIFIER=(base) LD_LIBRARY_PATH=/home/prakrutk/husky_ws/install/husky_base/lib:/home/prakrutk/husky_ws/install/husky_msgs/lib:${LD_LIBRARY_PATH} PYTHONPATH=/home/prakrutk/husky_ws/install/husky_msgs/local/lib/python3.10/dist-packages:${PYTHONPATH} /usr/bin/cmake --build /home/prakrutk/husky_ws/build/husky_robot -- -j8 -l8
[0.139s] Invoking command in '/home/prakrutk/husky_ws/build/husky_robot': AMENT_PREFIX_PATH=/home/prakrutk/husky_ws/install/husky_bringup:/home/prakrutk/husky_ws/install/husky_control:/home/prakrutk/husky_ws/install/husky_base:/home/prakrutk/husky_ws/install/husky_msgs:/home/prakrutk/husky_ws/install/husky_description:${AMENT_PREFIX_PATH} CMAKE_PREFIX_PATH=/home/prakrutk/husky_ws/install/husky_bringup:/home/prakrutk/husky_ws/install/husky_control:/home/prakrutk/husky_ws/install/husky_base:/home/prakrutk/husky_ws/install/husky_msgs:/home/prakrutk/husky_ws/install/husky_description:/opt/ros/humble CONDA_PROMPT_MODIFIER=(base) LD_LIBRARY_PATH=/home/prakrutk/husky_ws/install/husky_base/lib:/home/prakrutk/husky_ws/install/husky_msgs/lib:${LD_LIBRARY_PATH} PYTHONPATH=/home/prakrutk/husky_ws/install/husky_msgs/local/lib/python3.10/dist-packages:${PYTHONPATH} /usr/bin/cmake --install /home/prakrutk/husky_ws/build/husky_robot
[0.148s] -- Install configuration: ""
[0.149s] -- Up-to-date: /home/prakrutk/husky_ws/install/husky_robot/share/ament_index/resource_index/package_run_dependencies/husky_robot
[0.149s] -- Up-to-date: /home/prakrutk/husky_ws/install/husky_robot/share/ament_index/resource_index/parent_prefix_path/husky_robot
[0.149s] -- Up-to-date: /home/prakrutk/husky_ws/install/husky_robot/share/husky_robot/environment/ament_prefix_path.sh
[0.149s] -- Up-to-date: /home/prakrutk/husky_ws/install/husky_robot/share/husky_robot/environment/ament_prefix_path.dsv
[0.149s] -- Up-to-date: /home/prakrutk/husky_ws/install/husky_robot/share/husky_robot/environment/path.sh
[0.149s] -- Up-to-date: /home/prakrutk/husky_ws/install/husky_robot/share/husky_robot/environment/path.dsv
[0.150s] -- Up-to-date: /home/prakrutk/husky_ws/install/husky_robot/share/husky_robot/local_setup.bash
[0.150s] -- Up-to-date: /home/prakrutk/husky_ws/install/husky_robot/share/husky_robot/local_setup.sh
[0.150s] -- Up-to-date: /home/prakrutk/husky_ws/install/husky_robot/share/husky_robot/local_setup.zsh
[0.150s] -- Up-to-date: /home/prakrutk/husky_ws/install/husky_robot/share/husky_robot/local_setup.dsv
[0.150s] -- Installing: /home/prakrutk/husky_ws/install/husky_robot/share/husky_robot/package.dsv
[0.150s] -- Up-to-date: /home/prakrutk/husky_ws/install/husky_robot/share/ament_index/resource_index/packages/husky_robot
[0.150s] -- Up-to-date: /home/prakrutk/husky_ws/install/husky_robot/share/husky_robot/cmake/husky_robotConfig.cmake
[0.150s] -- Up-to-date: /home/prakrutk/husky_ws/install/husky_robot/share/husky_robot/cmake/husky_robotConfig-version.cmake
[0.151s] -- Up-to-date: /home/prakrutk/husky_ws/install/husky_robot/share/husky_robot/package.xml
[0.152s] Invoked command in '/home/prakrutk/husky_ws/build/husky_robot' returned '0': AMENT_PREFIX_PATH=/home/prakrutk/husky_ws/install/husky_bringup:/home/prakrutk/husky_ws/install/husky_control:/home/prakrutk/husky_ws/install/husky_base:/home/prakrutk/husky_ws/install/husky_msgs:/home/prakrutk/husky_ws/install/husky_description:${AMENT_PREFIX_PATH} CMAKE_PREFIX_PATH=/home/prakrutk/husky_ws/install/husky_bringup:/home/prakrutk/husky_ws/install/husky_control:/home/prakrutk/husky_ws/install/husky_base:/home/prakrutk/husky_ws/install/husky_msgs:/home/prakrutk/husky_ws/install/husky_description:/opt/ros/humble CONDA_PROMPT_MODIFIER=(base) LD_LIBRARY_PATH=/home/prakrutk/husky_ws/install/husky_base/lib:/home/prakrutk/husky_ws/install/husky_msgs/lib:${LD_LIBRARY_PATH} PYTHONPATH=/home/prakrutk/husky_ws/install/husky_msgs/local/lib/python3.10/dist-packages:${PYTHONPATH} /usr/bin/cmake --install /home/prakrutk/husky_ws/build/husky_robot
