[0.056s] Invoking command in '/home/prakrutk/husky_ws/build/husky_robot': AMENT_PREFIX_PATH=/home/prakrutk/husky_ws/install/husky_bringup:/home/prakrutk/husky_ws/install/husky_control:/home/prakrutk/husky_ws/install/husky_base:/home/prakrutk/husky_ws/install/husky_msgs:/home/prakrutk/husky_ws/install/husky_description:${AMENT_PREFIX_PATH} CMAKE_PREFIX_PATH=/home/prakrutk/husky_ws/install/husky_bringup:/home/prakrutk/husky_ws/install/husky_control:/home/prakrutk/husky_ws/install/husky_base:/home/prakrutk/husky_ws/install/husky_msgs:/home/prakrutk/husky_ws/install/husky_description:/opt/ros/humble CONDA_PROMPT_MODIFIER=(base) LD_LIBRARY_PATH=/home/prakrutk/husky_ws/install/husky_base/lib:/home/prakrutk/husky_ws/install/husky_msgs/lib:${LD_LIBRARY_PATH} PYTHONPATH=/home/prakrutk/husky_ws/install/husky_msgs/local/lib/python3.10/dist-packages:${PYTHONPATH} /usr/bin/cmake /home/prakrutk/husky_ws/src/husky/husky_robot -DCMAKE_INSTALL_PREFIX=/home/prakrutk/husky_ws/install/husky_robot
[0.114s] -- The C compiler identification is GNU 11.4.0
[0.165s] -- The CXX compiler identification is GNU 11.4.0
[0.171s] -- Detecting C compiler ABI info
[0.233s] -- Detecting C compiler ABI info - done
[0.240s] -- Check for working C compiler: /usr/bin/cc - skipped
[0.240s] -- Detecting C compile features
[0.241s] -- Detecting C compile features - done
[0.243s] -- Detecting CXX compiler ABI info
[0.317s] -- Detecting CXX compiler ABI info - done
[0.324s] -- Check for working CXX compiler: /usr/bin/c++ - skipped
[0.325s] -- Detecting CXX compile features
[0.325s] -- Detecting CXX compile features - done
[0.328s] -- Found ament_cmake: 1.3.5 (/opt/ros/humble/share/ament_cmake/cmake)
[0.498s] -- Found Python3: /usr/bin/python3.10 (found version "3.10.12") found components: Interpreter 
[0.636s] -- Configuring done
[0.638s] -- Generating done
[0.639s] -- Build files have been written to: /home/prakrutk/husky_ws/build/husky_robot
[0.643s] Invoked command in '/home/prakrutk/husky_ws/build/husky_robot' returned '0': AMENT_PREFIX_PATH=/home/prakrutk/husky_ws/install/husky_bringup:/home/prakrutk/husky_ws/install/husky_control:/home/prakrutk/husky_ws/install/husky_base:/home/prakrutk/husky_ws/install/husky_msgs:/home/prakrutk/husky_ws/install/husky_description:${AMENT_PREFIX_PATH} CMAKE_PREFIX_PATH=/home/prakrutk/husky_ws/install/husky_bringup:/home/prakrutk/husky_ws/install/husky_control:/home/prakrutk/husky_ws/install/husky_base:/home/prakrutk/husky_ws/install/husky_msgs:/home/prakrutk/husky_ws/install/husky_description:/opt/ros/humble CONDA_PROMPT_MODIFIER=(base) LD_LIBRARY_PATH=/home/prakrutk/husky_ws/install/husky_base/lib:/home/prakrutk/husky_ws/install/husky_msgs/lib:${LD_LIBRARY_PATH} PYTHONPATH=/home/prakrutk/husky_ws/install/husky_msgs/local/lib/python3.10/dist-packages:${PYTHONPATH} /usr/bin/cmake /home/prakrutk/husky_ws/src/husky/husky_robot -DCMAKE_INSTALL_PREFIX=/home/prakrutk/husky_ws/install/husky_robot
[0.645s] Invoking command in '/home/prakrutk/husky_ws/build/husky_robot': AMENT_PREFIX_PATH=/home/prakrutk/husky_ws/install/husky_bringup:/home/prakrutk/husky_ws/install/husky_control:/home/prakrutk/husky_ws/install/husky_base:/home/prakrutk/husky_ws/install/husky_msgs:/home/prakrutk/husky_ws/install/husky_description:${AMENT_PREFIX_PATH} CMAKE_PREFIX_PATH=/home/prakrutk/husky_ws/install/husky_bringup:/home/prakrutk/husky_ws/install/husky_control:/home/prakrutk/husky_ws/install/husky_base:/home/prakrutk/husky_ws/install/husky_msgs:/home/prakrutk/husky_ws/install/husky_description:/opt/ros/humble CONDA_PROMPT_MODIFIER=(base) LD_LIBRARY_PATH=/home/prakrutk/husky_ws/install/husky_base/lib:/home/prakrutk/husky_ws/install/husky_msgs/lib:${LD_LIBRARY_PATH} PYTHONPATH=/home/prakrutk/husky_ws/install/husky_msgs/local/lib/python3.10/dist-packages:${PYTHONPATH} /usr/bin/cmake --build /home/prakrutk/husky_ws/build/husky_robot -- -j8 -l8
[0.680s] Invoked command in '/home/prakrutk/husky_ws/build/husky_robot' returned '0': AMENT_PREFIX_PATH=/home/prakrutk/husky_ws/install/husky_bringup:/home/prakrutk/husky_ws/install/husky_control:/home/prakrutk/husky_ws/install/husky_base:/home/prakrutk/husky_ws/install/husky_msgs:/home/prakrutk/husky_ws/install/husky_description:${AMENT_PREFIX_PATH} CMAKE_PREFIX_PATH=/home/prakrutk/husky_ws/install/husky_bringup:/home/prakrutk/husky_ws/install/husky_control:/home/prakrutk/husky_ws/install/husky_base:/home/prakrutk/husky_ws/install/husky_msgs:/home/prakrutk/husky_ws/install/husky_description:/opt/ros/humble CONDA_PROMPT_MODIFIER=(base) LD_LIBRARY_PATH=/home/prakrutk/husky_ws/install/husky_base/lib:/home/prakrutk/husky_ws/install/husky_msgs/lib:${LD_LIBRARY_PATH} PYTHONPATH=/home/prakrutk/husky_ws/install/husky_msgs/local/lib/python3.10/dist-packages:${PYTHONPATH} /usr/bin/cmake --build /home/prakrutk/husky_ws/build/husky_robot -- -j8 -l8
[0.700s] Invoking command in '/home/prakrutk/husky_ws/build/husky_robot': AMENT_PREFIX_PATH=/home/prakrutk/husky_ws/install/husky_bringup:/home/prakrutk/husky_ws/install/husky_control:/home/prakrutk/husky_ws/install/husky_base:/home/prakrutk/husky_ws/install/husky_msgs:/home/prakrutk/husky_ws/install/husky_description:${AMENT_PREFIX_PATH} CMAKE_PREFIX_PATH=/home/prakrutk/husky_ws/install/husky_bringup:/home/prakrutk/husky_ws/install/husky_control:/home/prakrutk/husky_ws/install/husky_base:/home/prakrutk/husky_ws/install/husky_msgs:/home/prakrutk/husky_ws/install/husky_description:/opt/ros/humble CONDA_PROMPT_MODIFIER=(base) LD_LIBRARY_PATH=/home/prakrutk/husky_ws/install/husky_base/lib:/home/prakrutk/husky_ws/install/husky_msgs/lib:${LD_LIBRARY_PATH} PYTHONPATH=/home/prakrutk/husky_ws/install/husky_msgs/local/lib/python3.10/dist-packages:${PYTHONPATH} /usr/bin/cmake --install /home/prakrutk/husky_ws/build/husky_robot
[0.707s] -- Install configuration: ""
[0.707s] -- Installing: /home/prakrutk/husky_ws/install/husky_robot/share/ament_index/resource_index/package_run_dependencies/husky_robot
[0.707s] -- Installing: /home/prakrutk/husky_ws/install/husky_robot/share/ament_index/resource_index/parent_prefix_path/husky_robot
[0.708s] -- Installing: /home/prakrutk/husky_ws/install/husky_robot/share/husky_robot/environment/ament_prefix_path.sh
[0.708s] -- Installing: /home/prakrutk/husky_ws/install/husky_robot/share/husky_robot/environment/ament_prefix_path.dsv
[0.708s] -- Installing: /home/prakrutk/husky_ws/install/husky_robot/share/husky_robot/environment/path.sh
[0.708s] -- Installing: /home/prakrutk/husky_ws/install/husky_robot/share/husky_robot/environment/path.dsv
[0.708s] -- Installing: /home/prakrutk/husky_ws/install/husky_robot/share/husky_robot/local_setup.bash
[0.708s] -- Installing: /home/prakrutk/husky_ws/install/husky_robot/share/husky_robot/local_setup.sh
[0.708s] -- Installing: /home/prakrutk/husky_ws/install/husky_robot/share/husky_robot/local_setup.zsh
[0.708s] -- Installing: /home/prakrutk/husky_ws/install/husky_robot/share/husky_robot/local_setup.dsv
[0.709s] -- Installing: /home/prakrutk/husky_ws/install/husky_robot/share/husky_robot/package.dsv
[0.709s] -- Installing: /home/prakrutk/husky_ws/install/husky_robot/share/ament_index/resource_index/packages/husky_robot
[0.709s] -- Installing: /home/prakrutk/husky_ws/install/husky_robot/share/husky_robot/cmake/husky_robotConfig.cmake
[0.709s] -- Installing: /home/prakrutk/husky_ws/install/husky_robot/share/husky_robot/cmake/husky_robotConfig-version.cmake
[0.709s] -- Installing: /home/prakrutk/husky_ws/install/husky_robot/share/husky_robot/package.xml
[0.711s] Invoked command in '/home/prakrutk/husky_ws/build/husky_robot' returned '0': AMENT_PREFIX_PATH=/home/prakrutk/husky_ws/install/husky_bringup:/home/prakrutk/husky_ws/install/husky_control:/home/prakrutk/husky_ws/install/husky_base:/home/prakrutk/husky_ws/install/husky_msgs:/home/prakrutk/husky_ws/install/husky_description:${AMENT_PREFIX_PATH} CMAKE_PREFIX_PATH=/home/prakrutk/husky_ws/install/husky_bringup:/home/prakrutk/husky_ws/install/husky_control:/home/prakrutk/husky_ws/install/husky_base:/home/prakrutk/husky_ws/install/husky_msgs:/home/prakrutk/husky_ws/install/husky_description:/opt/ros/humble CONDA_PROMPT_MODIFIER=(base) LD_LIBRARY_PATH=/home/prakrutk/husky_ws/install/husky_base/lib:/home/prakrutk/husky_ws/install/husky_msgs/lib:${LD_LIBRARY_PATH} PYTHONPATH=/home/prakrutk/husky_ws/install/husky_msgs/local/lib/python3.10/dist-packages:${PYTHONPATH} /usr/bin/cmake --install /home/prakrutk/husky_ws/build/husky_robot
