[0.961s] DEBUG:colcon:Command line arguments: ['/usr/bin/colcon', 'build']
[0.962s] DEBUG:colcon:Parsed command line arguments: Namespace(log_base=None, log_level=None, verb_name='build', build_base='build', install_base='install', merge_install=False, symlink_install=False, test_result_base=None, continue_on_error=False, executor='parallel', parallel_workers=8, event_handlers=None, ignore_user_meta=False, metas=['./colcon.meta'], base_paths=['.'], packages_ignore=None, packages_ignore_regex=None, paths=None, packages_up_to=None, packages_up_to_regex=None, packages_above=None, packages_above_and_dependencies=None, packages_above_depth=None, packages_select_by_dep=None, packages_skip_by_dep=None, packages_skip_up_to=None, packages_select_build_failed=False, packages_skip_build_finished=False, packages_select_test_failures=False, packages_skip_test_passed=False, packages_select=None, packages_skip=None, packages_select_regex=None, packages_skip_regex=None, packages_start=None, packages_end=None, allow_overriding=[], cmake_args=None, cmake_target=None, cmake_target_skip_unavailable=False, cmake_clean_cache=False, cmake_clean_first=False, cmake_force_configure=False, ament_cmake_args=None, catkin_cmake_args=None, catkin_skip_building_tests=False, verb_parser=<colcon_defaults.argument_parser.defaults.DefaultArgumentsDecorator object at 0x7f1acc405ea0>, verb_extension=<colcon_core.verb.build.BuildVerb object at 0x7f1acc404610>, main=<bound method BuildVerb.main of <colcon_core.verb.build.BuildVerb object at 0x7f1acc404610>>)
[1.028s] Level 1:colcon.colcon_core.package_discovery:discover_packages(colcon_meta) check parameters
[1.028s] Level 1:colcon.colcon_core.package_discovery:discover_packages(recursive) check parameters
[1.028s] Level 1:colcon.colcon_core.package_discovery:discover_packages(ignore) check parameters
[1.028s] Level 1:colcon.colcon_core.package_discovery:discover_packages(path) check parameters
[1.028s] Level 1:colcon.colcon_core.package_discovery:discover_packages(colcon_meta) discover
[1.028s] Level 1:colcon.colcon_core.package_discovery:discover_packages(recursive) discover
[1.028s] INFO:colcon.colcon_core.package_discovery:Crawling recursively for packages in '/home/prakrutk/husky_ws'
[1.028s] Level 1:colcon.colcon_core.package_identification:_identify(.) by extensions ['ignore', 'ignore_ament_install']
[1.029s] Level 1:colcon.colcon_core.package_identification:_identify(.) by extension 'ignore'
[1.029s] Level 1:colcon.colcon_core.package_identification:_identify(.) by extension 'ignore_ament_install'
[1.029s] Level 1:colcon.colcon_core.package_identification:_identify(.) by extensions ['colcon_pkg']
[1.029s] Level 1:colcon.colcon_core.package_identification:_identify(.) by extension 'colcon_pkg'
[1.029s] Level 1:colcon.colcon_core.package_identification:_identify(.) by extensions ['colcon_meta']
[1.029s] Level 1:colcon.colcon_core.package_identification:_identify(.) by extension 'colcon_meta'
[1.029s] Level 1:colcon.colcon_core.package_identification:_identify(.) by extensions ['ros']
[1.029s] Level 1:colcon.colcon_core.package_identification:_identify(.) by extension 'ros'
[1.040s] Level 1:colcon.colcon_core.package_identification:_identify(.) by extensions ['cmake', 'python']
[1.040s] Level 1:colcon.colcon_core.package_identification:_identify(.) by extension 'cmake'
[1.040s] Level 1:colcon.colcon_core.package_identification:_identify(.) by extension 'python'
[1.040s] Level 1:colcon.colcon_core.package_identification:_identify(.) by extensions ['python_setup_py']
[1.040s] Level 1:colcon.colcon_core.package_identification:_identify(.) by extension 'python_setup_py'
[1.040s] Level 1:colcon.colcon_core.package_identification:_identify(build) by extensions ['ignore', 'ignore_ament_install']
[1.040s] Level 1:colcon.colcon_core.package_identification:_identify(build) by extension 'ignore'
[1.040s] Level 1:colcon.colcon_core.package_identification:_identify(build) ignored
[1.041s] Level 1:colcon.colcon_core.package_identification:_identify(install) by extensions ['ignore', 'ignore_ament_install']
[1.041s] Level 1:colcon.colcon_core.package_identification:_identify(install) by extension 'ignore'
[1.041s] Level 1:colcon.colcon_core.package_identification:_identify(install) ignored
[1.041s] Level 1:colcon.colcon_core.package_identification:_identify(log) by extensions ['ignore', 'ignore_ament_install']
[1.041s] Level 1:colcon.colcon_core.package_identification:_identify(log) by extension 'ignore'
[1.041s] Level 1:colcon.colcon_core.package_identification:_identify(log) ignored
[1.041s] Level 1:colcon.colcon_core.package_identification:_identify(src) by extensions ['ignore', 'ignore_ament_install']
[1.041s] Level 1:colcon.colcon_core.package_identification:_identify(src) by extension 'ignore'
[1.041s] Level 1:colcon.colcon_core.package_identification:_identify(src) by extension 'ignore_ament_install'
[1.041s] Level 1:colcon.colcon_core.package_identification:_identify(src) by extensions ['colcon_pkg']
[1.041s] Level 1:colcon.colcon_core.package_identification:_identify(src) by extension 'colcon_pkg'
[1.041s] Level 1:colcon.colcon_core.package_identification:_identify(src) by extensions ['colcon_meta']
[1.041s] Level 1:colcon.colcon_core.package_identification:_identify(src) by extension 'colcon_meta'
[1.041s] Level 1:colcon.colcon_core.package_identification:_identify(src) by extensions ['ros']
[1.041s] Level 1:colcon.colcon_core.package_identification:_identify(src) by extension 'ros'
[1.041s] Level 1:colcon.colcon_core.package_identification:_identify(src) by extensions ['cmake', 'python']
[1.041s] Level 1:colcon.colcon_core.package_identification:_identify(src) by extension 'cmake'
[1.042s] Level 1:colcon.colcon_core.package_identification:_identify(src) by extension 'python'
[1.042s] Level 1:colcon.colcon_core.package_identification:_identify(src) by extensions ['python_setup_py']
[1.042s] Level 1:colcon.colcon_core.package_identification:_identify(src) by extension 'python_setup_py'
[1.042s] Level 1:colcon.colcon_core.package_identification:_identify(src/husky) by extensions ['ignore', 'ignore_ament_install']
[1.042s] Level 1:colcon.colcon_core.package_identification:_identify(src/husky) by extension 'ignore'
[1.042s] Level 1:colcon.colcon_core.package_identification:_identify(src/husky) by extension 'ignore_ament_install'
[1.042s] Level 1:colcon.colcon_core.package_identification:_identify(src/husky) by extensions ['colcon_pkg']
[1.042s] Level 1:colcon.colcon_core.package_identification:_identify(src/husky) by extension 'colcon_pkg'
[1.042s] Level 1:colcon.colcon_core.package_identification:_identify(src/husky) by extensions ['colcon_meta']
[1.042s] Level 1:colcon.colcon_core.package_identification:_identify(src/husky) by extension 'colcon_meta'
[1.042s] Level 1:colcon.colcon_core.package_identification:_identify(src/husky) by extensions ['ros']
[1.042s] Level 1:colcon.colcon_core.package_identification:_identify(src/husky) by extension 'ros'
[1.042s] Level 1:colcon.colcon_core.package_identification:_identify(src/husky) by extensions ['cmake', 'python']
[1.042s] Level 1:colcon.colcon_core.package_identification:_identify(src/husky) by extension 'cmake'
[1.042s] Level 1:colcon.colcon_core.package_identification:_identify(src/husky) by extension 'python'
[1.042s] Level 1:colcon.colcon_core.package_identification:_identify(src/husky) by extensions ['python_setup_py']
[1.042s] Level 1:colcon.colcon_core.package_identification:_identify(src/husky) by extension 'python_setup_py'
[1.042s] Level 1:colcon.colcon_core.package_identification:_identify(src/husky/husky_base) by extensions ['ignore', 'ignore_ament_install']
[1.042s] Level 1:colcon.colcon_core.package_identification:_identify(src/husky/husky_base) by extension 'ignore'
[1.042s] Level 1:colcon.colcon_core.package_identification:_identify(src/husky/husky_base) by extension 'ignore_ament_install'
[1.043s] Level 1:colcon.colcon_core.package_identification:_identify(src/husky/husky_base) by extensions ['colcon_pkg']
[1.043s] Level 1:colcon.colcon_core.package_identification:_identify(src/husky/husky_base) by extension 'colcon_pkg'
[1.043s] Level 1:colcon.colcon_core.package_identification:_identify(src/husky/husky_base) by extensions ['colcon_meta']
[1.043s] Level 1:colcon.colcon_core.package_identification:_identify(src/husky/husky_base) by extension 'colcon_meta'
[1.043s] Level 1:colcon.colcon_core.package_identification:_identify(src/husky/husky_base) by extensions ['ros']
[1.043s] Level 1:colcon.colcon_core.package_identification:_identify(src/husky/husky_base) by extension 'ros'
[1.047s] DEBUG:colcon.colcon_core.package_identification:Package 'src/husky/husky_base' with type 'ros.ament_cmake' and name 'husky_base'
[1.047s] Level 1:colcon.colcon_core.package_identification:_identify(src/husky/husky_bringup) by extensions ['ignore', 'ignore_ament_install']
[1.047s] Level 1:colcon.colcon_core.package_identification:_identify(src/husky/husky_bringup) by extension 'ignore'
[1.047s] Level 1:colcon.colcon_core.package_identification:_identify(src/husky/husky_bringup) by extension 'ignore_ament_install'
[1.047s] Level 1:colcon.colcon_core.package_identification:_identify(src/husky/husky_bringup) by extensions ['colcon_pkg']
[1.047s] Level 1:colcon.colcon_core.package_identification:_identify(src/husky/husky_bringup) by extension 'colcon_pkg'
[1.047s] Level 1:colcon.colcon_core.package_identification:_identify(src/husky/husky_bringup) by extensions ['colcon_meta']
[1.047s] Level 1:colcon.colcon_core.package_identification:_identify(src/husky/husky_bringup) by extension 'colcon_meta'
[1.047s] Level 1:colcon.colcon_core.package_identification:_identify(src/husky/husky_bringup) by extensions ['ros']
[1.047s] Level 1:colcon.colcon_core.package_identification:_identify(src/husky/husky_bringup) by extension 'ros'
[1.048s] DEBUG:colcon.colcon_core.package_identification:Package 'src/husky/husky_bringup' with type 'ros.ament_cmake' and name 'husky_bringup'
[1.048s] Level 1:colcon.colcon_core.package_identification:_identify(src/husky/husky_control) by extensions ['ignore', 'ignore_ament_install']
[1.048s] Level 1:colcon.colcon_core.package_identification:_identify(src/husky/husky_control) by extension 'ignore'
[1.048s] Level 1:colcon.colcon_core.package_identification:_identify(src/husky/husky_control) by extension 'ignore_ament_install'
[1.048s] Level 1:colcon.colcon_core.package_identification:_identify(src/husky/husky_control) by extensions ['colcon_pkg']
[1.048s] Level 1:colcon.colcon_core.package_identification:_identify(src/husky/husky_control) by extension 'colcon_pkg'
[1.048s] Level 1:colcon.colcon_core.package_identification:_identify(src/husky/husky_control) by extensions ['colcon_meta']
[1.048s] Level 1:colcon.colcon_core.package_identification:_identify(src/husky/husky_control) by extension 'colcon_meta'
[1.048s] Level 1:colcon.colcon_core.package_identification:_identify(src/husky/husky_control) by extensions ['ros']
[1.048s] Level 1:colcon.colcon_core.package_identification:_identify(src/husky/husky_control) by extension 'ros'
[1.049s] DEBUG:colcon.colcon_core.package_identification:Package 'src/husky/husky_control' with type 'ros.ament_cmake' and name 'husky_control'
[1.050s] Level 1:colcon.colcon_core.package_identification:_identify(src/husky/husky_description) by extensions ['ignore', 'ignore_ament_install']
[1.050s] Level 1:colcon.colcon_core.package_identification:_identify(src/husky/husky_description) by extension 'ignore'
[1.050s] Level 1:colcon.colcon_core.package_identification:_identify(src/husky/husky_description) by extension 'ignore_ament_install'
[1.050s] Level 1:colcon.colcon_core.package_identification:_identify(src/husky/husky_description) by extensions ['colcon_pkg']
[1.050s] Level 1:colcon.colcon_core.package_identification:_identify(src/husky/husky_description) by extension 'colcon_pkg'
[1.050s] Level 1:colcon.colcon_core.package_identification:_identify(src/husky/husky_description) by extensions ['colcon_meta']
[1.050s] Level 1:colcon.colcon_core.package_identification:_identify(src/husky/husky_description) by extension 'colcon_meta'
[1.050s] Level 1:colcon.colcon_core.package_identification:_identify(src/husky/husky_description) by extensions ['ros']
[1.050s] Level 1:colcon.colcon_core.package_identification:_identify(src/husky/husky_description) by extension 'ros'
[1.050s] DEBUG:colcon.colcon_core.package_identification:Package 'src/husky/husky_description' with type 'ros.ament_cmake' and name 'husky_description'
[1.050s] Level 1:colcon.colcon_core.package_identification:_identify(src/husky/husky_desktop) by extensions ['ignore', 'ignore_ament_install']
[1.051s] Level 1:colcon.colcon_core.package_identification:_identify(src/husky/husky_desktop) by extension 'ignore'
[1.051s] Level 1:colcon.colcon_core.package_identification:_identify(src/husky/husky_desktop) by extension 'ignore_ament_install'
[1.051s] Level 1:colcon.colcon_core.package_identification:_identify(src/husky/husky_desktop) by extensions ['colcon_pkg']
[1.051s] Level 1:colcon.colcon_core.package_identification:_identify(src/husky/husky_desktop) by extension 'colcon_pkg'
[1.051s] Level 1:colcon.colcon_core.package_identification:_identify(src/husky/husky_desktop) by extensions ['colcon_meta']
[1.051s] Level 1:colcon.colcon_core.package_identification:_identify(src/husky/husky_desktop) by extension 'colcon_meta'
[1.051s] Level 1:colcon.colcon_core.package_identification:_identify(src/husky/husky_desktop) by extensions ['ros']
[1.051s] Level 1:colcon.colcon_core.package_identification:_identify(src/husky/husky_desktop) by extension 'ros'
[1.051s] DEBUG:colcon.colcon_core.package_identification:Package 'src/husky/husky_desktop' with type 'ros.ament_cmake' and name 'husky_desktop'
[1.051s] Level 1:colcon.colcon_core.package_identification:_identify(src/husky/husky_gazebo) by extensions ['ignore', 'ignore_ament_install']
[1.052s] Level 1:colcon.colcon_core.package_identification:_identify(src/husky/husky_gazebo) by extension 'ignore'
[1.052s] Level 1:colcon.colcon_core.package_identification:_identify(src/husky/husky_gazebo) by extension 'ignore_ament_install'
[1.052s] Level 1:colcon.colcon_core.package_identification:_identify(src/husky/husky_gazebo) by extensions ['colcon_pkg']
[1.052s] Level 1:colcon.colcon_core.package_identification:_identify(src/husky/husky_gazebo) by extension 'colcon_pkg'
[1.052s] Level 1:colcon.colcon_core.package_identification:_identify(src/husky/husky_gazebo) by extensions ['colcon_meta']
[1.052s] Level 1:colcon.colcon_core.package_identification:_identify(src/husky/husky_gazebo) by extension 'colcon_meta'
[1.052s] Level 1:colcon.colcon_core.package_identification:_identify(src/husky/husky_gazebo) by extensions ['ros']
[1.052s] Level 1:colcon.colcon_core.package_identification:_identify(src/husky/husky_gazebo) by extension 'ros'
[1.052s] DEBUG:colcon.colcon_core.package_identification:Package 'src/husky/husky_gazebo' with type 'ros.ament_cmake' and name 'husky_gazebo'
[1.053s] Level 1:colcon.colcon_core.package_identification:_identify(src/husky/husky_msgs) by extensions ['ignore', 'ignore_ament_install']
[1.053s] Level 1:colcon.colcon_core.package_identification:_identify(src/husky/husky_msgs) by extension 'ignore'
[1.053s] Level 1:colcon.colcon_core.package_identification:_identify(src/husky/husky_msgs) by extension 'ignore_ament_install'
[1.053s] Level 1:colcon.colcon_core.package_identification:_identify(src/husky/husky_msgs) by extensions ['colcon_pkg']
[1.053s] Level 1:colcon.colcon_core.package_identification:_identify(src/husky/husky_msgs) by extension 'colcon_pkg'
[1.053s] Level 1:colcon.colcon_core.package_identification:_identify(src/husky/husky_msgs) by extensions ['colcon_meta']
[1.053s] Level 1:colcon.colcon_core.package_identification:_identify(src/husky/husky_msgs) by extension 'colcon_meta'
[1.053s] Level 1:colcon.colcon_core.package_identification:_identify(src/husky/husky_msgs) by extensions ['ros']
[1.053s] Level 1:colcon.colcon_core.package_identification:_identify(src/husky/husky_msgs) by extension 'ros'
[1.053s] DEBUG:colcon.colcon_core.package_identification:Package 'src/husky/husky_msgs' with type 'ros.ament_cmake' and name 'husky_msgs'
[1.054s] Level 1:colcon.colcon_core.package_identification:_identify(src/husky/husky_navigation) by extensions ['ignore', 'ignore_ament_install']
[1.054s] Level 1:colcon.colcon_core.package_identification:_identify(src/husky/husky_navigation) by extension 'ignore'
[1.054s] Level 1:colcon.colcon_core.package_identification:_identify(src/husky/husky_navigation) ignored
[1.054s] Level 1:colcon.colcon_core.package_identification:_identify(src/husky/husky_robot) by extensions ['ignore', 'ignore_ament_install']
[1.054s] Level 1:colcon.colcon_core.package_identification:_identify(src/husky/husky_robot) by extension 'ignore'
[1.054s] Level 1:colcon.colcon_core.package_identification:_identify(src/husky/husky_robot) by extension 'ignore_ament_install'
[1.054s] Level 1:colcon.colcon_core.package_identification:_identify(src/husky/husky_robot) by extensions ['colcon_pkg']
[1.054s] Level 1:colcon.colcon_core.package_identification:_identify(src/husky/husky_robot) by extension 'colcon_pkg'
[1.054s] Level 1:colcon.colcon_core.package_identification:_identify(src/husky/husky_robot) by extensions ['colcon_meta']
[1.054s] Level 1:colcon.colcon_core.package_identification:_identify(src/husky/husky_robot) by extension 'colcon_meta'
[1.054s] Level 1:colcon.colcon_core.package_identification:_identify(src/husky/husky_robot) by extensions ['ros']
[1.054s] Level 1:colcon.colcon_core.package_identification:_identify(src/husky/husky_robot) by extension 'ros'
[1.054s] DEBUG:colcon.colcon_core.package_identification:Package 'src/husky/husky_robot' with type 'ros.ament_cmake' and name 'husky_robot'
[1.055s] Level 1:colcon.colcon_core.package_identification:_identify(src/husky/husky_simulator) by extensions ['ignore', 'ignore_ament_install']
[1.055s] Level 1:colcon.colcon_core.package_identification:_identify(src/husky/husky_simulator) by extension 'ignore'
[1.055s] Level 1:colcon.colcon_core.package_identification:_identify(src/husky/husky_simulator) by extension 'ignore_ament_install'
[1.055s] Level 1:colcon.colcon_core.package_identification:_identify(src/husky/husky_simulator) by extensions ['colcon_pkg']
[1.055s] Level 1:colcon.colcon_core.package_identification:_identify(src/husky/husky_simulator) by extension 'colcon_pkg'
[1.055s] Level 1:colcon.colcon_core.package_identification:_identify(src/husky/husky_simulator) by extensions ['colcon_meta']
[1.055s] Level 1:colcon.colcon_core.package_identification:_identify(src/husky/husky_simulator) by extension 'colcon_meta'
[1.055s] Level 1:colcon.colcon_core.package_identification:_identify(src/husky/husky_simulator) by extensions ['ros']
[1.055s] Level 1:colcon.colcon_core.package_identification:_identify(src/husky/husky_simulator) by extension 'ros'
[1.055s] DEBUG:colcon.colcon_core.package_identification:Package 'src/husky/husky_simulator' with type 'ros.ament_cmake' and name 'husky_simulator'
[1.055s] Level 1:colcon.colcon_core.package_identification:_identify(src/husky/husky_viz) by extensions ['ignore', 'ignore_ament_install']
[1.055s] Level 1:colcon.colcon_core.package_identification:_identify(src/husky/husky_viz) by extension 'ignore'
[1.056s] Level 1:colcon.colcon_core.package_identification:_identify(src/husky/husky_viz) by extension 'ignore_ament_install'
[1.056s] Level 1:colcon.colcon_core.package_identification:_identify(src/husky/husky_viz) by extensions ['colcon_pkg']
[1.056s] Level 1:colcon.colcon_core.package_identification:_identify(src/husky/husky_viz) by extension 'colcon_pkg'
[1.056s] Level 1:colcon.colcon_core.package_identification:_identify(src/husky/husky_viz) by extensions ['colcon_meta']
[1.056s] Level 1:colcon.colcon_core.package_identification:_identify(src/husky/husky_viz) by extension 'colcon_meta'
[1.056s] Level 1:colcon.colcon_core.package_identification:_identify(src/husky/husky_viz) by extensions ['ros']
[1.056s] Level 1:colcon.colcon_core.package_identification:_identify(src/husky/husky_viz) by extension 'ros'
[1.056s] DEBUG:colcon.colcon_core.package_identification:Package 'src/husky/husky_viz' with type 'ros.ament_cmake' and name 'husky_viz'
[1.056s] Level 1:colcon.colcon_core.package_discovery:discover_packages(recursive) using defaults
[1.056s] Level 1:colcon.colcon_core.package_discovery:discover_packages(ignore) discover
[1.056s] Level 1:colcon.colcon_core.package_discovery:discover_packages(ignore) using defaults
[1.056s] Level 1:colcon.colcon_core.package_discovery:discover_packages(path) discover
[1.056s] Level 1:colcon.colcon_core.package_discovery:discover_packages(path) using defaults
[1.153s] Level 1:colcon.colcon_core.package_discovery:discover_packages(prefix_path) check parameters
[1.153s] Level 1:colcon.colcon_core.package_discovery:discover_packages(prefix_path) discover
[1.187s] DEBUG:colcon.colcon_installed_package_information.package_discovery:Found 320 installed packages in /opt/ros/humble
[1.188s] Level 1:colcon.colcon_core.package_discovery:discover_packages(prefix_path) using defaults
[1.292s] Level 5:colcon.colcon_core.verb:set package 'husky_description' build argument 'cmake_args' from command line to 'None'
[1.292s] Level 5:colcon.colcon_core.verb:set package 'husky_description' build argument 'cmake_target' from command line to 'None'
[1.292s] Level 5:colcon.colcon_core.verb:set package 'husky_description' build argument 'cmake_target_skip_unavailable' from command line to 'False'
[1.292s] Level 5:colcon.colcon_core.verb:set package 'husky_description' build argument 'cmake_clean_cache' from command line to 'False'
[1.292s] Level 5:colcon.colcon_core.verb:set package 'husky_description' build argument 'cmake_clean_first' from command line to 'False'
[1.292s] Level 5:colcon.colcon_core.verb:set package 'husky_description' build argument 'cmake_force_configure' from command line to 'False'
[1.292s] Level 5:colcon.colcon_core.verb:set package 'husky_description' build argument 'ament_cmake_args' from command line to 'None'
[1.292s] Level 5:colcon.colcon_core.verb:set package 'husky_description' build argument 'catkin_cmake_args' from command line to 'None'
[1.292s] Level 5:colcon.colcon_core.verb:set package 'husky_description' build argument 'catkin_skip_building_tests' from command line to 'False'
[1.292s] DEBUG:colcon.colcon_core.verb:Building package 'husky_description' with the following arguments: {'ament_cmake_args': None, 'build_base': '/home/prakrutk/husky_ws/build/husky_description', 'catkin_cmake_args': None, 'catkin_skip_building_tests': False, 'cmake_args': None, 'cmake_clean_cache': False, 'cmake_clean_first': False, 'cmake_force_configure': False, 'cmake_target': None, 'cmake_target_skip_unavailable': False, 'install_base': '/home/prakrutk/husky_ws/install/husky_description', 'merge_install': False, 'path': '/home/prakrutk/husky_ws/src/husky/husky_description', 'symlink_install': False, 'test_result_base': None}
[1.306s] Level 5:colcon.colcon_core.verb:set package 'husky_msgs' build argument 'cmake_args' from command line to 'None'
[1.306s] Level 5:colcon.colcon_core.verb:set package 'husky_msgs' build argument 'cmake_target' from command line to 'None'
[1.306s] Level 5:colcon.colcon_core.verb:set package 'husky_msgs' build argument 'cmake_target_skip_unavailable' from command line to 'False'
[1.306s] Level 5:colcon.colcon_core.verb:set package 'husky_msgs' build argument 'cmake_clean_cache' from command line to 'False'
[1.306s] Level 5:colcon.colcon_core.verb:set package 'husky_msgs' build argument 'cmake_clean_first' from command line to 'False'
[1.306s] Level 5:colcon.colcon_core.verb:set package 'husky_msgs' build argument 'cmake_force_configure' from command line to 'False'
[1.306s] Level 5:colcon.colcon_core.verb:set package 'husky_msgs' build argument 'ament_cmake_args' from command line to 'None'
[1.306s] Level 5:colcon.colcon_core.verb:set package 'husky_msgs' build argument 'catkin_cmake_args' from command line to 'None'
[1.306s] Level 5:colcon.colcon_core.verb:set package 'husky_msgs' build argument 'catkin_skip_building_tests' from command line to 'False'
[1.306s] DEBUG:colcon.colcon_core.verb:Building package 'husky_msgs' with the following arguments: {'ament_cmake_args': None, 'build_base': '/home/prakrutk/husky_ws/build/husky_msgs', 'catkin_cmake_args': None, 'catkin_skip_building_tests': False, 'cmake_args': None, 'cmake_clean_cache': False, 'cmake_clean_first': False, 'cmake_force_configure': False, 'cmake_target': None, 'cmake_target_skip_unavailable': False, 'install_base': '/home/prakrutk/husky_ws/install/husky_msgs', 'merge_install': False, 'path': '/home/prakrutk/husky_ws/src/husky/husky_msgs', 'symlink_install': False, 'test_result_base': None}
[1.321s] Level 5:colcon.colcon_core.verb:set package 'husky_base' build argument 'cmake_args' from command line to 'None'
[1.321s] Level 5:colcon.colcon_core.verb:set package 'husky_base' build argument 'cmake_target' from command line to 'None'
[1.321s] Level 5:colcon.colcon_core.verb:set package 'husky_base' build argument 'cmake_target_skip_unavailable' from command line to 'False'
[1.321s] Level 5:colcon.colcon_core.verb:set package 'husky_base' build argument 'cmake_clean_cache' from command line to 'False'
[1.321s] Level 5:colcon.colcon_core.verb:set package 'husky_base' build argument 'cmake_clean_first' from command line to 'False'
[1.321s] Level 5:colcon.colcon_core.verb:set package 'husky_base' build argument 'cmake_force_configure' from command line to 'False'
[1.321s] Level 5:colcon.colcon_core.verb:set package 'husky_base' build argument 'ament_cmake_args' from command line to 'None'
[1.321s] Level 5:colcon.colcon_core.verb:set package 'husky_base' build argument 'catkin_cmake_args' from command line to 'None'
[1.321s] Level 5:colcon.colcon_core.verb:set package 'husky_base' build argument 'catkin_skip_building_tests' from command line to 'False'
[1.321s] DEBUG:colcon.colcon_core.verb:Building package 'husky_base' with the following arguments: {'ament_cmake_args': None, 'build_base': '/home/prakrutk/husky_ws/build/husky_base', 'catkin_cmake_args': None, 'catkin_skip_building_tests': False, 'cmake_args': None, 'cmake_clean_cache': False, 'cmake_clean_first': False, 'cmake_force_configure': False, 'cmake_target': None, 'cmake_target_skip_unavailable': False, 'install_base': '/home/prakrutk/husky_ws/install/husky_base', 'merge_install': False, 'path': '/home/prakrutk/husky_ws/src/husky/husky_base', 'symlink_install': False, 'test_result_base': None}
[1.335s] Level 5:colcon.colcon_core.verb:set package 'husky_control' build argument 'cmake_args' from command line to 'None'
[1.335s] Level 5:colcon.colcon_core.verb:set package 'husky_control' build argument 'cmake_target' from command line to 'None'
[1.335s] Level 5:colcon.colcon_core.verb:set package 'husky_control' build argument 'cmake_target_skip_unavailable' from command line to 'False'
[1.335s] Level 5:colcon.colcon_core.verb:set package 'husky_control' build argument 'cmake_clean_cache' from command line to 'False'
[1.335s] Level 5:colcon.colcon_core.verb:set package 'husky_control' build argument 'cmake_clean_first' from command line to 'False'
[1.335s] Level 5:colcon.colcon_core.verb:set package 'husky_control' build argument 'cmake_force_configure' from command line to 'False'
[1.335s] Level 5:colcon.colcon_core.verb:set package 'husky_control' build argument 'ament_cmake_args' from command line to 'None'
[1.335s] Level 5:colcon.colcon_core.verb:set package 'husky_control' build argument 'catkin_cmake_args' from command line to 'None'
[1.335s] Level 5:colcon.colcon_core.verb:set package 'husky_control' build argument 'catkin_skip_building_tests' from command line to 'False'
[1.335s] DEBUG:colcon.colcon_core.verb:Building package 'husky_control' with the following arguments: {'ament_cmake_args': None, 'build_base': '/home/prakrutk/husky_ws/build/husky_control', 'catkin_cmake_args': None, 'catkin_skip_building_tests': False, 'cmake_args': None, 'cmake_clean_cache': False, 'cmake_clean_first': False, 'cmake_force_configure': False, 'cmake_target': None, 'cmake_target_skip_unavailable': False, 'install_base': '/home/prakrutk/husky_ws/install/husky_control', 'merge_install': False, 'path': '/home/prakrutk/husky_ws/src/husky/husky_control', 'symlink_install': False, 'test_result_base': None}
[1.349s] Level 5:colcon.colcon_core.verb:set package 'husky_viz' build argument 'cmake_args' from command line to 'None'
[1.349s] Level 5:colcon.colcon_core.verb:set package 'husky_viz' build argument 'cmake_target' from command line to 'None'
[1.349s] Level 5:colcon.colcon_core.verb:set package 'husky_viz' build argument 'cmake_target_skip_unavailable' from command line to 'False'
[1.349s] Level 5:colcon.colcon_core.verb:set package 'husky_viz' build argument 'cmake_clean_cache' from command line to 'False'
[1.349s] Level 5:colcon.colcon_core.verb:set package 'husky_viz' build argument 'cmake_clean_first' from command line to 'False'
[1.349s] Level 5:colcon.colcon_core.verb:set package 'husky_viz' build argument 'cmake_force_configure' from command line to 'False'
[1.349s] Level 5:colcon.colcon_core.verb:set package 'husky_viz' build argument 'ament_cmake_args' from command line to 'None'
[1.349s] Level 5:colcon.colcon_core.verb:set package 'husky_viz' build argument 'catkin_cmake_args' from command line to 'None'
[1.349s] Level 5:colcon.colcon_core.verb:set package 'husky_viz' build argument 'catkin_skip_building_tests' from command line to 'False'
[1.349s] DEBUG:colcon.colcon_core.verb:Building package 'husky_viz' with the following arguments: {'ament_cmake_args': None, 'build_base': '/home/prakrutk/husky_ws/build/husky_viz', 'catkin_cmake_args': None, 'catkin_skip_building_tests': False, 'cmake_args': None, 'cmake_clean_cache': False, 'cmake_clean_first': False, 'cmake_force_configure': False, 'cmake_target': None, 'cmake_target_skip_unavailable': False, 'install_base': '/home/prakrutk/husky_ws/install/husky_viz', 'merge_install': False, 'path': '/home/prakrutk/husky_ws/src/husky/husky_viz', 'symlink_install': False, 'test_result_base': None}
[1.363s] Level 5:colcon.colcon_core.verb:set package 'husky_bringup' build argument 'cmake_args' from command line to 'None'
[1.363s] Level 5:colcon.colcon_core.verb:set package 'husky_bringup' build argument 'cmake_target' from command line to 'None'
[1.363s] Level 5:colcon.colcon_core.verb:set package 'husky_bringup' build argument 'cmake_target_skip_unavailable' from command line to 'False'
[1.363s] Level 5:colcon.colcon_core.verb:set package 'husky_bringup' build argument 'cmake_clean_cache' from command line to 'False'
[1.363s] Level 5:colcon.colcon_core.verb:set package 'husky_bringup' build argument 'cmake_clean_first' from command line to 'False'
[1.363s] Level 5:colcon.colcon_core.verb:set package 'husky_bringup' build argument 'cmake_force_configure' from command line to 'False'
[1.363s] Level 5:colcon.colcon_core.verb:set package 'husky_bringup' build argument 'ament_cmake_args' from command line to 'None'
[1.363s] Level 5:colcon.colcon_core.verb:set package 'husky_bringup' build argument 'catkin_cmake_args' from command line to 'None'
[1.363s] Level 5:colcon.colcon_core.verb:set package 'husky_bringup' build argument 'catkin_skip_building_tests' from command line to 'False'
[1.363s] DEBUG:colcon.colcon_core.verb:Building package 'husky_bringup' with the following arguments: {'ament_cmake_args': None, 'build_base': '/home/prakrutk/husky_ws/build/husky_bringup', 'catkin_cmake_args': None, 'catkin_skip_building_tests': False, 'cmake_args': None, 'cmake_clean_cache': False, 'cmake_clean_first': False, 'cmake_force_configure': False, 'cmake_target': None, 'cmake_target_skip_unavailable': False, 'install_base': '/home/prakrutk/husky_ws/install/husky_bringup', 'merge_install': False, 'path': '/home/prakrutk/husky_ws/src/husky/husky_bringup', 'symlink_install': False, 'test_result_base': None}
[1.376s] Level 5:colcon.colcon_core.verb:set package 'husky_desktop' build argument 'cmake_args' from command line to 'None'
[1.377s] Level 5:colcon.colcon_core.verb:set package 'husky_desktop' build argument 'cmake_target' from command line to 'None'
[1.377s] Level 5:colcon.colcon_core.verb:set package 'husky_desktop' build argument 'cmake_target_skip_unavailable' from command line to 'False'
[1.377s] Level 5:colcon.colcon_core.verb:set package 'husky_desktop' build argument 'cmake_clean_cache' from command line to 'False'
[1.377s] Level 5:colcon.colcon_core.verb:set package 'husky_desktop' build argument 'cmake_clean_first' from command line to 'False'
[1.377s] Level 5:colcon.colcon_core.verb:set package 'husky_desktop' build argument 'cmake_force_configure' from command line to 'False'
[1.377s] Level 5:colcon.colcon_core.verb:set package 'husky_desktop' build argument 'ament_cmake_args' from command line to 'None'
[1.377s] Level 5:colcon.colcon_core.verb:set package 'husky_desktop' build argument 'catkin_cmake_args' from command line to 'None'
[1.377s] Level 5:colcon.colcon_core.verb:set package 'husky_desktop' build argument 'catkin_skip_building_tests' from command line to 'False'
[1.377s] DEBUG:colcon.colcon_core.verb:Building package 'husky_desktop' with the following arguments: {'ament_cmake_args': None, 'build_base': '/home/prakrutk/husky_ws/build/husky_desktop', 'catkin_cmake_args': None, 'catkin_skip_building_tests': False, 'cmake_args': None, 'cmake_clean_cache': False, 'cmake_clean_first': False, 'cmake_force_configure': False, 'cmake_target': None, 'cmake_target_skip_unavailable': False, 'install_base': '/home/prakrutk/husky_ws/install/husky_desktop', 'merge_install': False, 'path': '/home/prakrutk/husky_ws/src/husky/husky_desktop', 'symlink_install': False, 'test_result_base': None}
[1.390s] Level 5:colcon.colcon_core.verb:set package 'husky_gazebo' build argument 'cmake_args' from command line to 'None'
[1.390s] Level 5:colcon.colcon_core.verb:set package 'husky_gazebo' build argument 'cmake_target' from command line to 'None'
[1.390s] Level 5:colcon.colcon_core.verb:set package 'husky_gazebo' build argument 'cmake_target_skip_unavailable' from command line to 'False'
[1.390s] Level 5:colcon.colcon_core.verb:set package 'husky_gazebo' build argument 'cmake_clean_cache' from command line to 'False'
[1.390s] Level 5:colcon.colcon_core.verb:set package 'husky_gazebo' build argument 'cmake_clean_first' from command line to 'False'
[1.390s] Level 5:colcon.colcon_core.verb:set package 'husky_gazebo' build argument 'cmake_force_configure' from command line to 'False'
[1.390s] Level 5:colcon.colcon_core.verb:set package 'husky_gazebo' build argument 'ament_cmake_args' from command line to 'None'
[1.390s] Level 5:colcon.colcon_core.verb:set package 'husky_gazebo' build argument 'catkin_cmake_args' from command line to 'None'
[1.390s] Level 5:colcon.colcon_core.verb:set package 'husky_gazebo' build argument 'catkin_skip_building_tests' from command line to 'False'
[1.390s] DEBUG:colcon.colcon_core.verb:Building package 'husky_gazebo' with the following arguments: {'ament_cmake_args': None, 'build_base': '/home/prakrutk/husky_ws/build/husky_gazebo', 'catkin_cmake_args': None, 'catkin_skip_building_tests': False, 'cmake_args': None, 'cmake_clean_cache': False, 'cmake_clean_first': False, 'cmake_force_configure': False, 'cmake_target': None, 'cmake_target_skip_unavailable': False, 'install_base': '/home/prakrutk/husky_ws/install/husky_gazebo', 'merge_install': False, 'path': '/home/prakrutk/husky_ws/src/husky/husky_gazebo', 'symlink_install': False, 'test_result_base': None}
[1.404s] Level 5:colcon.colcon_core.verb:set package 'husky_robot' build argument 'cmake_args' from command line to 'None'
[1.404s] Level 5:colcon.colcon_core.verb:set package 'husky_robot' build argument 'cmake_target' from command line to 'None'
[1.404s] Level 5:colcon.colcon_core.verb:set package 'husky_robot' build argument 'cmake_target_skip_unavailable' from command line to 'False'
[1.404s] Level 5:colcon.colcon_core.verb:set package 'husky_robot' build argument 'cmake_clean_cache' from command line to 'False'
[1.404s] Level 5:colcon.colcon_core.verb:set package 'husky_robot' build argument 'cmake_clean_first' from command line to 'False'
[1.404s] Level 5:colcon.colcon_core.verb:set package 'husky_robot' build argument 'cmake_force_configure' from command line to 'False'
[1.404s] Level 5:colcon.colcon_core.verb:set package 'husky_robot' build argument 'ament_cmake_args' from command line to 'None'
[1.404s] Level 5:colcon.colcon_core.verb:set package 'husky_robot' build argument 'catkin_cmake_args' from command line to 'None'
[1.405s] Level 5:colcon.colcon_core.verb:set package 'husky_robot' build argument 'catkin_skip_building_tests' from command line to 'False'
[1.405s] DEBUG:colcon.colcon_core.verb:Building package 'husky_robot' with the following arguments: {'ament_cmake_args': None, 'build_base': '/home/prakrutk/husky_ws/build/husky_robot', 'catkin_cmake_args': None, 'catkin_skip_building_tests': False, 'cmake_args': None, 'cmake_clean_cache': False, 'cmake_clean_first': False, 'cmake_force_configure': False, 'cmake_target': None, 'cmake_target_skip_unavailable': False, 'install_base': '/home/prakrutk/husky_ws/install/husky_robot', 'merge_install': False, 'path': '/home/prakrutk/husky_ws/src/husky/husky_robot', 'symlink_install': False, 'test_result_base': None}
[1.418s] Level 5:colcon.colcon_core.verb:set package 'husky_simulator' build argument 'cmake_args' from command line to 'None'
[1.418s] Level 5:colcon.colcon_core.verb:set package 'husky_simulator' build argument 'cmake_target' from command line to 'None'
[1.418s] Level 5:colcon.colcon_core.verb:set package 'husky_simulator' build argument 'cmake_target_skip_unavailable' from command line to 'False'
[1.418s] Level 5:colcon.colcon_core.verb:set package 'husky_simulator' build argument 'cmake_clean_cache' from command line to 'False'
[1.418s] Level 5:colcon.colcon_core.verb:set package 'husky_simulator' build argument 'cmake_clean_first' from command line to 'False'
[1.418s] Level 5:colcon.colcon_core.verb:set package 'husky_simulator' build argument 'cmake_force_configure' from command line to 'False'
[1.418s] Level 5:colcon.colcon_core.verb:set package 'husky_simulator' build argument 'ament_cmake_args' from command line to 'None'
[1.418s] Level 5:colcon.colcon_core.verb:set package 'husky_simulator' build argument 'catkin_cmake_args' from command line to 'None'
[1.418s] Level 5:colcon.colcon_core.verb:set package 'husky_simulator' build argument 'catkin_skip_building_tests' from command line to 'False'
[1.419s] DEBUG:colcon.colcon_core.verb:Building package 'husky_simulator' with the following arguments: {'ament_cmake_args': None, 'build_base': '/home/prakrutk/husky_ws/build/husky_simulator', 'catkin_cmake_args': None, 'catkin_skip_building_tests': False, 'cmake_args': None, 'cmake_clean_cache': False, 'cmake_clean_first': False, 'cmake_force_configure': False, 'cmake_target': None, 'cmake_target_skip_unavailable': False, 'install_base': '/home/prakrutk/husky_ws/install/husky_simulator', 'merge_install': False, 'path': '/home/prakrutk/husky_ws/src/husky/husky_simulator', 'symlink_install': False, 'test_result_base': None}
[1.432s] INFO:colcon.colcon_core.executor:Executing jobs using 'parallel' executor
[1.446s] DEBUG:colcon.colcon_parallel_executor.executor.parallel:run_until_complete
[1.446s] INFO:colcon.colcon_ros.task.ament_cmake.build:Building ROS package in '/home/prakrutk/husky_ws/src/husky/husky_description' with build type 'ament_cmake'
[1.446s] INFO:colcon.colcon_cmake.task.cmake.build:Building CMake package in '/home/prakrutk/husky_ws/src/husky/husky_description'
[1.462s] INFO:colcon.colcon_core.plugin_system:Skipping extension 'colcon_core.shell.bat': Not used on non-Windows systems
[1.462s] INFO:colcon.colcon_core.shell:Skip shell extension 'powershell' for command environment: Not usable outside of PowerShell
[1.462s] DEBUG:colcon.colcon_core.shell:Skip shell extension 'dsv' for command environment
[1.493s] INFO:colcon.colcon_ros.task.ament_cmake.build:Building ROS package in '/home/prakrutk/husky_ws/src/husky/husky_msgs' with build type 'ament_cmake'
[1.493s] INFO:colcon.colcon_cmake.task.cmake.build:Building CMake package in '/home/prakrutk/husky_ws/src/husky/husky_msgs'
[1.508s] INFO:colcon.colcon_core.shell:Skip shell extension 'powershell' for command environment: Not usable outside of PowerShell
[1.508s] DEBUG:colcon.colcon_core.shell:Skip shell extension 'dsv' for command environment
[1.540s] DEBUG:colcon.colcon_core.event_handler.log_command:Invoking command in '/home/prakrutk/husky_ws/build/husky_description': CMAKE_PREFIX_PATH=/opt/ros/humble CONDA_PROMPT_MODIFIER=(base) /usr/bin/cmake /home/prakrutk/husky_ws/src/husky/husky_description -DCMAKE_INSTALL_PREFIX=/home/prakrutk/husky_ws/install/husky_description
[1.545s] DEBUG:colcon.colcon_core.event_handler.log_command:Invoking command in '/home/prakrutk/husky_ws/build/husky_msgs': CMAKE_PREFIX_PATH=/opt/ros/humble CONDA_PROMPT_MODIFIER=(base) /usr/bin/cmake /home/prakrutk/husky_ws/src/husky/husky_msgs -DCMAKE_INSTALL_PREFIX=/home/prakrutk/husky_ws/install/husky_msgs
[2.408s] DEBUG:colcon.colcon_core.event_handler.log_command:Invoked command in '/home/prakrutk/husky_ws/build/husky_description' returned '0': CMAKE_PREFIX_PATH=/opt/ros/humble CONDA_PROMPT_MODIFIER=(base) /usr/bin/cmake /home/prakrutk/husky_ws/src/husky/husky_description -DCMAKE_INSTALL_PREFIX=/home/prakrutk/husky_ws/install/husky_description
[2.410s] DEBUG:colcon.colcon_core.event_handler.log_command:Invoking command in '/home/prakrutk/husky_ws/build/husky_description': CMAKE_PREFIX_PATH=/opt/ros/humble CONDA_PROMPT_MODIFIER=(base) /usr/bin/cmake --build /home/prakrutk/husky_ws/build/husky_description -- -j8 -l8
[2.443s] DEBUG:colcon.colcon_core.event_handler.log_command:Invoked command in '/home/prakrutk/husky_ws/build/husky_description' returned '0': CMAKE_PREFIX_PATH=/opt/ros/humble CONDA_PROMPT_MODIFIER=(base) /usr/bin/cmake --build /home/prakrutk/husky_ws/build/husky_description -- -j8 -l8
[2.472s] DEBUG:colcon.colcon_core.event_handler.log_command:Invoking command in '/home/prakrutk/husky_ws/build/husky_description': CMAKE_PREFIX_PATH=/opt/ros/humble CONDA_PROMPT_MODIFIER=(base) /usr/bin/cmake --install /home/prakrutk/husky_ws/build/husky_description
[2.497s] Level 1:colcon.colcon_core.environment:create_environment_scripts_only(husky_description)
[2.497s] DEBUG:colcon.colcon_core.event_handler.log_command:Invoked command in '/home/prakrutk/husky_ws/build/husky_description' returned '0': CMAKE_PREFIX_PATH=/opt/ros/humble CONDA_PROMPT_MODIFIER=(base) /usr/bin/cmake --install /home/prakrutk/husky_ws/build/husky_description
[2.522s] Level 1:colcon.colcon_core.environment:checking '/home/prakrutk/husky_ws/install/husky_description' for CMake module files
[2.522s] Level 1:colcon.colcon_core.environment:checking '/home/prakrutk/husky_ws/install/husky_description' for CMake config files
[2.523s] Level 1:colcon.colcon_core.shell:create_environment_hook('husky_description', 'cmake_prefix_path')
[2.537s] INFO:colcon.colcon_core.shell:Creating environment hook '/home/prakrutk/husky_ws/install/husky_description/share/husky_description/hook/cmake_prefix_path.ps1'
[2.537s] INFO:colcon.colcon_core.shell:Creating environment descriptor '/home/prakrutk/husky_ws/install/husky_description/share/husky_description/hook/cmake_prefix_path.dsv'
[2.538s] INFO:colcon.colcon_core.shell:Creating environment hook '/home/prakrutk/husky_ws/install/husky_description/share/husky_description/hook/cmake_prefix_path.sh'
[2.538s] Level 1:colcon.colcon_core.environment:checking '/home/prakrutk/husky_ws/install/husky_description/bin'
[2.538s] Level 1:colcon.colcon_core.environment:checking '/home/prakrutk/husky_ws/install/husky_description/lib/pkgconfig/husky_description.pc'
[2.539s] Level 1:colcon.colcon_core.environment:checking '/home/prakrutk/husky_ws/install/husky_description/lib/python3.10/site-packages'
[2.539s] Level 1:colcon.colcon_core.environment:checking '/home/prakrutk/husky_ws/install/husky_description/bin'
[2.555s] INFO:colcon.colcon_core.shell:Creating package script '/home/prakrutk/husky_ws/install/husky_description/share/husky_description/package.ps1'
[2.556s] INFO:colcon.colcon_core.shell:Creating package descriptor '/home/prakrutk/husky_ws/install/husky_description/share/husky_description/package.dsv'
[2.556s] INFO:colcon.colcon_core.shell:Creating package script '/home/prakrutk/husky_ws/install/husky_description/share/husky_description/package.sh'
[2.557s] INFO:colcon.colcon_core.shell:Creating package script '/home/prakrutk/husky_ws/install/husky_description/share/husky_description/package.bash'
[2.557s] INFO:colcon.colcon_core.shell:Creating package script '/home/prakrutk/husky_ws/install/husky_description/share/husky_description/package.zsh'
[2.558s] Level 1:colcon.colcon_core.environment:create_file_with_runtime_dependencies(/home/prakrutk/husky_ws/install/husky_description/share/colcon-core/packages/husky_description)
[2.592s] Level 1:colcon.colcon_core.environment:create_environment_scripts_only(husky_description)
[2.606s] Level 1:colcon.colcon_core.environment:checking '/home/prakrutk/husky_ws/install/husky_description' for CMake module files
[2.606s] Level 1:colcon.colcon_core.environment:checking '/home/prakrutk/husky_ws/install/husky_description' for CMake config files
[2.606s] Level 1:colcon.colcon_core.shell:create_environment_hook('husky_description', 'cmake_prefix_path')
[2.620s] INFO:colcon.colcon_core.shell:Creating environment hook '/home/prakrutk/husky_ws/install/husky_description/share/husky_description/hook/cmake_prefix_path.ps1'
[2.621s] INFO:colcon.colcon_core.shell:Creating environment descriptor '/home/prakrutk/husky_ws/install/husky_description/share/husky_description/hook/cmake_prefix_path.dsv'
[2.621s] INFO:colcon.colcon_core.shell:Creating environment hook '/home/prakrutk/husky_ws/install/husky_description/share/husky_description/hook/cmake_prefix_path.sh'
[2.621s] Level 1:colcon.colcon_core.environment:checking '/home/prakrutk/husky_ws/install/husky_description/bin'
[2.621s] Level 1:colcon.colcon_core.environment:checking '/home/prakrutk/husky_ws/install/husky_description/lib/pkgconfig/husky_description.pc'
[2.622s] Level 1:colcon.colcon_core.environment:checking '/home/prakrutk/husky_ws/install/husky_description/lib/python3.10/site-packages'
[2.622s] Level 1:colcon.colcon_core.environment:checking '/home/prakrutk/husky_ws/install/husky_description/bin'
[2.636s] INFO:colcon.colcon_core.shell:Creating package script '/home/prakrutk/husky_ws/install/husky_description/share/husky_description/package.ps1'
[2.636s] INFO:colcon.colcon_core.shell:Creating package descriptor '/home/prakrutk/husky_ws/install/husky_description/share/husky_description/package.dsv'
[2.636s] INFO:colcon.colcon_core.shell:Creating package script '/home/prakrutk/husky_ws/install/husky_description/share/husky_description/package.sh'
[2.637s] INFO:colcon.colcon_core.shell:Creating package script '/home/prakrutk/husky_ws/install/husky_description/share/husky_description/package.bash'
[2.637s] INFO:colcon.colcon_core.shell:Creating package script '/home/prakrutk/husky_ws/install/husky_description/share/husky_description/package.zsh'
[2.637s] Level 1:colcon.colcon_core.environment:create_file_with_runtime_dependencies(/home/prakrutk/husky_ws/install/husky_description/share/colcon-core/packages/husky_description)
[2.638s] INFO:colcon.colcon_ros.task.ament_cmake.build:Building ROS package in '/home/prakrutk/husky_ws/src/husky/husky_control' with build type 'ament_cmake'
[2.638s] INFO:colcon.colcon_cmake.task.cmake.build:Building CMake package in '/home/prakrutk/husky_ws/src/husky/husky_control'
[2.653s] INFO:colcon.colcon_core.shell:Skip shell extension 'powershell' for command environment: Not usable outside of PowerShell
[2.653s] DEBUG:colcon.colcon_core.shell:Skip shell extension 'dsv' for command environment
[2.682s] INFO:colcon.colcon_ros.task.ament_cmake.build:Building ROS package in '/home/prakrutk/husky_ws/src/husky/husky_viz' with build type 'ament_cmake'
[2.682s] INFO:colcon.colcon_cmake.task.cmake.build:Building CMake package in '/home/prakrutk/husky_ws/src/husky/husky_viz'
[2.699s] INFO:colcon.colcon_core.shell:Skip shell extension 'powershell' for command environment: Not usable outside of PowerShell
[2.699s] DEBUG:colcon.colcon_core.shell:Skip shell extension 'dsv' for command environment
[2.733s] DEBUG:colcon.colcon_core.event_handler.log_command:Invoking command in '/home/prakrutk/husky_ws/build/husky_control': AMENT_PREFIX_PATH=/home/prakrutk/husky_ws/install/husky_description:${AMENT_PREFIX_PATH} CMAKE_PREFIX_PATH=/home/prakrutk/husky_ws/install/husky_description:/opt/ros/humble CONDA_PROMPT_MODIFIER=(base) /usr/bin/cmake /home/prakrutk/husky_ws/src/husky/husky_control -DCMAKE_INSTALL_PREFIX=/home/prakrutk/husky_ws/install/husky_control
[2.735s] DEBUG:colcon.colcon_core.event_handler.log_command:Invoking command in '/home/prakrutk/husky_ws/build/husky_viz': AMENT_PREFIX_PATH=/home/prakrutk/husky_ws/install/husky_description:${AMENT_PREFIX_PATH} CMAKE_PREFIX_PATH=/home/prakrutk/husky_ws/install/husky_description:/opt/ros/humble CONDA_PROMPT_MODIFIER=(base) /usr/bin/cmake /home/prakrutk/husky_ws/src/husky/husky_viz -DCMAKE_INSTALL_PREFIX=/home/prakrutk/husky_ws/install/husky_viz
[3.349s] DEBUG:colcon.colcon_core.event_handler.log_command:Invoked command in '/home/prakrutk/husky_ws/build/husky_control' returned '0': AMENT_PREFIX_PATH=/home/prakrutk/husky_ws/install/husky_description:${AMENT_PREFIX_PATH} CMAKE_PREFIX_PATH=/home/prakrutk/husky_ws/install/husky_description:/opt/ros/humble CONDA_PROMPT_MODIFIER=(base) /usr/bin/cmake /home/prakrutk/husky_ws/src/husky/husky_control -DCMAKE_INSTALL_PREFIX=/home/prakrutk/husky_ws/install/husky_control
[3.351s] DEBUG:colcon.colcon_core.event_handler.log_command:Invoking command in '/home/prakrutk/husky_ws/build/husky_control': AMENT_PREFIX_PATH=/home/prakrutk/husky_ws/install/husky_description:${AMENT_PREFIX_PATH} CMAKE_PREFIX_PATH=/home/prakrutk/husky_ws/install/husky_description:/opt/ros/humble CONDA_PROMPT_MODIFIER=(base) /usr/bin/cmake --build /home/prakrutk/husky_ws/build/husky_control -- -j8 -l8
[3.359s] DEBUG:colcon.colcon_core.event_handler.log_command:Invoked command in '/home/prakrutk/husky_ws/build/husky_viz' returned '0': AMENT_PREFIX_PATH=/home/prakrutk/husky_ws/install/husky_description:${AMENT_PREFIX_PATH} CMAKE_PREFIX_PATH=/home/prakrutk/husky_ws/install/husky_description:/opt/ros/humble CONDA_PROMPT_MODIFIER=(base) /usr/bin/cmake /home/prakrutk/husky_ws/src/husky/husky_viz -DCMAKE_INSTALL_PREFIX=/home/prakrutk/husky_ws/install/husky_viz
[3.361s] DEBUG:colcon.colcon_core.event_handler.log_command:Invoking command in '/home/prakrutk/husky_ws/build/husky_viz': AMENT_PREFIX_PATH=/home/prakrutk/husky_ws/install/husky_description:${AMENT_PREFIX_PATH} CMAKE_PREFIX_PATH=/home/prakrutk/husky_ws/install/husky_description:/opt/ros/humble CONDA_PROMPT_MODIFIER=(base) /usr/bin/cmake --build /home/prakrutk/husky_ws/build/husky_viz -- -j8 -l8
[3.387s] DEBUG:colcon.colcon_core.event_handler.log_command:Invoked command in '/home/prakrutk/husky_ws/build/husky_control' returned '0': AMENT_PREFIX_PATH=/home/prakrutk/husky_ws/install/husky_description:${AMENT_PREFIX_PATH} CMAKE_PREFIX_PATH=/home/prakrutk/husky_ws/install/husky_description:/opt/ros/humble CONDA_PROMPT_MODIFIER=(base) /usr/bin/cmake --build /home/prakrutk/husky_ws/build/husky_control -- -j8 -l8
[3.396s] DEBUG:colcon.colcon_core.event_handler.log_command:Invoked command in '/home/prakrutk/husky_ws/build/husky_viz' returned '0': AMENT_PREFIX_PATH=/home/prakrutk/husky_ws/install/husky_description:${AMENT_PREFIX_PATH} CMAKE_PREFIX_PATH=/home/prakrutk/husky_ws/install/husky_description:/opt/ros/humble CONDA_PROMPT_MODIFIER=(base) /usr/bin/cmake --build /home/prakrutk/husky_ws/build/husky_viz -- -j8 -l8
[3.409s] DEBUG:colcon.colcon_core.event_handler.log_command:Invoking command in '/home/prakrutk/husky_ws/build/husky_control': AMENT_PREFIX_PATH=/home/prakrutk/husky_ws/install/husky_description:${AMENT_PREFIX_PATH} CMAKE_PREFIX_PATH=/home/prakrutk/husky_ws/install/husky_description:/opt/ros/humble CONDA_PROMPT_MODIFIER=(base) /usr/bin/cmake --install /home/prakrutk/husky_ws/build/husky_control
[3.420s] DEBUG:colcon.colcon_core.event_handler.log_command:Invoking command in '/home/prakrutk/husky_ws/build/husky_viz': AMENT_PREFIX_PATH=/home/prakrutk/husky_ws/install/husky_description:${AMENT_PREFIX_PATH} CMAKE_PREFIX_PATH=/home/prakrutk/husky_ws/install/husky_description:/opt/ros/humble CONDA_PROMPT_MODIFIER=(base) /usr/bin/cmake --install /home/prakrutk/husky_ws/build/husky_viz
[3.427s] Level 1:colcon.colcon_core.environment:create_environment_scripts_only(husky_control)
[3.429s] DEBUG:colcon.colcon_core.event_handler.log_command:Invoked command in '/home/prakrutk/husky_ws/build/husky_control' returned '0': AMENT_PREFIX_PATH=/home/prakrutk/husky_ws/install/husky_description:${AMENT_PREFIX_PATH} CMAKE_PREFIX_PATH=/home/prakrutk/husky_ws/install/husky_description:/opt/ros/humble CONDA_PROMPT_MODIFIER=(base) /usr/bin/cmake --install /home/prakrutk/husky_ws/build/husky_control
[3.447s] Level 1:colcon.colcon_core.environment:checking '/home/prakrutk/husky_ws/install/husky_control' for CMake module files
[3.447s] Level 1:colcon.colcon_core.environment:checking '/home/prakrutk/husky_ws/install/husky_control' for CMake config files
[3.447s] Level 1:colcon.colcon_core.shell:create_environment_hook('husky_control', 'cmake_prefix_path')
[3.462s] INFO:colcon.colcon_core.shell:Creating environment hook '/home/prakrutk/husky_ws/install/husky_control/share/husky_control/hook/cmake_prefix_path.ps1'
[3.463s] INFO:colcon.colcon_core.shell:Creating environment descriptor '/home/prakrutk/husky_ws/install/husky_control/share/husky_control/hook/cmake_prefix_path.dsv'
[3.463s] INFO:colcon.colcon_core.shell:Creating environment hook '/home/prakrutk/husky_ws/install/husky_control/share/husky_control/hook/cmake_prefix_path.sh'
[3.463s] Level 1:colcon.colcon_core.environment:checking '/home/prakrutk/husky_ws/install/husky_control/bin'
[3.463s] Level 1:colcon.colcon_core.environment:checking '/home/prakrutk/husky_ws/install/husky_control/lib/pkgconfig/husky_control.pc'
[3.464s] Level 1:colcon.colcon_core.environment:checking '/home/prakrutk/husky_ws/install/husky_control/lib/python3.10/site-packages'
[3.464s] Level 1:colcon.colcon_core.environment:checking '/home/prakrutk/husky_ws/install/husky_control/bin'
[3.478s] INFO:colcon.colcon_core.shell:Creating package script '/home/prakrutk/husky_ws/install/husky_control/share/husky_control/package.ps1'
[3.479s] INFO:colcon.colcon_core.shell:Creating package descriptor '/home/prakrutk/husky_ws/install/husky_control/share/husky_control/package.dsv'
[3.479s] INFO:colcon.colcon_core.shell:Creating package script '/home/prakrutk/husky_ws/install/husky_control/share/husky_control/package.sh'
[3.479s] INFO:colcon.colcon_core.shell:Creating package script '/home/prakrutk/husky_ws/install/husky_control/share/husky_control/package.bash'
[3.479s] INFO:colcon.colcon_core.shell:Creating package script '/home/prakrutk/husky_ws/install/husky_control/share/husky_control/package.zsh'
[3.480s] Level 1:colcon.colcon_core.environment:create_file_with_runtime_dependencies(/home/prakrutk/husky_ws/install/husky_control/share/colcon-core/packages/husky_control)
[3.481s] Level 1:colcon.colcon_core.environment:create_environment_scripts_only(husky_viz)
[3.482s] DEBUG:colcon.colcon_core.event_handler.log_command:Invoked command in '/home/prakrutk/husky_ws/build/husky_viz' returned '0': AMENT_PREFIX_PATH=/home/prakrutk/husky_ws/install/husky_description:${AMENT_PREFIX_PATH} CMAKE_PREFIX_PATH=/home/prakrutk/husky_ws/install/husky_description:/opt/ros/humble CONDA_PROMPT_MODIFIER=(base) /usr/bin/cmake --install /home/prakrutk/husky_ws/build/husky_viz
[3.496s] Level 1:colcon.colcon_core.environment:checking '/home/prakrutk/husky_ws/install/husky_viz' for CMake module files
[3.497s] Level 1:colcon.colcon_core.environment:checking '/home/prakrutk/husky_ws/install/husky_viz' for CMake config files
[3.497s] Level 1:colcon.colcon_core.shell:create_environment_hook('husky_viz', 'cmake_prefix_path')
[3.511s] INFO:colcon.colcon_core.shell:Creating environment hook '/home/prakrutk/husky_ws/install/husky_viz/share/husky_viz/hook/cmake_prefix_path.ps1'
[3.511s] INFO:colcon.colcon_core.shell:Creating environment descriptor '/home/prakrutk/husky_ws/install/husky_viz/share/husky_viz/hook/cmake_prefix_path.dsv'
[3.512s] INFO:colcon.colcon_core.shell:Creating environment hook '/home/prakrutk/husky_ws/install/husky_viz/share/husky_viz/hook/cmake_prefix_path.sh'
[3.512s] Level 1:colcon.colcon_core.environment:checking '/home/prakrutk/husky_ws/install/husky_viz/bin'
[3.512s] Level 1:colcon.colcon_core.environment:checking '/home/prakrutk/husky_ws/install/husky_viz/lib/pkgconfig/husky_viz.pc'
[3.512s] Level 1:colcon.colcon_core.environment:checking '/home/prakrutk/husky_ws/install/husky_viz/lib/python3.10/site-packages'
[3.512s] Level 1:colcon.colcon_core.environment:checking '/home/prakrutk/husky_ws/install/husky_viz/bin'
[3.527s] INFO:colcon.colcon_core.shell:Creating package script '/home/prakrutk/husky_ws/install/husky_viz/share/husky_viz/package.ps1'
[3.527s] INFO:colcon.colcon_core.shell:Creating package descriptor '/home/prakrutk/husky_ws/install/husky_viz/share/husky_viz/package.dsv'
[3.527s] INFO:colcon.colcon_core.shell:Creating package script '/home/prakrutk/husky_ws/install/husky_viz/share/husky_viz/package.sh'
[3.528s] INFO:colcon.colcon_core.shell:Creating package script '/home/prakrutk/husky_ws/install/husky_viz/share/husky_viz/package.bash'
[3.528s] INFO:colcon.colcon_core.shell:Creating package script '/home/prakrutk/husky_ws/install/husky_viz/share/husky_viz/package.zsh'
[3.528s] Level 1:colcon.colcon_core.environment:create_file_with_runtime_dependencies(/home/prakrutk/husky_ws/install/husky_viz/share/colcon-core/packages/husky_viz)
[3.543s] Level 1:colcon.colcon_core.environment:create_environment_scripts_only(husky_control)
[3.558s] Level 1:colcon.colcon_core.environment:checking '/home/prakrutk/husky_ws/install/husky_control' for CMake module files
[3.558s] Level 1:colcon.colcon_core.environment:checking '/home/prakrutk/husky_ws/install/husky_control' for CMake config files
[3.558s] Level 1:colcon.colcon_core.shell:create_environment_hook('husky_control', 'cmake_prefix_path')
[3.572s] INFO:colcon.colcon_core.shell:Creating environment hook '/home/prakrutk/husky_ws/install/husky_control/share/husky_control/hook/cmake_prefix_path.ps1'
[3.572s] INFO:colcon.colcon_core.shell:Creating environment descriptor '/home/prakrutk/husky_ws/install/husky_control/share/husky_control/hook/cmake_prefix_path.dsv'
[3.573s] INFO:colcon.colcon_core.shell:Creating environment hook '/home/prakrutk/husky_ws/install/husky_control/share/husky_control/hook/cmake_prefix_path.sh'
[3.573s] Level 1:colcon.colcon_core.environment:checking '/home/prakrutk/husky_ws/install/husky_control/bin'
[3.573s] Level 1:colcon.colcon_core.environment:checking '/home/prakrutk/husky_ws/install/husky_control/lib/pkgconfig/husky_control.pc'
[3.573s] Level 1:colcon.colcon_core.environment:checking '/home/prakrutk/husky_ws/install/husky_control/lib/python3.10/site-packages'
[3.574s] Level 1:colcon.colcon_core.environment:checking '/home/prakrutk/husky_ws/install/husky_control/bin'
[3.588s] INFO:colcon.colcon_core.shell:Creating package script '/home/prakrutk/husky_ws/install/husky_control/share/husky_control/package.ps1'
[3.588s] INFO:colcon.colcon_core.shell:Creating package descriptor '/home/prakrutk/husky_ws/install/husky_control/share/husky_control/package.dsv'
[3.589s] INFO:colcon.colcon_core.shell:Creating package script '/home/prakrutk/husky_ws/install/husky_control/share/husky_control/package.sh'
[3.589s] INFO:colcon.colcon_core.shell:Creating package script '/home/prakrutk/husky_ws/install/husky_control/share/husky_control/package.bash'
[3.589s] INFO:colcon.colcon_core.shell:Creating package script '/home/prakrutk/husky_ws/install/husky_control/share/husky_control/package.zsh'
[3.590s] Level 1:colcon.colcon_core.environment:create_file_with_runtime_dependencies(/home/prakrutk/husky_ws/install/husky_control/share/colcon-core/packages/husky_control)
[3.590s] INFO:colcon.colcon_ros.task.ament_cmake.build:Building ROS package in '/home/prakrutk/husky_ws/src/husky/husky_gazebo' with build type 'ament_cmake'
[3.590s] INFO:colcon.colcon_cmake.task.cmake.build:Building CMake package in '/home/prakrutk/husky_ws/src/husky/husky_gazebo'
[3.605s] INFO:colcon.colcon_core.shell:Skip shell extension 'powershell' for command environment: Not usable outside of PowerShell
[3.605s] DEBUG:colcon.colcon_core.shell:Skip shell extension 'dsv' for command environment
[3.649s] Level 1:colcon.colcon_core.environment:create_environment_scripts_only(husky_viz)
[3.663s] Level 1:colcon.colcon_core.environment:checking '/home/prakrutk/husky_ws/install/husky_viz' for CMake module files
[3.664s] Level 1:colcon.colcon_core.environment:checking '/home/prakrutk/husky_ws/install/husky_viz' for CMake config files
[3.664s] Level 1:colcon.colcon_core.shell:create_environment_hook('husky_viz', 'cmake_prefix_path')
[3.678s] INFO:colcon.colcon_core.shell:Creating environment hook '/home/prakrutk/husky_ws/install/husky_viz/share/husky_viz/hook/cmake_prefix_path.ps1'
[3.679s] INFO:colcon.colcon_core.shell:Creating environment descriptor '/home/prakrutk/husky_ws/install/husky_viz/share/husky_viz/hook/cmake_prefix_path.dsv'
[3.679s] INFO:colcon.colcon_core.shell:Creating environment hook '/home/prakrutk/husky_ws/install/husky_viz/share/husky_viz/hook/cmake_prefix_path.sh'
[3.679s] Level 1:colcon.colcon_core.environment:checking '/home/prakrutk/husky_ws/install/husky_viz/bin'
[3.679s] Level 1:colcon.colcon_core.environment:checking '/home/prakrutk/husky_ws/install/husky_viz/lib/pkgconfig/husky_viz.pc'
[3.680s] Level 1:colcon.colcon_core.environment:checking '/home/prakrutk/husky_ws/install/husky_viz/lib/python3.10/site-packages'
[3.680s] Level 1:colcon.colcon_core.environment:checking '/home/prakrutk/husky_ws/install/husky_viz/bin'
[3.696s] INFO:colcon.colcon_core.shell:Creating package script '/home/prakrutk/husky_ws/install/husky_viz/share/husky_viz/package.ps1'
[3.697s] INFO:colcon.colcon_core.shell:Creating package descriptor '/home/prakrutk/husky_ws/install/husky_viz/share/husky_viz/package.dsv'
[3.697s] INFO:colcon.colcon_core.shell:Creating package script '/home/prakrutk/husky_ws/install/husky_viz/share/husky_viz/package.sh'
[3.698s] INFO:colcon.colcon_core.shell:Creating package script '/home/prakrutk/husky_ws/install/husky_viz/share/husky_viz/package.bash'
[3.698s] INFO:colcon.colcon_core.shell:Creating package script '/home/prakrutk/husky_ws/install/husky_viz/share/husky_viz/package.zsh'
[3.698s] Level 1:colcon.colcon_core.environment:create_file_with_runtime_dependencies(/home/prakrutk/husky_ws/install/husky_viz/share/colcon-core/packages/husky_viz)
[3.702s] DEBUG:colcon.colcon_core.event_handler.log_command:Invoking command in '/home/prakrutk/husky_ws/build/husky_gazebo': AMENT_PREFIX_PATH=/home/prakrutk/husky_ws/install/husky_control:/home/prakrutk/husky_ws/install/husky_description:${AMENT_PREFIX_PATH} CMAKE_PREFIX_PATH=/home/prakrutk/husky_ws/install/husky_control:/home/prakrutk/husky_ws/install/husky_description:/opt/ros/humble CONDA_PROMPT_MODIFIER=(base) /usr/bin/cmake /home/prakrutk/husky_ws/src/husky/husky_gazebo -DCMAKE_INSTALL_PREFIX=/home/prakrutk/husky_ws/install/husky_gazebo
[3.798s] DEBUG:colcon.colcon_core.event_handler.log_command:Invoked command in '/home/prakrutk/husky_ws/build/husky_msgs' returned '0': CMAKE_PREFIX_PATH=/opt/ros/humble CONDA_PROMPT_MODIFIER=(base) /usr/bin/cmake /home/prakrutk/husky_ws/src/husky/husky_msgs -DCMAKE_INSTALL_PREFIX=/home/prakrutk/husky_ws/install/husky_msgs
[3.799s] DEBUG:colcon.colcon_core.event_handler.log_command:Invoking command in '/home/prakrutk/husky_ws/build/husky_msgs': CMAKE_PREFIX_PATH=/opt/ros/humble CONDA_PROMPT_MODIFIER=(base) /usr/bin/cmake --build /home/prakrutk/husky_ws/build/husky_msgs -- -j8 -l8
[4.497s] DEBUG:colcon.colcon_core.event_handler.log_command:Invoked command in '/home/prakrutk/husky_ws/build/husky_gazebo' returned '0': AMENT_PREFIX_PATH=/home/prakrutk/husky_ws/install/husky_control:/home/prakrutk/husky_ws/install/husky_description:${AMENT_PREFIX_PATH} CMAKE_PREFIX_PATH=/home/prakrutk/husky_ws/install/husky_control:/home/prakrutk/husky_ws/install/husky_description:/opt/ros/humble CONDA_PROMPT_MODIFIER=(base) /usr/bin/cmake /home/prakrutk/husky_ws/src/husky/husky_gazebo -DCMAKE_INSTALL_PREFIX=/home/prakrutk/husky_ws/install/husky_gazebo
[4.497s] DEBUG:colcon.colcon_core.event_handler.log_command:Invoking command in '/home/prakrutk/husky_ws/build/husky_gazebo': AMENT_PREFIX_PATH=/home/prakrutk/husky_ws/install/husky_control:/home/prakrutk/husky_ws/install/husky_description:${AMENT_PREFIX_PATH} CMAKE_PREFIX_PATH=/home/prakrutk/husky_ws/install/husky_control:/home/prakrutk/husky_ws/install/husky_description:/opt/ros/humble CONDA_PROMPT_MODIFIER=(base) /usr/bin/cmake --build /home/prakrutk/husky_ws/build/husky_gazebo -- -j8 -l8
[4.548s] DEBUG:colcon.colcon_core.event_handler.log_command:Invoked command in '/home/prakrutk/husky_ws/build/husky_gazebo' returned '0': AMENT_PREFIX_PATH=/home/prakrutk/husky_ws/install/husky_control:/home/prakrutk/husky_ws/install/husky_description:${AMENT_PREFIX_PATH} CMAKE_PREFIX_PATH=/home/prakrutk/husky_ws/install/husky_control:/home/prakrutk/husky_ws/install/husky_description:/opt/ros/humble CONDA_PROMPT_MODIFIER=(base) /usr/bin/cmake --build /home/prakrutk/husky_ws/build/husky_gazebo -- -j8 -l8
[4.576s] DEBUG:colcon.colcon_core.event_handler.log_command:Invoking command in '/home/prakrutk/husky_ws/build/husky_gazebo': AMENT_PREFIX_PATH=/home/prakrutk/husky_ws/install/husky_control:/home/prakrutk/husky_ws/install/husky_description:${AMENT_PREFIX_PATH} CMAKE_PREFIX_PATH=/home/prakrutk/husky_ws/install/husky_control:/home/prakrutk/husky_ws/install/husky_description:/opt/ros/humble CONDA_PROMPT_MODIFIER=(base) /usr/bin/cmake --install /home/prakrutk/husky_ws/build/husky_gazebo
[4.596s] Level 1:colcon.colcon_core.environment:create_environment_scripts_only(husky_gazebo)
[4.606s] DEBUG:colcon.colcon_core.event_handler.log_command:Invoked command in '/home/prakrutk/husky_ws/build/husky_gazebo' returned '0': AMENT_PREFIX_PATH=/home/prakrutk/husky_ws/install/husky_control:/home/prakrutk/husky_ws/install/husky_description:${AMENT_PREFIX_PATH} CMAKE_PREFIX_PATH=/home/prakrutk/husky_ws/install/husky_control:/home/prakrutk/husky_ws/install/husky_description:/opt/ros/humble CONDA_PROMPT_MODIFIER=(base) /usr/bin/cmake --install /home/prakrutk/husky_ws/build/husky_gazebo
[4.623s] Level 1:colcon.colcon_core.environment:checking '/home/prakrutk/husky_ws/install/husky_gazebo' for CMake module files
[4.623s] Level 1:colcon.colcon_core.environment:checking '/home/prakrutk/husky_ws/install/husky_gazebo' for CMake config files
[4.623s] Level 1:colcon.colcon_core.shell:create_environment_hook('husky_gazebo', 'cmake_prefix_path')
[4.649s] INFO:colcon.colcon_core.shell:Creating environment hook '/home/prakrutk/husky_ws/install/husky_gazebo/share/husky_gazebo/hook/cmake_prefix_path.ps1'
[4.650s] INFO:colcon.colcon_core.shell:Creating environment descriptor '/home/prakrutk/husky_ws/install/husky_gazebo/share/husky_gazebo/hook/cmake_prefix_path.dsv'
[4.651s] INFO:colcon.colcon_core.shell:Creating environment hook '/home/prakrutk/husky_ws/install/husky_gazebo/share/husky_gazebo/hook/cmake_prefix_path.sh'
[4.651s] Level 1:colcon.colcon_core.environment:checking '/home/prakrutk/husky_ws/install/husky_gazebo/bin'
[4.652s] Level 1:colcon.colcon_core.environment:checking '/home/prakrutk/husky_ws/install/husky_gazebo/lib/pkgconfig/husky_gazebo.pc'
[4.652s] Level 1:colcon.colcon_core.environment:checking '/home/prakrutk/husky_ws/install/husky_gazebo/lib/python3.10/site-packages'
[4.652s] Level 1:colcon.colcon_core.environment:checking '/home/prakrutk/husky_ws/install/husky_gazebo/bin'
[4.680s] INFO:colcon.colcon_core.shell:Creating package script '/home/prakrutk/husky_ws/install/husky_gazebo/share/husky_gazebo/package.ps1'
[4.681s] INFO:colcon.colcon_core.shell:Creating package descriptor '/home/prakrutk/husky_ws/install/husky_gazebo/share/husky_gazebo/package.dsv'
[4.681s] INFO:colcon.colcon_core.shell:Creating package script '/home/prakrutk/husky_ws/install/husky_gazebo/share/husky_gazebo/package.sh'
[4.681s] INFO:colcon.colcon_core.shell:Creating package script '/home/prakrutk/husky_ws/install/husky_gazebo/share/husky_gazebo/package.bash'
[4.682s] INFO:colcon.colcon_core.shell:Creating package script '/home/prakrutk/husky_ws/install/husky_gazebo/share/husky_gazebo/package.zsh'
[4.682s] Level 1:colcon.colcon_core.environment:create_file_with_runtime_dependencies(/home/prakrutk/husky_ws/install/husky_gazebo/share/colcon-core/packages/husky_gazebo)
[4.725s] Level 1:colcon.colcon_core.environment:create_environment_scripts_only(husky_gazebo)
[4.741s] Level 1:colcon.colcon_core.environment:checking '/home/prakrutk/husky_ws/install/husky_gazebo' for CMake module files
[4.742s] Level 1:colcon.colcon_core.environment:checking '/home/prakrutk/husky_ws/install/husky_gazebo' for CMake config files
[4.742s] Level 1:colcon.colcon_core.shell:create_environment_hook('husky_gazebo', 'cmake_prefix_path')
[4.759s] INFO:colcon.colcon_core.shell:Creating environment hook '/home/prakrutk/husky_ws/install/husky_gazebo/share/husky_gazebo/hook/cmake_prefix_path.ps1'
[4.760s] INFO:colcon.colcon_core.shell:Creating environment descriptor '/home/prakrutk/husky_ws/install/husky_gazebo/share/husky_gazebo/hook/cmake_prefix_path.dsv'
[4.760s] INFO:colcon.colcon_core.shell:Creating environment hook '/home/prakrutk/husky_ws/install/husky_gazebo/share/husky_gazebo/hook/cmake_prefix_path.sh'
[4.760s] Level 1:colcon.colcon_core.environment:checking '/home/prakrutk/husky_ws/install/husky_gazebo/bin'
[4.761s] Level 1:colcon.colcon_core.environment:checking '/home/prakrutk/husky_ws/install/husky_gazebo/lib/pkgconfig/husky_gazebo.pc'
[4.761s] Level 1:colcon.colcon_core.environment:checking '/home/prakrutk/husky_ws/install/husky_gazebo/lib/python3.10/site-packages'
[4.761s] Level 1:colcon.colcon_core.environment:checking '/home/prakrutk/husky_ws/install/husky_gazebo/bin'
[4.776s] INFO:colcon.colcon_core.shell:Creating package script '/home/prakrutk/husky_ws/install/husky_gazebo/share/husky_gazebo/package.ps1'
[4.777s] INFO:colcon.colcon_core.shell:Creating package descriptor '/home/prakrutk/husky_ws/install/husky_gazebo/share/husky_gazebo/package.dsv'
[4.777s] INFO:colcon.colcon_core.shell:Creating package script '/home/prakrutk/husky_ws/install/husky_gazebo/share/husky_gazebo/package.sh'
[4.778s] INFO:colcon.colcon_core.shell:Creating package script '/home/prakrutk/husky_ws/install/husky_gazebo/share/husky_gazebo/package.bash'
[4.779s] INFO:colcon.colcon_core.shell:Creating package script '/home/prakrutk/husky_ws/install/husky_gazebo/share/husky_gazebo/package.zsh'
[4.779s] Level 1:colcon.colcon_core.environment:create_file_with_runtime_dependencies(/home/prakrutk/husky_ws/install/husky_gazebo/share/colcon-core/packages/husky_gazebo)
[4.780s] INFO:colcon.colcon_ros.task.ament_cmake.build:Building ROS package in '/home/prakrutk/husky_ws/src/husky/husky_simulator' with build type 'ament_cmake'
[4.780s] INFO:colcon.colcon_cmake.task.cmake.build:Building CMake package in '/home/prakrutk/husky_ws/src/husky/husky_simulator'
[4.808s] INFO:colcon.colcon_core.shell:Skip shell extension 'powershell' for command environment: Not usable outside of PowerShell
[4.808s] DEBUG:colcon.colcon_core.shell:Skip shell extension 'dsv' for command environment
[4.869s] DEBUG:colcon.colcon_core.event_handler.log_command:Invoking command in '/home/prakrutk/husky_ws/build/husky_simulator': AMENT_PREFIX_PATH=/home/prakrutk/husky_ws/install/husky_gazebo:/home/prakrutk/husky_ws/install/husky_control:/home/prakrutk/husky_ws/install/husky_description:${AMENT_PREFIX_PATH} CMAKE_PREFIX_PATH=/home/prakrutk/husky_ws/install/husky_gazebo:/home/prakrutk/husky_ws/install/husky_control:/home/prakrutk/husky_ws/install/husky_description:/opt/ros/humble CONDA_PROMPT_MODIFIER=(base) /usr/bin/cmake /home/prakrutk/husky_ws/src/husky/husky_simulator -DCMAKE_INSTALL_PREFIX=/home/prakrutk/husky_ws/install/husky_simulator
[5.452s] DEBUG:colcon.colcon_core.event_handler.log_command:Invoked command in '/home/prakrutk/husky_ws/build/husky_msgs' returned '2': CMAKE_PREFIX_PATH=/opt/ros/humble CONDA_PROMPT_MODIFIER=(base) /usr/bin/cmake --build /home/prakrutk/husky_ws/build/husky_msgs -- -j8 -l8
[5.531s] Level 1:colcon.colcon_core.environment:create_environment_scripts_only(husky_msgs)
[5.552s] Level 1:colcon.colcon_core.environment:checking '/home/prakrutk/husky_ws/install/husky_msgs' for CMake module files
[5.552s] Level 1:colcon.colcon_core.environment:checking '/home/prakrutk/husky_ws/install/husky_msgs' for CMake config files
[5.553s] Level 1:colcon.colcon_core.environment:checking '/home/prakrutk/husky_ws/install/husky_msgs/bin'
[5.553s] Level 1:colcon.colcon_core.environment:checking '/home/prakrutk/husky_ws/install/husky_msgs/lib/pkgconfig/husky_msgs.pc'
[5.553s] Level 1:colcon.colcon_core.environment:checking '/home/prakrutk/husky_ws/install/husky_msgs/lib/python3.10/site-packages'
[5.554s] Level 1:colcon.colcon_core.environment:checking '/home/prakrutk/husky_ws/install/husky_msgs/bin'
[5.578s] INFO:colcon.colcon_core.shell:Creating package script '/home/prakrutk/husky_ws/install/husky_msgs/share/husky_msgs/package.ps1'
[5.578s] INFO:colcon.colcon_core.shell:Creating package descriptor '/home/prakrutk/husky_ws/install/husky_msgs/share/husky_msgs/package.dsv'
[5.579s] INFO:colcon.colcon_core.shell:Creating package script '/home/prakrutk/husky_ws/install/husky_msgs/share/husky_msgs/package.sh'
[5.579s] INFO:colcon.colcon_core.shell:Creating package script '/home/prakrutk/husky_ws/install/husky_msgs/share/husky_msgs/package.bash'
[5.580s] INFO:colcon.colcon_core.shell:Creating package script '/home/prakrutk/husky_ws/install/husky_msgs/share/husky_msgs/package.zsh'
[5.580s] Level 1:colcon.colcon_core.environment:create_file_with_runtime_dependencies(/home/prakrutk/husky_ws/install/husky_msgs/share/colcon-core/packages/husky_msgs)
[5.607s] DEBUG:colcon.colcon_parallel_executor.executor.parallel:closing loop
[5.607s] DEBUG:colcon.colcon_parallel_executor.executor.parallel:loop closed
[5.607s] DEBUG:colcon.colcon_parallel_executor.executor.parallel:run_until_complete finished with '2'
[5.607s] DEBUG:colcon.colcon_core.event_reactor:joining thread
[5.640s] INFO:colcon.colcon_core.plugin_system:Skipping extension 'colcon_notification.desktop_notification.terminal_notifier': Not used on non-Darwin systems
[5.641s] INFO:colcon.colcon_core.plugin_system:Skipping extension 'colcon_notification.desktop_notification.win32': Not used on non-Windows systems
[5.641s] INFO:colcon.colcon_notification.desktop_notification:Sending desktop notification using 'notify2'
[5.668s] DEBUG:colcon.colcon_core.event_reactor:joined thread
[5.692s] INFO:colcon.colcon_core.shell:Creating prefix script '/home/prakrutk/husky_ws/install/local_setup.ps1'
[5.693s] INFO:colcon.colcon_core.shell:Creating prefix util module '/home/prakrutk/husky_ws/install/_local_setup_util_ps1.py'
[5.695s] INFO:colcon.colcon_core.shell:Creating prefix chain script '/home/prakrutk/husky_ws/install/setup.ps1'
[5.720s] INFO:colcon.colcon_core.shell:Creating prefix script '/home/prakrutk/husky_ws/install/local_setup.sh'
[5.721s] INFO:colcon.colcon_core.shell:Creating prefix util module '/home/prakrutk/husky_ws/install/_local_setup_util_sh.py'
[5.721s] INFO:colcon.colcon_core.shell:Creating prefix chain script '/home/prakrutk/husky_ws/install/setup.sh'
[5.745s] INFO:colcon.colcon_core.shell:Creating prefix script '/home/prakrutk/husky_ws/install/local_setup.bash'
[5.746s] INFO:colcon.colcon_core.shell:Creating prefix chain script '/home/prakrutk/husky_ws/install/setup.bash'
[5.763s] INFO:colcon.colcon_core.shell:Creating prefix script '/home/prakrutk/husky_ws/install/local_setup.zsh'
[5.763s] INFO:colcon.colcon_core.shell:Creating prefix chain script '/home/prakrutk/husky_ws/install/setup.zsh'
