[0.109s] Invoking command in '/home/prakrutk/husky_ws/build/husky_control': AMENT_PREFIX_PATH=/home/prakrutk/husky_ws/install/husky_description:${AMENT_PREFIX_PATH} CMAKE_PREFIX_PATH=/home/prakrutk/husky_ws/install/husky_description:/opt/ros/humble CONDA_PROMPT_MODIFIER=(base) /usr/bin/cmake --build /home/prakrutk/husky_ws/build/husky_control -- -j8 -l8
[0.147s] Invoked command in '/home/prakrutk/husky_ws/build/husky_control' returned '0': AMENT_PREFIX_PATH=/home/prakrutk/husky_ws/install/husky_description:${AMENT_PREFIX_PATH} CMAKE_PREFIX_PATH=/home/prakrutk/husky_ws/install/husky_description:/opt/ros/humble CONDA_PROMPT_MODIFIER=(base) /usr/bin/cmake --build /home/prakrutk/husky_ws/build/husky_control -- -j8 -l8
[0.170s] Invoking command in '/home/prakrutk/husky_ws/build/husky_control': AMENT_PREFIX_PATH=/home/prakrutk/husky_ws/install/husky_description:${AMENT_PREFIX_PATH} CMAKE_PREFIX_PATH=/home/prakrutk/husky_ws/install/husky_description:/opt/ros/humble CONDA_PROMPT_MODIFIER=(base) /usr/bin/cmake --install /home/prakrutk/husky_ws/build/husky_control
[0.178s] -- Install configuration: ""
[0.179s] -- Up-to-date: /home/prakrutk/husky_ws/install/husky_control/share/husky_control/config
[0.179s] -- Up-to-date: /home/prakrutk/husky_ws/install/husky_control/share/husky_control/config/localization.yaml
[0.179s] -- Up-to-date: /home/prakrutk/husky_ws/install/husky_control/share/husky_control/config/teleop_logitech.yaml
[0.179s] -- Up-to-date: /home/prakrutk/husky_ws/install/husky_control/share/husky_control/config/empty.yaml
[0.179s] -- Up-to-date: /home/prakrutk/husky_ws/install/husky_control/share/husky_control/config/public_interface.yaml
[0.179s] -- Up-to-date: /home/prakrutk/husky_ws/install/husky_control/share/husky_control/config/twist_mux.yaml
[0.179s] -- Up-to-date: /home/prakrutk/husky_ws/install/husky_control/share/husky_control/config/gazebo_interface.yaml
[0.179s] -- Up-to-date: /home/prakrutk/husky_ws/install/husky_control/share/husky_control/config/imu_filter.yaml
[0.179s] -- Up-to-date: /home/prakrutk/husky_ws/install/husky_control/share/husky_control/config/teleop_ps4.yaml
[0.179s] -- Up-to-date: /home/prakrutk/husky_ws/install/husky_control/share/husky_control/config/control.yaml
[0.179s] -- Up-to-date: /home/prakrutk/husky_ws/install/husky_control/share/husky_control/config/teleop_interactive_markers.yaml
[0.179s] -- Up-to-date: /home/prakrutk/husky_ws/install/husky_control/share/husky_control/launch
[0.179s] -- Up-to-date: /home/prakrutk/husky_ws/install/husky_control/share/husky_control/launch/teleop_base.launch.py
[0.179s] -- Up-to-date: /home/prakrutk/husky_ws/install/husky_control/share/husky_control/launch/control.launch
[0.180s] -- Up-to-date: /home/prakrutk/husky_ws/install/husky_control/share/husky_control/launch/teleop_joy.launch.py
[0.180s] -- Up-to-date: /home/prakrutk/husky_ws/install/husky_control/share/husky_control/launch/teleop.launch
[0.180s] -- Up-to-date: /home/prakrutk/husky_ws/install/husky_control/share/husky_control/launch/control.launch.py
[0.180s] -- Up-to-date: /home/prakrutk/husky_ws/install/husky_control/share/ament_index/resource_index/package_run_dependencies/husky_control
[0.180s] -- Up-to-date: /home/prakrutk/husky_ws/install/husky_control/share/ament_index/resource_index/parent_prefix_path/husky_control
[0.182s] -- Up-to-date: /home/prakrutk/husky_ws/install/husky_control/share/husky_control/environment/ament_prefix_path.sh
[0.182s] -- Up-to-date: /home/prakrutk/husky_ws/install/husky_control/share/husky_control/environment/ament_prefix_path.dsv
[0.182s] -- Up-to-date: /home/prakrutk/husky_ws/install/husky_control/share/husky_control/environment/path.sh
[0.182s] -- Up-to-date: /home/prakrutk/husky_ws/install/husky_control/share/husky_control/environment/path.dsv
[0.183s] -- Up-to-date: /home/prakrutk/husky_ws/install/husky_control/share/husky_control/local_setup.bash
[0.183s] -- Up-to-date: /home/prakrutk/husky_ws/install/husky_control/share/husky_control/local_setup.sh
[0.183s] -- Up-to-date: /home/prakrutk/husky_ws/install/husky_control/share/husky_control/local_setup.zsh
[0.183s] -- Up-to-date: /home/prakrutk/husky_ws/install/husky_control/share/husky_control/local_setup.dsv
[0.183s] -- Installing: /home/prakrutk/husky_ws/install/husky_control/share/husky_control/package.dsv
[0.184s] -- Up-to-date: /home/prakrutk/husky_ws/install/husky_control/share/ament_index/resource_index/packages/husky_control
[0.185s] -- Up-to-date: /home/prakrutk/husky_ws/install/husky_control/share/husky_control/cmake/husky_controlConfig.cmake
[0.186s] -- Up-to-date: /home/prakrutk/husky_ws/install/husky_control/share/husky_control/cmake/husky_controlConfig-version.cmake
[0.186s] -- Up-to-date: /home/prakrutk/husky_ws/install/husky_control/share/husky_control/package.xml
[0.189s] Invoked command in '/home/prakrutk/husky_ws/build/husky_control' returned '0': AMENT_PREFIX_PATH=/home/prakrutk/husky_ws/install/husky_description:${AMENT_PREFIX_PATH} CMAKE_PREFIX_PATH=/home/prakrutk/husky_ws/install/husky_description:/opt/ros/humble CONDA_PROMPT_MODIFIER=(base) /usr/bin/cmake --install /home/prakrutk/husky_ws/build/husky_control
