[0.096s] Invoking command in '/home/prakrutk/husky_ws/build/husky_msgs': CMAKE_PREFIX_PATH=/opt/ros/humble /usr/bin/cmake --build /home/prakrutk/husky_ws/build/husky_msgs -- -j8 -l8
[0.168s] [  3%] Built target husky_msgs__cpp
[0.173s] [ 12%] Built target husky_msgs__rosidl_generator_c
[0.193s] [ 12%] Built target ament_cmake_python_copy_husky_msgs
[0.227s] [ 32%] Built target husky_msgs__rosidl_typesupport_cpp
[0.227s] [ 38%] Built target husky_msgs__rosidl_typesupport_fastrtps_cpp
[0.228s] [ 41%] Built target husky_msgs__rosidl_typesupport_introspection_cpp
[0.236s] [ 51%] Built target husky_msgs__rosidl_typesupport_c
[0.256s] [ 61%] Built target husky_msgs__rosidl_typesupport_introspection_c
[0.264s] [ 70%] Built target husky_msgs__rosidl_typesupport_fastrtps_c
[0.285s] [ 70%] Built target husky_msgs
[0.318s] [ 74%] Built target husky_msgs__py
[0.351s] [ 80%] Built target husky_msgs__rosidl_generator_py
[0.399s] [ 87%] Built target husky_msgs__rosidl_typesupport_fastrtps_c__pyext
[0.407s] [ 93%] Built target husky_msgs__rosidl_typesupport_introspection_c__pyext
[0.408s] [100%] Built target husky_msgs__rosidl_typesupport_c__pyext
[0.709s] running egg_info
[0.711s] writing husky_msgs.egg-info/PKG-INFO
[0.711s] writing dependency_links to husky_msgs.egg-info/dependency_links.txt
[0.711s] writing top-level names to husky_msgs.egg-info/top_level.txt
[0.717s] reading manifest file 'husky_msgs.egg-info/SOURCES.txt'
[0.718s] writing manifest file 'husky_msgs.egg-info/SOURCES.txt'
[0.754s] [100%] Built target ament_cmake_python_build_husky_msgs_egg
[0.807s] Invoked command in '/home/prakrutk/husky_ws/build/husky_msgs' returned '0': CMAKE_PREFIX_PATH=/opt/ros/humble /usr/bin/cmake --build /home/prakrutk/husky_ws/build/husky_msgs -- -j8 -l8
[0.899s] Invoking command in '/home/prakrutk/husky_ws/build/husky_msgs': CMAKE_PREFIX_PATH=/opt/ros/humble /usr/bin/cmake --install /home/prakrutk/husky_ws/build/husky_msgs
[0.916s] -- Install configuration: ""
[0.916s] -- Up-to-date: /home/prakrutk/husky_ws/install/husky_msgs/share/ament_index/resource_index/rosidl_interfaces/husky_msgs
[0.916s] -- Up-to-date: /home/prakrutk/husky_ws/install/husky_msgs/include/husky_msgs/husky_msgs
[0.917s] -- Up-to-date: /home/prakrutk/husky_ws/install/husky_msgs/include/husky_msgs/husky_msgs/msg
[0.917s] -- Up-to-date: /home/prakrutk/husky_ws/install/husky_msgs/include/husky_msgs/husky_msgs/msg/husky_status.h
[0.917s] -- Up-to-date: /home/prakrutk/husky_ws/install/husky_msgs/include/husky_msgs/husky_msgs/msg/rosidl_generator_c__visibility_control.h
[0.917s] -- Up-to-date: /home/prakrutk/husky_ws/install/husky_msgs/include/husky_msgs/husky_msgs/msg/detail
[0.918s] -- Up-to-date: /home/prakrutk/husky_ws/install/husky_msgs/include/husky_msgs/husky_msgs/msg/detail/husky_status__struct.h
[0.918s] -- Up-to-date: /home/prakrutk/husky_ws/install/husky_msgs/include/husky_msgs/husky_msgs/msg/detail/husky_status__type_support.h
[0.918s] -- Up-to-date: /home/prakrutk/husky_ws/install/husky_msgs/include/husky_msgs/husky_msgs/msg/detail/husky_status__functions.h
[0.919s] -- Up-to-date: /home/prakrutk/husky_ws/install/husky_msgs/include/husky_msgs/husky_msgs/msg/detail/husky_status__functions.c
[0.920s] -- Up-to-date: /home/prakrutk/husky_ws/install/husky_msgs/share/husky_msgs/environment/library_path.sh
[0.920s] -- Up-to-date: /home/prakrutk/husky_ws/install/husky_msgs/share/husky_msgs/environment/library_path.dsv
[0.921s] -- Up-to-date: /home/prakrutk/husky_ws/install/husky_msgs/lib/libhusky_msgs__rosidl_generator_c.so
[0.921s] -- Up-to-date: /home/prakrutk/husky_ws/install/husky_msgs/include/husky_msgs/husky_msgs
[0.921s] -- Up-to-date: /home/prakrutk/husky_ws/install/husky_msgs/include/husky_msgs/husky_msgs/msg
[0.922s] -- Up-to-date: /home/prakrutk/husky_ws/install/husky_msgs/include/husky_msgs/husky_msgs/msg/detail
[0.922s] -- Up-to-date: /home/prakrutk/husky_ws/install/husky_msgs/include/husky_msgs/husky_msgs/msg/detail/husky_status__rosidl_typesupport_fastrtps_c.h
[0.923s] -- Up-to-date: /home/prakrutk/husky_ws/install/husky_msgs/include/husky_msgs/husky_msgs/msg/rosidl_typesupport_fastrtps_c__visibility_control.h
[0.933s] -- Up-to-date: /home/prakrutk/husky_ws/install/husky_msgs/lib/libhusky_msgs__rosidl_typesupport_fastrtps_c.so
[0.933s] -- Up-to-date: /home/prakrutk/husky_ws/install/husky_msgs/include/husky_msgs/husky_msgs
[0.934s] -- Up-to-date: /home/prakrutk/husky_ws/install/husky_msgs/include/husky_msgs/husky_msgs/msg
[0.934s] -- Up-to-date: /home/prakrutk/husky_ws/install/husky_msgs/include/husky_msgs/husky_msgs/msg/husky_status.hpp
[0.935s] -- Up-to-date: /home/prakrutk/husky_ws/install/husky_msgs/include/husky_msgs/husky_msgs/msg/detail
[0.935s] -- Up-to-date: /home/prakrutk/husky_ws/install/husky_msgs/include/husky_msgs/husky_msgs/msg/detail/husky_status__struct.hpp
[0.935s] -- Up-to-date: /home/prakrutk/husky_ws/install/husky_msgs/include/husky_msgs/husky_msgs/msg/detail/husky_status__builder.hpp
[0.936s] -- Up-to-date: /home/prakrutk/husky_ws/install/husky_msgs/include/husky_msgs/husky_msgs/msg/detail/husky_status__traits.hpp
[0.936s] -- Up-to-date: /home/prakrutk/husky_ws/install/husky_msgs/include/husky_msgs/husky_msgs
[0.936s] -- Up-to-date: /home/prakrutk/husky_ws/install/husky_msgs/include/husky_msgs/husky_msgs/msg
[0.937s] -- Up-to-date: /home/prakrutk/husky_ws/install/husky_msgs/include/husky_msgs/husky_msgs/msg/detail
[0.937s] -- Up-to-date: /home/prakrutk/husky_ws/install/husky_msgs/include/husky_msgs/husky_msgs/msg/detail/husky_status__rosidl_typesupport_fastrtps_cpp.hpp
[0.937s] -- Up-to-date: /home/prakrutk/husky_ws/install/husky_msgs/include/husky_msgs/husky_msgs/msg/detail/dds_fastrtps
[0.937s] -- Up-to-date: /home/prakrutk/husky_ws/install/husky_msgs/include/husky_msgs/husky_msgs/msg/rosidl_typesupport_fastrtps_cpp__visibility_control.h
[0.938s] -- Up-to-date: /home/prakrutk/husky_ws/install/husky_msgs/lib/libhusky_msgs__rosidl_typesupport_fastrtps_cpp.so
[0.938s] -- Up-to-date: /home/prakrutk/husky_ws/install/husky_msgs/include/husky_msgs/husky_msgs
[0.938s] -- Up-to-date: /home/prakrutk/husky_ws/install/husky_msgs/include/husky_msgs/husky_msgs/msg
[0.939s] -- Up-to-date: /home/prakrutk/husky_ws/install/husky_msgs/include/husky_msgs/husky_msgs/msg/rosidl_typesupport_introspection_c__visibility_control.h
[0.939s] -- Up-to-date: /home/prakrutk/husky_ws/install/husky_msgs/include/husky_msgs/husky_msgs/msg/detail
[0.940s] -- Up-to-date: /home/prakrutk/husky_ws/install/husky_msgs/include/husky_msgs/husky_msgs/msg/detail/husky_status__rosidl_typesupport_introspection_c.h
[0.940s] -- Up-to-date: /home/prakrutk/husky_ws/install/husky_msgs/include/husky_msgs/husky_msgs/msg/detail/husky_status__type_support.c
[0.941s] -- Up-to-date: /home/prakrutk/husky_ws/install/husky_msgs/lib/libhusky_msgs__rosidl_typesupport_introspection_c.so
[0.944s] -- Up-to-date: /home/prakrutk/husky_ws/install/husky_msgs/lib/libhusky_msgs__rosidl_typesupport_c.so
[0.944s] -- Up-to-date: /home/prakrutk/husky_ws/install/husky_msgs/include/husky_msgs/husky_msgs
[0.944s] -- Up-to-date: /home/prakrutk/husky_ws/install/husky_msgs/include/husky_msgs/husky_msgs/msg
[0.944s] -- Up-to-date: /home/prakrutk/husky_ws/install/husky_msgs/include/husky_msgs/husky_msgs/msg/detail
[0.944s] -- Up-to-date: /home/prakrutk/husky_ws/install/husky_msgs/include/husky_msgs/husky_msgs/msg/detail/husky_status__type_support.cpp
[0.945s] -- Up-to-date: /home/prakrutk/husky_ws/install/husky_msgs/include/husky_msgs/husky_msgs/msg/detail/husky_status__rosidl_typesupport_introspection_cpp.hpp
[0.945s] -- Up-to-date: /home/prakrutk/husky_ws/install/husky_msgs/lib/libhusky_msgs__rosidl_typesupport_introspection_cpp.so
[0.945s] -- Up-to-date: /home/prakrutk/husky_ws/install/husky_msgs/lib/libhusky_msgs__rosidl_typesupport_cpp.so
[0.946s] -- Up-to-date: /home/prakrutk/husky_ws/install/husky_msgs/share/husky_msgs/environment/pythonpath.sh
[0.946s] -- Up-to-date: /home/prakrutk/husky_ws/install/husky_msgs/share/husky_msgs/environment/pythonpath.dsv
[0.946s] -- Up-to-date: /home/prakrutk/husky_ws/install/husky_msgs/local/lib/python3.10/dist-packages/husky_msgs-1.0.8-py3.10.egg-info
[0.946s] -- Installing: /home/prakrutk/husky_ws/install/husky_msgs/local/lib/python3.10/dist-packages/husky_msgs-1.0.8-py3.10.egg-info/SOURCES.txt
[0.946s] -- Installing: /home/prakrutk/husky_ws/install/husky_msgs/local/lib/python3.10/dist-packages/husky_msgs-1.0.8-py3.10.egg-info/top_level.txt
[0.947s] -- Installing: /home/prakrutk/husky_ws/install/husky_msgs/local/lib/python3.10/dist-packages/husky_msgs-1.0.8-py3.10.egg-info/dependency_links.txt
[0.947s] -- Installing: /home/prakrutk/husky_ws/install/husky_msgs/local/lib/python3.10/dist-packages/husky_msgs-1.0.8-py3.10.egg-info/PKG-INFO
[0.948s] -- Up-to-date: /home/prakrutk/husky_ws/install/husky_msgs/local/lib/python3.10/dist-packages/husky_msgs
[0.948s] -- Up-to-date: /home/prakrutk/husky_ws/install/husky_msgs/local/lib/python3.10/dist-packages/husky_msgs/_husky_msgs_s.ep.rosidl_typesupport_introspection_c.c
[0.949s] -- Up-to-date: /home/prakrutk/husky_ws/install/husky_msgs/local/lib/python3.10/dist-packages/husky_msgs/husky_msgs_s__rosidl_typesupport_introspection_c.cpython-311-x86_64-linux-gnu.so
[0.949s] -- Up-to-date: /home/prakrutk/husky_ws/install/husky_msgs/local/lib/python3.10/dist-packages/husky_msgs/_husky_msgs_s.ep.rosidl_typesupport_fastrtps_c.c
[0.950s] -- Up-to-date: /home/prakrutk/husky_ws/install/husky_msgs/local/lib/python3.10/dist-packages/husky_msgs/libhusky_msgs__rosidl_generator_py.so
[0.950s] -- Up-to-date: /home/prakrutk/husky_ws/install/husky_msgs/local/lib/python3.10/dist-packages/husky_msgs/_husky_msgs_s.ep.rosidl_typesupport_c.c
[0.951s] -- Up-to-date: /home/prakrutk/husky_ws/install/husky_msgs/local/lib/python3.10/dist-packages/husky_msgs/msg
[0.951s] -- Up-to-date: /home/prakrutk/husky_ws/install/husky_msgs/local/lib/python3.10/dist-packages/husky_msgs/msg/_husky_status.py
[0.951s] -- Up-to-date: /home/prakrutk/husky_ws/install/husky_msgs/local/lib/python3.10/dist-packages/husky_msgs/msg/_husky_status_s.c
[0.952s] -- Up-to-date: /home/prakrutk/husky_ws/install/husky_msgs/local/lib/python3.10/dist-packages/husky_msgs/msg/__init__.py
[0.952s] -- Up-to-date: /home/prakrutk/husky_ws/install/husky_msgs/local/lib/python3.10/dist-packages/husky_msgs/__init__.py
[0.953s] -- Up-to-date: /home/prakrutk/husky_ws/install/husky_msgs/local/lib/python3.10/dist-packages/husky_msgs/husky_msgs_s__rosidl_typesupport_c.cpython-311-x86_64-linux-gnu.so
[0.953s] -- Up-to-date: /home/prakrutk/husky_ws/install/husky_msgs/local/lib/python3.10/dist-packages/husky_msgs/husky_msgs_s__rosidl_typesupport_fastrtps_c.cpython-311-x86_64-linux-gnu.so
[0.977s] Listing '/home/prakrutk/husky_ws/install/husky_msgs/local/lib/python3.10/dist-packages/husky_msgs'...
[0.978s] Listing '/home/prakrutk/husky_ws/install/husky_msgs/local/lib/python3.10/dist-packages/husky_msgs/msg'...
[0.985s] -- Up-to-date: /home/prakrutk/husky_ws/install/husky_msgs/local/lib/python3.10/dist-packages/husky_msgs/husky_msgs_s__rosidl_typesupport_fastrtps_c.cpython-311-x86_64-linux-gnu.so
[0.986s] -- Up-to-date: /home/prakrutk/husky_ws/install/husky_msgs/local/lib/python3.10/dist-packages/husky_msgs/husky_msgs_s__rosidl_typesupport_introspection_c.cpython-311-x86_64-linux-gnu.so
[0.986s] -- Up-to-date: /home/prakrutk/husky_ws/install/husky_msgs/local/lib/python3.10/dist-packages/husky_msgs/husky_msgs_s__rosidl_typesupport_c.cpython-311-x86_64-linux-gnu.so
[0.988s] -- Up-to-date: /home/prakrutk/husky_ws/install/husky_msgs/lib/libhusky_msgs__rosidl_generator_py.so
[0.988s] -- Up-to-date: /home/prakrutk/husky_ws/install/husky_msgs/share/husky_msgs/msg/HuskyStatus.idl
[0.989s] -- Up-to-date: /home/prakrutk/husky_ws/install/husky_msgs/share/husky_msgs/msg/HuskyStatus.msg
[0.989s] -- Up-to-date: /home/prakrutk/husky_ws/install/husky_msgs/share/ament_index/resource_index/package_run_dependencies/husky_msgs
[0.990s] -- Up-to-date: /home/prakrutk/husky_ws/install/husky_msgs/share/ament_index/resource_index/parent_prefix_path/husky_msgs
[0.990s] -- Up-to-date: /home/prakrutk/husky_ws/install/husky_msgs/share/husky_msgs/environment/ament_prefix_path.sh
[0.991s] -- Up-to-date: /home/prakrutk/husky_ws/install/husky_msgs/share/husky_msgs/environment/ament_prefix_path.dsv
[0.992s] -- Up-to-date: /home/prakrutk/husky_ws/install/husky_msgs/share/husky_msgs/environment/path.sh
[0.992s] -- Up-to-date: /home/prakrutk/husky_ws/install/husky_msgs/share/husky_msgs/environment/path.dsv
[0.992s] -- Up-to-date: /home/prakrutk/husky_ws/install/husky_msgs/share/husky_msgs/local_setup.bash
[0.992s] -- Up-to-date: /home/prakrutk/husky_ws/install/husky_msgs/share/husky_msgs/local_setup.sh
[0.993s] -- Up-to-date: /home/prakrutk/husky_ws/install/husky_msgs/share/husky_msgs/local_setup.zsh
[0.993s] -- Up-to-date: /home/prakrutk/husky_ws/install/husky_msgs/share/husky_msgs/local_setup.dsv
[0.993s] -- Installing: /home/prakrutk/husky_ws/install/husky_msgs/share/husky_msgs/package.dsv
[0.993s] -- Up-to-date: /home/prakrutk/husky_ws/install/husky_msgs/share/ament_index/resource_index/packages/husky_msgs
[0.993s] -- Up-to-date: /home/prakrutk/husky_ws/install/husky_msgs/share/husky_msgs/cmake/export_husky_msgs__rosidl_generator_cExport.cmake
[0.994s] -- Up-to-date: /home/prakrutk/husky_ws/install/husky_msgs/share/husky_msgs/cmake/export_husky_msgs__rosidl_generator_cExport-noconfig.cmake
[0.994s] -- Up-to-date: /home/prakrutk/husky_ws/install/husky_msgs/share/husky_msgs/cmake/export_husky_msgs__rosidl_typesupport_fastrtps_cExport.cmake
[0.994s] -- Up-to-date: /home/prakrutk/husky_ws/install/husky_msgs/share/husky_msgs/cmake/export_husky_msgs__rosidl_typesupport_fastrtps_cExport-noconfig.cmake
[0.994s] -- Up-to-date: /home/prakrutk/husky_ws/install/husky_msgs/share/husky_msgs/cmake/export_husky_msgs__rosidl_generator_cppExport.cmake
[0.995s] -- Up-to-date: /home/prakrutk/husky_ws/install/husky_msgs/share/husky_msgs/cmake/export_husky_msgs__rosidl_typesupport_fastrtps_cppExport.cmake
[0.995s] -- Up-to-date: /home/prakrutk/husky_ws/install/husky_msgs/share/husky_msgs/cmake/export_husky_msgs__rosidl_typesupport_fastrtps_cppExport-noconfig.cmake
[0.995s] -- Up-to-date: /home/prakrutk/husky_ws/install/husky_msgs/share/husky_msgs/cmake/husky_msgs__rosidl_typesupport_introspection_cExport.cmake
[0.995s] -- Up-to-date: /home/prakrutk/husky_ws/install/husky_msgs/share/husky_msgs/cmake/husky_msgs__rosidl_typesupport_introspection_cExport-noconfig.cmake
[0.996s] -- Up-to-date: /home/prakrutk/husky_ws/install/husky_msgs/share/husky_msgs/cmake/husky_msgs__rosidl_typesupport_cExport.cmake
[0.997s] -- Up-to-date: /home/prakrutk/husky_ws/install/husky_msgs/share/husky_msgs/cmake/husky_msgs__rosidl_typesupport_cExport-noconfig.cmake
[0.997s] -- Up-to-date: /home/prakrutk/husky_ws/install/husky_msgs/share/husky_msgs/cmake/husky_msgs__rosidl_typesupport_introspection_cppExport.cmake
[0.997s] -- Up-to-date: /home/prakrutk/husky_ws/install/husky_msgs/share/husky_msgs/cmake/husky_msgs__rosidl_typesupport_introspection_cppExport-noconfig.cmake
[0.997s] -- Up-to-date: /home/prakrutk/husky_ws/install/husky_msgs/share/husky_msgs/cmake/husky_msgs__rosidl_typesupport_cppExport.cmake
[0.998s] -- Up-to-date: /home/prakrutk/husky_ws/install/husky_msgs/share/husky_msgs/cmake/husky_msgs__rosidl_typesupport_cppExport-noconfig.cmake
[0.998s] -- Up-to-date: /home/prakrutk/husky_ws/install/husky_msgs/share/husky_msgs/cmake/export_husky_msgs__rosidl_generator_pyExport.cmake
[0.998s] -- Up-to-date: /home/prakrutk/husky_ws/install/husky_msgs/share/husky_msgs/cmake/export_husky_msgs__rosidl_generator_pyExport-noconfig.cmake
[0.998s] -- Up-to-date: /home/prakrutk/husky_ws/install/husky_msgs/share/husky_msgs/cmake/rosidl_cmake-extras.cmake
[0.999s] -- Up-to-date: /home/prakrutk/husky_ws/install/husky_msgs/share/husky_msgs/cmake/ament_cmake_export_dependencies-extras.cmake
[0.999s] -- Up-to-date: /home/prakrutk/husky_ws/install/husky_msgs/share/husky_msgs/cmake/ament_cmake_export_include_directories-extras.cmake
[1.000s] -- Up-to-date: /home/prakrutk/husky_ws/install/husky_msgs/share/husky_msgs/cmake/ament_cmake_export_libraries-extras.cmake
[1.000s] -- Up-to-date: /home/prakrutk/husky_ws/install/husky_msgs/share/husky_msgs/cmake/ament_cmake_export_targets-extras.cmake
[1.000s] -- Up-to-date: /home/prakrutk/husky_ws/install/husky_msgs/share/husky_msgs/cmake/rosidl_cmake_export_typesupport_targets-extras.cmake
[1.001s] -- Up-to-date: /home/prakrutk/husky_ws/install/husky_msgs/share/husky_msgs/cmake/rosidl_cmake_export_typesupport_libraries-extras.cmake
[1.001s] -- Up-to-date: /home/prakrutk/husky_ws/install/husky_msgs/share/husky_msgs/cmake/husky_msgsConfig.cmake
[1.002s] -- Up-to-date: /home/prakrutk/husky_ws/install/husky_msgs/share/husky_msgs/cmake/husky_msgsConfig-version.cmake
[1.002s] -- Up-to-date: /home/prakrutk/husky_ws/install/husky_msgs/share/husky_msgs/package.xml
[1.081s] Invoked command in '/home/prakrutk/husky_ws/build/husky_msgs' returned '0': CMAKE_PREFIX_PATH=/opt/ros/humble /usr/bin/cmake --install /home/prakrutk/husky_ws/build/husky_msgs
