[0.232s] Invoking command in '/home/prakrutk/husky_ws/build/husky_control': AMENT_PREFIX_PATH=/home/prakrutk/husky_ws/install/husky_description:${AMENT_PREFIX_PATH} CMAKE_PREFIX_PATH=/home/prakrutk/husky_ws/install/husky_description:/opt/ros/humble /usr/bin/cmake --build /home/prakrutk/husky_ws/build/husky_control -- -j8 -l8
[0.289s] Invoked command in '/home/prakrutk/husky_ws/build/husky_control' returned '0': AMENT_PREFIX_PATH=/home/prakrutk/husky_ws/install/husky_description:${AMENT_PREFIX_PATH} CMAKE_PREFIX_PATH=/home/prakrutk/husky_ws/install/husky_description:/opt/ros/humble /usr/bin/cmake --build /home/prakrutk/husky_ws/build/husky_control -- -j8 -l8
[0.321s] Invoking command in '/home/prakrutk/husky_ws/build/husky_control': AMENT_PREFIX_PATH=/home/prakrutk/husky_ws/install/husky_description:${AMENT_PREFIX_PATH} CMAKE_PREFIX_PATH=/home/prakrutk/husky_ws/install/husky_description:/opt/ros/humble /usr/bin/cmake --install /home/prakrutk/husky_ws/build/husky_control
[0.341s] -- Install configuration: ""
[0.341s] -- Up-to-date: /home/prakrutk/husky_ws/install/husky_control/share/husky_control/config
[0.342s] -- Up-to-date: /home/prakrutk/husky_ws/install/husky_control/share/husky_control/config/localization.yaml
[0.343s] -- Up-to-date: /home/prakrutk/husky_ws/install/husky_control/share/husky_control/config/teleop_logitech.yaml
[0.344s] -- Up-to-date: /home/prakrutk/husky_ws/install/husky_control/share/husky_control/config/empty.yaml
[0.344s] -- Up-to-date: /home/prakrutk/husky_ws/install/husky_control/share/husky_control/config/public_interface.yaml
[0.344s] -- Up-to-date: /home/prakrutk/husky_ws/install/husky_control/share/husky_control/config/twist_mux.yaml
[0.345s] -- Up-to-date: /home/prakrutk/husky_ws/install/husky_control/share/husky_control/config/gazebo_interface.yaml
[0.345s] -- Up-to-date: /home/prakrutk/husky_ws/install/husky_control/share/husky_control/config/imu_filter.yaml
[0.346s] -- Up-to-date: /home/prakrutk/husky_ws/install/husky_control/share/husky_control/config/teleop_ps4.yaml
[0.346s] -- Up-to-date: /home/prakrutk/husky_ws/install/husky_control/share/husky_control/config/control.yaml
[0.346s] -- Up-to-date: /home/prakrutk/husky_ws/install/husky_control/share/husky_control/config/teleop_interactive_markers.yaml
[0.347s] -- Up-to-date: /home/prakrutk/husky_ws/install/husky_control/share/husky_control/launch
[0.347s] -- Up-to-date: /home/prakrutk/husky_ws/install/husky_control/share/husky_control/launch/teleop_base.launch.py
[0.348s] -- Up-to-date: /home/prakrutk/husky_ws/install/husky_control/share/husky_control/launch/control.launch
[0.348s] -- Up-to-date: /home/prakrutk/husky_ws/install/husky_control/share/husky_control/launch/teleop_joy.launch.py
[0.348s] -- Up-to-date: /home/prakrutk/husky_ws/install/husky_control/share/husky_control/launch/teleop.launch
[0.349s] -- Up-to-date: /home/prakrutk/husky_ws/install/husky_control/share/husky_control/launch/control.launch.py
[0.349s] -- Up-to-date: /home/prakrutk/husky_ws/install/husky_control/share/ament_index/resource_index/package_run_dependencies/husky_control
[0.349s] -- Up-to-date: /home/prakrutk/husky_ws/install/husky_control/share/ament_index/resource_index/parent_prefix_path/husky_control
[0.350s] -- Up-to-date: /home/prakrutk/husky_ws/install/husky_control/share/husky_control/environment/ament_prefix_path.sh
[0.350s] -- Up-to-date: /home/prakrutk/husky_ws/install/husky_control/share/husky_control/environment/ament_prefix_path.dsv
[0.350s] -- Up-to-date: /home/prakrutk/husky_ws/install/husky_control/share/husky_control/environment/path.sh
[0.351s] -- Up-to-date: /home/prakrutk/husky_ws/install/husky_control/share/husky_control/environment/path.dsv
[0.359s] -- Up-to-date: /home/prakrutk/husky_ws/install/husky_control/share/husky_control/local_setup.bash
[0.359s] -- Up-to-date: /home/prakrutk/husky_ws/install/husky_control/share/husky_control/local_setup.sh
[0.360s] -- Up-to-date: /home/prakrutk/husky_ws/install/husky_control/share/husky_control/local_setup.zsh
[0.360s] -- Up-to-date: /home/prakrutk/husky_ws/install/husky_control/share/husky_control/local_setup.dsv
[0.360s] -- Installing: /home/prakrutk/husky_ws/install/husky_control/share/husky_control/package.dsv
[0.361s] -- Up-to-date: /home/prakrutk/husky_ws/install/husky_control/share/ament_index/resource_index/packages/husky_control
[0.361s] -- Up-to-date: /home/prakrutk/husky_ws/install/husky_control/share/husky_control/cmake/husky_controlConfig.cmake
[0.361s] -- Up-to-date: /home/prakrutk/husky_ws/install/husky_control/share/husky_control/cmake/husky_controlConfig-version.cmake
[0.361s] -- Up-to-date: /home/prakrutk/husky_ws/install/husky_control/share/husky_control/package.xml
[0.366s] Invoked command in '/home/prakrutk/husky_ws/build/husky_control' returned '0': AMENT_PREFIX_PATH=/home/prakrutk/husky_ws/install/husky_description:${AMENT_PREFIX_PATH} CMAKE_PREFIX_PATH=/home/prakrutk/husky_ws/install/husky_description:/opt/ros/humble /usr/bin/cmake --install /home/prakrutk/husky_ws/build/husky_control
