[0mCMake Error: The current CMakeCache.txt directory /home/prakrutk/Downloads/FOR_Project/ROS-Gazebo/husky_ws/build/husky_viz/CMakeCache.txt is different than the directory /home/prakrutk/husky_ws/build/husky_viz where CMakeCache.txt was created. This may result in binaries being created in the wrong place. If you are not sure, reedit the CMakeCache.txt[0m
-- Install configuration: ""
-- Up-to-date: /home/prakrutk/husky_ws/install/husky_viz/share/husky_viz/launch
-- Up-to-date: /home/prakrutk/husky_ws/install/husky_viz/share/husky_viz/launch/view_robot.launch
-- Up-to-date: /home/prakrutk/husky_ws/install/husky_viz/share/husky_viz/launch/view_model_launch.py
-- Up-to-date: /home/prakrutk/husky_ws/install/husky_viz/share/husky_viz/launch/view_robot_launch.py
-- Up-to-date: /home/prakrutk/husky_ws/install/husky_viz/share/husky_viz/launch/view_model.launch
-- Up-to-date: /home/prakrutk/husky_ws/install/husky_viz/share/husky_viz/rviz
-- Up-to-date: /home/prakrutk/husky_ws/install/husky_viz/share/husky_viz/rviz/model.rviz
-- Up-to-date: /home/prakrutk/husky_ws/install/husky_viz/share/husky_viz/rviz/test.rviz
-- Up-to-date: /home/prakrutk/husky_ws/install/husky_viz/share/husky_viz/rviz/robot.rviz
-- Up-to-date: /home/prakrutk/husky_ws/install/husky_viz/share/ament_index/resource_index/package_run_dependencies/husky_viz
-- Up-to-date: /home/prakrutk/husky_ws/install/husky_viz/share/ament_index/resource_index/parent_prefix_path/husky_viz
-- Up-to-date: /home/prakrutk/husky_ws/install/husky_viz/share/husky_viz/environment/ament_prefix_path.sh
-- Up-to-date: /home/prakrutk/husky_ws/install/husky_viz/share/husky_viz/environment/ament_prefix_path.dsv
-- Up-to-date: /home/prakrutk/husky_ws/install/husky_viz/share/husky_viz/environment/path.sh
-- Up-to-date: /home/prakrutk/husky_ws/install/husky_viz/share/husky_viz/environment/path.dsv
-- Up-to-date: /home/prakrutk/husky_ws/install/husky_viz/share/husky_viz/local_setup.bash
-- Up-to-date: /home/prakrutk/husky_ws/install/husky_viz/share/husky_viz/local_setup.sh
-- Up-to-date: /home/prakrutk/husky_ws/install/husky_viz/share/husky_viz/local_setup.zsh
-- Up-to-date: /home/prakrutk/husky_ws/install/husky_viz/share/husky_viz/local_setup.dsv
-- Installing: /home/prakrutk/husky_ws/install/husky_viz/share/husky_viz/package.dsv
-- Up-to-date: /home/prakrutk/husky_ws/install/husky_viz/share/ament_index/resource_index/packages/husky_viz
-- Up-to-date: /home/prakrutk/husky_ws/install/husky_viz/share/husky_viz/cmake/husky_vizConfig.cmake
-- Up-to-date: /home/prakrutk/husky_ws/install/husky_viz/share/husky_viz/cmake/husky_vizConfig-version.cmake
-- Up-to-date: /home/prakrutk/husky_ws/install/husky_viz/share/husky_viz/package.xml
