[0.098s] Invoking command in '/home/prakrutk/Downloads/FOR_Project/ROS-Gazebo/husky_ws/build/husky_viz': AMENT_PREFIX_PATH=/home/prakrutk/husky_ws/install/husky_description:${AMENT_PREFIX_PATH} CMAKE_PREFIX_PATH=/home/prakrutk/Downloads/FOR_Project/ROS-Gazebo/husky_ws/install/husky_description:/opt/ros/humble /usr/bin/cmake --build /home/prakrutk/Downloads/FOR_Project/ROS-Gazebo/husky_ws/build/husky_viz -- -j8 -l8
[0.108s] [0mCMake Error: The current CMakeCache.txt directory /home/prakrutk/Downloads/FOR_Project/ROS-Gazebo/husky_ws/build/husky_viz/CMakeCache.txt is different than the directory /home/prakrutk/husky_ws/build/husky_viz where CMakeCache.txt was created. This may result in binaries being created in the wrong place. If you are not sure, reedit the CMakeCache.txt[0m
[0.154s] Invoked command in '/home/prakrutk/Downloads/FOR_Project/ROS-Gazebo/husky_ws/build/husky_viz' returned '0': AMENT_PREFIX_PATH=/home/prakrutk/husky_ws/install/husky_description:${AMENT_PREFIX_PATH} CMAKE_PREFIX_PATH=/home/prakrutk/Downloads/FOR_Project/ROS-Gazebo/husky_ws/install/husky_description:/opt/ros/humble /usr/bin/cmake --build /home/prakrutk/Downloads/FOR_Project/ROS-Gazebo/husky_ws/build/husky_viz -- -j8 -l8
[0.188s] Invoking command in '/home/prakrutk/Downloads/FOR_Project/ROS-Gazebo/husky_ws/build/husky_viz': AMENT_PREFIX_PATH=/home/prakrutk/husky_ws/install/husky_description:${AMENT_PREFIX_PATH} CMAKE_PREFIX_PATH=/home/prakrutk/Downloads/FOR_Project/ROS-Gazebo/husky_ws/install/husky_description:/opt/ros/humble /usr/bin/cmake --install /home/prakrutk/Downloads/FOR_Project/ROS-Gazebo/husky_ws/build/husky_viz
[0.201s] -- Install configuration: ""
[0.201s] -- Up-to-date: /home/prakrutk/husky_ws/install/husky_viz/share/husky_viz/launch
[0.204s] -- Up-to-date: /home/prakrutk/husky_ws/install/husky_viz/share/husky_viz/launch/view_robot.launch
[0.205s] -- Up-to-date: /home/prakrutk/husky_ws/install/husky_viz/share/husky_viz/launch/view_model_launch.py
[0.205s] -- Up-to-date: /home/prakrutk/husky_ws/install/husky_viz/share/husky_viz/launch/view_robot_launch.py
[0.206s] -- Up-to-date: /home/prakrutk/husky_ws/install/husky_viz/share/husky_viz/launch/view_model.launch
[0.206s] -- Up-to-date: /home/prakrutk/husky_ws/install/husky_viz/share/husky_viz/rviz
[0.207s] -- Up-to-date: /home/prakrutk/husky_ws/install/husky_viz/share/husky_viz/rviz/model.rviz
[0.207s] -- Up-to-date: /home/prakrutk/husky_ws/install/husky_viz/share/husky_viz/rviz/test.rviz
[0.207s] -- Up-to-date: /home/prakrutk/husky_ws/install/husky_viz/share/husky_viz/rviz/robot.rviz
[0.210s] -- Up-to-date: /home/prakrutk/husky_ws/install/husky_viz/share/ament_index/resource_index/package_run_dependencies/husky_viz
[0.210s] -- Up-to-date: /home/prakrutk/husky_ws/install/husky_viz/share/ament_index/resource_index/parent_prefix_path/husky_viz
[0.211s] -- Up-to-date: /home/prakrutk/husky_ws/install/husky_viz/share/husky_viz/environment/ament_prefix_path.sh
[0.211s] -- Up-to-date: /home/prakrutk/husky_ws/install/husky_viz/share/husky_viz/environment/ament_prefix_path.dsv
[0.212s] -- Up-to-date: /home/prakrutk/husky_ws/install/husky_viz/share/husky_viz/environment/path.sh
[0.212s] -- Up-to-date: /home/prakrutk/husky_ws/install/husky_viz/share/husky_viz/environment/path.dsv
[0.213s] -- Up-to-date: /home/prakrutk/husky_ws/install/husky_viz/share/husky_viz/local_setup.bash
[0.213s] -- Up-to-date: /home/prakrutk/husky_ws/install/husky_viz/share/husky_viz/local_setup.sh
[0.213s] -- Up-to-date: /home/prakrutk/husky_ws/install/husky_viz/share/husky_viz/local_setup.zsh
[0.213s] -- Up-to-date: /home/prakrutk/husky_ws/install/husky_viz/share/husky_viz/local_setup.dsv
[0.213s] -- Installing: /home/prakrutk/husky_ws/install/husky_viz/share/husky_viz/package.dsv
[0.213s] -- Up-to-date: /home/prakrutk/husky_ws/install/husky_viz/share/ament_index/resource_index/packages/husky_viz
[0.213s] -- Up-to-date: /home/prakrutk/husky_ws/install/husky_viz/share/husky_viz/cmake/husky_vizConfig.cmake
[0.214s] -- Up-to-date: /home/prakrutk/husky_ws/install/husky_viz/share/husky_viz/cmake/husky_vizConfig-version.cmake
[0.214s] -- Up-to-date: /home/prakrutk/husky_ws/install/husky_viz/share/husky_viz/package.xml
[0.314s] Invoked command in '/home/prakrutk/Downloads/FOR_Project/ROS-Gazebo/husky_ws/build/husky_viz' returned '0': AMENT_PREFIX_PATH=/home/prakrutk/husky_ws/install/husky_description:${AMENT_PREFIX_PATH} CMAKE_PREFIX_PATH=/home/prakrutk/Downloads/FOR_Project/ROS-Gazebo/husky_ws/install/husky_description:/opt/ros/humble /usr/bin/cmake --install /home/prakrutk/Downloads/FOR_Project/ROS-Gazebo/husky_ws/build/husky_viz
