[0mCMake Error: The current CMakeCache.txt directory /home/prakrutk/Downloads/FOR_Project/ROS-Gazebo/husky_ws/build/husky_bringup/CMakeCache.txt is different than the directory /home/prakrutk/husky_ws/build/husky_bringup where CMakeCache.txt was created. This may result in binaries being created in the wrong place. If you are not sure, reedit the CMakeCache.txt[0m
-- Install configuration: ""
-- Up-to-date: /home/prakrutk/husky_ws/install/husky_bringup/share/husky_bringup/config
-- Up-to-date: /home/prakrutk/husky_ws/install/husky_bringup/share/husky_bringup/config/mag_config_default.yaml
-- Up-to-date: /home/prakrutk/husky_ws/install/husky_bringup/share/husky_bringup/launch
-- Up-to-date: /home/prakrutk/husky_ws/install/husky_bringup/share/husky_bringup/launch/accessories.launch.py
-- Up-to-date: /home/prakrutk/husky_ws/install/husky_bringup/share/husky_bringup/udev
-- Up-to-date: /home/prakrutk/husky_ws/install/husky_bringup/share/husky_bringup/udev/41-hokuyo.rules
-- Up-to-date: /home/prakrutk/husky_ws/install/husky_bringup/share/husky_bringup/udev/41-clearpath.rules
-- Up-to-date: /home/prakrutk/husky_ws/install/husky_bringup/share/husky_bringup/udev/52-ftdi.rules
-- Up-to-date: /home/prakrutk/husky_ws/install/husky_bringup/share/husky_bringup/udev/10-microstrain.rules
-- Up-to-date: /home/prakrutk/husky_ws/install/husky_bringup/share/husky_bringup/udev/41-logitech.rules
-- Up-to-date: /home/prakrutk/husky_ws/install/husky_bringup/share/husky_bringup/udev/README.md
-- Up-to-date: /home/prakrutk/husky_ws/install/husky_bringup/lib/husky_bringup/install
-- Up-to-date: /home/prakrutk/husky_ws/install/husky_bringup/share/ament_index/resource_index/package_run_dependencies/husky_bringup
-- Up-to-date: /home/prakrutk/husky_ws/install/husky_bringup/share/ament_index/resource_index/parent_prefix_path/husky_bringup
-- Up-to-date: /home/prakrutk/husky_ws/install/husky_bringup/share/husky_bringup/environment/ament_prefix_path.sh
-- Up-to-date: /home/prakrutk/husky_ws/install/husky_bringup/share/husky_bringup/environment/ament_prefix_path.dsv
-- Up-to-date: /home/prakrutk/husky_ws/install/husky_bringup/share/husky_bringup/environment/path.sh
-- Up-to-date: /home/prakrutk/husky_ws/install/husky_bringup/share/husky_bringup/environment/path.dsv
-- Up-to-date: /home/prakrutk/husky_ws/install/husky_bringup/share/husky_bringup/local_setup.bash
-- Up-to-date: /home/prakrutk/husky_ws/install/husky_bringup/share/husky_bringup/local_setup.sh
-- Up-to-date: /home/prakrutk/husky_ws/install/husky_bringup/share/husky_bringup/local_setup.zsh
-- Up-to-date: /home/prakrutk/husky_ws/install/husky_bringup/share/husky_bringup/local_setup.dsv
-- Installing: /home/prakrutk/husky_ws/install/husky_bringup/share/husky_bringup/package.dsv
-- Up-to-date: /home/prakrutk/husky_ws/install/husky_bringup/share/ament_index/resource_index/packages/husky_bringup
-- Up-to-date: /home/prakrutk/husky_ws/install/husky_bringup/share/husky_bringup/cmake/husky_bringupConfig.cmake
-- Up-to-date: /home/prakrutk/husky_ws/install/husky_bringup/share/husky_bringup/cmake/husky_bringupConfig-version.cmake
-- Up-to-date: /home/prakrutk/husky_ws/install/husky_bringup/share/husky_bringup/package.xml
