[0.100s] Invoking command in '/home/prakrutk/husky_ws/build/husky_base': AMENT_PREFIX_PATH=/home/prakrutk/husky_ws/install/husky_msgs:${AMENT_PREFIX_PATH} CMAKE_PREFIX_PATH=/home/prakrutk/husky_ws/install/husky_msgs:/opt/ros/humble CONDA_PROMPT_MODIFIER=(base) LD_LIBRARY_PATH=/home/prakrutk/husky_ws/install/husky_msgs/lib:${LD_LIBRARY_PATH} PYTHONPATH=/home/prakrutk/husky_ws/install/husky_msgs/local/lib/python3.10/dist-packages:${PYTHONPATH} /usr/bin/cmake --build /home/prakrutk/husky_ws/build/husky_base -- -j8 -l8
[0.166s] [35m[1mConsolidate compiler generated dependencies of target husky_hardware[0m
[0.199s] [100%] Built target husky_hardware
[0.284s] Invoked command in '/home/prakrutk/husky_ws/build/husky_base' returned '0': AMENT_PREFIX_PATH=/home/prakrutk/husky_ws/install/husky_msgs:${AMENT_PREFIX_PATH} CMAKE_PREFIX_PATH=/home/prakrutk/husky_ws/install/husky_msgs:/opt/ros/humble CONDA_PROMPT_MODIFIER=(base) LD_LIBRARY_PATH=/home/prakrutk/husky_ws/install/husky_msgs/lib:${LD_LIBRARY_PATH} PYTHONPATH=/home/prakrutk/husky_ws/install/husky_msgs/local/lib/python3.10/dist-packages:${PYTHONPATH} /usr/bin/cmake --build /home/prakrutk/husky_ws/build/husky_base -- -j8 -l8
[0.475s] Invoking command in '/home/prakrutk/husky_ws/build/husky_base': AMENT_PREFIX_PATH=/home/prakrutk/husky_ws/install/husky_msgs:${AMENT_PREFIX_PATH} CMAKE_PREFIX_PATH=/home/prakrutk/husky_ws/install/husky_msgs:/opt/ros/humble CONDA_PROMPT_MODIFIER=(base) LD_LIBRARY_PATH=/home/prakrutk/husky_ws/install/husky_msgs/lib:${LD_LIBRARY_PATH} PYTHONPATH=/home/prakrutk/husky_ws/install/husky_msgs/local/lib/python3.10/dist-packages:${PYTHONPATH} /usr/bin/cmake --install /home/prakrutk/husky_ws/build/husky_base
[0.481s] -- Install configuration: ""
[0.481s] -- Up-to-date: /home/prakrutk/husky_ws/install/husky_base/share/husky_base/husky_hardware.xml
[0.481s] -- Up-to-date: /home/prakrutk/husky_ws/install/husky_base/lib/libhusky_hardware.so
[0.481s] -- Up-to-date: /home/prakrutk/husky_ws/install/husky_base/include
[0.482s] -- Up-to-date: /home/prakrutk/husky_ws/install/husky_base/include/husky_base
[0.482s] -- Up-to-date: /home/prakrutk/husky_ws/install/husky_base/include/husky_base/husky_hardware.hpp
[0.482s] -- Up-to-date: /home/prakrutk/husky_ws/install/husky_base/include/husky_base/horizon_legacy
[0.482s] -- Up-to-date: /home/prakrutk/husky_ws/install/husky_base/include/husky_base/horizon_legacy/Message_data.h
[0.482s] -- Up-to-date: /home/prakrutk/husky_ws/install/husky_base/include/husky_base/horizon_legacy/crc.h
[0.483s] -- Up-to-date: /home/prakrutk/husky_ws/install/husky_base/include/husky_base/horizon_legacy/Message.h
[0.483s] -- Up-to-date: /home/prakrutk/husky_ws/install/husky_base/include/husky_base/horizon_legacy/Message_cmd.h
[0.483s] -- Up-to-date: /home/prakrutk/husky_ws/install/husky_base/include/husky_base/horizon_legacy/serial.h
[0.483s] -- Up-to-date: /home/prakrutk/husky_ws/install/husky_base/include/husky_base/horizon_legacy/Number.h
[0.483s] -- Up-to-date: /home/prakrutk/husky_ws/install/husky_base/include/husky_base/horizon_legacy/clearpath.h
[0.483s] -- Up-to-date: /home/prakrutk/husky_ws/install/husky_base/include/husky_base/horizon_legacy/Logger.h
[0.483s] -- Up-to-date: /home/prakrutk/husky_ws/install/husky_base/include/husky_base/horizon_legacy/Message_request.h
[0.483s] -- Up-to-date: /home/prakrutk/husky_ws/install/husky_base/include/husky_base/horizon_legacy/Transport.h
[0.483s] -- Up-to-date: /home/prakrutk/husky_ws/install/husky_base/include/husky_base/horizon_legacy/Exception.h
[0.484s] -- Up-to-date: /home/prakrutk/husky_ws/install/husky_base/include/husky_base/husky_diagnostics.h
[0.484s] -- Up-to-date: /home/prakrutk/husky_ws/install/husky_base/include/husky_base/horizon_legacy_wrapper.h
[0.484s] -- Up-to-date: /home/prakrutk/husky_ws/install/husky_base/share/husky_base/launch
[0.484s] -- Up-to-date: /home/prakrutk/husky_ws/install/husky_base/share/husky_base/launch/base.launch.py
[0.484s] -- Up-to-date: /home/prakrutk/husky_ws/install/husky_base/share/husky_base/environment/library_path.sh
[0.484s] -- Up-to-date: /home/prakrutk/husky_ws/install/husky_base/share/husky_base/environment/library_path.dsv
[0.484s] -- Up-to-date: /home/prakrutk/husky_ws/install/husky_base/share/ament_index/resource_index/package_run_dependencies/husky_base
[0.485s] -- Up-to-date: /home/prakrutk/husky_ws/install/husky_base/share/ament_index/resource_index/parent_prefix_path/husky_base
[0.485s] -- Up-to-date: /home/prakrutk/husky_ws/install/husky_base/share/husky_base/environment/ament_prefix_path.sh
[0.485s] -- Up-to-date: /home/prakrutk/husky_ws/install/husky_base/share/husky_base/environment/ament_prefix_path.dsv
[0.485s] -- Up-to-date: /home/prakrutk/husky_ws/install/husky_base/share/husky_base/environment/path.sh
[0.485s] -- Up-to-date: /home/prakrutk/husky_ws/install/husky_base/share/husky_base/environment/path.dsv
[0.485s] -- Up-to-date: /home/prakrutk/husky_ws/install/husky_base/share/husky_base/local_setup.bash
[0.485s] -- Up-to-date: /home/prakrutk/husky_ws/install/husky_base/share/husky_base/local_setup.sh
[0.485s] -- Up-to-date: /home/prakrutk/husky_ws/install/husky_base/share/husky_base/local_setup.zsh
[0.486s] -- Up-to-date: /home/prakrutk/husky_ws/install/husky_base/share/husky_base/local_setup.dsv
[0.486s] -- Installing: /home/prakrutk/husky_ws/install/husky_base/share/husky_base/package.dsv
[0.486s] -- Up-to-date: /home/prakrutk/husky_ws/install/husky_base/share/ament_index/resource_index/packages/husky_base
[0.486s] -- Up-to-date: /home/prakrutk/husky_ws/install/husky_base/share/ament_index/resource_index/hardware_interface__pluginlib__plugin/husky_base
[0.486s] -- Up-to-date: /home/prakrutk/husky_ws/install/husky_base/share/husky_base/cmake/ament_cmake_export_include_directories-extras.cmake
[0.486s] -- Up-to-date: /home/prakrutk/husky_ws/install/husky_base/share/husky_base/cmake/ament_cmake_export_libraries-extras.cmake
[0.486s] -- Up-to-date: /home/prakrutk/husky_ws/install/husky_base/share/husky_base/cmake/ament_cmake_export_dependencies-extras.cmake
[0.486s] -- Up-to-date: /home/prakrutk/husky_ws/install/husky_base/share/husky_base/cmake/husky_baseConfig.cmake
[0.486s] -- Up-to-date: /home/prakrutk/husky_ws/install/husky_base/share/husky_base/cmake/husky_baseConfig-version.cmake
[0.487s] -- Up-to-date: /home/prakrutk/husky_ws/install/husky_base/share/husky_base/package.xml
[0.488s] Invoked command in '/home/prakrutk/husky_ws/build/husky_base' returned '0': AMENT_PREFIX_PATH=/home/prakrutk/husky_ws/install/husky_msgs:${AMENT_PREFIX_PATH} CMAKE_PREFIX_PATH=/home/prakrutk/husky_ws/install/husky_msgs:/opt/ros/humble CONDA_PROMPT_MODIFIER=(base) LD_LIBRARY_PATH=/home/prakrutk/husky_ws/install/husky_msgs/lib:${LD_LIBRARY_PATH} PYTHONPATH=/home/prakrutk/husky_ws/install/husky_msgs/local/lib/python3.10/dist-packages:${PYTHONPATH} /usr/bin/cmake --install /home/prakrutk/husky_ws/build/husky_base
