[0.197s] Invoking command in '/home/prakrutk/husky_ws/build/husky_bringup': AMENT_PREFIX_PATH=/home/prakrutk/husky_ws/install/husky_control:/home/prakrutk/husky_ws/install/husky_base:/home/prakrutk/husky_ws/install/husky_msgs:/home/prakrutk/husky_ws/install/husky_description:${AMENT_PREFIX_PATH} CMAKE_PREFIX_PATH=/home/prakrutk/husky_ws/install/husky_control:/home/prakrutk/husky_ws/install/husky_base:/home/prakrutk/husky_ws/install/husky_msgs:/home/prakrutk/husky_ws/install/husky_description:/opt/ros/humble LD_LIBRARY_PATH=/home/prakrutk/husky_ws/install/husky_base/lib:/home/prakrutk/husky_ws/install/husky_msgs/lib:${LD_LIBRARY_PATH} PYTHONPATH=/home/prakrutk/husky_ws/install/husky_msgs/local/lib/python3.10/dist-packages:${PYTHONPATH} /usr/bin/cmake --build /home/prakrutk/husky_ws/build/husky_bringup -- -j8 -l8
[0.285s] Invoked command in '/home/prakrutk/husky_ws/build/husky_bringup' returned '0': AMENT_PREFIX_PATH=/home/prakrutk/husky_ws/install/husky_control:/home/prakrutk/husky_ws/install/husky_base:/home/prakrutk/husky_ws/install/husky_msgs:/home/prakrutk/husky_ws/install/husky_description:${AMENT_PREFIX_PATH} CMAKE_PREFIX_PATH=/home/prakrutk/husky_ws/install/husky_control:/home/prakrutk/husky_ws/install/husky_base:/home/prakrutk/husky_ws/install/husky_msgs:/home/prakrutk/husky_ws/install/husky_description:/opt/ros/humble LD_LIBRARY_PATH=/home/prakrutk/husky_ws/install/husky_base/lib:/home/prakrutk/husky_ws/install/husky_msgs/lib:${LD_LIBRARY_PATH} PYTHONPATH=/home/prakrutk/husky_ws/install/husky_msgs/local/lib/python3.10/dist-packages:${PYTHONPATH} /usr/bin/cmake --build /home/prakrutk/husky_ws/build/husky_bringup -- -j8 -l8
[0.313s] Invoking command in '/home/prakrutk/husky_ws/build/husky_bringup': AMENT_PREFIX_PATH=/home/prakrutk/husky_ws/install/husky_control:/home/prakrutk/husky_ws/install/husky_base:/home/prakrutk/husky_ws/install/husky_msgs:/home/prakrutk/husky_ws/install/husky_description:${AMENT_PREFIX_PATH} CMAKE_PREFIX_PATH=/home/prakrutk/husky_ws/install/husky_control:/home/prakrutk/husky_ws/install/husky_base:/home/prakrutk/husky_ws/install/husky_msgs:/home/prakrutk/husky_ws/install/husky_description:/opt/ros/humble LD_LIBRARY_PATH=/home/prakrutk/husky_ws/install/husky_base/lib:/home/prakrutk/husky_ws/install/husky_msgs/lib:${LD_LIBRARY_PATH} PYTHONPATH=/home/prakrutk/husky_ws/install/husky_msgs/local/lib/python3.10/dist-packages:${PYTHONPATH} /usr/bin/cmake --install /home/prakrutk/husky_ws/build/husky_bringup
[0.321s] -- Install configuration: ""
[0.321s] -- Up-to-date: /home/prakrutk/husky_ws/install/husky_bringup/share/husky_bringup/config
[0.322s] -- Up-to-date: /home/prakrutk/husky_ws/install/husky_bringup/share/husky_bringup/config/mag_config_default.yaml
[0.322s] -- Up-to-date: /home/prakrutk/husky_ws/install/husky_bringup/share/husky_bringup/launch
[0.322s] -- Up-to-date: /home/prakrutk/husky_ws/install/husky_bringup/share/husky_bringup/launch/accessories.launch.py
[0.322s] -- Up-to-date: /home/prakrutk/husky_ws/install/husky_bringup/share/husky_bringup/udev
[0.322s] -- Up-to-date: /home/prakrutk/husky_ws/install/husky_bringup/share/husky_bringup/udev/41-hokuyo.rules
[0.322s] -- Up-to-date: /home/prakrutk/husky_ws/install/husky_bringup/share/husky_bringup/udev/41-clearpath.rules
[0.322s] -- Up-to-date: /home/prakrutk/husky_ws/install/husky_bringup/share/husky_bringup/udev/52-ftdi.rules
[0.322s] -- Up-to-date: /home/prakrutk/husky_ws/install/husky_bringup/share/husky_bringup/udev/10-microstrain.rules
[0.322s] -- Up-to-date: /home/prakrutk/husky_ws/install/husky_bringup/share/husky_bringup/udev/41-logitech.rules
[0.323s] -- Up-to-date: /home/prakrutk/husky_ws/install/husky_bringup/share/husky_bringup/udev/README.md
[0.323s] -- Up-to-date: /home/prakrutk/husky_ws/install/husky_bringup/lib/husky_bringup/install
[0.323s] -- Up-to-date: /home/prakrutk/husky_ws/install/husky_bringup/share/ament_index/resource_index/package_run_dependencies/husky_bringup
[0.323s] -- Up-to-date: /home/prakrutk/husky_ws/install/husky_bringup/share/ament_index/resource_index/parent_prefix_path/husky_bringup
[0.323s] -- Up-to-date: /home/prakrutk/husky_ws/install/husky_bringup/share/husky_bringup/environment/ament_prefix_path.sh
[0.323s] -- Up-to-date: /home/prakrutk/husky_ws/install/husky_bringup/share/husky_bringup/environment/ament_prefix_path.dsv
[0.323s] -- Up-to-date: /home/prakrutk/husky_ws/install/husky_bringup/share/husky_bringup/environment/path.sh
[0.324s] -- Up-to-date: /home/prakrutk/husky_ws/install/husky_bringup/share/husky_bringup/environment/path.dsv
[0.324s] -- Up-to-date: /home/prakrutk/husky_ws/install/husky_bringup/share/husky_bringup/local_setup.bash
[0.324s] -- Up-to-date: /home/prakrutk/husky_ws/install/husky_bringup/share/husky_bringup/local_setup.sh
[0.324s] -- Up-to-date: /home/prakrutk/husky_ws/install/husky_bringup/share/husky_bringup/local_setup.zsh
[0.324s] -- Up-to-date: /home/prakrutk/husky_ws/install/husky_bringup/share/husky_bringup/local_setup.dsv
[0.324s] -- Installing: /home/prakrutk/husky_ws/install/husky_bringup/share/husky_bringup/package.dsv
[0.324s] -- Up-to-date: /home/prakrutk/husky_ws/install/husky_bringup/share/ament_index/resource_index/packages/husky_bringup
[0.324s] -- Up-to-date: /home/prakrutk/husky_ws/install/husky_bringup/share/husky_bringup/cmake/husky_bringupConfig.cmake
[0.325s] -- Up-to-date: /home/prakrutk/husky_ws/install/husky_bringup/share/husky_bringup/cmake/husky_bringupConfig-version.cmake
[0.325s] -- Up-to-date: /home/prakrutk/husky_ws/install/husky_bringup/share/husky_bringup/package.xml
[0.326s] Invoked command in '/home/prakrutk/husky_ws/build/husky_bringup' returned '0': AMENT_PREFIX_PATH=/home/prakrutk/husky_ws/install/husky_control:/home/prakrutk/husky_ws/install/husky_base:/home/prakrutk/husky_ws/install/husky_msgs:/home/prakrutk/husky_ws/install/husky_description:${AMENT_PREFIX_PATH} CMAKE_PREFIX_PATH=/home/prakrutk/husky_ws/install/husky_control:/home/prakrutk/husky_ws/install/husky_base:/home/prakrutk/husky_ws/install/husky_msgs:/home/prakrutk/husky_ws/install/husky_description:/opt/ros/humble LD_LIBRARY_PATH=/home/prakrutk/husky_ws/install/husky_base/lib:/home/prakrutk/husky_ws/install/husky_msgs/lib:${LD_LIBRARY_PATH} PYTHONPATH=/home/prakrutk/husky_ws/install/husky_msgs/local/lib/python3.10/dist-packages:${PYTHONPATH} /usr/bin/cmake --install /home/prakrutk/husky_ws/build/husky_bringup
