[0.052s] Invoking command in '/home/prakrutk/husky_ws/build/husky_bringup': AMENT_PREFIX_PATH=/home/prakrutk/husky_ws/install/husky_control:/home/prakrutk/husky_ws/install/husky_base:/home/prakrutk/husky_ws/install/husky_msgs:/home/prakrutk/husky_ws/install/husky_description:${AMENT_PREFIX_PATH} CMAKE_PREFIX_PATH=/home/prakrutk/husky_ws/install/husky_control:/home/prakrutk/husky_ws/install/husky_base:/home/prakrutk/husky_ws/install/husky_msgs:/home/prakrutk/husky_ws/install/husky_description:/opt/ros/humble CONDA_PROMPT_MODIFIER=(base) LD_LIBRARY_PATH=/home/prakrutk/husky_ws/install/husky_base/lib:/home/prakrutk/husky_ws/install/husky_msgs/lib:${LD_LIBRARY_PATH} PYTHONPATH=/home/prakrutk/husky_ws/install/husky_msgs/local/lib/python3.10/dist-packages:${PYTHONPATH} /usr/bin/cmake /home/prakrutk/husky_ws/src/husky/husky_bringup -DCMAKE_INSTALL_PREFIX=/home/prakrutk/husky_ws/install/husky_bringup
[0.100s] -- The C compiler identification is GNU 11.4.0
[0.150s] -- The CXX compiler identification is GNU 11.4.0
[0.157s] -- Detecting C compiler ABI info
[0.220s] -- Detecting C compiler ABI info - done
[0.226s] -- Check for working C compiler: /usr/bin/cc - skipped
[0.227s] -- Detecting C compile features
[0.227s] -- Detecting C compile features - done
[0.230s] -- Detecting CXX compiler ABI info
[0.301s] -- Detecting CXX compiler ABI info - done
[0.308s] -- Check for working CXX compiler: /usr/bin/c++ - skipped
[0.308s] -- Detecting CXX compile features
[0.308s] -- Detecting CXX compile features - done
[0.311s] -- Found ament_cmake: 1.3.5 (/opt/ros/humble/share/ament_cmake/cmake)
[0.480s] -- Found Python3: /usr/bin/python3.10 (found version "3.10.12") found components: Interpreter 
[0.620s] -- Configuring done
[0.622s] -- Generating done
[0.623s] -- Build files have been written to: /home/prakrutk/husky_ws/build/husky_bringup
[0.627s] Invoked command in '/home/prakrutk/husky_ws/build/husky_bringup' returned '0': AMENT_PREFIX_PATH=/home/prakrutk/husky_ws/install/husky_control:/home/prakrutk/husky_ws/install/husky_base:/home/prakrutk/husky_ws/install/husky_msgs:/home/prakrutk/husky_ws/install/husky_description:${AMENT_PREFIX_PATH} CMAKE_PREFIX_PATH=/home/prakrutk/husky_ws/install/husky_control:/home/prakrutk/husky_ws/install/husky_base:/home/prakrutk/husky_ws/install/husky_msgs:/home/prakrutk/husky_ws/install/husky_description:/opt/ros/humble CONDA_PROMPT_MODIFIER=(base) LD_LIBRARY_PATH=/home/prakrutk/husky_ws/install/husky_base/lib:/home/prakrutk/husky_ws/install/husky_msgs/lib:${LD_LIBRARY_PATH} PYTHONPATH=/home/prakrutk/husky_ws/install/husky_msgs/local/lib/python3.10/dist-packages:${PYTHONPATH} /usr/bin/cmake /home/prakrutk/husky_ws/src/husky/husky_bringup -DCMAKE_INSTALL_PREFIX=/home/prakrutk/husky_ws/install/husky_bringup
[0.628s] Invoking command in '/home/prakrutk/husky_ws/build/husky_bringup': AMENT_PREFIX_PATH=/home/prakrutk/husky_ws/install/husky_control:/home/prakrutk/husky_ws/install/husky_base:/home/prakrutk/husky_ws/install/husky_msgs:/home/prakrutk/husky_ws/install/husky_description:${AMENT_PREFIX_PATH} CMAKE_PREFIX_PATH=/home/prakrutk/husky_ws/install/husky_control:/home/prakrutk/husky_ws/install/husky_base:/home/prakrutk/husky_ws/install/husky_msgs:/home/prakrutk/husky_ws/install/husky_description:/opt/ros/humble CONDA_PROMPT_MODIFIER=(base) LD_LIBRARY_PATH=/home/prakrutk/husky_ws/install/husky_base/lib:/home/prakrutk/husky_ws/install/husky_msgs/lib:${LD_LIBRARY_PATH} PYTHONPATH=/home/prakrutk/husky_ws/install/husky_msgs/local/lib/python3.10/dist-packages:${PYTHONPATH} /usr/bin/cmake --build /home/prakrutk/husky_ws/build/husky_bringup -- -j8 -l8
[0.662s] Invoked command in '/home/prakrutk/husky_ws/build/husky_bringup' returned '0': AMENT_PREFIX_PATH=/home/prakrutk/husky_ws/install/husky_control:/home/prakrutk/husky_ws/install/husky_base:/home/prakrutk/husky_ws/install/husky_msgs:/home/prakrutk/husky_ws/install/husky_description:${AMENT_PREFIX_PATH} CMAKE_PREFIX_PATH=/home/prakrutk/husky_ws/install/husky_control:/home/prakrutk/husky_ws/install/husky_base:/home/prakrutk/husky_ws/install/husky_msgs:/home/prakrutk/husky_ws/install/husky_description:/opt/ros/humble CONDA_PROMPT_MODIFIER=(base) LD_LIBRARY_PATH=/home/prakrutk/husky_ws/install/husky_base/lib:/home/prakrutk/husky_ws/install/husky_msgs/lib:${LD_LIBRARY_PATH} PYTHONPATH=/home/prakrutk/husky_ws/install/husky_msgs/local/lib/python3.10/dist-packages:${PYTHONPATH} /usr/bin/cmake --build /home/prakrutk/husky_ws/build/husky_bringup -- -j8 -l8
[0.682s] Invoking command in '/home/prakrutk/husky_ws/build/husky_bringup': AMENT_PREFIX_PATH=/home/prakrutk/husky_ws/install/husky_control:/home/prakrutk/husky_ws/install/husky_base:/home/prakrutk/husky_ws/install/husky_msgs:/home/prakrutk/husky_ws/install/husky_description:${AMENT_PREFIX_PATH} CMAKE_PREFIX_PATH=/home/prakrutk/husky_ws/install/husky_control:/home/prakrutk/husky_ws/install/husky_base:/home/prakrutk/husky_ws/install/husky_msgs:/home/prakrutk/husky_ws/install/husky_description:/opt/ros/humble CONDA_PROMPT_MODIFIER=(base) LD_LIBRARY_PATH=/home/prakrutk/husky_ws/install/husky_base/lib:/home/prakrutk/husky_ws/install/husky_msgs/lib:${LD_LIBRARY_PATH} PYTHONPATH=/home/prakrutk/husky_ws/install/husky_msgs/local/lib/python3.10/dist-packages:${PYTHONPATH} /usr/bin/cmake --install /home/prakrutk/husky_ws/build/husky_bringup
[0.689s] -- Install configuration: ""
[0.689s] -- Installing: /home/prakrutk/husky_ws/install/husky_bringup/share/husky_bringup/config
[0.689s] -- Installing: /home/prakrutk/husky_ws/install/husky_bringup/share/husky_bringup/config/mag_config_default.yaml
[0.689s] -- Installing: /home/prakrutk/husky_ws/install/husky_bringup/share/husky_bringup/launch
[0.690s] -- Installing: /home/prakrutk/husky_ws/install/husky_bringup/share/husky_bringup/launch/accessories.launch.py
[0.690s] -- Installing: /home/prakrutk/husky_ws/install/husky_bringup/share/husky_bringup/udev
[0.690s] -- Installing: /home/prakrutk/husky_ws/install/husky_bringup/share/husky_bringup/udev/41-hokuyo.rules
[0.690s] -- Installing: /home/prakrutk/husky_ws/install/husky_bringup/share/husky_bringup/udev/41-clearpath.rules
[0.690s] -- Installing: /home/prakrutk/husky_ws/install/husky_bringup/share/husky_bringup/udev/52-ftdi.rules
[0.690s] -- Installing: /home/prakrutk/husky_ws/install/husky_bringup/share/husky_bringup/udev/10-microstrain.rules
[0.690s] -- Installing: /home/prakrutk/husky_ws/install/husky_bringup/share/husky_bringup/udev/41-logitech.rules
[0.690s] -- Installing: /home/prakrutk/husky_ws/install/husky_bringup/share/husky_bringup/udev/README.md
[0.691s] -- Installing: /home/prakrutk/husky_ws/install/husky_bringup/lib/husky_bringup/install
[0.691s] -- Installing: /home/prakrutk/husky_ws/install/husky_bringup/share/ament_index/resource_index/package_run_dependencies/husky_bringup
[0.691s] -- Installing: /home/prakrutk/husky_ws/install/husky_bringup/share/ament_index/resource_index/parent_prefix_path/husky_bringup
[0.691s] -- Installing: /home/prakrutk/husky_ws/install/husky_bringup/share/husky_bringup/environment/ament_prefix_path.sh
[0.691s] -- Installing: /home/prakrutk/husky_ws/install/husky_bringup/share/husky_bringup/environment/ament_prefix_path.dsv
[0.691s] -- Installing: /home/prakrutk/husky_ws/install/husky_bringup/share/husky_bringup/environment/path.sh
[0.691s] -- Installing: /home/prakrutk/husky_ws/install/husky_bringup/share/husky_bringup/environment/path.dsv
[0.691s] -- Installing: /home/prakrutk/husky_ws/install/husky_bringup/share/husky_bringup/local_setup.bash
[0.691s] -- Installing: /home/prakrutk/husky_ws/install/husky_bringup/share/husky_bringup/local_setup.sh
[0.692s] -- Installing: /home/prakrutk/husky_ws/install/husky_bringup/share/husky_bringup/local_setup.zsh
[0.692s] -- Installing: /home/prakrutk/husky_ws/install/husky_bringup/share/husky_bringup/local_setup.dsv
[0.692s] -- Installing: /home/prakrutk/husky_ws/install/husky_bringup/share/husky_bringup/package.dsv
[0.692s] -- Installing: /home/prakrutk/husky_ws/install/husky_bringup/share/ament_index/resource_index/packages/husky_bringup
[0.692s] -- Installing: /home/prakrutk/husky_ws/install/husky_bringup/share/husky_bringup/cmake/husky_bringupConfig.cmake
[0.692s] -- Installing: /home/prakrutk/husky_ws/install/husky_bringup/share/husky_bringup/cmake/husky_bringupConfig-version.cmake
[0.692s] -- Installing: /home/prakrutk/husky_ws/install/husky_bringup/share/husky_bringup/package.xml
[0.694s] Invoked command in '/home/prakrutk/husky_ws/build/husky_bringup' returned '0': AMENT_PREFIX_PATH=/home/prakrutk/husky_ws/install/husky_control:/home/prakrutk/husky_ws/install/husky_base:/home/prakrutk/husky_ws/install/husky_msgs:/home/prakrutk/husky_ws/install/husky_description:${AMENT_PREFIX_PATH} CMAKE_PREFIX_PATH=/home/prakrutk/husky_ws/install/husky_control:/home/prakrutk/husky_ws/install/husky_base:/home/prakrutk/husky_ws/install/husky_msgs:/home/prakrutk/husky_ws/install/husky_description:/opt/ros/humble CONDA_PROMPT_MODIFIER=(base) LD_LIBRARY_PATH=/home/prakrutk/husky_ws/install/husky_base/lib:/home/prakrutk/husky_ws/install/husky_msgs/lib:${LD_LIBRARY_PATH} PYTHONPATH=/home/prakrutk/husky_ws/install/husky_msgs/local/lib/python3.10/dist-packages:${PYTHONPATH} /usr/bin/cmake --install /home/prakrutk/husky_ws/build/husky_bringup
