[0.099s] Invoking command in '/home/prakrutk/husky_ws/build/husky_viz': CMAKE_PREFIX_PATH=/home/prakrutk/husky_ws/install/husky_description:/home/prakrutk/husky_ws/install/husky_desktop:/home/prakrutk/husky_ws/install/husky_viz:/home/prakrutk/husky_ws/install/husky_simulator:/home/prakrutk/husky_ws/install/husky_robot:/home/prakrutk/husky_ws/install/husky_bringup:/home/prakrutk/husky_ws/install/husky_base:/home/prakrutk/husky_ws/install/husky_msgs:/home/prakrutk/husky_ws/install/husky_gazebo:/home/prakrutk/husky_ws/install/husky_control:/opt/ros/humble /usr/bin/cmake --build /home/prakrutk/husky_ws/build/husky_viz -- -j8 -l8
[0.140s] Invoked command in '/home/prakrutk/husky_ws/build/husky_viz' returned '0': CMAKE_PREFIX_PATH=/home/prakrutk/husky_ws/install/husky_description:/home/prakrutk/husky_ws/install/husky_desktop:/home/prakrutk/husky_ws/install/husky_viz:/home/prakrutk/husky_ws/install/husky_simulator:/home/prakrutk/husky_ws/install/husky_robot:/home/prakrutk/husky_ws/install/husky_bringup:/home/prakrutk/husky_ws/install/husky_base:/home/prakrutk/husky_ws/install/husky_msgs:/home/prakrutk/husky_ws/install/husky_gazebo:/home/prakrutk/husky_ws/install/husky_control:/opt/ros/humble /usr/bin/cmake --build /home/prakrutk/husky_ws/build/husky_viz -- -j8 -l8
[0.176s] Invoking command in '/home/prakrutk/husky_ws/build/husky_viz': CMAKE_PREFIX_PATH=/home/prakrutk/husky_ws/install/husky_description:/home/prakrutk/husky_ws/install/husky_desktop:/home/prakrutk/husky_ws/install/husky_viz:/home/prakrutk/husky_ws/install/husky_simulator:/home/prakrutk/husky_ws/install/husky_robot:/home/prakrutk/husky_ws/install/husky_bringup:/home/prakrutk/husky_ws/install/husky_base:/home/prakrutk/husky_ws/install/husky_msgs:/home/prakrutk/husky_ws/install/husky_gazebo:/home/prakrutk/husky_ws/install/husky_control:/opt/ros/humble /usr/bin/cmake --install /home/prakrutk/husky_ws/build/husky_viz
[0.196s] -- Install configuration: ""
[0.196s] -- Up-to-date: /home/prakrutk/husky_ws/install/husky_viz/share/husky_viz/launch
[0.197s] -- Up-to-date: /home/prakrutk/husky_ws/install/husky_viz/share/husky_viz/launch/view_robot.launch
[0.197s] -- Up-to-date: /home/prakrutk/husky_ws/install/husky_viz/share/husky_viz/launch/view_model_launch.py
[0.197s] -- Up-to-date: /home/prakrutk/husky_ws/install/husky_viz/share/husky_viz/launch/view_robot_launch.py
[0.198s] -- Up-to-date: /home/prakrutk/husky_ws/install/husky_viz/share/husky_viz/launch/view_model.launch
[0.198s] -- Up-to-date: /home/prakrutk/husky_ws/install/husky_viz/share/husky_viz/rviz
[0.199s] -- Up-to-date: /home/prakrutk/husky_ws/install/husky_viz/share/husky_viz/rviz/model.rviz
[0.200s] -- Up-to-date: /home/prakrutk/husky_ws/install/husky_viz/share/husky_viz/rviz/test.rviz
[0.200s] -- Up-to-date: /home/prakrutk/husky_ws/install/husky_viz/share/husky_viz/rviz/robot.rviz
[0.200s] -- Up-to-date: /home/prakrutk/husky_ws/install/husky_viz/share/ament_index/resource_index/package_run_dependencies/husky_viz
[0.202s] -- Up-to-date: /home/prakrutk/husky_ws/install/husky_viz/share/ament_index/resource_index/parent_prefix_path/husky_viz
[0.203s] -- Up-to-date: /home/prakrutk/husky_ws/install/husky_viz/share/husky_viz/environment/ament_prefix_path.sh
[0.203s] -- Up-to-date: /home/prakrutk/husky_ws/install/husky_viz/share/husky_viz/environment/ament_prefix_path.dsv
[0.204s] -- Up-to-date: /home/prakrutk/husky_ws/install/husky_viz/share/husky_viz/environment/path.sh
[0.204s] -- Up-to-date: /home/prakrutk/husky_ws/install/husky_viz/share/husky_viz/environment/path.dsv
[0.205s] -- Up-to-date: /home/prakrutk/husky_ws/install/husky_viz/share/husky_viz/local_setup.bash
[0.205s] -- Up-to-date: /home/prakrutk/husky_ws/install/husky_viz/share/husky_viz/local_setup.sh
[0.205s] -- Up-to-date: /home/prakrutk/husky_ws/install/husky_viz/share/husky_viz/local_setup.zsh
[0.206s] -- Up-to-date: /home/prakrutk/husky_ws/install/husky_viz/share/husky_viz/local_setup.dsv
[0.207s] -- Installing: /home/prakrutk/husky_ws/install/husky_viz/share/husky_viz/package.dsv
[0.216s] -- Up-to-date: /home/prakrutk/husky_ws/install/husky_viz/share/ament_index/resource_index/packages/husky_viz
[0.216s] -- Up-to-date: /home/prakrutk/husky_ws/install/husky_viz/share/husky_viz/cmake/husky_vizConfig.cmake
[0.217s] -- Up-to-date: /home/prakrutk/husky_ws/install/husky_viz/share/husky_viz/cmake/husky_vizConfig-version.cmake
[0.217s] -- Up-to-date: /home/prakrutk/husky_ws/install/husky_viz/share/husky_viz/package.xml
[0.335s] Invoked command in '/home/prakrutk/husky_ws/build/husky_viz' returned '0': CMAKE_PREFIX_PATH=/home/prakrutk/husky_ws/install/husky_description:/home/prakrutk/husky_ws/install/husky_desktop:/home/prakrutk/husky_ws/install/husky_viz:/home/prakrutk/husky_ws/install/husky_simulator:/home/prakrutk/husky_ws/install/husky_robot:/home/prakrutk/husky_ws/install/husky_bringup:/home/prakrutk/husky_ws/install/husky_base:/home/prakrutk/husky_ws/install/husky_msgs:/home/prakrutk/husky_ws/install/husky_gazebo:/home/prakrutk/husky_ws/install/husky_control:/opt/ros/humble /usr/bin/cmake --install /home/prakrutk/husky_ws/build/husky_viz
