[0.120s] Invoking command in '/home/prakrutk/husky_ws/build/husky_robot': CMAKE_PREFIX_PATH=/home/prakrutk/husky_ws/install/husky_bringup:/home/prakrutk/husky_ws/install/husky_control:/home/prakrutk/husky_ws/install/husky_base:/home/prakrutk/husky_ws/install/husky_msgs:/home/prakrutk/husky_ws/install/husky_description:/home/prakrutk/husky_ws/install/husky_desktop:/home/prakrutk/husky_ws/install/husky_viz:/home/prakrutk/husky_ws/install/husky_simulator:/home/prakrutk/husky_ws/install/husky_robot:/home/prakrutk/husky_ws/install/husky_gazebo:/opt/ros/humble /usr/bin/cmake --build /home/prakrutk/husky_ws/build/husky_robot -- -j8 -l8
[0.163s] Invoked command in '/home/prakrutk/husky_ws/build/husky_robot' returned '0': CMAKE_PREFIX_PATH=/home/prakrutk/husky_ws/install/husky_bringup:/home/prakrutk/husky_ws/install/husky_control:/home/prakrutk/husky_ws/install/husky_base:/home/prakrutk/husky_ws/install/husky_msgs:/home/prakrutk/husky_ws/install/husky_description:/home/prakrutk/husky_ws/install/husky_desktop:/home/prakrutk/husky_ws/install/husky_viz:/home/prakrutk/husky_ws/install/husky_simulator:/home/prakrutk/husky_ws/install/husky_robot:/home/prakrutk/husky_ws/install/husky_gazebo:/opt/ros/humble /usr/bin/cmake --build /home/prakrutk/husky_ws/build/husky_robot -- -j8 -l8
[0.190s] Invoking command in '/home/prakrutk/husky_ws/build/husky_robot': CMAKE_PREFIX_PATH=/home/prakrutk/husky_ws/install/husky_bringup:/home/prakrutk/husky_ws/install/husky_control:/home/prakrutk/husky_ws/install/husky_base:/home/prakrutk/husky_ws/install/husky_msgs:/home/prakrutk/husky_ws/install/husky_description:/home/prakrutk/husky_ws/install/husky_desktop:/home/prakrutk/husky_ws/install/husky_viz:/home/prakrutk/husky_ws/install/husky_simulator:/home/prakrutk/husky_ws/install/husky_robot:/home/prakrutk/husky_ws/install/husky_gazebo:/opt/ros/humble /usr/bin/cmake --install /home/prakrutk/husky_ws/build/husky_robot
[0.199s] -- Install configuration: ""
[0.199s] -- Up-to-date: /home/prakrutk/husky_ws/install/husky_robot/share/ament_index/resource_index/package_run_dependencies/husky_robot
[0.199s] -- Up-to-date: /home/prakrutk/husky_ws/install/husky_robot/share/ament_index/resource_index/parent_prefix_path/husky_robot
[0.200s] -- Up-to-date: /home/prakrutk/husky_ws/install/husky_robot/share/husky_robot/environment/ament_prefix_path.sh
[0.200s] -- Up-to-date: /home/prakrutk/husky_ws/install/husky_robot/share/husky_robot/environment/ament_prefix_path.dsv
[0.200s] -- Up-to-date: /home/prakrutk/husky_ws/install/husky_robot/share/husky_robot/environment/path.sh
[0.200s] -- Up-to-date: /home/prakrutk/husky_ws/install/husky_robot/share/husky_robot/environment/path.dsv
[0.200s] -- Up-to-date: /home/prakrutk/husky_ws/install/husky_robot/share/husky_robot/local_setup.bash
[0.200s] -- Up-to-date: /home/prakrutk/husky_ws/install/husky_robot/share/husky_robot/local_setup.sh
[0.201s] -- Up-to-date: /home/prakrutk/husky_ws/install/husky_robot/share/husky_robot/local_setup.zsh
[0.201s] -- Up-to-date: /home/prakrutk/husky_ws/install/husky_robot/share/husky_robot/local_setup.dsv
[0.201s] -- Installing: /home/prakrutk/husky_ws/install/husky_robot/share/husky_robot/package.dsv
[0.201s] -- Up-to-date: /home/prakrutk/husky_ws/install/husky_robot/share/ament_index/resource_index/packages/husky_robot
[0.201s] -- Up-to-date: /home/prakrutk/husky_ws/install/husky_robot/share/husky_robot/cmake/husky_robotConfig.cmake
[0.201s] -- Up-to-date: /home/prakrutk/husky_ws/install/husky_robot/share/husky_robot/cmake/husky_robotConfig-version.cmake
[0.201s] -- Up-to-date: /home/prakrutk/husky_ws/install/husky_robot/share/husky_robot/package.xml
[0.203s] Invoked command in '/home/prakrutk/husky_ws/build/husky_robot' returned '0': CMAKE_PREFIX_PATH=/home/prakrutk/husky_ws/install/husky_bringup:/home/prakrutk/husky_ws/install/husky_control:/home/prakrutk/husky_ws/install/husky_base:/home/prakrutk/husky_ws/install/husky_msgs:/home/prakrutk/husky_ws/install/husky_description:/home/prakrutk/husky_ws/install/husky_desktop:/home/prakrutk/husky_ws/install/husky_viz:/home/prakrutk/husky_ws/install/husky_simulator:/home/prakrutk/husky_ws/install/husky_robot:/home/prakrutk/husky_ws/install/husky_gazebo:/opt/ros/humble /usr/bin/cmake --install /home/prakrutk/husky_ws/build/husky_robot
