[1.692s] DEBUG:colcon:Command line arguments: ['/usr/bin/colcon', 'build']
[1.692s] DEBUG:colcon:Parsed command line arguments: Namespace(log_base=None, log_level=None, verb_name='build', build_base='build', install_base='install', merge_install=False, symlink_install=False, test_result_base=None, continue_on_error=False, executor='parallel', parallel_workers=8, event_handlers=None, ignore_user_meta=False, metas=['./colcon.meta'], base_paths=['.'], packages_ignore=None, packages_ignore_regex=None, paths=None, packages_up_to=None, packages_up_to_regex=None, packages_above=None, packages_above_and_dependencies=None, packages_above_depth=None, packages_select_by_dep=None, packages_skip_by_dep=None, packages_skip_up_to=None, packages_select_build_failed=False, packages_skip_build_finished=False, packages_select_test_failures=False, packages_skip_test_passed=False, packages_select=None, packages_skip=None, packages_select_regex=None, packages_skip_regex=None, packages_start=None, packages_end=None, allow_overriding=[], cmake_args=None, cmake_target=None, cmake_target_skip_unavailable=False, cmake_clean_cache=False, cmake_clean_first=False, cmake_force_configure=False, ament_cmake_args=None, catkin_cmake_args=None, catkin_skip_building_tests=False, verb_parser=<colcon_defaults.argument_parser.defaults.DefaultArgumentsDecorator object at 0x7fd0a67fded0>, verb_extension=<colcon_core.verb.build.BuildVerb object at 0x7fd0a692c460>, main=<bound method BuildVerb.main of <colcon_core.verb.build.BuildVerb object at 0x7fd0a692c460>>)
[1.760s] Level 1:colcon.colcon_core.package_discovery:discover_packages(colcon_meta) check parameters
[1.760s] Level 1:colcon.colcon_core.package_discovery:discover_packages(recursive) check parameters
[1.760s] Level 1:colcon.colcon_core.package_discovery:discover_packages(ignore) check parameters
[1.760s] Level 1:colcon.colcon_core.package_discovery:discover_packages(path) check parameters
[1.760s] Level 1:colcon.colcon_core.package_discovery:discover_packages(colcon_meta) discover
[1.760s] Level 1:colcon.colcon_core.package_discovery:discover_packages(recursive) discover
[1.760s] INFO:colcon.colcon_core.package_discovery:Crawling recursively for packages in '/home/prakrutk/Downloads/FOR_Project/ROS-Gazebo/husky_ws'
[1.760s] Level 1:colcon.colcon_core.package_identification:_identify(.) by extensions ['ignore', 'ignore_ament_install']
[1.760s] Level 1:colcon.colcon_core.package_identification:_identify(.) by extension 'ignore'
[1.760s] Level 1:colcon.colcon_core.package_identification:_identify(.) by extension 'ignore_ament_install'
[1.760s] Level 1:colcon.colcon_core.package_identification:_identify(.) by extensions ['colcon_pkg']
[1.761s] Level 1:colcon.colcon_core.package_identification:_identify(.) by extension 'colcon_pkg'
[1.761s] Level 1:colcon.colcon_core.package_identification:_identify(.) by extensions ['colcon_meta']
[1.761s] Level 1:colcon.colcon_core.package_identification:_identify(.) by extension 'colcon_meta'
[1.761s] Level 1:colcon.colcon_core.package_identification:_identify(.) by extensions ['ros']
[1.761s] Level 1:colcon.colcon_core.package_identification:_identify(.) by extension 'ros'
[1.774s] Level 1:colcon.colcon_core.package_identification:_identify(.) by extensions ['cmake', 'python']
[1.774s] Level 1:colcon.colcon_core.package_identification:_identify(.) by extension 'cmake'
[1.774s] Level 1:colcon.colcon_core.package_identification:_identify(.) by extension 'python'
[1.774s] Level 1:colcon.colcon_core.package_identification:_identify(.) by extensions ['python_setup_py']
[1.774s] Level 1:colcon.colcon_core.package_identification:_identify(.) by extension 'python_setup_py'
[1.775s] Level 1:colcon.colcon_core.package_identification:_identify(build) by extensions ['ignore', 'ignore_ament_install']
[1.775s] Level 1:colcon.colcon_core.package_identification:_identify(build) by extension 'ignore'
[1.775s] Level 1:colcon.colcon_core.package_identification:_identify(build) ignored
[1.775s] Level 1:colcon.colcon_core.package_identification:_identify(install) by extensions ['ignore', 'ignore_ament_install']
[1.775s] Level 1:colcon.colcon_core.package_identification:_identify(install) by extension 'ignore'
[1.775s] Level 1:colcon.colcon_core.package_identification:_identify(install) ignored
[1.775s] Level 1:colcon.colcon_core.package_identification:_identify(log) by extensions ['ignore', 'ignore_ament_install']
[1.775s] Level 1:colcon.colcon_core.package_identification:_identify(log) by extension 'ignore'
[1.775s] Level 1:colcon.colcon_core.package_identification:_identify(log) ignored
[1.776s] Level 1:colcon.colcon_core.package_identification:_identify(src) by extensions ['ignore', 'ignore_ament_install']
[1.776s] Level 1:colcon.colcon_core.package_identification:_identify(src) by extension 'ignore'
[1.776s] Level 1:colcon.colcon_core.package_identification:_identify(src) by extension 'ignore_ament_install'
[1.776s] Level 1:colcon.colcon_core.package_identification:_identify(src) by extensions ['colcon_pkg']
[1.776s] Level 1:colcon.colcon_core.package_identification:_identify(src) by extension 'colcon_pkg'
[1.776s] Level 1:colcon.colcon_core.package_identification:_identify(src) by extensions ['colcon_meta']
[1.776s] Level 1:colcon.colcon_core.package_identification:_identify(src) by extension 'colcon_meta'
[1.776s] Level 1:colcon.colcon_core.package_identification:_identify(src) by extensions ['ros']
[1.776s] Level 1:colcon.colcon_core.package_identification:_identify(src) by extension 'ros'
[1.776s] Level 1:colcon.colcon_core.package_identification:_identify(src) by extensions ['cmake', 'python']
[1.776s] Level 1:colcon.colcon_core.package_identification:_identify(src) by extension 'cmake'
[1.776s] Level 1:colcon.colcon_core.package_identification:_identify(src) by extension 'python'
[1.776s] Level 1:colcon.colcon_core.package_identification:_identify(src) by extensions ['python_setup_py']
[1.776s] Level 1:colcon.colcon_core.package_identification:_identify(src) by extension 'python_setup_py'
[1.776s] Level 1:colcon.colcon_core.package_identification:_identify(src/husky) by extensions ['ignore', 'ignore_ament_install']
[1.776s] Level 1:colcon.colcon_core.package_identification:_identify(src/husky) by extension 'ignore'
[1.776s] Level 1:colcon.colcon_core.package_identification:_identify(src/husky) by extension 'ignore_ament_install'
[1.777s] Level 1:colcon.colcon_core.package_identification:_identify(src/husky) by extensions ['colcon_pkg']
[1.777s] Level 1:colcon.colcon_core.package_identification:_identify(src/husky) by extension 'colcon_pkg'
[1.777s] Level 1:colcon.colcon_core.package_identification:_identify(src/husky) by extensions ['colcon_meta']
[1.777s] Level 1:colcon.colcon_core.package_identification:_identify(src/husky) by extension 'colcon_meta'
[1.777s] Level 1:colcon.colcon_core.package_identification:_identify(src/husky) by extensions ['ros']
[1.777s] Level 1:colcon.colcon_core.package_identification:_identify(src/husky) by extension 'ros'
[1.777s] Level 1:colcon.colcon_core.package_identification:_identify(src/husky) by extensions ['cmake', 'python']
[1.777s] Level 1:colcon.colcon_core.package_identification:_identify(src/husky) by extension 'cmake'
[1.777s] Level 1:colcon.colcon_core.package_identification:_identify(src/husky) by extension 'python'
[1.777s] Level 1:colcon.colcon_core.package_identification:_identify(src/husky) by extensions ['python_setup_py']
[1.777s] Level 1:colcon.colcon_core.package_identification:_identify(src/husky) by extension 'python_setup_py'
[1.777s] Level 1:colcon.colcon_core.package_identification:_identify(src/husky/build) by extensions ['ignore', 'ignore_ament_install']
[1.777s] Level 1:colcon.colcon_core.package_identification:_identify(src/husky/build) by extension 'ignore'
[1.777s] Level 1:colcon.colcon_core.package_identification:_identify(src/husky/build) ignored
[1.777s] Level 1:colcon.colcon_core.package_identification:_identify(src/husky/husky_base) by extensions ['ignore', 'ignore_ament_install']
[1.778s] Level 1:colcon.colcon_core.package_identification:_identify(src/husky/husky_base) by extension 'ignore'
[1.778s] Level 1:colcon.colcon_core.package_identification:_identify(src/husky/husky_base) by extension 'ignore_ament_install'
[1.778s] Level 1:colcon.colcon_core.package_identification:_identify(src/husky/husky_base) by extensions ['colcon_pkg']
[1.778s] Level 1:colcon.colcon_core.package_identification:_identify(src/husky/husky_base) by extension 'colcon_pkg'
[1.778s] Level 1:colcon.colcon_core.package_identification:_identify(src/husky/husky_base) by extensions ['colcon_meta']
[1.778s] Level 1:colcon.colcon_core.package_identification:_identify(src/husky/husky_base) by extension 'colcon_meta'
[1.778s] Level 1:colcon.colcon_core.package_identification:_identify(src/husky/husky_base) by extensions ['ros']
[1.778s] Level 1:colcon.colcon_core.package_identification:_identify(src/husky/husky_base) by extension 'ros'
[1.783s] DEBUG:colcon.colcon_core.package_identification:Package 'src/husky/husky_base' with type 'ros.ament_cmake' and name 'husky_base'
[1.783s] Level 1:colcon.colcon_core.package_identification:_identify(src/husky/husky_bringup) by extensions ['ignore', 'ignore_ament_install']
[1.783s] Level 1:colcon.colcon_core.package_identification:_identify(src/husky/husky_bringup) by extension 'ignore'
[1.783s] Level 1:colcon.colcon_core.package_identification:_identify(src/husky/husky_bringup) by extension 'ignore_ament_install'
[1.783s] Level 1:colcon.colcon_core.package_identification:_identify(src/husky/husky_bringup) by extensions ['colcon_pkg']
[1.783s] Level 1:colcon.colcon_core.package_identification:_identify(src/husky/husky_bringup) by extension 'colcon_pkg'
[1.783s] Level 1:colcon.colcon_core.package_identification:_identify(src/husky/husky_bringup) by extensions ['colcon_meta']
[1.783s] Level 1:colcon.colcon_core.package_identification:_identify(src/husky/husky_bringup) by extension 'colcon_meta'
[1.784s] Level 1:colcon.colcon_core.package_identification:_identify(src/husky/husky_bringup) by extensions ['ros']
[1.784s] Level 1:colcon.colcon_core.package_identification:_identify(src/husky/husky_bringup) by extension 'ros'
[1.784s] DEBUG:colcon.colcon_core.package_identification:Package 'src/husky/husky_bringup' with type 'ros.ament_cmake' and name 'husky_bringup'
[1.784s] Level 1:colcon.colcon_core.package_identification:_identify(src/husky/husky_control) by extensions ['ignore', 'ignore_ament_install']
[1.785s] Level 1:colcon.colcon_core.package_identification:_identify(src/husky/husky_control) by extension 'ignore'
[1.785s] Level 1:colcon.colcon_core.package_identification:_identify(src/husky/husky_control) by extension 'ignore_ament_install'
[1.785s] Level 1:colcon.colcon_core.package_identification:_identify(src/husky/husky_control) by extensions ['colcon_pkg']
[1.785s] Level 1:colcon.colcon_core.package_identification:_identify(src/husky/husky_control) by extension 'colcon_pkg'
[1.785s] Level 1:colcon.colcon_core.package_identification:_identify(src/husky/husky_control) by extensions ['colcon_meta']
[1.785s] Level 1:colcon.colcon_core.package_identification:_identify(src/husky/husky_control) by extension 'colcon_meta'
[1.785s] Level 1:colcon.colcon_core.package_identification:_identify(src/husky/husky_control) by extensions ['ros']
[1.785s] Level 1:colcon.colcon_core.package_identification:_identify(src/husky/husky_control) by extension 'ros'
[1.786s] DEBUG:colcon.colcon_core.package_identification:Package 'src/husky/husky_control' with type 'ros.ament_cmake' and name 'husky_control'
[1.786s] Level 1:colcon.colcon_core.package_identification:_identify(src/husky/husky_description) by extensions ['ignore', 'ignore_ament_install']
[1.787s] Level 1:colcon.colcon_core.package_identification:_identify(src/husky/husky_description) by extension 'ignore'
[1.787s] Level 1:colcon.colcon_core.package_identification:_identify(src/husky/husky_description) by extension 'ignore_ament_install'
[1.787s] Level 1:colcon.colcon_core.package_identification:_identify(src/husky/husky_description) by extensions ['colcon_pkg']
[1.787s] Level 1:colcon.colcon_core.package_identification:_identify(src/husky/husky_description) by extension 'colcon_pkg'
[1.787s] Level 1:colcon.colcon_core.package_identification:_identify(src/husky/husky_description) by extensions ['colcon_meta']
[1.787s] Level 1:colcon.colcon_core.package_identification:_identify(src/husky/husky_description) by extension 'colcon_meta'
[1.787s] Level 1:colcon.colcon_core.package_identification:_identify(src/husky/husky_description) by extensions ['ros']
[1.787s] Level 1:colcon.colcon_core.package_identification:_identify(src/husky/husky_description) by extension 'ros'
[1.788s] DEBUG:colcon.colcon_core.package_identification:Package 'src/husky/husky_description' with type 'ros.ament_cmake' and name 'husky_description'
[1.788s] Level 1:colcon.colcon_core.package_identification:_identify(src/husky/husky_desktop) by extensions ['ignore', 'ignore_ament_install']
[1.788s] Level 1:colcon.colcon_core.package_identification:_identify(src/husky/husky_desktop) by extension 'ignore'
[1.788s] Level 1:colcon.colcon_core.package_identification:_identify(src/husky/husky_desktop) by extension 'ignore_ament_install'
[1.788s] Level 1:colcon.colcon_core.package_identification:_identify(src/husky/husky_desktop) by extensions ['colcon_pkg']
[1.788s] Level 1:colcon.colcon_core.package_identification:_identify(src/husky/husky_desktop) by extension 'colcon_pkg'
[1.788s] Level 1:colcon.colcon_core.package_identification:_identify(src/husky/husky_desktop) by extensions ['colcon_meta']
[1.788s] Level 1:colcon.colcon_core.package_identification:_identify(src/husky/husky_desktop) by extension 'colcon_meta'
[1.788s] Level 1:colcon.colcon_core.package_identification:_identify(src/husky/husky_desktop) by extensions ['ros']
[1.788s] Level 1:colcon.colcon_core.package_identification:_identify(src/husky/husky_desktop) by extension 'ros'
[1.789s] DEBUG:colcon.colcon_core.package_identification:Package 'src/husky/husky_desktop' with type 'ros.ament_cmake' and name 'husky_desktop'
[1.789s] Level 1:colcon.colcon_core.package_identification:_identify(src/husky/husky_gazebo) by extensions ['ignore', 'ignore_ament_install']
[1.789s] Level 1:colcon.colcon_core.package_identification:_identify(src/husky/husky_gazebo) by extension 'ignore'
[1.789s] Level 1:colcon.colcon_core.package_identification:_identify(src/husky/husky_gazebo) by extension 'ignore_ament_install'
[1.789s] Level 1:colcon.colcon_core.package_identification:_identify(src/husky/husky_gazebo) by extensions ['colcon_pkg']
[1.789s] Level 1:colcon.colcon_core.package_identification:_identify(src/husky/husky_gazebo) by extension 'colcon_pkg'
[1.789s] Level 1:colcon.colcon_core.package_identification:_identify(src/husky/husky_gazebo) by extensions ['colcon_meta']
[1.789s] Level 1:colcon.colcon_core.package_identification:_identify(src/husky/husky_gazebo) by extension 'colcon_meta'
[1.789s] Level 1:colcon.colcon_core.package_identification:_identify(src/husky/husky_gazebo) by extensions ['ros']
[1.789s] Level 1:colcon.colcon_core.package_identification:_identify(src/husky/husky_gazebo) by extension 'ros'
[1.790s] DEBUG:colcon.colcon_core.package_identification:Package 'src/husky/husky_gazebo' with type 'ros.ament_cmake' and name 'husky_gazebo'
[1.790s] Level 1:colcon.colcon_core.package_identification:_identify(src/husky/husky_msgs) by extensions ['ignore', 'ignore_ament_install']
[1.790s] Level 1:colcon.colcon_core.package_identification:_identify(src/husky/husky_msgs) by extension 'ignore'
[1.790s] Level 1:colcon.colcon_core.package_identification:_identify(src/husky/husky_msgs) by extension 'ignore_ament_install'
[1.790s] Level 1:colcon.colcon_core.package_identification:_identify(src/husky/husky_msgs) by extensions ['colcon_pkg']
[1.790s] Level 1:colcon.colcon_core.package_identification:_identify(src/husky/husky_msgs) by extension 'colcon_pkg'
[1.790s] Level 1:colcon.colcon_core.package_identification:_identify(src/husky/husky_msgs) by extensions ['colcon_meta']
[1.790s] Level 1:colcon.colcon_core.package_identification:_identify(src/husky/husky_msgs) by extension 'colcon_meta'
[1.790s] Level 1:colcon.colcon_core.package_identification:_identify(src/husky/husky_msgs) by extensions ['ros']
[1.790s] Level 1:colcon.colcon_core.package_identification:_identify(src/husky/husky_msgs) by extension 'ros'
[1.791s] DEBUG:colcon.colcon_core.package_identification:Package 'src/husky/husky_msgs' with type 'ros.ament_cmake' and name 'husky_msgs'
[1.791s] Level 1:colcon.colcon_core.package_identification:_identify(src/husky/husky_navigation) by extensions ['ignore', 'ignore_ament_install']
[1.791s] Level 1:colcon.colcon_core.package_identification:_identify(src/husky/husky_navigation) by extension 'ignore'
[1.791s] Level 1:colcon.colcon_core.package_identification:_identify(src/husky/husky_navigation) ignored
[1.791s] Level 1:colcon.colcon_core.package_identification:_identify(src/husky/husky_robot) by extensions ['ignore', 'ignore_ament_install']
[1.792s] Level 1:colcon.colcon_core.package_identification:_identify(src/husky/husky_robot) by extension 'ignore'
[1.792s] Level 1:colcon.colcon_core.package_identification:_identify(src/husky/husky_robot) by extension 'ignore_ament_install'
[1.792s] Level 1:colcon.colcon_core.package_identification:_identify(src/husky/husky_robot) by extensions ['colcon_pkg']
[1.792s] Level 1:colcon.colcon_core.package_identification:_identify(src/husky/husky_robot) by extension 'colcon_pkg'
[1.792s] Level 1:colcon.colcon_core.package_identification:_identify(src/husky/husky_robot) by extensions ['colcon_meta']
[1.792s] Level 1:colcon.colcon_core.package_identification:_identify(src/husky/husky_robot) by extension 'colcon_meta'
[1.792s] Level 1:colcon.colcon_core.package_identification:_identify(src/husky/husky_robot) by extensions ['ros']
[1.792s] Level 1:colcon.colcon_core.package_identification:_identify(src/husky/husky_robot) by extension 'ros'
[1.792s] DEBUG:colcon.colcon_core.package_identification:Package 'src/husky/husky_robot' with type 'ros.ament_cmake' and name 'husky_robot'
[1.793s] Level 1:colcon.colcon_core.package_identification:_identify(src/husky/husky_simulator) by extensions ['ignore', 'ignore_ament_install']
[1.793s] Level 1:colcon.colcon_core.package_identification:_identify(src/husky/husky_simulator) by extension 'ignore'
[1.793s] Level 1:colcon.colcon_core.package_identification:_identify(src/husky/husky_simulator) by extension 'ignore_ament_install'
[1.793s] Level 1:colcon.colcon_core.package_identification:_identify(src/husky/husky_simulator) by extensions ['colcon_pkg']
[1.793s] Level 1:colcon.colcon_core.package_identification:_identify(src/husky/husky_simulator) by extension 'colcon_pkg'
[1.793s] Level 1:colcon.colcon_core.package_identification:_identify(src/husky/husky_simulator) by extensions ['colcon_meta']
[1.793s] Level 1:colcon.colcon_core.package_identification:_identify(src/husky/husky_simulator) by extension 'colcon_meta'
[1.793s] Level 1:colcon.colcon_core.package_identification:_identify(src/husky/husky_simulator) by extensions ['ros']
[1.793s] Level 1:colcon.colcon_core.package_identification:_identify(src/husky/husky_simulator) by extension 'ros'
[1.793s] DEBUG:colcon.colcon_core.package_identification:Package 'src/husky/husky_simulator' with type 'ros.ament_cmake' and name 'husky_simulator'
[1.794s] Level 1:colcon.colcon_core.package_identification:_identify(src/husky/husky_viz) by extensions ['ignore', 'ignore_ament_install']
[1.794s] Level 1:colcon.colcon_core.package_identification:_identify(src/husky/husky_viz) by extension 'ignore'
[1.794s] Level 1:colcon.colcon_core.package_identification:_identify(src/husky/husky_viz) by extension 'ignore_ament_install'
[1.794s] Level 1:colcon.colcon_core.package_identification:_identify(src/husky/husky_viz) by extensions ['colcon_pkg']
[1.794s] Level 1:colcon.colcon_core.package_identification:_identify(src/husky/husky_viz) by extension 'colcon_pkg'
[1.794s] Level 1:colcon.colcon_core.package_identification:_identify(src/husky/husky_viz) by extensions ['colcon_meta']
[1.794s] Level 1:colcon.colcon_core.package_identification:_identify(src/husky/husky_viz) by extension 'colcon_meta'
[1.794s] Level 1:colcon.colcon_core.package_identification:_identify(src/husky/husky_viz) by extensions ['ros']
[1.794s] Level 1:colcon.colcon_core.package_identification:_identify(src/husky/husky_viz) by extension 'ros'
[1.795s] DEBUG:colcon.colcon_core.package_identification:Package 'src/husky/husky_viz' with type 'ros.ament_cmake' and name 'husky_viz'
[1.795s] Level 1:colcon.colcon_core.package_identification:_identify(src/husky/install) by extensions ['ignore', 'ignore_ament_install']
[1.795s] Level 1:colcon.colcon_core.package_identification:_identify(src/husky/install) by extension 'ignore'
[1.795s] Level 1:colcon.colcon_core.package_identification:_identify(src/husky/install) ignored
[1.795s] Level 1:colcon.colcon_core.package_identification:_identify(src/husky/log) by extensions ['ignore', 'ignore_ament_install']
[1.795s] Level 1:colcon.colcon_core.package_identification:_identify(src/husky/log) by extension 'ignore'
[1.795s] Level 1:colcon.colcon_core.package_identification:_identify(src/husky/log) ignored
[1.796s] Level 1:colcon.colcon_core.package_discovery:discover_packages(recursive) using defaults
[1.796s] Level 1:colcon.colcon_core.package_discovery:discover_packages(ignore) discover
[1.796s] Level 1:colcon.colcon_core.package_discovery:discover_packages(ignore) using defaults
[1.796s] Level 1:colcon.colcon_core.package_discovery:discover_packages(path) discover
[1.796s] Level 1:colcon.colcon_core.package_discovery:discover_packages(path) using defaults
[1.964s] Level 1:colcon.colcon_core.package_discovery:discover_packages(prefix_path) check parameters
[1.964s] Level 1:colcon.colcon_core.package_discovery:discover_packages(prefix_path) discover
[2.021s] DEBUG:colcon.colcon_installed_package_information.package_discovery:Found 418 installed packages in /opt/ros/humble
[2.023s] Level 1:colcon.colcon_core.package_discovery:discover_packages(prefix_path) using defaults
[2.213s] Level 5:colcon.colcon_core.verb:set package 'husky_description' build argument 'cmake_args' from command line to 'None'
[2.213s] Level 5:colcon.colcon_core.verb:set package 'husky_description' build argument 'cmake_target' from command line to 'None'
[2.213s] Level 5:colcon.colcon_core.verb:set package 'husky_description' build argument 'cmake_target_skip_unavailable' from command line to 'False'
[2.214s] Level 5:colcon.colcon_core.verb:set package 'husky_description' build argument 'cmake_clean_cache' from command line to 'False'
[2.214s] Level 5:colcon.colcon_core.verb:set package 'husky_description' build argument 'cmake_clean_first' from command line to 'False'
[2.214s] Level 5:colcon.colcon_core.verb:set package 'husky_description' build argument 'cmake_force_configure' from command line to 'False'
[2.214s] Level 5:colcon.colcon_core.verb:set package 'husky_description' build argument 'ament_cmake_args' from command line to 'None'
[2.214s] Level 5:colcon.colcon_core.verb:set package 'husky_description' build argument 'catkin_cmake_args' from command line to 'None'
[2.214s] Level 5:colcon.colcon_core.verb:set package 'husky_description' build argument 'catkin_skip_building_tests' from command line to 'False'
[2.214s] DEBUG:colcon.colcon_core.verb:Building package 'husky_description' with the following arguments: {'ament_cmake_args': None, 'build_base': '/home/prakrutk/Downloads/FOR_Project/ROS-Gazebo/husky_ws/build/husky_description', 'catkin_cmake_args': None, 'catkin_skip_building_tests': False, 'cmake_args': None, 'cmake_clean_cache': False, 'cmake_clean_first': False, 'cmake_force_configure': False, 'cmake_target': None, 'cmake_target_skip_unavailable': False, 'install_base': '/home/prakrutk/Downloads/FOR_Project/ROS-Gazebo/husky_ws/install/husky_description', 'merge_install': False, 'path': '/home/prakrutk/Downloads/FOR_Project/ROS-Gazebo/husky_ws/src/husky/husky_description', 'symlink_install': False, 'test_result_base': None}
[2.236s] Level 5:colcon.colcon_core.verb:set package 'husky_msgs' build argument 'cmake_args' from command line to 'None'
[2.236s] Level 5:colcon.colcon_core.verb:set package 'husky_msgs' build argument 'cmake_target' from command line to 'None'
[2.236s] Level 5:colcon.colcon_core.verb:set package 'husky_msgs' build argument 'cmake_target_skip_unavailable' from command line to 'False'
[2.236s] Level 5:colcon.colcon_core.verb:set package 'husky_msgs' build argument 'cmake_clean_cache' from command line to 'False'
[2.236s] Level 5:colcon.colcon_core.verb:set package 'husky_msgs' build argument 'cmake_clean_first' from command line to 'False'
[2.236s] Level 5:colcon.colcon_core.verb:set package 'husky_msgs' build argument 'cmake_force_configure' from command line to 'False'
[2.236s] Level 5:colcon.colcon_core.verb:set package 'husky_msgs' build argument 'ament_cmake_args' from command line to 'None'
[2.236s] Level 5:colcon.colcon_core.verb:set package 'husky_msgs' build argument 'catkin_cmake_args' from command line to 'None'
[2.236s] Level 5:colcon.colcon_core.verb:set package 'husky_msgs' build argument 'catkin_skip_building_tests' from command line to 'False'
[2.236s] DEBUG:colcon.colcon_core.verb:Building package 'husky_msgs' with the following arguments: {'ament_cmake_args': None, 'build_base': '/home/prakrutk/Downloads/FOR_Project/ROS-Gazebo/husky_ws/build/husky_msgs', 'catkin_cmake_args': None, 'catkin_skip_building_tests': False, 'cmake_args': None, 'cmake_clean_cache': False, 'cmake_clean_first': False, 'cmake_force_configure': False, 'cmake_target': None, 'cmake_target_skip_unavailable': False, 'install_base': '/home/prakrutk/Downloads/FOR_Project/ROS-Gazebo/husky_ws/install/husky_msgs', 'merge_install': False, 'path': '/home/prakrutk/Downloads/FOR_Project/ROS-Gazebo/husky_ws/src/husky/husky_msgs', 'symlink_install': False, 'test_result_base': None}
[2.258s] Level 5:colcon.colcon_core.verb:set package 'husky_base' build argument 'cmake_args' from command line to 'None'
[2.258s] Level 5:colcon.colcon_core.verb:set package 'husky_base' build argument 'cmake_target' from command line to 'None'
[2.258s] Level 5:colcon.colcon_core.verb:set package 'husky_base' build argument 'cmake_target_skip_unavailable' from command line to 'False'
[2.259s] Level 5:colcon.colcon_core.verb:set package 'husky_base' build argument 'cmake_clean_cache' from command line to 'False'
[2.259s] Level 5:colcon.colcon_core.verb:set package 'husky_base' build argument 'cmake_clean_first' from command line to 'False'
[2.259s] Level 5:colcon.colcon_core.verb:set package 'husky_base' build argument 'cmake_force_configure' from command line to 'False'
[2.259s] Level 5:colcon.colcon_core.verb:set package 'husky_base' build argument 'ament_cmake_args' from command line to 'None'
[2.259s] Level 5:colcon.colcon_core.verb:set package 'husky_base' build argument 'catkin_cmake_args' from command line to 'None'
[2.259s] Level 5:colcon.colcon_core.verb:set package 'husky_base' build argument 'catkin_skip_building_tests' from command line to 'False'
[2.259s] DEBUG:colcon.colcon_core.verb:Building package 'husky_base' with the following arguments: {'ament_cmake_args': None, 'build_base': '/home/prakrutk/Downloads/FOR_Project/ROS-Gazebo/husky_ws/build/husky_base', 'catkin_cmake_args': None, 'catkin_skip_building_tests': False, 'cmake_args': None, 'cmake_clean_cache': False, 'cmake_clean_first': False, 'cmake_force_configure': False, 'cmake_target': None, 'cmake_target_skip_unavailable': False, 'install_base': '/home/prakrutk/Downloads/FOR_Project/ROS-Gazebo/husky_ws/install/husky_base', 'merge_install': False, 'path': '/home/prakrutk/Downloads/FOR_Project/ROS-Gazebo/husky_ws/src/husky/husky_base', 'symlink_install': False, 'test_result_base': None}
[2.286s] Level 5:colcon.colcon_core.verb:set package 'husky_control' build argument 'cmake_args' from command line to 'None'
[2.287s] Level 5:colcon.colcon_core.verb:set package 'husky_control' build argument 'cmake_target' from command line to 'None'
[2.287s] Level 5:colcon.colcon_core.verb:set package 'husky_control' build argument 'cmake_target_skip_unavailable' from command line to 'False'
[2.287s] Level 5:colcon.colcon_core.verb:set package 'husky_control' build argument 'cmake_clean_cache' from command line to 'False'
[2.287s] Level 5:colcon.colcon_core.verb:set package 'husky_control' build argument 'cmake_clean_first' from command line to 'False'
[2.287s] Level 5:colcon.colcon_core.verb:set package 'husky_control' build argument 'cmake_force_configure' from command line to 'False'
[2.287s] Level 5:colcon.colcon_core.verb:set package 'husky_control' build argument 'ament_cmake_args' from command line to 'None'
[2.287s] Level 5:colcon.colcon_core.verb:set package 'husky_control' build argument 'catkin_cmake_args' from command line to 'None'
[2.287s] Level 5:colcon.colcon_core.verb:set package 'husky_control' build argument 'catkin_skip_building_tests' from command line to 'False'
[2.287s] DEBUG:colcon.colcon_core.verb:Building package 'husky_control' with the following arguments: {'ament_cmake_args': None, 'build_base': '/home/prakrutk/Downloads/FOR_Project/ROS-Gazebo/husky_ws/build/husky_control', 'catkin_cmake_args': None, 'catkin_skip_building_tests': False, 'cmake_args': None, 'cmake_clean_cache': False, 'cmake_clean_first': False, 'cmake_force_configure': False, 'cmake_target': None, 'cmake_target_skip_unavailable': False, 'install_base': '/home/prakrutk/Downloads/FOR_Project/ROS-Gazebo/husky_ws/install/husky_control', 'merge_install': False, 'path': '/home/prakrutk/Downloads/FOR_Project/ROS-Gazebo/husky_ws/src/husky/husky_control', 'symlink_install': False, 'test_result_base': None}
[2.315s] Level 5:colcon.colcon_core.verb:set package 'husky_viz' build argument 'cmake_args' from command line to 'None'
[2.315s] Level 5:colcon.colcon_core.verb:set package 'husky_viz' build argument 'cmake_target' from command line to 'None'
[2.315s] Level 5:colcon.colcon_core.verb:set package 'husky_viz' build argument 'cmake_target_skip_unavailable' from command line to 'False'
[2.315s] Level 5:colcon.colcon_core.verb:set package 'husky_viz' build argument 'cmake_clean_cache' from command line to 'False'
[2.315s] Level 5:colcon.colcon_core.verb:set package 'husky_viz' build argument 'cmake_clean_first' from command line to 'False'
[2.315s] Level 5:colcon.colcon_core.verb:set package 'husky_viz' build argument 'cmake_force_configure' from command line to 'False'
[2.315s] Level 5:colcon.colcon_core.verb:set package 'husky_viz' build argument 'ament_cmake_args' from command line to 'None'
[2.315s] Level 5:colcon.colcon_core.verb:set package 'husky_viz' build argument 'catkin_cmake_args' from command line to 'None'
[2.315s] Level 5:colcon.colcon_core.verb:set package 'husky_viz' build argument 'catkin_skip_building_tests' from command line to 'False'
[2.315s] DEBUG:colcon.colcon_core.verb:Building package 'husky_viz' with the following arguments: {'ament_cmake_args': None, 'build_base': '/home/prakrutk/Downloads/FOR_Project/ROS-Gazebo/husky_ws/build/husky_viz', 'catkin_cmake_args': None, 'catkin_skip_building_tests': False, 'cmake_args': None, 'cmake_clean_cache': False, 'cmake_clean_first': False, 'cmake_force_configure': False, 'cmake_target': None, 'cmake_target_skip_unavailable': False, 'install_base': '/home/prakrutk/Downloads/FOR_Project/ROS-Gazebo/husky_ws/install/husky_viz', 'merge_install': False, 'path': '/home/prakrutk/Downloads/FOR_Project/ROS-Gazebo/husky_ws/src/husky/husky_viz', 'symlink_install': False, 'test_result_base': None}
[2.339s] Level 5:colcon.colcon_core.verb:set package 'husky_bringup' build argument 'cmake_args' from command line to 'None'
[2.339s] Level 5:colcon.colcon_core.verb:set package 'husky_bringup' build argument 'cmake_target' from command line to 'None'
[2.339s] Level 5:colcon.colcon_core.verb:set package 'husky_bringup' build argument 'cmake_target_skip_unavailable' from command line to 'False'
[2.339s] Level 5:colcon.colcon_core.verb:set package 'husky_bringup' build argument 'cmake_clean_cache' from command line to 'False'
[2.339s] Level 5:colcon.colcon_core.verb:set package 'husky_bringup' build argument 'cmake_clean_first' from command line to 'False'
[2.339s] Level 5:colcon.colcon_core.verb:set package 'husky_bringup' build argument 'cmake_force_configure' from command line to 'False'
[2.339s] Level 5:colcon.colcon_core.verb:set package 'husky_bringup' build argument 'ament_cmake_args' from command line to 'None'
[2.339s] Level 5:colcon.colcon_core.verb:set package 'husky_bringup' build argument 'catkin_cmake_args' from command line to 'None'
[2.339s] Level 5:colcon.colcon_core.verb:set package 'husky_bringup' build argument 'catkin_skip_building_tests' from command line to 'False'
[2.339s] DEBUG:colcon.colcon_core.verb:Building package 'husky_bringup' with the following arguments: {'ament_cmake_args': None, 'build_base': '/home/prakrutk/Downloads/FOR_Project/ROS-Gazebo/husky_ws/build/husky_bringup', 'catkin_cmake_args': None, 'catkin_skip_building_tests': False, 'cmake_args': None, 'cmake_clean_cache': False, 'cmake_clean_first': False, 'cmake_force_configure': False, 'cmake_target': None, 'cmake_target_skip_unavailable': False, 'install_base': '/home/prakrutk/Downloads/FOR_Project/ROS-Gazebo/husky_ws/install/husky_bringup', 'merge_install': False, 'path': '/home/prakrutk/Downloads/FOR_Project/ROS-Gazebo/husky_ws/src/husky/husky_bringup', 'symlink_install': False, 'test_result_base': None}
[2.362s] Level 5:colcon.colcon_core.verb:set package 'husky_desktop' build argument 'cmake_args' from command line to 'None'
[2.362s] Level 5:colcon.colcon_core.verb:set package 'husky_desktop' build argument 'cmake_target' from command line to 'None'
[2.362s] Level 5:colcon.colcon_core.verb:set package 'husky_desktop' build argument 'cmake_target_skip_unavailable' from command line to 'False'
[2.362s] Level 5:colcon.colcon_core.verb:set package 'husky_desktop' build argument 'cmake_clean_cache' from command line to 'False'
[2.362s] Level 5:colcon.colcon_core.verb:set package 'husky_desktop' build argument 'cmake_clean_first' from command line to 'False'
[2.362s] Level 5:colcon.colcon_core.verb:set package 'husky_desktop' build argument 'cmake_force_configure' from command line to 'False'
[2.362s] Level 5:colcon.colcon_core.verb:set package 'husky_desktop' build argument 'ament_cmake_args' from command line to 'None'
[2.362s] Level 5:colcon.colcon_core.verb:set package 'husky_desktop' build argument 'catkin_cmake_args' from command line to 'None'
[2.362s] Level 5:colcon.colcon_core.verb:set package 'husky_desktop' build argument 'catkin_skip_building_tests' from command line to 'False'
[2.362s] DEBUG:colcon.colcon_core.verb:Building package 'husky_desktop' with the following arguments: {'ament_cmake_args': None, 'build_base': '/home/prakrutk/Downloads/FOR_Project/ROS-Gazebo/husky_ws/build/husky_desktop', 'catkin_cmake_args': None, 'catkin_skip_building_tests': False, 'cmake_args': None, 'cmake_clean_cache': False, 'cmake_clean_first': False, 'cmake_force_configure': False, 'cmake_target': None, 'cmake_target_skip_unavailable': False, 'install_base': '/home/prakrutk/Downloads/FOR_Project/ROS-Gazebo/husky_ws/install/husky_desktop', 'merge_install': False, 'path': '/home/prakrutk/Downloads/FOR_Project/ROS-Gazebo/husky_ws/src/husky/husky_desktop', 'symlink_install': False, 'test_result_base': None}
[2.387s] Level 5:colcon.colcon_core.verb:set package 'husky_gazebo' build argument 'cmake_args' from command line to 'None'
[2.387s] Level 5:colcon.colcon_core.verb:set package 'husky_gazebo' build argument 'cmake_target' from command line to 'None'
[2.388s] Level 5:colcon.colcon_core.verb:set package 'husky_gazebo' build argument 'cmake_target_skip_unavailable' from command line to 'False'
[2.388s] Level 5:colcon.colcon_core.verb:set package 'husky_gazebo' build argument 'cmake_clean_cache' from command line to 'False'
[2.388s] Level 5:colcon.colcon_core.verb:set package 'husky_gazebo' build argument 'cmake_clean_first' from command line to 'False'
[2.388s] Level 5:colcon.colcon_core.verb:set package 'husky_gazebo' build argument 'cmake_force_configure' from command line to 'False'
[2.388s] Level 5:colcon.colcon_core.verb:set package 'husky_gazebo' build argument 'ament_cmake_args' from command line to 'None'
[2.388s] Level 5:colcon.colcon_core.verb:set package 'husky_gazebo' build argument 'catkin_cmake_args' from command line to 'None'
[2.388s] Level 5:colcon.colcon_core.verb:set package 'husky_gazebo' build argument 'catkin_skip_building_tests' from command line to 'False'
[2.388s] DEBUG:colcon.colcon_core.verb:Building package 'husky_gazebo' with the following arguments: {'ament_cmake_args': None, 'build_base': '/home/prakrutk/Downloads/FOR_Project/ROS-Gazebo/husky_ws/build/husky_gazebo', 'catkin_cmake_args': None, 'catkin_skip_building_tests': False, 'cmake_args': None, 'cmake_clean_cache': False, 'cmake_clean_first': False, 'cmake_force_configure': False, 'cmake_target': None, 'cmake_target_skip_unavailable': False, 'install_base': '/home/prakrutk/Downloads/FOR_Project/ROS-Gazebo/husky_ws/install/husky_gazebo', 'merge_install': False, 'path': '/home/prakrutk/Downloads/FOR_Project/ROS-Gazebo/husky_ws/src/husky/husky_gazebo', 'symlink_install': False, 'test_result_base': None}
[2.412s] Level 5:colcon.colcon_core.verb:set package 'husky_robot' build argument 'cmake_args' from command line to 'None'
[2.413s] Level 5:colcon.colcon_core.verb:set package 'husky_robot' build argument 'cmake_target' from command line to 'None'
[2.413s] Level 5:colcon.colcon_core.verb:set package 'husky_robot' build argument 'cmake_target_skip_unavailable' from command line to 'False'
[2.413s] Level 5:colcon.colcon_core.verb:set package 'husky_robot' build argument 'cmake_clean_cache' from command line to 'False'
[2.413s] Level 5:colcon.colcon_core.verb:set package 'husky_robot' build argument 'cmake_clean_first' from command line to 'False'
[2.413s] Level 5:colcon.colcon_core.verb:set package 'husky_robot' build argument 'cmake_force_configure' from command line to 'False'
[2.413s] Level 5:colcon.colcon_core.verb:set package 'husky_robot' build argument 'ament_cmake_args' from command line to 'None'
[2.413s] Level 5:colcon.colcon_core.verb:set package 'husky_robot' build argument 'catkin_cmake_args' from command line to 'None'
[2.413s] Level 5:colcon.colcon_core.verb:set package 'husky_robot' build argument 'catkin_skip_building_tests' from command line to 'False'
[2.413s] DEBUG:colcon.colcon_core.verb:Building package 'husky_robot' with the following arguments: {'ament_cmake_args': None, 'build_base': '/home/prakrutk/Downloads/FOR_Project/ROS-Gazebo/husky_ws/build/husky_robot', 'catkin_cmake_args': None, 'catkin_skip_building_tests': False, 'cmake_args': None, 'cmake_clean_cache': False, 'cmake_clean_first': False, 'cmake_force_configure': False, 'cmake_target': None, 'cmake_target_skip_unavailable': False, 'install_base': '/home/prakrutk/Downloads/FOR_Project/ROS-Gazebo/husky_ws/install/husky_robot', 'merge_install': False, 'path': '/home/prakrutk/Downloads/FOR_Project/ROS-Gazebo/husky_ws/src/husky/husky_robot', 'symlink_install': False, 'test_result_base': None}
[2.438s] Level 5:colcon.colcon_core.verb:set package 'husky_simulator' build argument 'cmake_args' from command line to 'None'
[2.438s] Level 5:colcon.colcon_core.verb:set package 'husky_simulator' build argument 'cmake_target' from command line to 'None'
[2.438s] Level 5:colcon.colcon_core.verb:set package 'husky_simulator' build argument 'cmake_target_skip_unavailable' from command line to 'False'
[2.438s] Level 5:colcon.colcon_core.verb:set package 'husky_simulator' build argument 'cmake_clean_cache' from command line to 'False'
[2.438s] Level 5:colcon.colcon_core.verb:set package 'husky_simulator' build argument 'cmake_clean_first' from command line to 'False'
[2.438s] Level 5:colcon.colcon_core.verb:set package 'husky_simulator' build argument 'cmake_force_configure' from command line to 'False'
[2.438s] Level 5:colcon.colcon_core.verb:set package 'husky_simulator' build argument 'ament_cmake_args' from command line to 'None'
[2.438s] Level 5:colcon.colcon_core.verb:set package 'husky_simulator' build argument 'catkin_cmake_args' from command line to 'None'
[2.438s] Level 5:colcon.colcon_core.verb:set package 'husky_simulator' build argument 'catkin_skip_building_tests' from command line to 'False'
[2.438s] DEBUG:colcon.colcon_core.verb:Building package 'husky_simulator' with the following arguments: {'ament_cmake_args': None, 'build_base': '/home/prakrutk/Downloads/FOR_Project/ROS-Gazebo/husky_ws/build/husky_simulator', 'catkin_cmake_args': None, 'catkin_skip_building_tests': False, 'cmake_args': None, 'cmake_clean_cache': False, 'cmake_clean_first': False, 'cmake_force_configure': False, 'cmake_target': None, 'cmake_target_skip_unavailable': False, 'install_base': '/home/prakrutk/Downloads/FOR_Project/ROS-Gazebo/husky_ws/install/husky_simulator', 'merge_install': False, 'path': '/home/prakrutk/Downloads/FOR_Project/ROS-Gazebo/husky_ws/src/husky/husky_simulator', 'symlink_install': False, 'test_result_base': None}
[2.461s] INFO:colcon.colcon_core.executor:Executing jobs using 'parallel' executor
[2.486s] DEBUG:colcon.colcon_parallel_executor.executor.parallel:run_until_complete
[2.486s] INFO:colcon.colcon_ros.task.ament_cmake.build:Building ROS package in '/home/prakrutk/Downloads/FOR_Project/ROS-Gazebo/husky_ws/src/husky/husky_description' with build type 'ament_cmake'
[2.486s] INFO:colcon.colcon_cmake.task.cmake.build:Building CMake package in '/home/prakrutk/Downloads/FOR_Project/ROS-Gazebo/husky_ws/src/husky/husky_description'
[2.514s] INFO:colcon.colcon_core.plugin_system:Skipping extension 'colcon_core.shell.bat': Not used on non-Windows systems
[2.514s] INFO:colcon.colcon_core.shell:Skip shell extension 'powershell' for command environment: Not usable outside of PowerShell
[2.515s] DEBUG:colcon.colcon_core.shell:Skip shell extension 'dsv' for command environment
[2.564s] INFO:colcon.colcon_ros.task.ament_cmake.build:Building ROS package in '/home/prakrutk/Downloads/FOR_Project/ROS-Gazebo/husky_ws/src/husky/husky_msgs' with build type 'ament_cmake'
[2.564s] INFO:colcon.colcon_cmake.task.cmake.build:Building CMake package in '/home/prakrutk/Downloads/FOR_Project/ROS-Gazebo/husky_ws/src/husky/husky_msgs'
[2.588s] INFO:colcon.colcon_core.shell:Skip shell extension 'powershell' for command environment: Not usable outside of PowerShell
[2.588s] DEBUG:colcon.colcon_core.shell:Skip shell extension 'dsv' for command environment
[2.651s] DEBUG:colcon.colcon_core.event_handler.log_command:Invoking command in '/home/prakrutk/Downloads/FOR_Project/ROS-Gazebo/husky_ws/build/husky_description': CMAKE_PREFIX_PATH=/opt/ros/humble /usr/bin/cmake --build /home/prakrutk/Downloads/FOR_Project/ROS-Gazebo/husky_ws/build/husky_description -- -j8 -l8
[2.655s] DEBUG:colcon.colcon_core.event_handler.log_command:Invoking command in '/home/prakrutk/Downloads/FOR_Project/ROS-Gazebo/husky_ws/build/husky_msgs': CMAKE_PREFIX_PATH=/opt/ros/humble /usr/bin/cmake --build /home/prakrutk/Downloads/FOR_Project/ROS-Gazebo/husky_ws/build/husky_msgs -- -j8 -l8
[2.675s] DEBUG:colcon.colcon_core.event_handler.log_command:Invoked command in '/home/prakrutk/Downloads/FOR_Project/ROS-Gazebo/husky_ws/build/husky_description' returned '2': CMAKE_PREFIX_PATH=/opt/ros/humble /usr/bin/cmake --build /home/prakrutk/Downloads/FOR_Project/ROS-Gazebo/husky_ws/build/husky_description -- -j8 -l8
[2.680s] DEBUG:colcon.colcon_core.event_handler.log_command:Invoked command in '/home/prakrutk/Downloads/FOR_Project/ROS-Gazebo/husky_ws/build/husky_msgs' returned '2': CMAKE_PREFIX_PATH=/opt/ros/humble /usr/bin/cmake --build /home/prakrutk/Downloads/FOR_Project/ROS-Gazebo/husky_ws/build/husky_msgs -- -j8 -l8
[2.753s] Level 1:colcon.colcon_core.environment:create_environment_scripts_only(husky_description)
[2.781s] Level 1:colcon.colcon_core.environment:checking '/home/prakrutk/Downloads/FOR_Project/ROS-Gazebo/husky_ws/install/husky_description' for CMake module files
[2.782s] Level 1:colcon.colcon_core.environment:checking '/home/prakrutk/Downloads/FOR_Project/ROS-Gazebo/husky_ws/install/husky_description' for CMake config files
[2.782s] Level 1:colcon.colcon_core.shell:create_environment_hook('husky_description', 'cmake_prefix_path')
[2.809s] INFO:colcon.colcon_core.shell:Creating environment hook '/home/prakrutk/Downloads/FOR_Project/ROS-Gazebo/husky_ws/install/husky_description/share/husky_description/hook/cmake_prefix_path.ps1'
[2.809s] INFO:colcon.colcon_core.shell:Creating environment descriptor '/home/prakrutk/Downloads/FOR_Project/ROS-Gazebo/husky_ws/install/husky_description/share/husky_description/hook/cmake_prefix_path.dsv'
[2.810s] INFO:colcon.colcon_core.shell:Creating environment hook '/home/prakrutk/Downloads/FOR_Project/ROS-Gazebo/husky_ws/install/husky_description/share/husky_description/hook/cmake_prefix_path.sh'
[2.811s] Level 1:colcon.colcon_core.environment:checking '/home/prakrutk/Downloads/FOR_Project/ROS-Gazebo/husky_ws/install/husky_description/bin'
[2.811s] Level 1:colcon.colcon_core.environment:checking '/home/prakrutk/Downloads/FOR_Project/ROS-Gazebo/husky_ws/install/husky_description/lib/pkgconfig/husky_description.pc'
[2.812s] Level 1:colcon.colcon_core.environment:checking '/home/prakrutk/Downloads/FOR_Project/ROS-Gazebo/husky_ws/install/husky_description/lib/python3.10/site-packages'
[2.812s] Level 1:colcon.colcon_core.environment:checking '/home/prakrutk/Downloads/FOR_Project/ROS-Gazebo/husky_ws/install/husky_description/bin'
[2.839s] INFO:colcon.colcon_core.shell:Creating package script '/home/prakrutk/Downloads/FOR_Project/ROS-Gazebo/husky_ws/install/husky_description/share/husky_description/package.ps1'
[2.840s] INFO:colcon.colcon_core.shell:Creating package descriptor '/home/prakrutk/Downloads/FOR_Project/ROS-Gazebo/husky_ws/install/husky_description/share/husky_description/package.dsv'
[2.841s] INFO:colcon.colcon_core.shell:Creating package script '/home/prakrutk/Downloads/FOR_Project/ROS-Gazebo/husky_ws/install/husky_description/share/husky_description/package.sh'
[2.843s] INFO:colcon.colcon_core.shell:Creating package script '/home/prakrutk/Downloads/FOR_Project/ROS-Gazebo/husky_ws/install/husky_description/share/husky_description/package.bash'
[2.844s] INFO:colcon.colcon_core.shell:Creating package script '/home/prakrutk/Downloads/FOR_Project/ROS-Gazebo/husky_ws/install/husky_description/share/husky_description/package.zsh'
[2.845s] Level 1:colcon.colcon_core.environment:create_file_with_runtime_dependencies(/home/prakrutk/Downloads/FOR_Project/ROS-Gazebo/husky_ws/install/husky_description/share/colcon-core/packages/husky_description)
[2.857s] DEBUG:colcon.colcon_parallel_executor.executor.parallel:closing loop
[2.857s] DEBUG:colcon.colcon_parallel_executor.executor.parallel:loop closed
[2.857s] DEBUG:colcon.colcon_parallel_executor.executor.parallel:run_until_complete finished with '2'
[2.857s] DEBUG:colcon.colcon_core.event_reactor:joining thread
[2.884s] INFO:colcon.colcon_core.plugin_system:Skipping extension 'colcon_notification.desktop_notification.terminal_notifier': Not used on non-Darwin systems
[2.884s] INFO:colcon.colcon_core.plugin_system:Skipping extension 'colcon_notification.desktop_notification.win32': Not used on non-Windows systems
[2.884s] INFO:colcon.colcon_notification.desktop_notification:Sending desktop notification using 'notify2'
[2.897s] DEBUG:colcon.colcon_core.event_reactor:joined thread
[2.922s] INFO:colcon.colcon_core.shell:Creating prefix script '/home/prakrutk/Downloads/FOR_Project/ROS-Gazebo/husky_ws/install/local_setup.ps1'
[2.923s] INFO:colcon.colcon_core.shell:Creating prefix util module '/home/prakrutk/Downloads/FOR_Project/ROS-Gazebo/husky_ws/install/_local_setup_util_ps1.py'
[2.925s] INFO:colcon.colcon_core.shell:Creating prefix chain script '/home/prakrutk/Downloads/FOR_Project/ROS-Gazebo/husky_ws/install/setup.ps1'
[2.958s] INFO:colcon.colcon_core.shell:Creating prefix script '/home/prakrutk/Downloads/FOR_Project/ROS-Gazebo/husky_ws/install/local_setup.sh'
[2.959s] INFO:colcon.colcon_core.shell:Creating prefix util module '/home/prakrutk/Downloads/FOR_Project/ROS-Gazebo/husky_ws/install/_local_setup_util_sh.py'
[2.960s] INFO:colcon.colcon_core.shell:Creating prefix chain script '/home/prakrutk/Downloads/FOR_Project/ROS-Gazebo/husky_ws/install/setup.sh'
[2.997s] INFO:colcon.colcon_core.shell:Creating prefix script '/home/prakrutk/Downloads/FOR_Project/ROS-Gazebo/husky_ws/install/local_setup.bash'
[2.997s] INFO:colcon.colcon_core.shell:Creating prefix chain script '/home/prakrutk/Downloads/FOR_Project/ROS-Gazebo/husky_ws/install/setup.bash'
[3.029s] INFO:colcon.colcon_core.shell:Creating prefix script '/home/prakrutk/Downloads/FOR_Project/ROS-Gazebo/husky_ws/install/local_setup.zsh'
[3.030s] INFO:colcon.colcon_core.shell:Creating prefix chain script '/home/prakrutk/Downloads/FOR_Project/ROS-Gazebo/husky_ws/install/setup.zsh'
