[0.310s] Invoking command in '/home/prakrutk/Downloads/FOR_Project/ROS-Gazebo/husky_ws/build/husky_gazebo': AMENT_PREFIX_PATH=/home/prakrutk/husky_ws/install/husky_control:/home/prakrutk/husky_ws/install/husky_description:${AMENT_PREFIX_PATH} CMAKE_PREFIX_PATH=/home/prakrutk/Downloads/FOR_Project/ROS-Gazebo/husky_ws/install/husky_control:/home/prakrutk/Downloads/FOR_Project/ROS-Gazebo/husky_ws/install/husky_description:/opt/ros/humble /usr/bin/cmake --build /home/prakrutk/Downloads/FOR_Project/ROS-Gazebo/husky_ws/build/husky_gazebo -- -j8 -l8
[0.318s] [0mCMake Error: The current CMakeCache.txt directory /home/prakrutk/Downloads/FOR_Project/ROS-Gazebo/husky_ws/build/husky_gazebo/CMakeCache.txt is different than the directory /home/prakrutk/husky_ws/build/husky_gazebo where CMakeCache.txt was created. This may result in binaries being created in the wrong place. If you are not sure, reedit the CMakeCache.txt[0m
[0.648s] Invoked command in '/home/prakrutk/Downloads/FOR_Project/ROS-Gazebo/husky_ws/build/husky_gazebo' returned '0': AMENT_PREFIX_PATH=/home/prakrutk/husky_ws/install/husky_control:/home/prakrutk/husky_ws/install/husky_description:${AMENT_PREFIX_PATH} CMAKE_PREFIX_PATH=/home/prakrutk/Downloads/FOR_Project/ROS-Gazebo/husky_ws/install/husky_control:/home/prakrutk/Downloads/FOR_Project/ROS-Gazebo/husky_ws/install/husky_description:/opt/ros/humble /usr/bin/cmake --build /home/prakrutk/Downloads/FOR_Project/ROS-Gazebo/husky_ws/build/husky_gazebo -- -j8 -l8
[0.680s] Invoking command in '/home/prakrutk/Downloads/FOR_Project/ROS-Gazebo/husky_ws/build/husky_gazebo': AMENT_PREFIX_PATH=/home/prakrutk/husky_ws/install/husky_control:/home/prakrutk/husky_ws/install/husky_description:${AMENT_PREFIX_PATH} CMAKE_PREFIX_PATH=/home/prakrutk/Downloads/FOR_Project/ROS-Gazebo/husky_ws/install/husky_control:/home/prakrutk/Downloads/FOR_Project/ROS-Gazebo/husky_ws/install/husky_description:/opt/ros/humble /usr/bin/cmake --install /home/prakrutk/Downloads/FOR_Project/ROS-Gazebo/husky_ws/build/husky_gazebo
[0.691s] -- Install configuration: ""
[0.692s] -- Up-to-date: /home/prakrutk/husky_ws/install/husky_gazebo/share/husky_gazebo/launch
[0.693s] -- Up-to-date: /home/prakrutk/husky_ws/install/husky_gazebo/share/husky_gazebo/launch/husky_playpen.launch
[0.693s] -- Up-to-date: /home/prakrutk/husky_ws/install/husky_gazebo/share/husky_gazebo/launch/multi_husky_playpen.launch
[0.693s] -- Up-to-date: /home/prakrutk/husky_ws/install/husky_gazebo/share/husky_gazebo/launch/realsense.launch
[0.693s] -- Up-to-date: /home/prakrutk/husky_ws/install/husky_gazebo/share/husky_gazebo/launch/gazebo.launch.py
[0.693s] -- Up-to-date: /home/prakrutk/husky_ws/install/husky_gazebo/share/husky_gazebo/launch/spawn_husky.launch
[0.694s] -- Up-to-date: /home/prakrutk/husky_ws/install/husky_gazebo/share/husky_gazebo/launch/husky_empty_world.launch
[0.694s] -- Installing: /home/prakrutk/husky_ws/install/husky_gazebo/share/husky_gazebo/launch/husky_playpen.launch.py
[0.694s] -- Up-to-date: /home/prakrutk/husky_ws/install/husky_gazebo/share/husky_gazebo/launch/playpen.launch
[0.694s] -- Up-to-date: /home/prakrutk/husky_ws/install/husky_gazebo/share/husky_gazebo/worlds
[0.694s] -- Up-to-date: /home/prakrutk/husky_ws/install/husky_gazebo/share/husky_gazebo/worlds/clearpath_playpen.world
[0.694s] -- Up-to-date: /home/prakrutk/husky_ws/install/husky_gazebo/share/husky_gazebo/worlds/cafe.world
[0.696s] -- Up-to-date: /home/prakrutk/husky_ws/install/husky_gazebo/share/ament_index/resource_index/package_run_dependencies/husky_gazebo
[0.696s] -- Up-to-date: /home/prakrutk/husky_ws/install/husky_gazebo/share/ament_index/resource_index/parent_prefix_path/husky_gazebo
[0.697s] -- Up-to-date: /home/prakrutk/husky_ws/install/husky_gazebo/share/husky_gazebo/environment/ament_prefix_path.sh
[0.697s] -- Up-to-date: /home/prakrutk/husky_ws/install/husky_gazebo/share/husky_gazebo/environment/ament_prefix_path.dsv
[0.697s] -- Up-to-date: /home/prakrutk/husky_ws/install/husky_gazebo/share/husky_gazebo/environment/path.sh
[0.698s] -- Up-to-date: /home/prakrutk/husky_ws/install/husky_gazebo/share/husky_gazebo/environment/path.dsv
[0.698s] -- Up-to-date: /home/prakrutk/husky_ws/install/husky_gazebo/share/husky_gazebo/local_setup.bash
[0.698s] -- Up-to-date: /home/prakrutk/husky_ws/install/husky_gazebo/share/husky_gazebo/local_setup.sh
[0.699s] -- Up-to-date: /home/prakrutk/husky_ws/install/husky_gazebo/share/husky_gazebo/local_setup.zsh
[0.699s] -- Up-to-date: /home/prakrutk/husky_ws/install/husky_gazebo/share/husky_gazebo/local_setup.dsv
[0.699s] -- Installing: /home/prakrutk/husky_ws/install/husky_gazebo/share/husky_gazebo/package.dsv
[0.699s] -- Up-to-date: /home/prakrutk/husky_ws/install/husky_gazebo/share/ament_index/resource_index/packages/husky_gazebo
[0.700s] -- Up-to-date: /home/prakrutk/husky_ws/install/husky_gazebo/share/husky_gazebo/cmake/husky_gazeboConfig.cmake
[0.700s] -- Up-to-date: /home/prakrutk/husky_ws/install/husky_gazebo/share/husky_gazebo/cmake/husky_gazeboConfig-version.cmake
[0.700s] -- Up-to-date: /home/prakrutk/husky_ws/install/husky_gazebo/share/husky_gazebo/package.xml
[0.704s] Invoked command in '/home/prakrutk/Downloads/FOR_Project/ROS-Gazebo/husky_ws/build/husky_gazebo' returned '0': AMENT_PREFIX_PATH=/home/prakrutk/husky_ws/install/husky_control:/home/prakrutk/husky_ws/install/husky_description:${AMENT_PREFIX_PATH} CMAKE_PREFIX_PATH=/home/prakrutk/Downloads/FOR_Project/ROS-Gazebo/husky_ws/install/husky_control:/home/prakrutk/Downloads/FOR_Project/ROS-Gazebo/husky_ws/install/husky_description:/opt/ros/humble /usr/bin/cmake --install /home/prakrutk/Downloads/FOR_Project/ROS-Gazebo/husky_ws/build/husky_gazebo
