[0.136s] Invoking command in '/home/prakrutk/husky_ws/build/husky_gazebo': AMENT_PREFIX_PATH=/home/prakrutk/husky_ws/install/husky_control:/home/prakrutk/husky_ws/install/husky_description:${AMENT_PREFIX_PATH} CMAKE_PREFIX_PATH=/home/prakrutk/husky_ws/install/husky_control:/home/prakrutk/husky_ws/install/husky_description:/opt/ros/humble CONDA_PROMPT_MODIFIER=(base) /usr/bin/cmake --build /home/prakrutk/husky_ws/build/husky_gazebo -- -j8 -l8
[0.171s] Invoked command in '/home/prakrutk/husky_ws/build/husky_gazebo' returned '0': AMENT_PREFIX_PATH=/home/prakrutk/husky_ws/install/husky_control:/home/prakrutk/husky_ws/install/husky_description:${AMENT_PREFIX_PATH} CMAKE_PREFIX_PATH=/home/prakrutk/husky_ws/install/husky_control:/home/prakrutk/husky_ws/install/husky_description:/opt/ros/humble CONDA_PROMPT_MODIFIER=(base) /usr/bin/cmake --build /home/prakrutk/husky_ws/build/husky_gazebo -- -j8 -l8
[0.192s] Invoking command in '/home/prakrutk/husky_ws/build/husky_gazebo': AMENT_PREFIX_PATH=/home/prakrutk/husky_ws/install/husky_control:/home/prakrutk/husky_ws/install/husky_description:${AMENT_PREFIX_PATH} CMAKE_PREFIX_PATH=/home/prakrutk/husky_ws/install/husky_control:/home/prakrutk/husky_ws/install/husky_description:/opt/ros/humble CONDA_PROMPT_MODIFIER=(base) /usr/bin/cmake --install /home/prakrutk/husky_ws/build/husky_gazebo
[0.199s] -- Install configuration: ""
[0.199s] -- Up-to-date: /home/prakrutk/husky_ws/install/husky_gazebo/share/husky_gazebo/launch
[0.200s] -- Up-to-date: /home/prakrutk/husky_ws/install/husky_gazebo/share/husky_gazebo/launch/husky_playpen.launch
[0.200s] -- Up-to-date: /home/prakrutk/husky_ws/install/husky_gazebo/share/husky_gazebo/launch/multi_husky_playpen.launch
[0.200s] -- Up-to-date: /home/prakrutk/husky_ws/install/husky_gazebo/share/husky_gazebo/launch/realsense.launch
[0.200s] -- Up-to-date: /home/prakrutk/husky_ws/install/husky_gazebo/share/husky_gazebo/launch/gazebo.launch.py
[0.200s] -- Up-to-date: /home/prakrutk/husky_ws/install/husky_gazebo/share/husky_gazebo/launch/spawn_husky.launch
[0.201s] -- Up-to-date: /home/prakrutk/husky_ws/install/husky_gazebo/share/husky_gazebo/launch/husky_empty_world.launch
[0.201s] -- Up-to-date: /home/prakrutk/husky_ws/install/husky_gazebo/share/husky_gazebo/launch/husky_playpen.launch.py
[0.201s] -- Up-to-date: /home/prakrutk/husky_ws/install/husky_gazebo/share/husky_gazebo/launch/playpen.launch
[0.201s] -- Up-to-date: /home/prakrutk/husky_ws/install/husky_gazebo/share/husky_gazebo/worlds
[0.201s] -- Up-to-date: /home/prakrutk/husky_ws/install/husky_gazebo/share/husky_gazebo/worlds/clearpath_playpen.world
[0.201s] -- Up-to-date: /home/prakrutk/husky_ws/install/husky_gazebo/share/ament_index/resource_index/package_run_dependencies/husky_gazebo
[0.201s] -- Up-to-date: /home/prakrutk/husky_ws/install/husky_gazebo/share/ament_index/resource_index/parent_prefix_path/husky_gazebo
[0.201s] -- Up-to-date: /home/prakrutk/husky_ws/install/husky_gazebo/share/husky_gazebo/environment/ament_prefix_path.sh
[0.202s] -- Up-to-date: /home/prakrutk/husky_ws/install/husky_gazebo/share/husky_gazebo/environment/ament_prefix_path.dsv
[0.202s] -- Up-to-date: /home/prakrutk/husky_ws/install/husky_gazebo/share/husky_gazebo/environment/path.sh
[0.202s] -- Up-to-date: /home/prakrutk/husky_ws/install/husky_gazebo/share/husky_gazebo/environment/path.dsv
[0.202s] -- Up-to-date: /home/prakrutk/husky_ws/install/husky_gazebo/share/husky_gazebo/local_setup.bash
[0.202s] -- Up-to-date: /home/prakrutk/husky_ws/install/husky_gazebo/share/husky_gazebo/local_setup.sh
[0.202s] -- Up-to-date: /home/prakrutk/husky_ws/install/husky_gazebo/share/husky_gazebo/local_setup.zsh
[0.203s] -- Up-to-date: /home/prakrutk/husky_ws/install/husky_gazebo/share/husky_gazebo/local_setup.dsv
[0.203s] -- Up-to-date: /home/prakrutk/husky_ws/install/husky_gazebo/share/husky_gazebo/package.dsv
[0.203s] -- Up-to-date: /home/prakrutk/husky_ws/install/husky_gazebo/share/ament_index/resource_index/packages/husky_gazebo
[0.203s] -- Up-to-date: /home/prakrutk/husky_ws/install/husky_gazebo/share/husky_gazebo/cmake/husky_gazeboConfig.cmake
[0.203s] -- Up-to-date: /home/prakrutk/husky_ws/install/husky_gazebo/share/husky_gazebo/cmake/husky_gazeboConfig-version.cmake
[0.203s] -- Up-to-date: /home/prakrutk/husky_ws/install/husky_gazebo/share/husky_gazebo/package.xml
[0.204s] Invoked command in '/home/prakrutk/husky_ws/build/husky_gazebo' returned '0': AMENT_PREFIX_PATH=/home/prakrutk/husky_ws/install/husky_control:/home/prakrutk/husky_ws/install/husky_description:${AMENT_PREFIX_PATH} CMAKE_PREFIX_PATH=/home/prakrutk/husky_ws/install/husky_control:/home/prakrutk/husky_ws/install/husky_description:/opt/ros/humble CONDA_PROMPT_MODIFIER=(base) /usr/bin/cmake --install /home/prakrutk/husky_ws/build/husky_gazebo
