[0.175s] Invoking command in '/home/prakrutk/husky_ws/build/husky_desktop': CMAKE_PREFIX_PATH=/home/prakrutk/husky_ws/install/husky_viz:/home/prakrutk/husky_ws/install/husky_msgs:/home/prakrutk/husky_ws/install/husky_description:/home/prakrutk/husky_ws/install/husky_desktop:/home/prakrutk/husky_ws/install/husky_simulator:/home/prakrutk/husky_ws/install/husky_robot:/home/prakrutk/husky_ws/install/husky_bringup:/home/prakrutk/husky_ws/install/husky_base:/home/prakrutk/husky_ws/install/husky_gazebo:/home/prakrutk/husky_ws/install/husky_control:/opt/ros/humble LD_LIBRARY_PATH=/home/prakrutk/husky_ws/install/husky_msgs/lib:/home/prakrutk/husky_ws/install/husky_base/lib:/usr/lib/x86_64-linux-gnu/gazebo-11/plugins:/opt/ros/humble/opt/rviz_ogre_vendor/lib:/opt/ros/humble/lib/x86_64-linux-gnu:/opt/ros/humble/lib /usr/bin/cmake --build /home/prakrutk/husky_ws/build/husky_desktop -- -j8 -l8
[0.255s] Invoked command in '/home/prakrutk/husky_ws/build/husky_desktop' returned '0': CMAKE_PREFIX_PATH=/home/prakrutk/husky_ws/install/husky_viz:/home/prakrutk/husky_ws/install/husky_msgs:/home/prakrutk/husky_ws/install/husky_description:/home/prakrutk/husky_ws/install/husky_desktop:/home/prakrutk/husky_ws/install/husky_simulator:/home/prakrutk/husky_ws/install/husky_robot:/home/prakrutk/husky_ws/install/husky_bringup:/home/prakrutk/husky_ws/install/husky_base:/home/prakrutk/husky_ws/install/husky_gazebo:/home/prakrutk/husky_ws/install/husky_control:/opt/ros/humble LD_LIBRARY_PATH=/home/prakrutk/husky_ws/install/husky_msgs/lib:/home/prakrutk/husky_ws/install/husky_base/lib:/usr/lib/x86_64-linux-gnu/gazebo-11/plugins:/opt/ros/humble/opt/rviz_ogre_vendor/lib:/opt/ros/humble/lib/x86_64-linux-gnu:/opt/ros/humble/lib /usr/bin/cmake --build /home/prakrutk/husky_ws/build/husky_desktop -- -j8 -l8
[0.309s] Invoking command in '/home/prakrutk/husky_ws/build/husky_desktop': CMAKE_PREFIX_PATH=/home/prakrutk/husky_ws/install/husky_viz:/home/prakrutk/husky_ws/install/husky_msgs:/home/prakrutk/husky_ws/install/husky_description:/home/prakrutk/husky_ws/install/husky_desktop:/home/prakrutk/husky_ws/install/husky_simulator:/home/prakrutk/husky_ws/install/husky_robot:/home/prakrutk/husky_ws/install/husky_bringup:/home/prakrutk/husky_ws/install/husky_base:/home/prakrutk/husky_ws/install/husky_gazebo:/home/prakrutk/husky_ws/install/husky_control:/opt/ros/humble LD_LIBRARY_PATH=/home/prakrutk/husky_ws/install/husky_msgs/lib:/home/prakrutk/husky_ws/install/husky_base/lib:/usr/lib/x86_64-linux-gnu/gazebo-11/plugins:/opt/ros/humble/opt/rviz_ogre_vendor/lib:/opt/ros/humble/lib/x86_64-linux-gnu:/opt/ros/humble/lib /usr/bin/cmake --install /home/prakrutk/husky_ws/build/husky_desktop
[0.327s] -- Install configuration: ""
[0.328s] -- Up-to-date: /home/prakrutk/husky_ws/install/husky_desktop/share/ament_index/resource_index/package_run_dependencies/husky_desktop
[0.329s] -- Up-to-date: /home/prakrutk/husky_ws/install/husky_desktop/share/ament_index/resource_index/parent_prefix_path/husky_desktop
[0.329s] -- Up-to-date: /home/prakrutk/husky_ws/install/husky_desktop/share/husky_desktop/environment/ament_prefix_path.sh
[0.329s] -- Up-to-date: /home/prakrutk/husky_ws/install/husky_desktop/share/husky_desktop/environment/ament_prefix_path.dsv
[0.329s] -- Up-to-date: /home/prakrutk/husky_ws/install/husky_desktop/share/husky_desktop/environment/path.sh
[0.330s] -- Up-to-date: /home/prakrutk/husky_ws/install/husky_desktop/share/husky_desktop/environment/path.dsv
[0.330s] -- Up-to-date: /home/prakrutk/husky_ws/install/husky_desktop/share/husky_desktop/local_setup.bash
[0.330s] -- Up-to-date: /home/prakrutk/husky_ws/install/husky_desktop/share/husky_desktop/local_setup.sh
[0.330s] -- Up-to-date: /home/prakrutk/husky_ws/install/husky_desktop/share/husky_desktop/local_setup.zsh
[0.331s] -- Up-to-date: /home/prakrutk/husky_ws/install/husky_desktop/share/husky_desktop/local_setup.dsv
[0.331s] -- Installing: /home/prakrutk/husky_ws/install/husky_desktop/share/husky_desktop/package.dsv
[0.332s] -- Up-to-date: /home/prakrutk/husky_ws/install/husky_desktop/share/ament_index/resource_index/packages/husky_desktop
[0.334s] -- Up-to-date: /home/prakrutk/husky_ws/install/husky_desktop/share/husky_desktop/cmake/husky_desktopConfig.cmake
[0.334s] -- Up-to-date: /home/prakrutk/husky_ws/install/husky_desktop/share/husky_desktop/cmake/husky_desktopConfig-version.cmake
[0.334s] -- Up-to-date: /home/prakrutk/husky_ws/install/husky_desktop/share/husky_desktop/package.xml
[0.346s] Invoked command in '/home/prakrutk/husky_ws/build/husky_desktop' returned '0': CMAKE_PREFIX_PATH=/home/prakrutk/husky_ws/install/husky_viz:/home/prakrutk/husky_ws/install/husky_msgs:/home/prakrutk/husky_ws/install/husky_description:/home/prakrutk/husky_ws/install/husky_desktop:/home/prakrutk/husky_ws/install/husky_simulator:/home/prakrutk/husky_ws/install/husky_robot:/home/prakrutk/husky_ws/install/husky_bringup:/home/prakrutk/husky_ws/install/husky_base:/home/prakrutk/husky_ws/install/husky_gazebo:/home/prakrutk/husky_ws/install/husky_control:/opt/ros/humble LD_LIBRARY_PATH=/home/prakrutk/husky_ws/install/husky_msgs/lib:/home/prakrutk/husky_ws/install/husky_base/lib:/usr/lib/x86_64-linux-gnu/gazebo-11/plugins:/opt/ros/humble/opt/rviz_ogre_vendor/lib:/opt/ros/humble/lib/x86_64-linux-gnu:/opt/ros/humble/lib /usr/bin/cmake --install /home/prakrutk/husky_ws/build/husky_desktop
