[0.572s] Invoking command in '/home/prakrutk/husky_ws/build/husky_simulator': CMAKE_PREFIX_PATH=/home/prakrutk/husky_ws/install/husky_gazebo:/home/prakrutk/husky_ws/install/husky_control:/home/prakrutk/husky_ws/install/husky_description:/home/prakrutk/husky_ws/install/husky_desktop:/home/prakrutk/husky_ws/install/husky_viz:/home/prakrutk/husky_ws/install/husky_simulator:/home/prakrutk/husky_ws/install/husky_robot:/home/prakrutk/husky_ws/install/husky_bringup:/home/prakrutk/husky_ws/install/husky_base:/home/prakrutk/husky_ws/install/husky_msgs:/opt/ros/humble /usr/bin/cmake --build /home/prakrutk/husky_ws/build/husky_simulator -- -j8 -l8
[0.651s] Invoked command in '/home/prakrutk/husky_ws/build/husky_simulator' returned '0': CMAKE_PREFIX_PATH=/home/prakrutk/husky_ws/install/husky_gazebo:/home/prakrutk/husky_ws/install/husky_control:/home/prakrutk/husky_ws/install/husky_description:/home/prakrutk/husky_ws/install/husky_desktop:/home/prakrutk/husky_ws/install/husky_viz:/home/prakrutk/husky_ws/install/husky_simulator:/home/prakrutk/husky_ws/install/husky_robot:/home/prakrutk/husky_ws/install/husky_bringup:/home/prakrutk/husky_ws/install/husky_base:/home/prakrutk/husky_ws/install/husky_msgs:/opt/ros/humble /usr/bin/cmake --build /home/prakrutk/husky_ws/build/husky_simulator -- -j8 -l8
[1.148s] Invoking command in '/home/prakrutk/husky_ws/build/husky_simulator': CMAKE_PREFIX_PATH=/home/prakrutk/husky_ws/install/husky_gazebo:/home/prakrutk/husky_ws/install/husky_control:/home/prakrutk/husky_ws/install/husky_description:/home/prakrutk/husky_ws/install/husky_desktop:/home/prakrutk/husky_ws/install/husky_viz:/home/prakrutk/husky_ws/install/husky_simulator:/home/prakrutk/husky_ws/install/husky_robot:/home/prakrutk/husky_ws/install/husky_bringup:/home/prakrutk/husky_ws/install/husky_base:/home/prakrutk/husky_ws/install/husky_msgs:/opt/ros/humble /usr/bin/cmake --install /home/prakrutk/husky_ws/build/husky_simulator
[1.163s] -- Install configuration: ""
[1.163s] -- Up-to-date: /home/prakrutk/husky_ws/install/husky_simulator/share/ament_index/resource_index/package_run_dependencies/husky_simulator
[1.163s] -- Up-to-date: /home/prakrutk/husky_ws/install/husky_simulator/share/ament_index/resource_index/parent_prefix_path/husky_simulator
[1.163s] -- Up-to-date: /home/prakrutk/husky_ws/install/husky_simulator/share/husky_simulator/environment/ament_prefix_path.sh
[1.164s] -- Up-to-date: /home/prakrutk/husky_ws/install/husky_simulator/share/husky_simulator/environment/ament_prefix_path.dsv
[1.164s] -- Up-to-date: /home/prakrutk/husky_ws/install/husky_simulator/share/husky_simulator/environment/path.sh
[1.164s] -- Up-to-date: /home/prakrutk/husky_ws/install/husky_simulator/share/husky_simulator/environment/path.dsv
[1.165s] -- Up-to-date: /home/prakrutk/husky_ws/install/husky_simulator/share/husky_simulator/local_setup.bash
[1.165s] -- Up-to-date: /home/prakrutk/husky_ws/install/husky_simulator/share/husky_simulator/local_setup.sh
[1.167s] -- Up-to-date: /home/prakrutk/husky_ws/install/husky_simulator/share/husky_simulator/local_setup.zsh
[1.170s] -- Up-to-date: /home/prakrutk/husky_ws/install/husky_simulator/share/husky_simulator/local_setup.dsv
[1.171s] -- Installing: /home/prakrutk/husky_ws/install/husky_simulator/share/husky_simulator/package.dsv
[1.172s] -- Up-to-date: /home/prakrutk/husky_ws/install/husky_simulator/share/ament_index/resource_index/packages/husky_simulator
[1.172s] -- Up-to-date: /home/prakrutk/husky_ws/install/husky_simulator/share/husky_simulator/cmake/husky_simulatorConfig.cmake
[1.173s] -- Up-to-date: /home/prakrutk/husky_ws/install/husky_simulator/share/husky_simulator/cmake/husky_simulatorConfig-version.cmake
[1.173s] -- Up-to-date: /home/prakrutk/husky_ws/install/husky_simulator/share/husky_simulator/package.xml
[1.174s] Invoked command in '/home/prakrutk/husky_ws/build/husky_simulator' returned '0': CMAKE_PREFIX_PATH=/home/prakrutk/husky_ws/install/husky_gazebo:/home/prakrutk/husky_ws/install/husky_control:/home/prakrutk/husky_ws/install/husky_description:/home/prakrutk/husky_ws/install/husky_desktop:/home/prakrutk/husky_ws/install/husky_viz:/home/prakrutk/husky_ws/install/husky_simulator:/home/prakrutk/husky_ws/install/husky_robot:/home/prakrutk/husky_ws/install/husky_bringup:/home/prakrutk/husky_ws/install/husky_base:/home/prakrutk/husky_ws/install/husky_msgs:/opt/ros/humble /usr/bin/cmake --install /home/prakrutk/husky_ws/build/husky_simulator
