[0.429s] Invoking command in '/home/prakrutk/husky_ws/build/husky_base': AMENT_PREFIX_PATH=/home/prakrutk/husky_ws/install/husky_msgs:${AMENT_PREFIX_PATH} CMAKE_PREFIX_PATH=/home/prakrutk/husky_ws/install/husky_msgs:/opt/ros/humble LD_LIBRARY_PATH=/home/prakrutk/husky_ws/install/husky_msgs/lib:${LD_LIBRARY_PATH} PYTHONPATH=/home/prakrutk/husky_ws/install/husky_msgs/local/lib/python3.10/dist-packages:${PYTHONPATH} /usr/bin/cmake --build /home/prakrutk/husky_ws/build/husky_base -- -j8 -l8
[0.571s] [100%] Built target husky_hardware
[0.708s] Invoked command in '/home/prakrutk/husky_ws/build/husky_base' returned '0': AMENT_PREFIX_PATH=/home/prakrutk/husky_ws/install/husky_msgs:${AMENT_PREFIX_PATH} CMAKE_PREFIX_PATH=/home/prakrutk/husky_ws/install/husky_msgs:/opt/ros/humble LD_LIBRARY_PATH=/home/prakrutk/husky_ws/install/husky_msgs/lib:${LD_LIBRARY_PATH} PYTHONPATH=/home/prakrutk/husky_ws/install/husky_msgs/local/lib/python3.10/dist-packages:${PYTHONPATH} /usr/bin/cmake --build /home/prakrutk/husky_ws/build/husky_base -- -j8 -l8
[0.998s] Invoking command in '/home/prakrutk/husky_ws/build/husky_base': AMENT_PREFIX_PATH=/home/prakrutk/husky_ws/install/husky_msgs:${AMENT_PREFIX_PATH} CMAKE_PREFIX_PATH=/home/prakrutk/husky_ws/install/husky_msgs:/opt/ros/humble LD_LIBRARY_PATH=/home/prakrutk/husky_ws/install/husky_msgs/lib:${LD_LIBRARY_PATH} PYTHONPATH=/home/prakrutk/husky_ws/install/husky_msgs/local/lib/python3.10/dist-packages:${PYTHONPATH} /usr/bin/cmake --install /home/prakrutk/husky_ws/build/husky_base
[1.115s] -- Install configuration: ""
[1.115s] -- Up-to-date: /home/prakrutk/husky_ws/install/husky_base/share/husky_base/husky_hardware.xml
[1.116s] -- Up-to-date: /home/prakrutk/husky_ws/install/husky_base/lib/libhusky_hardware.so
[1.116s] -- Up-to-date: /home/prakrutk/husky_ws/install/husky_base/include
[1.117s] -- Up-to-date: /home/prakrutk/husky_ws/install/husky_base/include/husky_base
[1.117s] -- Up-to-date: /home/prakrutk/husky_ws/install/husky_base/include/husky_base/husky_hardware.hpp
[1.117s] -- Up-to-date: /home/prakrutk/husky_ws/install/husky_base/include/husky_base/horizon_legacy
[1.118s] -- Up-to-date: /home/prakrutk/husky_ws/install/husky_base/include/husky_base/horizon_legacy/Message_data.h
[1.118s] -- Up-to-date: /home/prakrutk/husky_ws/install/husky_base/include/husky_base/horizon_legacy/crc.h
[1.119s] -- Up-to-date: /home/prakrutk/husky_ws/install/husky_base/include/husky_base/horizon_legacy/Message.h
[1.120s] -- Up-to-date: /home/prakrutk/husky_ws/install/husky_base/include/husky_base/horizon_legacy/Message_cmd.h
[1.120s] -- Up-to-date: /home/prakrutk/husky_ws/install/husky_base/include/husky_base/horizon_legacy/serial.h
[1.121s] -- Up-to-date: /home/prakrutk/husky_ws/install/husky_base/include/husky_base/horizon_legacy/Number.h
[1.121s] -- Up-to-date: /home/prakrutk/husky_ws/install/husky_base/include/husky_base/horizon_legacy/clearpath.h
[1.121s] -- Up-to-date: /home/prakrutk/husky_ws/install/husky_base/include/husky_base/horizon_legacy/Logger.h
[1.122s] -- Up-to-date: /home/prakrutk/husky_ws/install/husky_base/include/husky_base/horizon_legacy/Message_request.h
[1.122s] -- Up-to-date: /home/prakrutk/husky_ws/install/husky_base/include/husky_base/horizon_legacy/Transport.h
[1.123s] -- Up-to-date: /home/prakrutk/husky_ws/install/husky_base/include/husky_base/horizon_legacy/Exception.h
[1.123s] -- Up-to-date: /home/prakrutk/husky_ws/install/husky_base/include/husky_base/husky_diagnostics.h
[1.124s] -- Up-to-date: /home/prakrutk/husky_ws/install/husky_base/include/husky_base/horizon_legacy_wrapper.h
[1.124s] -- Up-to-date: /home/prakrutk/husky_ws/install/husky_base/share/husky_base/launch
[1.125s] -- Up-to-date: /home/prakrutk/husky_ws/install/husky_base/share/husky_base/launch/base.launch.py
[1.125s] -- Up-to-date: /home/prakrutk/husky_ws/install/husky_base/share/husky_base/environment/library_path.sh
[1.126s] -- Up-to-date: /home/prakrutk/husky_ws/install/husky_base/share/husky_base/environment/library_path.dsv
[1.126s] -- Up-to-date: /home/prakrutk/husky_ws/install/husky_base/share/ament_index/resource_index/package_run_dependencies/husky_base
[1.126s] -- Up-to-date: /home/prakrutk/husky_ws/install/husky_base/share/ament_index/resource_index/parent_prefix_path/husky_base
[1.126s] -- Up-to-date: /home/prakrutk/husky_ws/install/husky_base/share/husky_base/environment/ament_prefix_path.sh
[1.127s] -- Up-to-date: /home/prakrutk/husky_ws/install/husky_base/share/husky_base/environment/ament_prefix_path.dsv
[1.127s] -- Up-to-date: /home/prakrutk/husky_ws/install/husky_base/share/husky_base/environment/path.sh
[1.127s] -- Up-to-date: /home/prakrutk/husky_ws/install/husky_base/share/husky_base/environment/path.dsv
[1.128s] -- Up-to-date: /home/prakrutk/husky_ws/install/husky_base/share/husky_base/local_setup.bash
[1.128s] -- Up-to-date: /home/prakrutk/husky_ws/install/husky_base/share/husky_base/local_setup.sh
[1.128s] -- Up-to-date: /home/prakrutk/husky_ws/install/husky_base/share/husky_base/local_setup.zsh
[1.128s] -- Up-to-date: /home/prakrutk/husky_ws/install/husky_base/share/husky_base/local_setup.dsv
[1.129s] -- Installing: /home/prakrutk/husky_ws/install/husky_base/share/husky_base/package.dsv
[1.129s] -- Up-to-date: /home/prakrutk/husky_ws/install/husky_base/share/ament_index/resource_index/packages/husky_base
[1.129s] -- Up-to-date: /home/prakrutk/husky_ws/install/husky_base/share/ament_index/resource_index/hardware_interface__pluginlib__plugin/husky_base
[1.129s] -- Up-to-date: /home/prakrutk/husky_ws/install/husky_base/share/husky_base/cmake/ament_cmake_export_include_directories-extras.cmake
[1.130s] -- Up-to-date: /home/prakrutk/husky_ws/install/husky_base/share/husky_base/cmake/ament_cmake_export_libraries-extras.cmake
[1.130s] -- Up-to-date: /home/prakrutk/husky_ws/install/husky_base/share/husky_base/cmake/ament_cmake_export_dependencies-extras.cmake
[1.130s] -- Up-to-date: /home/prakrutk/husky_ws/install/husky_base/share/husky_base/cmake/husky_baseConfig.cmake
[1.131s] -- Up-to-date: /home/prakrutk/husky_ws/install/husky_base/share/husky_base/cmake/husky_baseConfig-version.cmake
[1.131s] -- Up-to-date: /home/prakrutk/husky_ws/install/husky_base/share/husky_base/package.xml
[1.261s] Invoked command in '/home/prakrutk/husky_ws/build/husky_base' returned '0': AMENT_PREFIX_PATH=/home/prakrutk/husky_ws/install/husky_msgs:${AMENT_PREFIX_PATH} CMAKE_PREFIX_PATH=/home/prakrutk/husky_ws/install/husky_msgs:/opt/ros/humble LD_LIBRARY_PATH=/home/prakrutk/husky_ws/install/husky_msgs/lib:${LD_LIBRARY_PATH} PYTHONPATH=/home/prakrutk/husky_ws/install/husky_msgs/local/lib/python3.10/dist-packages:${PYTHONPATH} /usr/bin/cmake --install /home/prakrutk/husky_ws/build/husky_base
