[0.998s] Invoking command in '/home/prakrutk/husky_ws/build/husky_gazebo': CMAKE_PREFIX_PATH=/home/prakrutk/husky_ws/install/husky_control:/home/prakrutk/husky_ws/install/husky_description:/home/prakrutk/husky_ws/install/husky_desktop:/home/prakrutk/husky_ws/install/husky_viz:/home/prakrutk/husky_ws/install/husky_simulator:/home/prakrutk/husky_ws/install/husky_robot:/home/prakrutk/husky_ws/install/husky_bringup:/home/prakrutk/husky_ws/install/husky_base:/home/prakrutk/husky_ws/install/husky_msgs:/home/prakrutk/husky_ws/install/husky_gazebo:/opt/ros/humble /usr/bin/cmake --build /home/prakrutk/husky_ws/build/husky_gazebo -- -j8 -l8
[1.112s] Invoked command in '/home/prakrutk/husky_ws/build/husky_gazebo' returned '0': CMAKE_PREFIX_PATH=/home/prakrutk/husky_ws/install/husky_control:/home/prakrutk/husky_ws/install/husky_description:/home/prakrutk/husky_ws/install/husky_desktop:/home/prakrutk/husky_ws/install/husky_viz:/home/prakrutk/husky_ws/install/husky_simulator:/home/prakrutk/husky_ws/install/husky_robot:/home/prakrutk/husky_ws/install/husky_bringup:/home/prakrutk/husky_ws/install/husky_base:/home/prakrutk/husky_ws/install/husky_msgs:/home/prakrutk/husky_ws/install/husky_gazebo:/opt/ros/humble /usr/bin/cmake --build /home/prakrutk/husky_ws/build/husky_gazebo -- -j8 -l8
[1.167s] Invoking command in '/home/prakrutk/husky_ws/build/husky_gazebo': CMAKE_PREFIX_PATH=/home/prakrutk/husky_ws/install/husky_control:/home/prakrutk/husky_ws/install/husky_description:/home/prakrutk/husky_ws/install/husky_desktop:/home/prakrutk/husky_ws/install/husky_viz:/home/prakrutk/husky_ws/install/husky_simulator:/home/prakrutk/husky_ws/install/husky_robot:/home/prakrutk/husky_ws/install/husky_bringup:/home/prakrutk/husky_ws/install/husky_base:/home/prakrutk/husky_ws/install/husky_msgs:/home/prakrutk/husky_ws/install/husky_gazebo:/opt/ros/humble /usr/bin/cmake --install /home/prakrutk/husky_ws/build/husky_gazebo
[1.191s] -- Install configuration: ""
[1.191s] -- Up-to-date: /home/prakrutk/husky_ws/install/husky_gazebo/share/husky_gazebo/launch
[1.192s] -- Up-to-date: /home/prakrutk/husky_ws/install/husky_gazebo/share/husky_gazebo/launch/husky_playpen.launch
[1.192s] -- Up-to-date: /home/prakrutk/husky_ws/install/husky_gazebo/share/husky_gazebo/launch/multi_husky_playpen.launch
[1.193s] -- Up-to-date: /home/prakrutk/husky_ws/install/husky_gazebo/share/husky_gazebo/launch/realsense.launch
[1.193s] -- Installing: /home/prakrutk/husky_ws/install/husky_gazebo/share/husky_gazebo/launch/gazebo.launch.py
[1.193s] -- Up-to-date: /home/prakrutk/husky_ws/install/husky_gazebo/share/husky_gazebo/launch/spawn_husky.launch
[1.194s] -- Up-to-date: /home/prakrutk/husky_ws/install/husky_gazebo/share/husky_gazebo/launch/husky_empty_world.launch
[1.195s] -- Up-to-date: /home/prakrutk/husky_ws/install/husky_gazebo/share/husky_gazebo/launch/husky_playpen.launch.py
[1.196s] -- Up-to-date: /home/prakrutk/husky_ws/install/husky_gazebo/share/husky_gazebo/launch/playpen.launch
[1.196s] -- Up-to-date: /home/prakrutk/husky_ws/install/husky_gazebo/share/husky_gazebo/worlds
[1.196s] -- Up-to-date: /home/prakrutk/husky_ws/install/husky_gazebo/share/husky_gazebo/worlds/clearpath_playpen.world
[1.197s] -- Up-to-date: /home/prakrutk/husky_ws/install/husky_gazebo/share/ament_index/resource_index/package_run_dependencies/husky_gazebo
[1.199s] -- Up-to-date: /home/prakrutk/husky_ws/install/husky_gazebo/share/ament_index/resource_index/parent_prefix_path/husky_gazebo
[1.200s] -- Up-to-date: /home/prakrutk/husky_ws/install/husky_gazebo/share/husky_gazebo/environment/ament_prefix_path.sh
[1.201s] -- Up-to-date: /home/prakrutk/husky_ws/install/husky_gazebo/share/husky_gazebo/environment/ament_prefix_path.dsv
[1.201s] -- Up-to-date: /home/prakrutk/husky_ws/install/husky_gazebo/share/husky_gazebo/environment/path.sh
[1.201s] -- Up-to-date: /home/prakrutk/husky_ws/install/husky_gazebo/share/husky_gazebo/environment/path.dsv
[1.202s] -- Up-to-date: /home/prakrutk/husky_ws/install/husky_gazebo/share/husky_gazebo/local_setup.bash
[1.202s] -- Up-to-date: /home/prakrutk/husky_ws/install/husky_gazebo/share/husky_gazebo/local_setup.sh
[1.202s] -- Up-to-date: /home/prakrutk/husky_ws/install/husky_gazebo/share/husky_gazebo/local_setup.zsh
[1.203s] -- Up-to-date: /home/prakrutk/husky_ws/install/husky_gazebo/share/husky_gazebo/local_setup.dsv
[1.203s] -- Installing: /home/prakrutk/husky_ws/install/husky_gazebo/share/husky_gazebo/package.dsv
[1.204s] -- Up-to-date: /home/prakrutk/husky_ws/install/husky_gazebo/share/ament_index/resource_index/packages/husky_gazebo
[1.204s] -- Up-to-date: /home/prakrutk/husky_ws/install/husky_gazebo/share/husky_gazebo/cmake/husky_gazeboConfig.cmake
[1.205s] -- Up-to-date: /home/prakrutk/husky_ws/install/husky_gazebo/share/husky_gazebo/cmake/husky_gazeboConfig-version.cmake
[1.205s] -- Up-to-date: /home/prakrutk/husky_ws/install/husky_gazebo/share/husky_gazebo/package.xml
[1.340s] Invoked command in '/home/prakrutk/husky_ws/build/husky_gazebo' returned '0': CMAKE_PREFIX_PATH=/home/prakrutk/husky_ws/install/husky_control:/home/prakrutk/husky_ws/install/husky_description:/home/prakrutk/husky_ws/install/husky_desktop:/home/prakrutk/husky_ws/install/husky_viz:/home/prakrutk/husky_ws/install/husky_simulator:/home/prakrutk/husky_ws/install/husky_robot:/home/prakrutk/husky_ws/install/husky_bringup:/home/prakrutk/husky_ws/install/husky_base:/home/prakrutk/husky_ws/install/husky_msgs:/home/prakrutk/husky_ws/install/husky_gazebo:/opt/ros/humble /usr/bin/cmake --install /home/prakrutk/husky_ws/build/husky_gazebo
