[0.093s] Invoking command in '/home/prakrutk/husky_ws/build/husky_base': AMENT_PREFIX_PATH=/home/prakrutk/husky_ws/install/husky_msgs:${AMENT_PREFIX_PATH} CMAKE_PREFIX_PATH=/home/prakrutk/husky_ws/install/husky_msgs:/opt/ros/humble CONDA_PROMPT_MODIFIER=(base) LD_LIBRARY_PATH=/home/prakrutk/husky_ws/install/husky_msgs/lib:${LD_LIBRARY_PATH} PYTHONPATH=/home/prakrutk/husky_ws/install/husky_msgs/local/lib/python3.10/dist-packages:${PYTHONPATH} /usr/bin/cmake /home/prakrutk/husky_ws/src/husky/husky_base -DCMAKE_INSTALL_PREFIX=/home/prakrutk/husky_ws/install/husky_base
[0.141s] -- The C compiler identification is GNU 11.4.0
[0.193s] -- The CXX compiler identification is GNU 11.4.0
[0.199s] -- Detecting C compiler ABI info
[0.261s] -- Detecting C compiler ABI info - done
[0.268s] -- Check for working C compiler: /usr/bin/cc - skipped
[0.268s] -- Detecting C compile features
[0.269s] -- Detecting C compile features - done
[0.271s] -- Detecting CXX compiler ABI info
[0.348s] -- Detecting CXX compiler ABI info - done
[0.362s] -- Check for working CXX compiler: /usr/bin/c++ - skipped
[0.362s] -- Detecting CXX compile features
[0.363s] -- Detecting CXX compile features - done
[0.366s] -- Found ament_cmake: 1.3.5 (/opt/ros/humble/share/ament_cmake/cmake)
[0.544s] -- Found Python3: /usr/bin/python3.10 (found version "3.10.12") found components: Interpreter 
[0.624s] -- Found controller_interface: 2.31.0 (/opt/ros/humble/share/controller_interface/cmake)
[0.667s] -- Found rosidl_generator_c: 3.1.5 (/opt/ros/humble/share/rosidl_generator_c/cmake)
[0.672s] -- Found rosidl_adapter: 3.1.5 (/opt/ros/humble/share/rosidl_adapter/cmake)
[0.680s] -- Found rosidl_generator_cpp: 3.1.5 (/opt/ros/humble/share/rosidl_generator_cpp/cmake)
[0.696s] -- Using all available rosidl_typesupport_c: rosidl_typesupport_fastrtps_c;rosidl_typesupport_introspection_c
[0.716s] -- Using all available rosidl_typesupport_cpp: rosidl_typesupport_fastrtps_cpp;rosidl_typesupport_introspection_cpp
[1.493s] -- Found rmw_implementation_cmake: 6.1.1 (/opt/ros/humble/share/rmw_implementation_cmake/cmake)
[1.501s] -- Found rmw_fastrtps_cpp: 6.2.4 (/opt/ros/humble/share/rmw_fastrtps_cpp/cmake)
[1.621s] -- Found OpenSSL: /usr/lib/x86_64-linux-gnu/libcrypto.so (found version "3.0.2")  
[1.651s] -- Found FastRTPS: /opt/ros/humble/include  
[1.704s] -- Using RMW implementation 'rmw_fastrtps_cpp' as default
[1.723s] -- Looking for pthread.h
[1.882s] -- Looking for pthread.h - found
[1.882s] -- Performing Test CMAKE_HAVE_LIBC_PTHREAD
[1.950s] -- Performing Test CMAKE_HAVE_LIBC_PTHREAD - Success
[1.951s] -- Found Threads: TRUE  
[2.303s] -- Found controller_manager: 2.31.0 (/opt/ros/humble/share/controller_manager/cmake)
[2.636s] -- Found husky_msgs: 1.0.8 (/home/prakrutk/husky_ws/install/husky_msgs/share/husky_msgs/cmake)
[2.699s] -- Found nav_msgs: 4.2.3 (/opt/ros/humble/share/nav_msgs/cmake)
[2.815s] -- Found std_srvs: 4.2.3 (/opt/ros/humble/share/std_srvs/cmake)
[2.844s] -- Found tf2: 0.25.4 (/opt/ros/humble/share/tf2/cmake)
[2.855s] -- Found tf2_ros: 0.25.4 (/opt/ros/humble/share/tf2_ros/cmake)
[3.278s] -- Configuring done
[3.381s] -- Generating done
[3.383s] -- Build files have been written to: /home/prakrutk/husky_ws/build/husky_base
[3.396s] Invoked command in '/home/prakrutk/husky_ws/build/husky_base' returned '0': AMENT_PREFIX_PATH=/home/prakrutk/husky_ws/install/husky_msgs:${AMENT_PREFIX_PATH} CMAKE_PREFIX_PATH=/home/prakrutk/husky_ws/install/husky_msgs:/opt/ros/humble CONDA_PROMPT_MODIFIER=(base) LD_LIBRARY_PATH=/home/prakrutk/husky_ws/install/husky_msgs/lib:${LD_LIBRARY_PATH} PYTHONPATH=/home/prakrutk/husky_ws/install/husky_msgs/local/lib/python3.10/dist-packages:${PYTHONPATH} /usr/bin/cmake /home/prakrutk/husky_ws/src/husky/husky_base -DCMAKE_INSTALL_PREFIX=/home/prakrutk/husky_ws/install/husky_base
[3.397s] Invoking command in '/home/prakrutk/husky_ws/build/husky_base': AMENT_PREFIX_PATH=/home/prakrutk/husky_ws/install/husky_msgs:${AMENT_PREFIX_PATH} CMAKE_PREFIX_PATH=/home/prakrutk/husky_ws/install/husky_msgs:/opt/ros/humble CONDA_PROMPT_MODIFIER=(base) LD_LIBRARY_PATH=/home/prakrutk/husky_ws/install/husky_msgs/lib:${LD_LIBRARY_PATH} PYTHONPATH=/home/prakrutk/husky_ws/install/husky_msgs/local/lib/python3.10/dist-packages:${PYTHONPATH} /usr/bin/cmake --build /home/prakrutk/husky_ws/build/husky_base -- -j8 -l8
[3.446s] [ 25%] [32mBuilding CXX object CMakeFiles/husky_hardware.dir/src/horizon_legacy_wrapper.cpp.o[0m
[3.446s] [ 25%] [32mBuilding CXX object CMakeFiles/husky_hardware.dir/src/horizon_legacy/crc.cpp.o[0m
[3.446s] [ 25%] [32mBuilding CXX object CMakeFiles/husky_hardware.dir/src/husky_hardware.cpp.o[0m
[3.447s] [ 41%] [32mBuilding CXX object CMakeFiles/husky_hardware.dir/src/horizon_legacy/Logger.cpp.o[0m
[3.447s] [ 41%] [32mBuilding CXX object CMakeFiles/husky_hardware.dir/src/horizon_legacy/Message.cpp.o[0m
[3.447s] [ 50%] [32mBuilding CXX object CMakeFiles/husky_hardware.dir/src/horizon_legacy/Message_data.cpp.o[0m
[3.447s] [ 58%] [32mBuilding CXX object CMakeFiles/husky_hardware.dir/src/horizon_legacy/Message_request.cpp.o[0m
[3.448s] [ 66%] [32mBuilding CXX object CMakeFiles/husky_hardware.dir/src/horizon_legacy/Message_cmd.cpp.o[0m
[3.500s] [ 75%] [32mBuilding CXX object CMakeFiles/husky_hardware.dir/src/horizon_legacy/Transport.cpp.o[0m
[3.922s] [ 83%] [32mBuilding CXX object CMakeFiles/husky_hardware.dir/src/horizon_legacy/Number.cpp.o[0m
[3.948s] [ 91%] [32mBuilding CXX object CMakeFiles/husky_hardware.dir/src/horizon_legacy/linux_serial.cpp.o[0m
[6.868s] [100%] [32m[1mLinking CXX shared library libhusky_hardware.so[0m
[7.113s] [100%] Built target husky_hardware
[7.123s] Invoked command in '/home/prakrutk/husky_ws/build/husky_base' returned '0': AMENT_PREFIX_PATH=/home/prakrutk/husky_ws/install/husky_msgs:${AMENT_PREFIX_PATH} CMAKE_PREFIX_PATH=/home/prakrutk/husky_ws/install/husky_msgs:/opt/ros/humble CONDA_PROMPT_MODIFIER=(base) LD_LIBRARY_PATH=/home/prakrutk/husky_ws/install/husky_msgs/lib:${LD_LIBRARY_PATH} PYTHONPATH=/home/prakrutk/husky_ws/install/husky_msgs/local/lib/python3.10/dist-packages:${PYTHONPATH} /usr/bin/cmake --build /home/prakrutk/husky_ws/build/husky_base -- -j8 -l8
[7.168s] Invoking command in '/home/prakrutk/husky_ws/build/husky_base': AMENT_PREFIX_PATH=/home/prakrutk/husky_ws/install/husky_msgs:${AMENT_PREFIX_PATH} CMAKE_PREFIX_PATH=/home/prakrutk/husky_ws/install/husky_msgs:/opt/ros/humble CONDA_PROMPT_MODIFIER=(base) LD_LIBRARY_PATH=/home/prakrutk/husky_ws/install/husky_msgs/lib:${LD_LIBRARY_PATH} PYTHONPATH=/home/prakrutk/husky_ws/install/husky_msgs/local/lib/python3.10/dist-packages:${PYTHONPATH} /usr/bin/cmake --install /home/prakrutk/husky_ws/build/husky_base
[7.174s] -- Install configuration: ""
[7.174s] -- Installing: /home/prakrutk/husky_ws/install/husky_base/share/husky_base/husky_hardware.xml
[7.174s] -- Installing: /home/prakrutk/husky_ws/install/husky_base/lib/libhusky_hardware.so
[7.176s] -- Set runtime path of "/home/prakrutk/husky_ws/install/husky_base/lib/libhusky_hardware.so" to ""
[7.176s] -- Installing: /home/prakrutk/husky_ws/install/husky_base/include
[7.176s] -- Installing: /home/prakrutk/husky_ws/install/husky_base/include/husky_base
[7.176s] -- Installing: /home/prakrutk/husky_ws/install/husky_base/include/husky_base/husky_hardware.hpp
[7.176s] -- Installing: /home/prakrutk/husky_ws/install/husky_base/include/husky_base/horizon_legacy
[7.177s] -- Installing: /home/prakrutk/husky_ws/install/husky_base/include/husky_base/horizon_legacy/Message_data.h
[7.177s] -- Installing: /home/prakrutk/husky_ws/install/husky_base/include/husky_base/horizon_legacy/crc.h
[7.177s] -- Installing: /home/prakrutk/husky_ws/install/husky_base/include/husky_base/horizon_legacy/Message.h
[7.177s] -- Installing: /home/prakrutk/husky_ws/install/husky_base/include/husky_base/horizon_legacy/Message_cmd.h
[7.177s] -- Installing: /home/prakrutk/husky_ws/install/husky_base/include/husky_base/horizon_legacy/serial.h
[7.177s] -- Installing: /home/prakrutk/husky_ws/install/husky_base/include/husky_base/horizon_legacy/Number.h
[7.177s] -- Installing: /home/prakrutk/husky_ws/install/husky_base/include/husky_base/horizon_legacy/clearpath.h
[7.177s] -- Installing: /home/prakrutk/husky_ws/install/husky_base/include/husky_base/horizon_legacy/Logger.h
[7.177s] -- Installing: /home/prakrutk/husky_ws/install/husky_base/include/husky_base/horizon_legacy/Message_request.h
[7.177s] -- Installing: /home/prakrutk/husky_ws/install/husky_base/include/husky_base/horizon_legacy/Transport.h
[7.177s] -- Installing: /home/prakrutk/husky_ws/install/husky_base/include/husky_base/horizon_legacy/Exception.h
[7.177s] -- Installing: /home/prakrutk/husky_ws/install/husky_base/include/husky_base/husky_diagnostics.h
[7.177s] -- Installing: /home/prakrutk/husky_ws/install/husky_base/include/husky_base/horizon_legacy_wrapper.h
[7.178s] -- Installing: /home/prakrutk/husky_ws/install/husky_base/share/husky_base/launch
[7.178s] -- Installing: /home/prakrutk/husky_ws/install/husky_base/share/husky_base/launch/base.launch.py
[7.178s] -- Installing: /home/prakrutk/husky_ws/install/husky_base/share/husky_base/environment/library_path.sh
[7.178s] -- Installing: /home/prakrutk/husky_ws/install/husky_base/share/husky_base/environment/library_path.dsv
[7.178s] -- Installing: /home/prakrutk/husky_ws/install/husky_base/share/ament_index/resource_index/package_run_dependencies/husky_base
[7.178s] -- Installing: /home/prakrutk/husky_ws/install/husky_base/share/ament_index/resource_index/parent_prefix_path/husky_base
[7.178s] -- Installing: /home/prakrutk/husky_ws/install/husky_base/share/husky_base/environment/ament_prefix_path.sh
[7.179s] -- Installing: /home/prakrutk/husky_ws/install/husky_base/share/husky_base/environment/ament_prefix_path.dsv
[7.179s] -- Installing: /home/prakrutk/husky_ws/install/husky_base/share/husky_base/environment/path.sh
[7.179s] -- Installing: /home/prakrutk/husky_ws/install/husky_base/share/husky_base/environment/path.dsv
[7.179s] -- Installing: /home/prakrutk/husky_ws/install/husky_base/share/husky_base/local_setup.bash
[7.179s] -- Installing: /home/prakrutk/husky_ws/install/husky_base/share/husky_base/local_setup.sh
[7.179s] -- Installing: /home/prakrutk/husky_ws/install/husky_base/share/husky_base/local_setup.zsh
[7.179s] -- Installing: /home/prakrutk/husky_ws/install/husky_base/share/husky_base/local_setup.dsv
[7.180s] -- Installing: /home/prakrutk/husky_ws/install/husky_base/share/husky_base/package.dsv
[7.180s] -- Installing: /home/prakrutk/husky_ws/install/husky_base/share/ament_index/resource_index/packages/husky_base
[7.180s] -- Installing: /home/prakrutk/husky_ws/install/husky_base/share/ament_index/resource_index/hardware_interface__pluginlib__plugin/husky_base
[7.180s] -- Installing: /home/prakrutk/husky_ws/install/husky_base/share/husky_base/cmake/ament_cmake_export_include_directories-extras.cmake
[7.180s] -- Installing: /home/prakrutk/husky_ws/install/husky_base/share/husky_base/cmake/ament_cmake_export_libraries-extras.cmake
[7.180s] -- Installing: /home/prakrutk/husky_ws/install/husky_base/share/husky_base/cmake/ament_cmake_export_dependencies-extras.cmake
[7.181s] -- Installing: /home/prakrutk/husky_ws/install/husky_base/share/husky_base/cmake/husky_baseConfig.cmake
[7.181s] -- Installing: /home/prakrutk/husky_ws/install/husky_base/share/husky_base/cmake/husky_baseConfig-version.cmake
[7.181s] -- Installing: /home/prakrutk/husky_ws/install/husky_base/share/husky_base/package.xml
[7.183s] Invoked command in '/home/prakrutk/husky_ws/build/husky_base' returned '0': AMENT_PREFIX_PATH=/home/prakrutk/husky_ws/install/husky_msgs:${AMENT_PREFIX_PATH} CMAKE_PREFIX_PATH=/home/prakrutk/husky_ws/install/husky_msgs:/opt/ros/humble CONDA_PROMPT_MODIFIER=(base) LD_LIBRARY_PATH=/home/prakrutk/husky_ws/install/husky_msgs/lib:${LD_LIBRARY_PATH} PYTHONPATH=/home/prakrutk/husky_ws/install/husky_msgs/local/lib/python3.10/dist-packages:${PYTHONPATH} /usr/bin/cmake --install /home/prakrutk/husky_ws/build/husky_base
