[0.652s] Invoking command in '/home/prakrutk/husky_ws/build/husky_gazebo': CMAKE_PREFIX_PATH=/home/prakrutk/husky_ws/install/husky_control:/home/prakrutk/husky_ws/install/husky_description:/home/prakrutk/husky_ws/install/husky_desktop:/home/prakrutk/husky_ws/install/husky_viz:/home/prakrutk/husky_ws/install/husky_simulator:/home/prakrutk/husky_ws/install/husky_robot:/home/prakrutk/husky_ws/install/husky_bringup:/home/prakrutk/husky_ws/install/husky_base:/home/prakrutk/husky_ws/install/husky_msgs:/home/prakrutk/husky_ws/install/husky_gazebo:/opt/ros/humble /usr/bin/cmake --build /home/prakrutk/husky_ws/build/husky_gazebo -- -j8 -l8
[0.739s] Invoked command in '/home/prakrutk/husky_ws/build/husky_gazebo' returned '0': CMAKE_PREFIX_PATH=/home/prakrutk/husky_ws/install/husky_control:/home/prakrutk/husky_ws/install/husky_description:/home/prakrutk/husky_ws/install/husky_desktop:/home/prakrutk/husky_ws/install/husky_viz:/home/prakrutk/husky_ws/install/husky_simulator:/home/prakrutk/husky_ws/install/husky_robot:/home/prakrutk/husky_ws/install/husky_bringup:/home/prakrutk/husky_ws/install/husky_base:/home/prakrutk/husky_ws/install/husky_msgs:/home/prakrutk/husky_ws/install/husky_gazebo:/opt/ros/humble /usr/bin/cmake --build /home/prakrutk/husky_ws/build/husky_gazebo -- -j8 -l8
[0.808s] Invoking command in '/home/prakrutk/husky_ws/build/husky_gazebo': CMAKE_PREFIX_PATH=/home/prakrutk/husky_ws/install/husky_control:/home/prakrutk/husky_ws/install/husky_description:/home/prakrutk/husky_ws/install/husky_desktop:/home/prakrutk/husky_ws/install/husky_viz:/home/prakrutk/husky_ws/install/husky_simulator:/home/prakrutk/husky_ws/install/husky_robot:/home/prakrutk/husky_ws/install/husky_bringup:/home/prakrutk/husky_ws/install/husky_base:/home/prakrutk/husky_ws/install/husky_msgs:/home/prakrutk/husky_ws/install/husky_gazebo:/opt/ros/humble /usr/bin/cmake --install /home/prakrutk/husky_ws/build/husky_gazebo
[0.823s] -- Install configuration: ""
[0.823s] -- Up-to-date: /home/prakrutk/husky_ws/install/husky_gazebo/share/husky_gazebo/launch
[0.823s] -- Up-to-date: /home/prakrutk/husky_ws/install/husky_gazebo/share/husky_gazebo/launch/husky_playpen.launch
[0.824s] -- Up-to-date: /home/prakrutk/husky_ws/install/husky_gazebo/share/husky_gazebo/launch/multi_husky_playpen.launch
[0.825s] -- Up-to-date: /home/prakrutk/husky_ws/install/husky_gazebo/share/husky_gazebo/launch/realsense.launch
[0.825s] -- Installing: /home/prakrutk/husky_ws/install/husky_gazebo/share/husky_gazebo/launch/gazebo.launch.py
[0.826s] -- Up-to-date: /home/prakrutk/husky_ws/install/husky_gazebo/share/husky_gazebo/launch/spawn_husky.launch
[0.826s] -- Up-to-date: /home/prakrutk/husky_ws/install/husky_gazebo/share/husky_gazebo/launch/husky_empty_world.launch
[0.827s] -- Up-to-date: /home/prakrutk/husky_ws/install/husky_gazebo/share/husky_gazebo/launch/husky_playpen.launch.py
[0.827s] -- Up-to-date: /home/prakrutk/husky_ws/install/husky_gazebo/share/husky_gazebo/launch/playpen.launch
[0.827s] -- Up-to-date: /home/prakrutk/husky_ws/install/husky_gazebo/share/husky_gazebo/worlds
[0.828s] -- Up-to-date: /home/prakrutk/husky_ws/install/husky_gazebo/share/husky_gazebo/worlds/clearpath_playpen.world
[0.829s] -- Up-to-date: /home/prakrutk/husky_ws/install/husky_gazebo/share/ament_index/resource_index/package_run_dependencies/husky_gazebo
[0.829s] -- Up-to-date: /home/prakrutk/husky_ws/install/husky_gazebo/share/ament_index/resource_index/parent_prefix_path/husky_gazebo
[0.829s] -- Up-to-date: /home/prakrutk/husky_ws/install/husky_gazebo/share/husky_gazebo/environment/ament_prefix_path.sh
[0.830s] -- Up-to-date: /home/prakrutk/husky_ws/install/husky_gazebo/share/husky_gazebo/environment/ament_prefix_path.dsv
[0.830s] -- Up-to-date: /home/prakrutk/husky_ws/install/husky_gazebo/share/husky_gazebo/environment/path.sh
[0.831s] -- Up-to-date: /home/prakrutk/husky_ws/install/husky_gazebo/share/husky_gazebo/environment/path.dsv
[0.831s] -- Up-to-date: /home/prakrutk/husky_ws/install/husky_gazebo/share/husky_gazebo/local_setup.bash
[0.831s] -- Up-to-date: /home/prakrutk/husky_ws/install/husky_gazebo/share/husky_gazebo/local_setup.sh
[0.832s] -- Up-to-date: /home/prakrutk/husky_ws/install/husky_gazebo/share/husky_gazebo/local_setup.zsh
[0.833s] -- Up-to-date: /home/prakrutk/husky_ws/install/husky_gazebo/share/husky_gazebo/local_setup.dsv
[0.834s] -- Installing: /home/prakrutk/husky_ws/install/husky_gazebo/share/husky_gazebo/package.dsv
[0.835s] -- Up-to-date: /home/prakrutk/husky_ws/install/husky_gazebo/share/ament_index/resource_index/packages/husky_gazebo
[0.835s] -- Up-to-date: /home/prakrutk/husky_ws/install/husky_gazebo/share/husky_gazebo/cmake/husky_gazeboConfig.cmake
[0.836s] -- Up-to-date: /home/prakrutk/husky_ws/install/husky_gazebo/share/husky_gazebo/cmake/husky_gazeboConfig-version.cmake
[0.836s] -- Up-to-date: /home/prakrutk/husky_ws/install/husky_gazebo/share/husky_gazebo/package.xml
[0.924s] Invoked command in '/home/prakrutk/husky_ws/build/husky_gazebo' returned '0': CMAKE_PREFIX_PATH=/home/prakrutk/husky_ws/install/husky_control:/home/prakrutk/husky_ws/install/husky_description:/home/prakrutk/husky_ws/install/husky_desktop:/home/prakrutk/husky_ws/install/husky_viz:/home/prakrutk/husky_ws/install/husky_simulator:/home/prakrutk/husky_ws/install/husky_robot:/home/prakrutk/husky_ws/install/husky_bringup:/home/prakrutk/husky_ws/install/husky_base:/home/prakrutk/husky_ws/install/husky_msgs:/home/prakrutk/husky_ws/install/husky_gazebo:/opt/ros/humble /usr/bin/cmake --install /home/prakrutk/husky_ws/build/husky_gazebo
