[0.111s] Invoking command in '/home/prakrutk/husky_ws/build/husky_gazebo': AMENT_PREFIX_PATH=/home/prakrutk/husky_ws/install/husky_control:/home/prakrutk/husky_ws/install/husky_description:${AMENT_PREFIX_PATH} CMAKE_PREFIX_PATH=/home/prakrutk/husky_ws/install/husky_control:/home/prakrutk/husky_ws/install/husky_description:/opt/ros/humble CONDA_PROMPT_MODIFIER=(base) /usr/bin/cmake /home/prakrutk/husky_ws/src/husky/husky_gazebo -DCMAKE_INSTALL_PREFIX=/home/prakrutk/husky_ws/install/husky_gazebo
[0.159s] -- The C compiler identification is GNU 11.4.0
[0.212s] -- The CXX compiler identification is GNU 11.4.0
[0.219s] -- Detecting C compiler ABI info
[0.284s] -- Detecting C compiler ABI info - done
[0.291s] -- Check for working C compiler: /usr/bin/cc - skipped
[0.292s] -- Detecting C compile features
[0.292s] -- Detecting C compile features - done
[0.295s] -- Detecting CXX compiler ABI info
[0.370s] -- Detecting CXX compiler ABI info - done
[0.384s] -- Check for working CXX compiler: /usr/bin/c++ - skipped
[0.384s] -- Detecting CXX compile features
[0.385s] -- Detecting CXX compile features - done
[0.388s] -- Found ament_cmake: 1.3.5 (/opt/ros/humble/share/ament_cmake/cmake)
[0.585s] -- Found Python3: /usr/bin/python3.10 (found version "3.10.12") found components: Interpreter 
[0.712s] -- Found urdf: 2.6.0 (/opt/ros/humble/share/urdf/cmake)
[0.795s] -- Found xacro: 2.0.8 (/opt/ros/humble/share/xacro/cmake)
[0.892s] -- Configuring done
[0.896s] -- Generating done
[0.897s] -- Build files have been written to: /home/prakrutk/husky_ws/build/husky_gazebo
[0.906s] Invoked command in '/home/prakrutk/husky_ws/build/husky_gazebo' returned '0': AMENT_PREFIX_PATH=/home/prakrutk/husky_ws/install/husky_control:/home/prakrutk/husky_ws/install/husky_description:${AMENT_PREFIX_PATH} CMAKE_PREFIX_PATH=/home/prakrutk/husky_ws/install/husky_control:/home/prakrutk/husky_ws/install/husky_description:/opt/ros/humble CONDA_PROMPT_MODIFIER=(base) /usr/bin/cmake /home/prakrutk/husky_ws/src/husky/husky_gazebo -DCMAKE_INSTALL_PREFIX=/home/prakrutk/husky_ws/install/husky_gazebo
[0.906s] Invoking command in '/home/prakrutk/husky_ws/build/husky_gazebo': AMENT_PREFIX_PATH=/home/prakrutk/husky_ws/install/husky_control:/home/prakrutk/husky_ws/install/husky_description:${AMENT_PREFIX_PATH} CMAKE_PREFIX_PATH=/home/prakrutk/husky_ws/install/husky_control:/home/prakrutk/husky_ws/install/husky_description:/opt/ros/humble CONDA_PROMPT_MODIFIER=(base) /usr/bin/cmake --build /home/prakrutk/husky_ws/build/husky_gazebo -- -j8 -l8
[0.957s] Invoked command in '/home/prakrutk/husky_ws/build/husky_gazebo' returned '0': AMENT_PREFIX_PATH=/home/prakrutk/husky_ws/install/husky_control:/home/prakrutk/husky_ws/install/husky_description:${AMENT_PREFIX_PATH} CMAKE_PREFIX_PATH=/home/prakrutk/husky_ws/install/husky_control:/home/prakrutk/husky_ws/install/husky_description:/opt/ros/humble CONDA_PROMPT_MODIFIER=(base) /usr/bin/cmake --build /home/prakrutk/husky_ws/build/husky_gazebo -- -j8 -l8
[0.985s] Invoking command in '/home/prakrutk/husky_ws/build/husky_gazebo': AMENT_PREFIX_PATH=/home/prakrutk/husky_ws/install/husky_control:/home/prakrutk/husky_ws/install/husky_description:${AMENT_PREFIX_PATH} CMAKE_PREFIX_PATH=/home/prakrutk/husky_ws/install/husky_control:/home/prakrutk/husky_ws/install/husky_description:/opt/ros/humble CONDA_PROMPT_MODIFIER=(base) /usr/bin/cmake --install /home/prakrutk/husky_ws/build/husky_gazebo
[0.994s] -- Install configuration: ""
[0.995s] -- Installing: /home/prakrutk/husky_ws/install/husky_gazebo/share/husky_gazebo/launch
[0.995s] -- Installing: /home/prakrutk/husky_ws/install/husky_gazebo/share/husky_gazebo/launch/husky_playpen.launch
[0.995s] -- Installing: /home/prakrutk/husky_ws/install/husky_gazebo/share/husky_gazebo/launch/multi_husky_playpen.launch
[0.995s] -- Installing: /home/prakrutk/husky_ws/install/husky_gazebo/share/husky_gazebo/launch/realsense.launch
[0.995s] -- Installing: /home/prakrutk/husky_ws/install/husky_gazebo/share/husky_gazebo/launch/gazebo.launch.py
[0.996s] -- Installing: /home/prakrutk/husky_ws/install/husky_gazebo/share/husky_gazebo/launch/spawn_husky.launch
[0.996s] -- Installing: /home/prakrutk/husky_ws/install/husky_gazebo/share/husky_gazebo/launch/husky_empty_world.launch
[0.997s] -- Installing: /home/prakrutk/husky_ws/install/husky_gazebo/share/husky_gazebo/launch/husky_playpen.launch.py
[0.997s] -- Installing: /home/prakrutk/husky_ws/install/husky_gazebo/share/husky_gazebo/launch/playpen.launch
[0.997s] -- Installing: /home/prakrutk/husky_ws/install/husky_gazebo/share/husky_gazebo/worlds
[0.998s] -- Installing: /home/prakrutk/husky_ws/install/husky_gazebo/share/husky_gazebo/worlds/clearpath_playpen.world
[0.998s] -- Installing: /home/prakrutk/husky_ws/install/husky_gazebo/share/ament_index/resource_index/package_run_dependencies/husky_gazebo
[0.999s] -- Installing: /home/prakrutk/husky_ws/install/husky_gazebo/share/ament_index/resource_index/parent_prefix_path/husky_gazebo
[0.999s] -- Installing: /home/prakrutk/husky_ws/install/husky_gazebo/share/husky_gazebo/environment/ament_prefix_path.sh
[1.000s] -- Installing: /home/prakrutk/husky_ws/install/husky_gazebo/share/husky_gazebo/environment/ament_prefix_path.dsv
[1.000s] -- Installing: /home/prakrutk/husky_ws/install/husky_gazebo/share/husky_gazebo/environment/path.sh
[1.000s] -- Installing: /home/prakrutk/husky_ws/install/husky_gazebo/share/husky_gazebo/environment/path.dsv
[1.001s] -- Installing: /home/prakrutk/husky_ws/install/husky_gazebo/share/husky_gazebo/local_setup.bash
[1.001s] -- Installing: /home/prakrutk/husky_ws/install/husky_gazebo/share/husky_gazebo/local_setup.sh
[1.001s] -- Installing: /home/prakrutk/husky_ws/install/husky_gazebo/share/husky_gazebo/local_setup.zsh
[1.002s] -- Installing: /home/prakrutk/husky_ws/install/husky_gazebo/share/husky_gazebo/local_setup.dsv
[1.002s] -- Installing: /home/prakrutk/husky_ws/install/husky_gazebo/share/husky_gazebo/package.dsv
[1.003s] -- Installing: /home/prakrutk/husky_ws/install/husky_gazebo/share/ament_index/resource_index/packages/husky_gazebo
[1.003s] -- Installing: /home/prakrutk/husky_ws/install/husky_gazebo/share/husky_gazebo/cmake/husky_gazeboConfig.cmake
[1.003s] -- Installing: /home/prakrutk/husky_ws/install/husky_gazebo/share/husky_gazebo/cmake/husky_gazeboConfig-version.cmake
[1.004s] -- Installing: /home/prakrutk/husky_ws/install/husky_gazebo/share/husky_gazebo/package.xml
[1.015s] Invoked command in '/home/prakrutk/husky_ws/build/husky_gazebo' returned '0': AMENT_PREFIX_PATH=/home/prakrutk/husky_ws/install/husky_control:/home/prakrutk/husky_ws/install/husky_description:${AMENT_PREFIX_PATH} CMAKE_PREFIX_PATH=/home/prakrutk/husky_ws/install/husky_control:/home/prakrutk/husky_ws/install/husky_description:/opt/ros/humble CONDA_PROMPT_MODIFIER=(base) /usr/bin/cmake --install /home/prakrutk/husky_ws/build/husky_gazebo
