[0.093s] Invoking command in '/home/prakrutk/husky_ws/build/husky_description': CMAKE_PREFIX_PATH=/opt/ros/humble CONDA_PROMPT_MODIFIER=(base) /usr/bin/cmake /home/prakrutk/husky_ws/src/husky/husky_description -DCMAKE_INSTALL_PREFIX=/home/prakrutk/husky_ws/install/husky_description
[0.256s] -- The C compiler identification is GNU 11.4.0
[0.314s] -- The CXX compiler identification is GNU 11.4.0
[0.328s] -- Detecting C compiler ABI info
[0.396s] -- Detecting C compiler ABI info - done
[0.409s] -- Check for working C compiler: /usr/bin/cc - skipped
[0.409s] -- Detecting C compile features
[0.411s] -- Detecting C compile features - done
[0.416s] -- Detecting CXX compiler ABI info
[0.490s] -- Detecting CXX compiler ABI info - done
[0.498s] -- Check for working CXX compiler: /usr/bin/c++ - skipped
[0.499s] -- Detecting CXX compile features
[0.499s] -- Detecting CXX compile features - done
[0.513s] -- Found ament_cmake: 1.3.5 (/opt/ros/humble/share/ament_cmake/cmake)
[0.688s] -- Found Python3: /usr/bin/python3.10 (found version "3.10.12") found components: Interpreter 
[0.813s] -- Found urdf: 2.6.0 (/opt/ros/humble/share/urdf/cmake)
[0.950s] -- Configuring done
[0.955s] -- Generating done
[0.955s] -- Build files have been written to: /home/prakrutk/husky_ws/build/husky_description
[0.961s] Invoked command in '/home/prakrutk/husky_ws/build/husky_description' returned '0': CMAKE_PREFIX_PATH=/opt/ros/humble CONDA_PROMPT_MODIFIER=(base) /usr/bin/cmake /home/prakrutk/husky_ws/src/husky/husky_description -DCMAKE_INSTALL_PREFIX=/home/prakrutk/husky_ws/install/husky_description
[0.963s] Invoking command in '/home/prakrutk/husky_ws/build/husky_description': CMAKE_PREFIX_PATH=/opt/ros/humble CONDA_PROMPT_MODIFIER=(base) /usr/bin/cmake --build /home/prakrutk/husky_ws/build/husky_description -- -j8 -l8
[0.996s] Invoked command in '/home/prakrutk/husky_ws/build/husky_description' returned '0': CMAKE_PREFIX_PATH=/opt/ros/humble CONDA_PROMPT_MODIFIER=(base) /usr/bin/cmake --build /home/prakrutk/husky_ws/build/husky_description -- -j8 -l8
[1.025s] Invoking command in '/home/prakrutk/husky_ws/build/husky_description': CMAKE_PREFIX_PATH=/opt/ros/humble CONDA_PROMPT_MODIFIER=(base) /usr/bin/cmake --install /home/prakrutk/husky_ws/build/husky_description
[1.032s] -- Install configuration: ""
[1.032s] -- Installing: /home/prakrutk/husky_ws/install/husky_description/share/husky_description/launch
[1.032s] -- Installing: /home/prakrutk/husky_ws/install/husky_description/share/husky_description/launch/description_launch.py
[1.033s] -- Installing: /home/prakrutk/husky_ws/install/husky_description/share/husky_description/launch/description.launch
[1.033s] -- Installing: /home/prakrutk/husky_ws/install/husky_description/share/husky_description/meshes
[1.033s] -- Installing: /home/prakrutk/husky_ws/install/husky_description/share/husky_description/meshes/wheel.dae
[1.036s] -- Installing: /home/prakrutk/husky_ws/install/husky_description/share/husky_description/meshes/user_rail.dae
[1.037s] -- Installing: /home/prakrutk/husky_ws/install/husky_description/share/husky_description/meshes/top_plate.stl
[1.037s] -- Installing: /home/prakrutk/husky_ws/install/husky_description/share/husky_description/meshes/bumper.dae
[1.038s] -- Installing: /home/prakrutk/husky_ws/install/husky_description/share/husky_description/meshes/wheel.stl
[1.039s] -- Installing: /home/prakrutk/husky_ws/install/husky_description/share/husky_description/meshes/large_top_plate.dae
[1.039s] -- Installing: /home/prakrutk/husky_ws/install/husky_description/share/husky_description/meshes/base_link.stl
[1.040s] -- Installing: /home/prakrutk/husky_ws/install/husky_description/share/husky_description/meshes/user_rail.stl
[1.040s] -- Installing: /home/prakrutk/husky_ws/install/husky_description/share/husky_description/meshes/top_chassis.stl
[1.041s] -- Installing: /home/prakrutk/husky_ws/install/husky_description/share/husky_description/meshes/base_link.dae
[1.042s] -- Installing: /home/prakrutk/husky_ws/install/husky_description/share/husky_description/meshes/bumper_extension.dae
[1.042s] -- Installing: /home/prakrutk/husky_ws/install/husky_description/share/husky_description/meshes/accessories
[1.042s] -- Installing: /home/prakrutk/husky_ws/install/husky_description/share/husky_description/meshes/accessories/lms1xx_mount.stl
[1.042s] -- Installing: /home/prakrutk/husky_ws/install/husky_description/share/husky_description/meshes/accessories/lms1xx_mount.dae
[1.043s] -- Installing: /home/prakrutk/husky_ws/install/husky_description/share/husky_description/meshes/accessories/510_mm_sensor_arch.dae
[1.043s] -- Installing: /home/prakrutk/husky_ws/install/husky_description/share/husky_description/meshes/accessories/lidar_mount.stl
[1.043s] -- Installing: /home/prakrutk/husky_ws/install/husky_description/share/husky_description/meshes/accessories/300_mm_sensor_arch.dae
[1.043s] -- Installing: /home/prakrutk/husky_ws/install/husky_description/share/husky_description/meshes/accessories/510_mm_sensor_arch.stl
[1.043s] -- Installing: /home/prakrutk/husky_ws/install/husky_description/share/husky_description/meshes/accessories/300_mm_sensor_arch.stl
[1.043s] -- Installing: /home/prakrutk/husky_ws/install/husky_description/share/husky_description/meshes/top_chassis.dae
[1.045s] -- Installing: /home/prakrutk/husky_ws/install/husky_description/share/husky_description/meshes/top_plate.dae
[1.045s] -- Installing: /home/prakrutk/husky_ws/install/husky_description/share/husky_description/meshes/large_top_plate_collision.stl
[1.045s] -- Installing: /home/prakrutk/husky_ws/install/husky_description/share/husky_description/urdf
[1.045s] -- Installing: /home/prakrutk/husky_ws/install/husky_description/share/husky_description/urdf/husky_macro.urdf.xacro
[1.045s] -- Installing: /home/prakrutk/husky_ws/install/husky_description/share/husky_description/urdf/husky.urdf.xacro
[1.045s] -- Installing: /home/prakrutk/husky_ws/install/husky_description/share/husky_description/urdf/wheel.urdf.xacro
[1.045s] -- Installing: /home/prakrutk/husky_ws/install/husky_description/share/husky_description/urdf/accessories
[1.045s] -- Installing: /home/prakrutk/husky_ws/install/husky_description/share/husky_description/urdf/accessories/sick_lms1xx_mount.urdf.xacro
[1.046s] -- Installing: /home/prakrutk/husky_ws/install/husky_description/share/husky_description/urdf/accessories/sensor_arch.urdf.xacro
[1.046s] -- Installing: /home/prakrutk/husky_ws/install/husky_description/share/husky_description/urdf/accessories/intel_realsense.urdf.xacro
[1.046s] -- Installing: /home/prakrutk/husky_ws/install/husky_description/share/husky_description/urdf/empty.urdf
[1.046s] -- Installing: /home/prakrutk/husky_ws/install/husky_description/share/husky_description/urdf/decorations.urdf.xacro
[1.046s] -- Installing: /home/prakrutk/husky_ws/install/husky_description/share/ament_index/resource_index/package_run_dependencies/husky_description
[1.046s] -- Installing: /home/prakrutk/husky_ws/install/husky_description/share/ament_index/resource_index/parent_prefix_path/husky_description
[1.047s] -- Installing: /home/prakrutk/husky_ws/install/husky_description/share/husky_description/environment/ament_prefix_path.sh
[1.047s] -- Installing: /home/prakrutk/husky_ws/install/husky_description/share/husky_description/environment/ament_prefix_path.dsv
[1.047s] -- Installing: /home/prakrutk/husky_ws/install/husky_description/share/husky_description/environment/path.sh
[1.047s] -- Installing: /home/prakrutk/husky_ws/install/husky_description/share/husky_description/environment/path.dsv
[1.047s] -- Installing: /home/prakrutk/husky_ws/install/husky_description/share/husky_description/local_setup.bash
[1.048s] -- Installing: /home/prakrutk/husky_ws/install/husky_description/share/husky_description/local_setup.sh
[1.048s] -- Installing: /home/prakrutk/husky_ws/install/husky_description/share/husky_description/local_setup.zsh
[1.048s] -- Installing: /home/prakrutk/husky_ws/install/husky_description/share/husky_description/local_setup.dsv
[1.048s] -- Installing: /home/prakrutk/husky_ws/install/husky_description/share/husky_description/package.dsv
[1.048s] -- Installing: /home/prakrutk/husky_ws/install/husky_description/share/ament_index/resource_index/packages/husky_description
[1.048s] -- Installing: /home/prakrutk/husky_ws/install/husky_description/share/husky_description/cmake/ament_cmake_export_dependencies-extras.cmake
[1.048s] -- Installing: /home/prakrutk/husky_ws/install/husky_description/share/husky_description/cmake/husky_descriptionConfig.cmake
[1.048s] -- Installing: /home/prakrutk/husky_ws/install/husky_description/share/husky_description/cmake/husky_descriptionConfig-version.cmake
[1.049s] -- Installing: /home/prakrutk/husky_ws/install/husky_description/share/husky_description/package.xml
[1.050s] Invoked command in '/home/prakrutk/husky_ws/build/husky_description' returned '0': CMAKE_PREFIX_PATH=/opt/ros/humble CONDA_PROMPT_MODIFIER=(base) /usr/bin/cmake --install /home/prakrutk/husky_ws/build/husky_description
