[0.272s] Invoking command in '/home/prakrutk/husky_ws/build/husky_base': CMAKE_PREFIX_PATH=/home/prakrutk/husky_ws/install/husky_msgs:/home/prakrutk/husky_ws/install/husky_desktop:/home/prakrutk/husky_ws/install/husky_viz:/home/prakrutk/husky_ws/install/husky_simulator:/home/prakrutk/husky_ws/install/husky_robot:/home/prakrutk/husky_ws/install/husky_bringup:/home/prakrutk/husky_ws/install/husky_base:/home/prakrutk/husky_ws/install/husky_gazebo:/home/prakrutk/husky_ws/install/husky_control:/home/prakrutk/husky_ws/install/husky_description:/opt/ros/humble LD_LIBRARY_PATH=/home/prakrutk/husky_ws/install/husky_msgs/lib:/home/prakrutk/husky_ws/install/husky_base/lib:/usr/lib/x86_64-linux-gnu/gazebo-11/plugins:/opt/ros/humble/opt/rviz_ogre_vendor/lib:/opt/ros/humble/lib/x86_64-linux-gnu:/opt/ros/humble/lib /usr/bin/cmake --build /home/prakrutk/husky_ws/build/husky_base -- -j8 -l8
[0.403s] [100%] Built target husky_hardware
[0.503s] Invoked command in '/home/prakrutk/husky_ws/build/husky_base' returned '0': CMAKE_PREFIX_PATH=/home/prakrutk/husky_ws/install/husky_msgs:/home/prakrutk/husky_ws/install/husky_desktop:/home/prakrutk/husky_ws/install/husky_viz:/home/prakrutk/husky_ws/install/husky_simulator:/home/prakrutk/husky_ws/install/husky_robot:/home/prakrutk/husky_ws/install/husky_bringup:/home/prakrutk/husky_ws/install/husky_base:/home/prakrutk/husky_ws/install/husky_gazebo:/home/prakrutk/husky_ws/install/husky_control:/home/prakrutk/husky_ws/install/husky_description:/opt/ros/humble LD_LIBRARY_PATH=/home/prakrutk/husky_ws/install/husky_msgs/lib:/home/prakrutk/husky_ws/install/husky_base/lib:/usr/lib/x86_64-linux-gnu/gazebo-11/plugins:/opt/ros/humble/opt/rviz_ogre_vendor/lib:/opt/ros/humble/lib/x86_64-linux-gnu:/opt/ros/humble/lib /usr/bin/cmake --build /home/prakrutk/husky_ws/build/husky_base -- -j8 -l8
[0.723s] Invoking command in '/home/prakrutk/husky_ws/build/husky_base': CMAKE_PREFIX_PATH=/home/prakrutk/husky_ws/install/husky_msgs:/home/prakrutk/husky_ws/install/husky_desktop:/home/prakrutk/husky_ws/install/husky_viz:/home/prakrutk/husky_ws/install/husky_simulator:/home/prakrutk/husky_ws/install/husky_robot:/home/prakrutk/husky_ws/install/husky_bringup:/home/prakrutk/husky_ws/install/husky_base:/home/prakrutk/husky_ws/install/husky_gazebo:/home/prakrutk/husky_ws/install/husky_control:/home/prakrutk/husky_ws/install/husky_description:/opt/ros/humble LD_LIBRARY_PATH=/home/prakrutk/husky_ws/install/husky_msgs/lib:/home/prakrutk/husky_ws/install/husky_base/lib:/usr/lib/x86_64-linux-gnu/gazebo-11/plugins:/opt/ros/humble/opt/rviz_ogre_vendor/lib:/opt/ros/humble/lib/x86_64-linux-gnu:/opt/ros/humble/lib /usr/bin/cmake --install /home/prakrutk/husky_ws/build/husky_base
[0.861s] -- Install configuration: ""
[0.861s] -- Up-to-date: /home/prakrutk/husky_ws/install/husky_base/share/husky_base/husky_hardware.xml
[0.861s] -- Up-to-date: /home/prakrutk/husky_ws/install/husky_base/lib/libhusky_hardware.so
[0.862s] -- Up-to-date: /home/prakrutk/husky_ws/install/husky_base/include
[0.862s] -- Up-to-date: /home/prakrutk/husky_ws/install/husky_base/include/husky_base
[0.862s] -- Up-to-date: /home/prakrutk/husky_ws/install/husky_base/include/husky_base/husky_hardware.hpp
[0.862s] -- Up-to-date: /home/prakrutk/husky_ws/install/husky_base/include/husky_base/horizon_legacy
[0.863s] -- Up-to-date: /home/prakrutk/husky_ws/install/husky_base/include/husky_base/horizon_legacy/Message_data.h
[0.863s] -- Up-to-date: /home/prakrutk/husky_ws/install/husky_base/include/husky_base/horizon_legacy/crc.h
[0.863s] -- Up-to-date: /home/prakrutk/husky_ws/install/husky_base/include/husky_base/horizon_legacy/Message.h
[0.863s] -- Up-to-date: /home/prakrutk/husky_ws/install/husky_base/include/husky_base/horizon_legacy/Message_cmd.h
[0.863s] -- Up-to-date: /home/prakrutk/husky_ws/install/husky_base/include/husky_base/horizon_legacy/serial.h
[0.863s] -- Up-to-date: /home/prakrutk/husky_ws/install/husky_base/include/husky_base/horizon_legacy/Number.h
[0.863s] -- Up-to-date: /home/prakrutk/husky_ws/install/husky_base/include/husky_base/horizon_legacy/clearpath.h
[0.864s] -- Up-to-date: /home/prakrutk/husky_ws/install/husky_base/include/husky_base/horizon_legacy/Logger.h
[0.864s] -- Up-to-date: /home/prakrutk/husky_ws/install/husky_base/include/husky_base/horizon_legacy/Message_request.h
[0.864s] -- Up-to-date: /home/prakrutk/husky_ws/install/husky_base/include/husky_base/horizon_legacy/Transport.h
[0.864s] -- Up-to-date: /home/prakrutk/husky_ws/install/husky_base/include/husky_base/horizon_legacy/Exception.h
[0.864s] -- Up-to-date: /home/prakrutk/husky_ws/install/husky_base/include/husky_base/husky_diagnostics.h
[0.865s] -- Up-to-date: /home/prakrutk/husky_ws/install/husky_base/include/husky_base/horizon_legacy_wrapper.h
[0.866s] -- Up-to-date: /home/prakrutk/husky_ws/install/husky_base/share/husky_base/launch
[0.866s] -- Up-to-date: /home/prakrutk/husky_ws/install/husky_base/share/husky_base/launch/base.launch.py
[0.867s] -- Up-to-date: /home/prakrutk/husky_ws/install/husky_base/share/husky_base/environment/library_path.sh
[0.867s] -- Up-to-date: /home/prakrutk/husky_ws/install/husky_base/share/husky_base/environment/library_path.dsv
[0.867s] -- Up-to-date: /home/prakrutk/husky_ws/install/husky_base/share/ament_index/resource_index/package_run_dependencies/husky_base
[0.868s] -- Up-to-date: /home/prakrutk/husky_ws/install/husky_base/share/ament_index/resource_index/parent_prefix_path/husky_base
[0.868s] -- Up-to-date: /home/prakrutk/husky_ws/install/husky_base/share/husky_base/environment/ament_prefix_path.sh
[0.868s] -- Up-to-date: /home/prakrutk/husky_ws/install/husky_base/share/husky_base/environment/ament_prefix_path.dsv
[0.868s] -- Up-to-date: /home/prakrutk/husky_ws/install/husky_base/share/husky_base/environment/path.sh
[0.869s] -- Up-to-date: /home/prakrutk/husky_ws/install/husky_base/share/husky_base/environment/path.dsv
[0.869s] -- Up-to-date: /home/prakrutk/husky_ws/install/husky_base/share/husky_base/local_setup.bash
[0.870s] -- Up-to-date: /home/prakrutk/husky_ws/install/husky_base/share/husky_base/local_setup.sh
[0.870s] -- Up-to-date: /home/prakrutk/husky_ws/install/husky_base/share/husky_base/local_setup.zsh
[0.870s] -- Up-to-date: /home/prakrutk/husky_ws/install/husky_base/share/husky_base/local_setup.dsv
[0.871s] -- Installing: /home/prakrutk/husky_ws/install/husky_base/share/husky_base/package.dsv
[0.871s] -- Up-to-date: /home/prakrutk/husky_ws/install/husky_base/share/ament_index/resource_index/packages/husky_base
[0.871s] -- Up-to-date: /home/prakrutk/husky_ws/install/husky_base/share/ament_index/resource_index/hardware_interface__pluginlib__plugin/husky_base
[0.872s] -- Up-to-date: /home/prakrutk/husky_ws/install/husky_base/share/husky_base/cmake/ament_cmake_export_include_directories-extras.cmake
[0.872s] -- Up-to-date: /home/prakrutk/husky_ws/install/husky_base/share/husky_base/cmake/ament_cmake_export_libraries-extras.cmake
[0.872s] -- Up-to-date: /home/prakrutk/husky_ws/install/husky_base/share/husky_base/cmake/ament_cmake_export_dependencies-extras.cmake
[0.873s] -- Up-to-date: /home/prakrutk/husky_ws/install/husky_base/share/husky_base/cmake/husky_baseConfig.cmake
[0.873s] -- Up-to-date: /home/prakrutk/husky_ws/install/husky_base/share/husky_base/cmake/husky_baseConfig-version.cmake
[0.873s] -- Up-to-date: /home/prakrutk/husky_ws/install/husky_base/share/husky_base/package.xml
[1.002s] Invoked command in '/home/prakrutk/husky_ws/build/husky_base' returned '0': CMAKE_PREFIX_PATH=/home/prakrutk/husky_ws/install/husky_msgs:/home/prakrutk/husky_ws/install/husky_desktop:/home/prakrutk/husky_ws/install/husky_viz:/home/prakrutk/husky_ws/install/husky_simulator:/home/prakrutk/husky_ws/install/husky_robot:/home/prakrutk/husky_ws/install/husky_bringup:/home/prakrutk/husky_ws/install/husky_base:/home/prakrutk/husky_ws/install/husky_gazebo:/home/prakrutk/husky_ws/install/husky_control:/home/prakrutk/husky_ws/install/husky_description:/opt/ros/humble LD_LIBRARY_PATH=/home/prakrutk/husky_ws/install/husky_msgs/lib:/home/prakrutk/husky_ws/install/husky_base/lib:/usr/lib/x86_64-linux-gnu/gazebo-11/plugins:/opt/ros/humble/opt/rviz_ogre_vendor/lib:/opt/ros/humble/lib/x86_64-linux-gnu:/opt/ros/humble/lib /usr/bin/cmake --install /home/prakrutk/husky_ws/build/husky_base
