[0.161s] Invoking command in '/home/prakrutk/husky_ws/build/husky_msgs': CMAKE_PREFIX_PATH=${CMAKE_PREFIX_PATH}:/opt/ros/humble /usr/bin/cmake --build /home/prakrutk/husky_ws/build/husky_msgs -- -j8 -l8
[0.251s] [  3%] Built target husky_msgs__cpp
[0.260s] [ 12%] Built target husky_msgs__rosidl_generator_c
[0.274s] [ 12%] Built target ament_cmake_python_copy_husky_msgs
[0.325s] [ 22%] Built target husky_msgs__rosidl_typesupport_cpp
[0.326s] [ 32%] Built target husky_msgs__rosidl_typesupport_introspection_cpp
[0.331s] [ 41%] Built target husky_msgs__rosidl_typesupport_fastrtps_cpp
[0.345s] [ 51%] Built target husky_msgs__rosidl_typesupport_c
[0.346s] [ 61%] Built target husky_msgs__rosidl_typesupport_introspection_c
[0.353s] [ 70%] Built target husky_msgs__rosidl_typesupport_fastrtps_c
[0.391s] [ 70%] Built target husky_msgs
[0.425s] [ 74%] Built target husky_msgs__py
[0.470s] [ 80%] Built target husky_msgs__rosidl_generator_py
[0.519s] [ 90%] Built target husky_msgs__rosidl_typesupport_introspection_c__pyext
[0.522s] [ 93%] Built target husky_msgs__rosidl_typesupport_fastrtps_c__pyext
[0.524s] [100%] Built target husky_msgs__rosidl_typesupport_c__pyext
[0.912s] running egg_info
[0.914s] writing husky_msgs.egg-info/PKG-INFO
[0.917s] writing dependency_links to husky_msgs.egg-info/dependency_links.txt
[0.917s] writing top-level names to husky_msgs.egg-info/top_level.txt
[0.922s] reading manifest file 'husky_msgs.egg-info/SOURCES.txt'
[0.925s] writing manifest file 'husky_msgs.egg-info/SOURCES.txt'
[0.992s] [100%] Built target ament_cmake_python_build_husky_msgs_egg
[1.106s] Invoked command in '/home/prakrutk/husky_ws/build/husky_msgs' returned '0': CMAKE_PREFIX_PATH=${CMAKE_PREFIX_PATH}:/opt/ros/humble /usr/bin/cmake --build /home/prakrutk/husky_ws/build/husky_msgs -- -j8 -l8
[1.247s] Invoking command in '/home/prakrutk/husky_ws/build/husky_msgs': CMAKE_PREFIX_PATH=${CMAKE_PREFIX_PATH}:/opt/ros/humble /usr/bin/cmake --install /home/prakrutk/husky_ws/build/husky_msgs
[1.272s] -- Install configuration: ""
[1.272s] -- Up-to-date: /home/prakrutk/husky_ws/install/husky_msgs/share/ament_index/resource_index/rosidl_interfaces/husky_msgs
[1.273s] -- Up-to-date: /home/prakrutk/husky_ws/install/husky_msgs/include/husky_msgs/husky_msgs
[1.274s] -- Up-to-date: /home/prakrutk/husky_ws/install/husky_msgs/include/husky_msgs/husky_msgs/msg
[1.275s] -- Up-to-date: /home/prakrutk/husky_ws/install/husky_msgs/include/husky_msgs/husky_msgs/msg/husky_status.h
[1.275s] -- Up-to-date: /home/prakrutk/husky_ws/install/husky_msgs/include/husky_msgs/husky_msgs/msg/rosidl_generator_c__visibility_control.h
[1.276s] -- Up-to-date: /home/prakrutk/husky_ws/install/husky_msgs/include/husky_msgs/husky_msgs/msg/detail
[1.276s] -- Up-to-date: /home/prakrutk/husky_ws/install/husky_msgs/include/husky_msgs/husky_msgs/msg/detail/husky_status__struct.h
[1.276s] -- Up-to-date: /home/prakrutk/husky_ws/install/husky_msgs/include/husky_msgs/husky_msgs/msg/detail/husky_status__type_support.h
[1.277s] -- Up-to-date: /home/prakrutk/husky_ws/install/husky_msgs/include/husky_msgs/husky_msgs/msg/detail/husky_status__functions.h
[1.277s] -- Up-to-date: /home/prakrutk/husky_ws/install/husky_msgs/include/husky_msgs/husky_msgs/msg/detail/husky_status__functions.c
[1.278s] -- Up-to-date: /home/prakrutk/husky_ws/install/husky_msgs/share/husky_msgs/environment/library_path.sh
[1.278s] -- Up-to-date: /home/prakrutk/husky_ws/install/husky_msgs/share/husky_msgs/environment/library_path.dsv
[1.278s] -- Up-to-date: /home/prakrutk/husky_ws/install/husky_msgs/lib/libhusky_msgs__rosidl_generator_c.so
[1.280s] -- Up-to-date: /home/prakrutk/husky_ws/install/husky_msgs/include/husky_msgs/husky_msgs
[1.280s] -- Up-to-date: /home/prakrutk/husky_ws/install/husky_msgs/include/husky_msgs/husky_msgs/msg
[1.281s] -- Up-to-date: /home/prakrutk/husky_ws/install/husky_msgs/include/husky_msgs/husky_msgs/msg/detail
[1.282s] -- Up-to-date: /home/prakrutk/husky_ws/install/husky_msgs/include/husky_msgs/husky_msgs/msg/detail/husky_status__rosidl_typesupport_fastrtps_c.h
[1.284s] -- Up-to-date: /home/prakrutk/husky_ws/install/husky_msgs/include/husky_msgs/husky_msgs/msg/rosidl_typesupport_fastrtps_c__visibility_control.h
[1.284s] -- Up-to-date: /home/prakrutk/husky_ws/install/husky_msgs/lib/libhusky_msgs__rosidl_typesupport_fastrtps_c.so
[1.285s] -- Up-to-date: /home/prakrutk/husky_ws/install/husky_msgs/include/husky_msgs/husky_msgs
[1.285s] -- Up-to-date: /home/prakrutk/husky_ws/install/husky_msgs/include/husky_msgs/husky_msgs/msg
[1.286s] -- Up-to-date: /home/prakrutk/husky_ws/install/husky_msgs/include/husky_msgs/husky_msgs/msg/husky_status.hpp
[1.286s] -- Up-to-date: /home/prakrutk/husky_ws/install/husky_msgs/include/husky_msgs/husky_msgs/msg/detail
[1.287s] -- Up-to-date: /home/prakrutk/husky_ws/install/husky_msgs/include/husky_msgs/husky_msgs/msg/detail/husky_status__struct.hpp
[1.287s] -- Up-to-date: /home/prakrutk/husky_ws/install/husky_msgs/include/husky_msgs/husky_msgs/msg/detail/husky_status__builder.hpp
[1.288s] -- Up-to-date: /home/prakrutk/husky_ws/install/husky_msgs/include/husky_msgs/husky_msgs/msg/detail/husky_status__traits.hpp
[1.288s] -- Up-to-date: /home/prakrutk/husky_ws/install/husky_msgs/include/husky_msgs/husky_msgs
[1.288s] -- Up-to-date: /home/prakrutk/husky_ws/install/husky_msgs/include/husky_msgs/husky_msgs/msg
[1.289s] -- Up-to-date: /home/prakrutk/husky_ws/install/husky_msgs/include/husky_msgs/husky_msgs/msg/detail
[1.289s] -- Up-to-date: /home/prakrutk/husky_ws/install/husky_msgs/include/husky_msgs/husky_msgs/msg/detail/husky_status__rosidl_typesupport_fastrtps_cpp.hpp
[1.289s] -- Up-to-date: /home/prakrutk/husky_ws/install/husky_msgs/include/husky_msgs/husky_msgs/msg/detail/dds_fastrtps
[1.290s] -- Up-to-date: /home/prakrutk/husky_ws/install/husky_msgs/include/husky_msgs/husky_msgs/msg/rosidl_typesupport_fastrtps_cpp__visibility_control.h
[1.290s] -- Up-to-date: /home/prakrutk/husky_ws/install/husky_msgs/lib/libhusky_msgs__rosidl_typesupport_fastrtps_cpp.so
[1.291s] -- Up-to-date: /home/prakrutk/husky_ws/install/husky_msgs/include/husky_msgs/husky_msgs
[1.291s] -- Up-to-date: /home/prakrutk/husky_ws/install/husky_msgs/include/husky_msgs/husky_msgs/msg
[1.291s] -- Up-to-date: /home/prakrutk/husky_ws/install/husky_msgs/include/husky_msgs/husky_msgs/msg/rosidl_typesupport_introspection_c__visibility_control.h
[1.292s] -- Up-to-date: /home/prakrutk/husky_ws/install/husky_msgs/include/husky_msgs/husky_msgs/msg/detail
[1.292s] -- Up-to-date: /home/prakrutk/husky_ws/install/husky_msgs/include/husky_msgs/husky_msgs/msg/detail/husky_status__rosidl_typesupport_introspection_c.h
[1.292s] -- Up-to-date: /home/prakrutk/husky_ws/install/husky_msgs/include/husky_msgs/husky_msgs/msg/detail/husky_status__type_support.c
[1.293s] -- Up-to-date: /home/prakrutk/husky_ws/install/husky_msgs/lib/libhusky_msgs__rosidl_typesupport_introspection_c.so
[1.293s] -- Up-to-date: /home/prakrutk/husky_ws/install/husky_msgs/lib/libhusky_msgs__rosidl_typesupport_c.so
[1.295s] -- Up-to-date: /home/prakrutk/husky_ws/install/husky_msgs/include/husky_msgs/husky_msgs
[1.296s] -- Up-to-date: /home/prakrutk/husky_ws/install/husky_msgs/include/husky_msgs/husky_msgs/msg
[1.296s] -- Up-to-date: /home/prakrutk/husky_ws/install/husky_msgs/include/husky_msgs/husky_msgs/msg/detail
[1.297s] -- Up-to-date: /home/prakrutk/husky_ws/install/husky_msgs/include/husky_msgs/husky_msgs/msg/detail/husky_status__type_support.cpp
[1.299s] -- Up-to-date: /home/prakrutk/husky_ws/install/husky_msgs/include/husky_msgs/husky_msgs/msg/detail/husky_status__rosidl_typesupport_introspection_cpp.hpp
[1.303s] -- Up-to-date: /home/prakrutk/husky_ws/install/husky_msgs/lib/libhusky_msgs__rosidl_typesupport_introspection_cpp.so
[1.309s] -- Up-to-date: /home/prakrutk/husky_ws/install/husky_msgs/lib/libhusky_msgs__rosidl_typesupport_cpp.so
[1.312s] -- Up-to-date: /home/prakrutk/husky_ws/install/husky_msgs/share/husky_msgs/environment/pythonpath.sh
[1.312s] -- Up-to-date: /home/prakrutk/husky_ws/install/husky_msgs/share/husky_msgs/environment/pythonpath.dsv
[1.314s] -- Up-to-date: /home/prakrutk/husky_ws/install/husky_msgs/local/lib/python3.10/dist-packages/husky_msgs-1.0.8-py3.10.egg-info
[1.315s] -- Installing: /home/prakrutk/husky_ws/install/husky_msgs/local/lib/python3.10/dist-packages/husky_msgs-1.0.8-py3.10.egg-info/SOURCES.txt
[1.316s] -- Installing: /home/prakrutk/husky_ws/install/husky_msgs/local/lib/python3.10/dist-packages/husky_msgs-1.0.8-py3.10.egg-info/top_level.txt
[1.318s] -- Installing: /home/prakrutk/husky_ws/install/husky_msgs/local/lib/python3.10/dist-packages/husky_msgs-1.0.8-py3.10.egg-info/dependency_links.txt
[1.319s] -- Installing: /home/prakrutk/husky_ws/install/husky_msgs/local/lib/python3.10/dist-packages/husky_msgs-1.0.8-py3.10.egg-info/PKG-INFO
[1.319s] -- Up-to-date: /home/prakrutk/husky_ws/install/husky_msgs/local/lib/python3.10/dist-packages/husky_msgs
[1.319s] -- Up-to-date: /home/prakrutk/husky_ws/install/husky_msgs/local/lib/python3.10/dist-packages/husky_msgs/_husky_msgs_s.ep.rosidl_typesupport_introspection_c.c
[1.321s] -- Up-to-date: /home/prakrutk/husky_ws/install/husky_msgs/local/lib/python3.10/dist-packages/husky_msgs/husky_msgs_s__rosidl_typesupport_introspection_c.cpython-311-x86_64-linux-gnu.so
[1.321s] -- Up-to-date: /home/prakrutk/husky_ws/install/husky_msgs/local/lib/python3.10/dist-packages/husky_msgs/_husky_msgs_s.ep.rosidl_typesupport_fastrtps_c.c
[1.322s] -- Up-to-date: /home/prakrutk/husky_ws/install/husky_msgs/local/lib/python3.10/dist-packages/husky_msgs/libhusky_msgs__rosidl_generator_py.so
[1.323s] -- Up-to-date: /home/prakrutk/husky_ws/install/husky_msgs/local/lib/python3.10/dist-packages/husky_msgs/_husky_msgs_s.ep.rosidl_typesupport_c.c
[1.323s] -- Up-to-date: /home/prakrutk/husky_ws/install/husky_msgs/local/lib/python3.10/dist-packages/husky_msgs/msg
[1.323s] -- Up-to-date: /home/prakrutk/husky_ws/install/husky_msgs/local/lib/python3.10/dist-packages/husky_msgs/msg/_husky_status.py
[1.324s] -- Up-to-date: /home/prakrutk/husky_ws/install/husky_msgs/local/lib/python3.10/dist-packages/husky_msgs/msg/_husky_status_s.c
[1.325s] -- Up-to-date: /home/prakrutk/husky_ws/install/husky_msgs/local/lib/python3.10/dist-packages/husky_msgs/msg/__init__.py
[1.326s] -- Up-to-date: /home/prakrutk/husky_ws/install/husky_msgs/local/lib/python3.10/dist-packages/husky_msgs/__init__.py
[1.326s] -- Up-to-date: /home/prakrutk/husky_ws/install/husky_msgs/local/lib/python3.10/dist-packages/husky_msgs/husky_msgs_s__rosidl_typesupport_c.cpython-311-x86_64-linux-gnu.so
[1.326s] -- Up-to-date: /home/prakrutk/husky_ws/install/husky_msgs/local/lib/python3.10/dist-packages/husky_msgs/husky_msgs_s__rosidl_typesupport_fastrtps_c.cpython-311-x86_64-linux-gnu.so
[1.345s] Listing '/home/prakrutk/husky_ws/install/husky_msgs/local/lib/python3.10/dist-packages/husky_msgs'...
[1.346s] Listing '/home/prakrutk/husky_ws/install/husky_msgs/local/lib/python3.10/dist-packages/husky_msgs/msg'...
[1.355s] -- Up-to-date: /home/prakrutk/husky_ws/install/husky_msgs/local/lib/python3.10/dist-packages/husky_msgs/husky_msgs_s__rosidl_typesupport_fastrtps_c.cpython-311-x86_64-linux-gnu.so
[1.356s] -- Up-to-date: /home/prakrutk/husky_ws/install/husky_msgs/local/lib/python3.10/dist-packages/husky_msgs/husky_msgs_s__rosidl_typesupport_introspection_c.cpython-311-x86_64-linux-gnu.so
[1.357s] -- Up-to-date: /home/prakrutk/husky_ws/install/husky_msgs/local/lib/python3.10/dist-packages/husky_msgs/husky_msgs_s__rosidl_typesupport_c.cpython-311-x86_64-linux-gnu.so
[1.357s] -- Up-to-date: /home/prakrutk/husky_ws/install/husky_msgs/lib/libhusky_msgs__rosidl_generator_py.so
[1.358s] -- Up-to-date: /home/prakrutk/husky_ws/install/husky_msgs/share/husky_msgs/msg/HuskyStatus.idl
[1.359s] -- Up-to-date: /home/prakrutk/husky_ws/install/husky_msgs/share/husky_msgs/msg/HuskyStatus.msg
[1.360s] -- Up-to-date: /home/prakrutk/husky_ws/install/husky_msgs/share/ament_index/resource_index/package_run_dependencies/husky_msgs
[1.360s] -- Up-to-date: /home/prakrutk/husky_ws/install/husky_msgs/share/ament_index/resource_index/parent_prefix_path/husky_msgs
[1.361s] -- Up-to-date: /home/prakrutk/husky_ws/install/husky_msgs/share/husky_msgs/environment/ament_prefix_path.sh
[1.362s] -- Up-to-date: /home/prakrutk/husky_ws/install/husky_msgs/share/husky_msgs/environment/ament_prefix_path.dsv
[1.363s] -- Up-to-date: /home/prakrutk/husky_ws/install/husky_msgs/share/husky_msgs/environment/path.sh
[1.363s] -- Up-to-date: /home/prakrutk/husky_ws/install/husky_msgs/share/husky_msgs/environment/path.dsv
[1.364s] -- Up-to-date: /home/prakrutk/husky_ws/install/husky_msgs/share/husky_msgs/local_setup.bash
[1.365s] -- Up-to-date: /home/prakrutk/husky_ws/install/husky_msgs/share/husky_msgs/local_setup.sh
[1.367s] -- Up-to-date: /home/prakrutk/husky_ws/install/husky_msgs/share/husky_msgs/local_setup.zsh
[1.367s] -- Up-to-date: /home/prakrutk/husky_ws/install/husky_msgs/share/husky_msgs/local_setup.dsv
[1.368s] -- Installing: /home/prakrutk/husky_ws/install/husky_msgs/share/husky_msgs/package.dsv
[1.369s] -- Up-to-date: /home/prakrutk/husky_ws/install/husky_msgs/share/ament_index/resource_index/packages/husky_msgs
[1.370s] -- Up-to-date: /home/prakrutk/husky_ws/install/husky_msgs/share/husky_msgs/cmake/export_husky_msgs__rosidl_generator_cExport.cmake
[1.370s] -- Up-to-date: /home/prakrutk/husky_ws/install/husky_msgs/share/husky_msgs/cmake/export_husky_msgs__rosidl_generator_cExport-noconfig.cmake
[1.370s] -- Up-to-date: /home/prakrutk/husky_ws/install/husky_msgs/share/husky_msgs/cmake/export_husky_msgs__rosidl_typesupport_fastrtps_cExport.cmake
[1.370s] -- Up-to-date: /home/prakrutk/husky_ws/install/husky_msgs/share/husky_msgs/cmake/export_husky_msgs__rosidl_typesupport_fastrtps_cExport-noconfig.cmake
[1.371s] -- Up-to-date: /home/prakrutk/husky_ws/install/husky_msgs/share/husky_msgs/cmake/export_husky_msgs__rosidl_generator_cppExport.cmake
[1.371s] -- Up-to-date: /home/prakrutk/husky_ws/install/husky_msgs/share/husky_msgs/cmake/export_husky_msgs__rosidl_typesupport_fastrtps_cppExport.cmake
[1.372s] -- Up-to-date: /home/prakrutk/husky_ws/install/husky_msgs/share/husky_msgs/cmake/export_husky_msgs__rosidl_typesupport_fastrtps_cppExport-noconfig.cmake
[1.373s] -- Up-to-date: /home/prakrutk/husky_ws/install/husky_msgs/share/husky_msgs/cmake/husky_msgs__rosidl_typesupport_introspection_cExport.cmake
[1.374s] -- Up-to-date: /home/prakrutk/husky_ws/install/husky_msgs/share/husky_msgs/cmake/husky_msgs__rosidl_typesupport_introspection_cExport-noconfig.cmake
[1.375s] -- Up-to-date: /home/prakrutk/husky_ws/install/husky_msgs/share/husky_msgs/cmake/husky_msgs__rosidl_typesupport_cExport.cmake
[1.376s] -- Up-to-date: /home/prakrutk/husky_ws/install/husky_msgs/share/husky_msgs/cmake/husky_msgs__rosidl_typesupport_cExport-noconfig.cmake
[1.377s] -- Up-to-date: /home/prakrutk/husky_ws/install/husky_msgs/share/husky_msgs/cmake/husky_msgs__rosidl_typesupport_introspection_cppExport.cmake
[1.378s] -- Up-to-date: /home/prakrutk/husky_ws/install/husky_msgs/share/husky_msgs/cmake/husky_msgs__rosidl_typesupport_introspection_cppExport-noconfig.cmake
[1.379s] -- Up-to-date: /home/prakrutk/husky_ws/install/husky_msgs/share/husky_msgs/cmake/husky_msgs__rosidl_typesupport_cppExport.cmake
[1.380s] -- Up-to-date: /home/prakrutk/husky_ws/install/husky_msgs/share/husky_msgs/cmake/husky_msgs__rosidl_typesupport_cppExport-noconfig.cmake
[1.380s] -- Up-to-date: /home/prakrutk/husky_ws/install/husky_msgs/share/husky_msgs/cmake/export_husky_msgs__rosidl_generator_pyExport.cmake
[1.381s] -- Up-to-date: /home/prakrutk/husky_ws/install/husky_msgs/share/husky_msgs/cmake/export_husky_msgs__rosidl_generator_pyExport-noconfig.cmake
[1.381s] -- Up-to-date: /home/prakrutk/husky_ws/install/husky_msgs/share/husky_msgs/cmake/rosidl_cmake-extras.cmake
[1.381s] -- Up-to-date: /home/prakrutk/husky_ws/install/husky_msgs/share/husky_msgs/cmake/ament_cmake_export_dependencies-extras.cmake
[1.382s] -- Up-to-date: /home/prakrutk/husky_ws/install/husky_msgs/share/husky_msgs/cmake/ament_cmake_export_include_directories-extras.cmake
[1.382s] -- Up-to-date: /home/prakrutk/husky_ws/install/husky_msgs/share/husky_msgs/cmake/ament_cmake_export_libraries-extras.cmake
[1.383s] -- Up-to-date: /home/prakrutk/husky_ws/install/husky_msgs/share/husky_msgs/cmake/ament_cmake_export_targets-extras.cmake
[1.383s] -- Up-to-date: /home/prakrutk/husky_ws/install/husky_msgs/share/husky_msgs/cmake/rosidl_cmake_export_typesupport_targets-extras.cmake
[1.383s] -- Up-to-date: /home/prakrutk/husky_ws/install/husky_msgs/share/husky_msgs/cmake/rosidl_cmake_export_typesupport_libraries-extras.cmake
[1.384s] -- Up-to-date: /home/prakrutk/husky_ws/install/husky_msgs/share/husky_msgs/cmake/husky_msgsConfig.cmake
[1.384s] -- Up-to-date: /home/prakrutk/husky_ws/install/husky_msgs/share/husky_msgs/cmake/husky_msgsConfig-version.cmake
[1.384s] -- Up-to-date: /home/prakrutk/husky_ws/install/husky_msgs/share/husky_msgs/package.xml
[1.590s] Invoked command in '/home/prakrutk/husky_ws/build/husky_msgs' returned '0': CMAKE_PREFIX_PATH=${CMAKE_PREFIX_PATH}:/opt/ros/humble /usr/bin/cmake --install /home/prakrutk/husky_ws/build/husky_msgs
