[0.164s] Invoking command in '/home/prakrutk/Downloads/FOR_Project/ROS-Gazebo/husky_ws/build/husky_description': CMAKE_PREFIX_PATH=/opt/ros/humble /usr/bin/cmake --build /home/prakrutk/Downloads/FOR_Project/ROS-Gazebo/husky_ws/build/husky_description -- -j8 -l8
[0.208s] [0mCMake Error: The current CMakeCache.txt directory /home/prakrutk/Downloads/FOR_Project/ROS-Gazebo/husky_ws/build/husky_description/CMakeCache.txt is different than the directory /home/prakrutk/husky_ws/build/husky_description where CMakeCache.txt was created. This may result in binaries being created in the wrong place. If you are not sure, reedit the CMakeCache.txt[0m
[0.293s] Invoked command in '/home/prakrutk/Downloads/FOR_Project/ROS-Gazebo/husky_ws/build/husky_description' returned '0': CMAKE_PREFIX_PATH=/opt/ros/humble /usr/bin/cmake --build /home/prakrutk/Downloads/FOR_Project/ROS-Gazebo/husky_ws/build/husky_description -- -j8 -l8
[0.348s] Invoking command in '/home/prakrutk/Downloads/FOR_Project/ROS-Gazebo/husky_ws/build/husky_description': CMAKE_PREFIX_PATH=/opt/ros/humble /usr/bin/cmake --install /home/prakrutk/Downloads/FOR_Project/ROS-Gazebo/husky_ws/build/husky_description
[0.364s] -- Install configuration: ""
[0.365s] -- Up-to-date: /home/prakrutk/husky_ws/install/husky_description/share/husky_description/launch
[0.365s] -- Up-to-date: /home/prakrutk/husky_ws/install/husky_description/share/husky_description/launch/description_launch.py
[0.365s] -- Up-to-date: /home/prakrutk/husky_ws/install/husky_description/share/husky_description/launch/description.launch
[0.365s] -- Up-to-date: /home/prakrutk/husky_ws/install/husky_description/share/husky_description/meshes
[0.366s] -- Up-to-date: /home/prakrutk/husky_ws/install/husky_description/share/husky_description/meshes/wheel.dae
[0.367s] -- Up-to-date: /home/prakrutk/husky_ws/install/husky_description/share/husky_description/meshes/user_rail.dae
[0.367s] -- Up-to-date: /home/prakrutk/husky_ws/install/husky_description/share/husky_description/meshes/top_plate.stl
[0.367s] -- Up-to-date: /home/prakrutk/husky_ws/install/husky_description/share/husky_description/meshes/bumper.dae
[0.369s] -- Up-to-date: /home/prakrutk/husky_ws/install/husky_description/share/husky_description/meshes/wheel.stl
[0.369s] -- Up-to-date: /home/prakrutk/husky_ws/install/husky_description/share/husky_description/meshes/large_top_plate.dae
[0.370s] -- Up-to-date: /home/prakrutk/husky_ws/install/husky_description/share/husky_description/meshes/base_link.stl
[0.370s] -- Up-to-date: /home/prakrutk/husky_ws/install/husky_description/share/husky_description/meshes/user_rail.stl
[0.370s] -- Up-to-date: /home/prakrutk/husky_ws/install/husky_description/share/husky_description/meshes/top_chassis.stl
[0.371s] -- Up-to-date: /home/prakrutk/husky_ws/install/husky_description/share/husky_description/meshes/base_link.dae
[0.371s] -- Up-to-date: /home/prakrutk/husky_ws/install/husky_description/share/husky_description/meshes/bumper_extension.dae
[0.371s] -- Up-to-date: /home/prakrutk/husky_ws/install/husky_description/share/husky_description/meshes/accessories
[0.371s] -- Up-to-date: /home/prakrutk/husky_ws/install/husky_description/share/husky_description/meshes/accessories/lms1xx_mount.stl
[0.371s] -- Up-to-date: /home/prakrutk/husky_ws/install/husky_description/share/husky_description/meshes/accessories/lms1xx_mount.dae
[0.371s] -- Up-to-date: /home/prakrutk/husky_ws/install/husky_description/share/husky_description/meshes/accessories/510_mm_sensor_arch.dae
[0.371s] -- Up-to-date: /home/prakrutk/husky_ws/install/husky_description/share/husky_description/meshes/accessories/lidar_mount.stl
[0.372s] -- Up-to-date: /home/prakrutk/husky_ws/install/husky_description/share/husky_description/meshes/accessories/300_mm_sensor_arch.dae
[0.372s] -- Up-to-date: /home/prakrutk/husky_ws/install/husky_description/share/husky_description/meshes/accessories/510_mm_sensor_arch.stl
[0.372s] -- Up-to-date: /home/prakrutk/husky_ws/install/husky_description/share/husky_description/meshes/accessories/300_mm_sensor_arch.stl
[0.372s] -- Up-to-date: /home/prakrutk/husky_ws/install/husky_description/share/husky_description/meshes/top_chassis.dae
[0.372s] -- Up-to-date: /home/prakrutk/husky_ws/install/husky_description/share/husky_description/meshes/top_plate.dae
[0.373s] -- Up-to-date: /home/prakrutk/husky_ws/install/husky_description/share/husky_description/meshes/large_top_plate_collision.stl
[0.373s] -- Up-to-date: /home/prakrutk/husky_ws/install/husky_description/share/husky_description/urdf
[0.373s] -- Up-to-date: /home/prakrutk/husky_ws/install/husky_description/share/husky_description/urdf/husky_macro.urdf.xacro
[0.373s] -- Up-to-date: /home/prakrutk/husky_ws/install/husky_description/share/husky_description/urdf/husky.urdf.xacro
[0.373s] -- Up-to-date: /home/prakrutk/husky_ws/install/husky_description/share/husky_description/urdf/wheel.urdf.xacro
[0.374s] -- Up-to-date: /home/prakrutk/husky_ws/install/husky_description/share/husky_description/urdf/accessories
[0.374s] -- Up-to-date: /home/prakrutk/husky_ws/install/husky_description/share/husky_description/urdf/accessories/sick_lms1xx_mount.urdf.xacro
[0.374s] -- Up-to-date: /home/prakrutk/husky_ws/install/husky_description/share/husky_description/urdf/accessories/sensor_arch.urdf.xacro
[0.374s] -- Up-to-date: /home/prakrutk/husky_ws/install/husky_description/share/husky_description/urdf/accessories/intel_realsense.urdf.xacro
[0.374s] -- Up-to-date: /home/prakrutk/husky_ws/install/husky_description/share/husky_description/urdf/empty.urdf
[0.375s] -- Up-to-date: /home/prakrutk/husky_ws/install/husky_description/share/husky_description/urdf/decorations.urdf.xacro
[0.375s] -- Up-to-date: /home/prakrutk/husky_ws/install/husky_description/share/ament_index/resource_index/package_run_dependencies/husky_description
[0.375s] -- Up-to-date: /home/prakrutk/husky_ws/install/husky_description/share/ament_index/resource_index/parent_prefix_path/husky_description
[0.375s] -- Up-to-date: /home/prakrutk/husky_ws/install/husky_description/share/husky_description/environment/ament_prefix_path.sh
[0.376s] -- Up-to-date: /home/prakrutk/husky_ws/install/husky_description/share/husky_description/environment/ament_prefix_path.dsv
[0.376s] -- Up-to-date: /home/prakrutk/husky_ws/install/husky_description/share/husky_description/environment/path.sh
[0.376s] -- Up-to-date: /home/prakrutk/husky_ws/install/husky_description/share/husky_description/environment/path.dsv
[0.376s] -- Up-to-date: /home/prakrutk/husky_ws/install/husky_description/share/husky_description/local_setup.bash
[0.376s] -- Up-to-date: /home/prakrutk/husky_ws/install/husky_description/share/husky_description/local_setup.sh
[0.376s] -- Up-to-date: /home/prakrutk/husky_ws/install/husky_description/share/husky_description/local_setup.zsh
[0.377s] -- Up-to-date: /home/prakrutk/husky_ws/install/husky_description/share/husky_description/local_setup.dsv
[0.377s] -- Installing: /home/prakrutk/husky_ws/install/husky_description/share/husky_description/package.dsv
[0.377s] -- Up-to-date: /home/prakrutk/husky_ws/install/husky_description/share/ament_index/resource_index/packages/husky_description
[0.377s] -- Up-to-date: /home/prakrutk/husky_ws/install/husky_description/share/husky_description/cmake/ament_cmake_export_dependencies-extras.cmake
[0.377s] -- Up-to-date: /home/prakrutk/husky_ws/install/husky_description/share/husky_description/cmake/husky_descriptionConfig.cmake
[0.378s] -- Up-to-date: /home/prakrutk/husky_ws/install/husky_description/share/husky_description/cmake/husky_descriptionConfig-version.cmake
[0.378s] -- Up-to-date: /home/prakrutk/husky_ws/install/husky_description/share/husky_description/package.xml
[0.383s] Invoked command in '/home/prakrutk/Downloads/FOR_Project/ROS-Gazebo/husky_ws/build/husky_description' returned '0': CMAKE_PREFIX_PATH=/opt/ros/humble /usr/bin/cmake --install /home/prakrutk/Downloads/FOR_Project/ROS-Gazebo/husky_ws/build/husky_description
