[0.114s] Invoking command in '/home/prakrutk/husky_ws/build/husky_simulator': AMENT_PREFIX_PATH=/home/prakrutk/husky_ws/install/husky_gazebo:/home/prakrutk/husky_ws/install/husky_control:/home/prakrutk/husky_ws/install/husky_description:${AMENT_PREFIX_PATH} CMAKE_PREFIX_PATH=/home/prakrutk/husky_ws/install/husky_gazebo:/home/prakrutk/husky_ws/install/husky_control:/home/prakrutk/husky_ws/install/husky_description:/opt/ros/humble CONDA_PROMPT_MODIFIER=(base) /usr/bin/cmake --build /home/prakrutk/husky_ws/build/husky_simulator -- -j8 -l8
[0.192s] Invoked command in '/home/prakrutk/husky_ws/build/husky_simulator' returned '0': AMENT_PREFIX_PATH=/home/prakrutk/husky_ws/install/husky_gazebo:/home/prakrutk/husky_ws/install/husky_control:/home/prakrutk/husky_ws/install/husky_description:${AMENT_PREFIX_PATH} CMAKE_PREFIX_PATH=/home/prakrutk/husky_ws/install/husky_gazebo:/home/prakrutk/husky_ws/install/husky_control:/home/prakrutk/husky_ws/install/husky_description:/opt/ros/humble CONDA_PROMPT_MODIFIER=(base) /usr/bin/cmake --build /home/prakrutk/husky_ws/build/husky_simulator -- -j8 -l8
[0.211s] Invoking command in '/home/prakrutk/husky_ws/build/husky_simulator': AMENT_PREFIX_PATH=/home/prakrutk/husky_ws/install/husky_gazebo:/home/prakrutk/husky_ws/install/husky_control:/home/prakrutk/husky_ws/install/husky_description:${AMENT_PREFIX_PATH} CMAKE_PREFIX_PATH=/home/prakrutk/husky_ws/install/husky_gazebo:/home/prakrutk/husky_ws/install/husky_control:/home/prakrutk/husky_ws/install/husky_description:/opt/ros/humble CONDA_PROMPT_MODIFIER=(base) /usr/bin/cmake --install /home/prakrutk/husky_ws/build/husky_simulator
[0.219s] -- Install configuration: ""
[0.219s] -- Up-to-date: /home/prakrutk/husky_ws/install/husky_simulator/share/ament_index/resource_index/package_run_dependencies/husky_simulator
[0.220s] -- Up-to-date: /home/prakrutk/husky_ws/install/husky_simulator/share/ament_index/resource_index/parent_prefix_path/husky_simulator
[0.220s] -- Up-to-date: /home/prakrutk/husky_ws/install/husky_simulator/share/husky_simulator/environment/ament_prefix_path.sh
[0.220s] -- Up-to-date: /home/prakrutk/husky_ws/install/husky_simulator/share/husky_simulator/environment/ament_prefix_path.dsv
[0.221s] -- Up-to-date: /home/prakrutk/husky_ws/install/husky_simulator/share/husky_simulator/environment/path.sh
[0.221s] -- Up-to-date: /home/prakrutk/husky_ws/install/husky_simulator/share/husky_simulator/environment/path.dsv
[0.221s] -- Up-to-date: /home/prakrutk/husky_ws/install/husky_simulator/share/husky_simulator/local_setup.bash
[0.221s] -- Up-to-date: /home/prakrutk/husky_ws/install/husky_simulator/share/husky_simulator/local_setup.sh
[0.221s] -- Up-to-date: /home/prakrutk/husky_ws/install/husky_simulator/share/husky_simulator/local_setup.zsh
[0.221s] -- Up-to-date: /home/prakrutk/husky_ws/install/husky_simulator/share/husky_simulator/local_setup.dsv
[0.221s] -- Installing: /home/prakrutk/husky_ws/install/husky_simulator/share/husky_simulator/package.dsv
[0.222s] -- Up-to-date: /home/prakrutk/husky_ws/install/husky_simulator/share/ament_index/resource_index/packages/husky_simulator
[0.222s] -- Up-to-date: /home/prakrutk/husky_ws/install/husky_simulator/share/husky_simulator/cmake/husky_simulatorConfig.cmake
[0.223s] -- Up-to-date: /home/prakrutk/husky_ws/install/husky_simulator/share/husky_simulator/cmake/husky_simulatorConfig-version.cmake
[0.223s] -- Up-to-date: /home/prakrutk/husky_ws/install/husky_simulator/share/husky_simulator/package.xml
[0.225s] Invoked command in '/home/prakrutk/husky_ws/build/husky_simulator' returned '0': AMENT_PREFIX_PATH=/home/prakrutk/husky_ws/install/husky_gazebo:/home/prakrutk/husky_ws/install/husky_control:/home/prakrutk/husky_ws/install/husky_description:${AMENT_PREFIX_PATH} CMAKE_PREFIX_PATH=/home/prakrutk/husky_ws/install/husky_gazebo:/home/prakrutk/husky_ws/install/husky_control:/home/prakrutk/husky_ws/install/husky_description:/opt/ros/humble CONDA_PROMPT_MODIFIER=(base) /usr/bin/cmake --install /home/prakrutk/husky_ws/build/husky_simulator
