[0.051s] Invoking command in '/home/prakrutk/husky_ws/build/husky_msgs': CMAKE_PREFIX_PATH=/opt/ros/humble CONDA_PROMPT_MODIFIER=(base) /usr/bin/cmake /home/prakrutk/husky_ws/src/husky/husky_msgs -DCMAKE_INSTALL_PREFIX=/home/prakrutk/husky_ws/install/husky_msgs
[0.211s] -- The C compiler identification is GNU 11.4.0
[0.267s] -- The CXX compiler identification is GNU 11.4.0
[0.281s] -- Detecting C compiler ABI info
[0.349s] -- Detecting C compiler ABI info - done
[0.362s] -- Check for working C compiler: /usr/bin/cc - skipped
[0.363s] -- Detecting C compile features
[0.364s] -- Detecting C compile features - done
[0.369s] -- Detecting CXX compiler ABI info
[0.445s] -- Detecting CXX compiler ABI info - done
[0.452s] -- Check for working CXX compiler: /usr/bin/c++ - skipped
[0.452s] -- Detecting CXX compile features
[0.452s] -- Detecting CXX compile features - done
[0.466s] -- Found ament_cmake: 1.3.5 (/opt/ros/humble/share/ament_cmake/cmake)
[0.641s] -- Found Python3: /usr/bin/python3.10 (found version "3.10.12") found components: Interpreter 
[0.765s] -- Found std_msgs: 4.2.3 (/opt/ros/humble/share/std_msgs/cmake)
[0.822s] -- Found rosidl_generator_c: 3.1.5 (/opt/ros/humble/share/rosidl_generator_c/cmake)
[0.831s] -- Found rosidl_adapter: 3.1.5 (/opt/ros/humble/share/rosidl_adapter/cmake)
[0.845s] -- Found rosidl_generator_cpp: 3.1.5 (/opt/ros/humble/share/rosidl_generator_cpp/cmake)
[0.866s] -- Using all available rosidl_typesupport_c: rosidl_typesupport_fastrtps_c;rosidl_typesupport_introspection_c
[0.889s] -- Using all available rosidl_typesupport_cpp: rosidl_typesupport_fastrtps_cpp;rosidl_typesupport_introspection_cpp
[0.966s] -- Found rosidl_default_generators: 1.2.0 (/opt/ros/humble/share/rosidl_default_generators/cmake)
[1.228s] -- Found ament_cmake_ros: 0.10.0 (/opt/ros/humble/share/ament_cmake_ros/cmake)
[1.593s] -- Using all available rosidl_typesupport_c: rosidl_typesupport_fastrtps_c;rosidl_typesupport_introspection_c
[1.745s] -- Using all available rosidl_typesupport_cpp: rosidl_typesupport_fastrtps_cpp;rosidl_typesupport_introspection_cpp
[1.767s] -- Found PythonInterp: /home/prakrutk/anaconda3/bin/python3 (found suitable version "3.11.4", minimum required is "3.6") 
[1.769s] -- Found python_cmake_module: 0.10.0 (/opt/ros/humble/share/python_cmake_module/cmake)
[1.800s] -- Found PythonLibs: /home/prakrutk/anaconda3/lib/libpython3.11.so (found suitable version "3.11.4", minimum required is "3.5") 
[1.801s] -- Using PYTHON_EXECUTABLE: /home/prakrutk/anaconda3/bin/python3
[1.801s] -- Using PYTHON_INCLUDE_DIRS: /home/prakrutk/anaconda3/include/python3.11
[1.801s] -- Using PYTHON_LIBRARIES: /home/prakrutk/anaconda3/lib/libpython3.11.so
[1.824s] -- Found PythonExtra: .so  
[2.239s] -- Using numpy include directory: /home/prakrutk/anaconda3/lib/python3.11/site-packages/numpy/core/include
[2.254s] -- Configuring done
[2.295s] -- Generating done
[2.298s] -- Build files have been written to: /home/prakrutk/husky_ws/build/husky_msgs
[2.304s] Invoked command in '/home/prakrutk/husky_ws/build/husky_msgs' returned '0': CMAKE_PREFIX_PATH=/opt/ros/humble CONDA_PROMPT_MODIFIER=(base) /usr/bin/cmake /home/prakrutk/husky_ws/src/husky/husky_msgs -DCMAKE_INSTALL_PREFIX=/home/prakrutk/husky_ws/install/husky_msgs
[2.306s] Invoking command in '/home/prakrutk/husky_ws/build/husky_msgs': CMAKE_PREFIX_PATH=/opt/ros/humble CONDA_PROMPT_MODIFIER=(base) /usr/bin/cmake --build /home/prakrutk/husky_ws/build/husky_msgs -- -j8 -l8
[2.341s] [  3%] [34m[1mGenerating C code for ROS interfaces[0m
[2.351s] [  6%] [34m[1mGenerating C++ code for ROS interfaces[0m
[2.359s] [  6%] Built target ament_cmake_python_copy_husky_msgs
[2.600s] running egg_info
[2.600s] creating husky_msgs.egg-info
[2.600s] writing husky_msgs.egg-info/PKG-INFO
[2.601s] writing dependency_links to husky_msgs.egg-info/dependency_links.txt
[2.601s] writing top-level names to husky_msgs.egg-info/top_level.txt
[2.601s] writing manifest file 'husky_msgs.egg-info/SOURCES.txt'
[2.604s] reading manifest file 'husky_msgs.egg-info/SOURCES.txt'
[2.605s] writing manifest file 'husky_msgs.egg-info/SOURCES.txt'
[2.630s] [  6%] Built target ament_cmake_python_build_husky_msgs_egg
[2.672s] [  6%] Built target husky_msgs__cpp
[2.682s] [  9%] [34m[1mGenerating C++ type support dispatch for ROS interfaces[0m
[2.682s] [ 12%] [34m[1mGenerating C++ introspection for ROS interfaces[0m
[2.684s] [ 16%] [34m[1mGenerating C++ type support for eProsima Fast-RTPS[0m
[2.722s] [ 19%] [32mBuilding C object CMakeFiles/husky_msgs__rosidl_generator_c.dir/rosidl_generator_c/husky_msgs/msg/detail/husky_status__functions.c.o[0m
[2.792s] [ 22%] [32m[1mLinking C shared library libhusky_msgs__rosidl_generator_c.so[0m
[2.829s] [ 22%] Built target husky_msgs__rosidl_generator_c
[2.842s] [ 32%] [34m[1mGenerating C type support for eProsima Fast-RTPS[0m
[2.842s] [ 32%] [34m[1mGenerating C introspection for ROS interfaces[0m
[2.843s] [ 32%] [34m[1mGenerating C type support dispatch for ROS interfaces[0m
[3.080s] [ 35%] [32mBuilding CXX object CMakeFiles/husky_msgs__rosidl_typesupport_cpp.dir/rosidl_typesupport_cpp/husky_msgs/msg/husky_status__type_support.cpp.o[0m
[3.127s] [ 38%] [32mBuilding CXX object CMakeFiles/husky_msgs__rosidl_typesupport_fastrtps_cpp.dir/rosidl_typesupport_fastrtps_cpp/husky_msgs/msg/detail/dds_fastrtps/husky_status__type_support.cpp.o[0m
[3.169s] [ 41%] [32mBuilding CXX object CMakeFiles/husky_msgs__rosidl_typesupport_introspection_cpp.dir/rosidl_typesupport_introspection_cpp/husky_msgs/msg/detail/husky_status__type_support.cpp.o[0m
[3.330s] [ 45%] [32mBuilding C object CMakeFiles/husky_msgs__rosidl_typesupport_introspection_c.dir/rosidl_typesupport_introspection_c/husky_msgs/msg/detail/husky_status__type_support.c.o[0m
[3.364s] [ 48%] [32mBuilding CXX object CMakeFiles/husky_msgs__rosidl_typesupport_c.dir/rosidl_typesupport_c/husky_msgs/msg/husky_status__type_support.cpp.o[0m
[3.388s] [ 51%] [32m[1mLinking C shared library libhusky_msgs__rosidl_typesupport_introspection_c.so[0m
[3.409s] [ 54%] [32mBuilding CXX object CMakeFiles/husky_msgs__rosidl_typesupport_fastrtps_c.dir/rosidl_typesupport_fastrtps_c/husky_msgs/msg/detail/husky_status__type_support_c.cpp.o[0m
[3.409s] [ 58%] [32m[1mLinking CXX shared library libhusky_msgs__rosidl_typesupport_c.so[0m
[3.436s] [ 58%] Built target husky_msgs__rosidl_typesupport_introspection_c
[3.465s] [ 61%] [32m[1mLinking CXX shared library libhusky_msgs__rosidl_typesupport_cpp.so[0m
[3.475s] [ 61%] Built target husky_msgs__rosidl_typesupport_c
[3.512s] [ 61%] Built target husky_msgs__rosidl_typesupport_cpp
[3.628s] [ 64%] [32m[1mLinking CXX shared library libhusky_msgs__rosidl_typesupport_introspection_cpp.so[0m
[3.630s] [ 67%] [32m[1mLinking CXX shared library libhusky_msgs__rosidl_typesupport_fastrtps_cpp.so[0m
[3.699s] [ 67%] Built target husky_msgs__rosidl_typesupport_introspection_cpp
[3.716s] [ 67%] Built target husky_msgs__rosidl_typesupport_fastrtps_cpp
[3.770s] [ 70%] [32m[1mLinking CXX shared library libhusky_msgs__rosidl_typesupport_fastrtps_c.so[0m
[3.846s] [ 70%] Built target husky_msgs__rosidl_typesupport_fastrtps_c
[3.865s] [ 70%] Built target husky_msgs
[3.884s] [ 74%] [34m[1mGenerating Python code for ROS interfaces[0m
[3.947s] Traceback (most recent call last):
[3.947s]   File "/opt/ros/humble/share/rosidl_generator_py/cmake/../../../lib/rosidl_generator_py/rosidl_generator_py", line 8, in <module>
[3.947s]     from rosidl_generator_py import generate_py
[3.948s] ImportError: cannot import name 'generate_py' from 'rosidl_generator_py' (/opt/ros/humble/local/lib/python3.10/dist-packages/rosidl_generator_py/__init__.py)
[3.956s] gmake[2]: *** [husky_msgs__py/CMakeFiles/husky_msgs__py.dir/build.make:123: rosidl_generator_py/husky_msgs/_husky_msgs_s.ep.rosidl_typesupport_fastrtps_c.c] Error 1
[3.956s] gmake[1]: *** [CMakeFiles/Makefile2:590: husky_msgs__py/CMakeFiles/husky_msgs__py.dir/all] Error 2
[3.956s] gmake: *** [Makefile:146: all] Error 2
[3.958s] Invoked command in '/home/prakrutk/husky_ws/build/husky_msgs' returned '2': CMAKE_PREFIX_PATH=/opt/ros/humble CONDA_PROMPT_MODIFIER=(base) /usr/bin/cmake --build /home/prakrutk/husky_ws/build/husky_msgs -- -j8 -l8
