[0.064s] Invoking command in '/home/prakrutk/husky_ws/build/husky_viz': AMENT_PREFIX_PATH=/home/prakrutk/husky_ws/install/husky_description:${AMENT_PREFIX_PATH} CMAKE_PREFIX_PATH=/home/prakrutk/husky_ws/install/husky_description:/opt/ros/humble CONDA_PROMPT_MODIFIER=(base) /usr/bin/cmake --build /home/prakrutk/husky_ws/build/husky_viz -- -j8 -l8
[0.106s] Invoked command in '/home/prakrutk/husky_ws/build/husky_viz' returned '0': AMENT_PREFIX_PATH=/home/prakrutk/husky_ws/install/husky_description:${AMENT_PREFIX_PATH} CMAKE_PREFIX_PATH=/home/prakrutk/husky_ws/install/husky_description:/opt/ros/humble CONDA_PROMPT_MODIFIER=(base) /usr/bin/cmake --build /home/prakrutk/husky_ws/build/husky_viz -- -j8 -l8
[0.131s] Invoking command in '/home/prakrutk/husky_ws/build/husky_viz': AMENT_PREFIX_PATH=/home/prakrutk/husky_ws/install/husky_description:${AMENT_PREFIX_PATH} CMAKE_PREFIX_PATH=/home/prakrutk/husky_ws/install/husky_description:/opt/ros/humble CONDA_PROMPT_MODIFIER=(base) /usr/bin/cmake --install /home/prakrutk/husky_ws/build/husky_viz
[0.141s] -- Install configuration: ""
[0.142s] -- Up-to-date: /home/prakrutk/husky_ws/install/husky_viz/share/husky_viz/launch
[0.145s] -- Up-to-date: /home/prakrutk/husky_ws/install/husky_viz/share/husky_viz/launch/view_robot.launch
[0.145s] -- Up-to-date: /home/prakrutk/husky_ws/install/husky_viz/share/husky_viz/launch/view_model_launch.py
[0.146s] -- Up-to-date: /home/prakrutk/husky_ws/install/husky_viz/share/husky_viz/launch/view_robot_launch.py
[0.146s] -- Up-to-date: /home/prakrutk/husky_ws/install/husky_viz/share/husky_viz/launch/view_model.launch
[0.146s] -- Up-to-date: /home/prakrutk/husky_ws/install/husky_viz/share/husky_viz/rviz
[0.147s] -- Up-to-date: /home/prakrutk/husky_ws/install/husky_viz/share/husky_viz/rviz/model.rviz
[0.147s] -- Up-to-date: /home/prakrutk/husky_ws/install/husky_viz/share/husky_viz/rviz/test.rviz
[0.147s] -- Up-to-date: /home/prakrutk/husky_ws/install/husky_viz/share/husky_viz/rviz/robot.rviz
[0.148s] -- Up-to-date: /home/prakrutk/husky_ws/install/husky_viz/share/ament_index/resource_index/package_run_dependencies/husky_viz
[0.148s] -- Up-to-date: /home/prakrutk/husky_ws/install/husky_viz/share/ament_index/resource_index/parent_prefix_path/husky_viz
[0.149s] -- Up-to-date: /home/prakrutk/husky_ws/install/husky_viz/share/husky_viz/environment/ament_prefix_path.sh
[0.149s] -- Up-to-date: /home/prakrutk/husky_ws/install/husky_viz/share/husky_viz/environment/ament_prefix_path.dsv
[0.149s] -- Up-to-date: /home/prakrutk/husky_ws/install/husky_viz/share/husky_viz/environment/path.sh
[0.149s] -- Up-to-date: /home/prakrutk/husky_ws/install/husky_viz/share/husky_viz/environment/path.dsv
[0.149s] -- Up-to-date: /home/prakrutk/husky_ws/install/husky_viz/share/husky_viz/local_setup.bash
[0.149s] -- Up-to-date: /home/prakrutk/husky_ws/install/husky_viz/share/husky_viz/local_setup.sh
[0.149s] -- Up-to-date: /home/prakrutk/husky_ws/install/husky_viz/share/husky_viz/local_setup.zsh
[0.150s] -- Up-to-date: /home/prakrutk/husky_ws/install/husky_viz/share/husky_viz/local_setup.dsv
[0.150s] -- Installing: /home/prakrutk/husky_ws/install/husky_viz/share/husky_viz/package.dsv
[0.151s] -- Up-to-date: /home/prakrutk/husky_ws/install/husky_viz/share/ament_index/resource_index/packages/husky_viz
[0.151s] -- Up-to-date: /home/prakrutk/husky_ws/install/husky_viz/share/husky_viz/cmake/husky_vizConfig.cmake
[0.151s] -- Up-to-date: /home/prakrutk/husky_ws/install/husky_viz/share/husky_viz/cmake/husky_vizConfig-version.cmake
[0.151s] -- Up-to-date: /home/prakrutk/husky_ws/install/husky_viz/share/husky_viz/package.xml
[0.308s] Invoked command in '/home/prakrutk/husky_ws/build/husky_viz' returned '0': AMENT_PREFIX_PATH=/home/prakrutk/husky_ws/install/husky_description:${AMENT_PREFIX_PATH} CMAKE_PREFIX_PATH=/home/prakrutk/husky_ws/install/husky_description:/opt/ros/humble CONDA_PROMPT_MODIFIER=(base) /usr/bin/cmake --install /home/prakrutk/husky_ws/build/husky_viz
