[0.396s] Invoking command in '/home/prakrutk/husky_ws/build/husky_base': CMAKE_PREFIX_PATH=/home/prakrutk/husky_ws/install/husky_msgs:/home/prakrutk/husky_ws/install/husky_desktop:/home/prakrutk/husky_ws/install/husky_viz:/home/prakrutk/husky_ws/install/husky_simulator:/home/prakrutk/husky_ws/install/husky_robot:/home/prakrutk/husky_ws/install/husky_bringup:/home/prakrutk/husky_ws/install/husky_base:/home/prakrutk/husky_ws/install/husky_gazebo:/home/prakrutk/husky_ws/install/husky_control:/home/prakrutk/husky_ws/install/husky_description:/opt/ros/humble LD_LIBRARY_PATH=/home/prakrutk/husky_ws/install/husky_msgs/lib:/home/prakrutk/husky_ws/install/husky_base/lib:/usr/lib/x86_64-linux-gnu/gazebo-11/plugins:/opt/ros/humble/opt/rviz_ogre_vendor/lib:/opt/ros/humble/lib/x86_64-linux-gnu:/opt/ros/humble/lib /usr/bin/cmake --build /home/prakrutk/husky_ws/build/husky_base -- -j8 -l8
[0.553s] [100%] Built target husky_hardware
[0.726s] Invoked command in '/home/prakrutk/husky_ws/build/husky_base' returned '0': CMAKE_PREFIX_PATH=/home/prakrutk/husky_ws/install/husky_msgs:/home/prakrutk/husky_ws/install/husky_desktop:/home/prakrutk/husky_ws/install/husky_viz:/home/prakrutk/husky_ws/install/husky_simulator:/home/prakrutk/husky_ws/install/husky_robot:/home/prakrutk/husky_ws/install/husky_bringup:/home/prakrutk/husky_ws/install/husky_base:/home/prakrutk/husky_ws/install/husky_gazebo:/home/prakrutk/husky_ws/install/husky_control:/home/prakrutk/husky_ws/install/husky_description:/opt/ros/humble LD_LIBRARY_PATH=/home/prakrutk/husky_ws/install/husky_msgs/lib:/home/prakrutk/husky_ws/install/husky_base/lib:/usr/lib/x86_64-linux-gnu/gazebo-11/plugins:/opt/ros/humble/opt/rviz_ogre_vendor/lib:/opt/ros/humble/lib/x86_64-linux-gnu:/opt/ros/humble/lib /usr/bin/cmake --build /home/prakrutk/husky_ws/build/husky_base -- -j8 -l8
[1.023s] Invoking command in '/home/prakrutk/husky_ws/build/husky_base': CMAKE_PREFIX_PATH=/home/prakrutk/husky_ws/install/husky_msgs:/home/prakrutk/husky_ws/install/husky_desktop:/home/prakrutk/husky_ws/install/husky_viz:/home/prakrutk/husky_ws/install/husky_simulator:/home/prakrutk/husky_ws/install/husky_robot:/home/prakrutk/husky_ws/install/husky_bringup:/home/prakrutk/husky_ws/install/husky_base:/home/prakrutk/husky_ws/install/husky_gazebo:/home/prakrutk/husky_ws/install/husky_control:/home/prakrutk/husky_ws/install/husky_description:/opt/ros/humble LD_LIBRARY_PATH=/home/prakrutk/husky_ws/install/husky_msgs/lib:/home/prakrutk/husky_ws/install/husky_base/lib:/usr/lib/x86_64-linux-gnu/gazebo-11/plugins:/opt/ros/humble/opt/rviz_ogre_vendor/lib:/opt/ros/humble/lib/x86_64-linux-gnu:/opt/ros/humble/lib /usr/bin/cmake --install /home/prakrutk/husky_ws/build/husky_base
[1.033s] -- Install configuration: ""
[1.033s] -- Up-to-date: /home/prakrutk/husky_ws/install/husky_base/share/husky_base/husky_hardware.xml
[1.034s] -- Up-to-date: /home/prakrutk/husky_ws/install/husky_base/lib/libhusky_hardware.so
[1.035s] -- Up-to-date: /home/prakrutk/husky_ws/install/husky_base/include
[1.035s] -- Up-to-date: /home/prakrutk/husky_ws/install/husky_base/include/husky_base
[1.036s] -- Up-to-date: /home/prakrutk/husky_ws/install/husky_base/include/husky_base/husky_hardware.hpp
[1.037s] -- Up-to-date: /home/prakrutk/husky_ws/install/husky_base/include/husky_base/horizon_legacy
[1.038s] -- Up-to-date: /home/prakrutk/husky_ws/install/husky_base/include/husky_base/horizon_legacy/Message_data.h
[1.038s] -- Up-to-date: /home/prakrutk/husky_ws/install/husky_base/include/husky_base/horizon_legacy/crc.h
[1.038s] -- Up-to-date: /home/prakrutk/husky_ws/install/husky_base/include/husky_base/horizon_legacy/Message.h
[1.038s] -- Up-to-date: /home/prakrutk/husky_ws/install/husky_base/include/husky_base/horizon_legacy/Message_cmd.h
[1.039s] -- Up-to-date: /home/prakrutk/husky_ws/install/husky_base/include/husky_base/horizon_legacy/serial.h
[1.041s] -- Up-to-date: /home/prakrutk/husky_ws/install/husky_base/include/husky_base/horizon_legacy/Number.h
[1.041s] -- Up-to-date: /home/prakrutk/husky_ws/install/husky_base/include/husky_base/horizon_legacy/clearpath.h
[1.042s] -- Up-to-date: /home/prakrutk/husky_ws/install/husky_base/include/husky_base/horizon_legacy/Logger.h
[1.043s] -- Up-to-date: /home/prakrutk/husky_ws/install/husky_base/include/husky_base/horizon_legacy/Message_request.h
[1.043s] -- Up-to-date: /home/prakrutk/husky_ws/install/husky_base/include/husky_base/horizon_legacy/Transport.h
[1.044s] -- Up-to-date: /home/prakrutk/husky_ws/install/husky_base/include/husky_base/horizon_legacy/Exception.h
[1.045s] -- Up-to-date: /home/prakrutk/husky_ws/install/husky_base/include/husky_base/husky_diagnostics.h
[1.045s] -- Up-to-date: /home/prakrutk/husky_ws/install/husky_base/include/husky_base/horizon_legacy_wrapper.h
[1.046s] -- Up-to-date: /home/prakrutk/husky_ws/install/husky_base/share/husky_base/launch
[1.046s] -- Up-to-date: /home/prakrutk/husky_ws/install/husky_base/share/husky_base/launch/base.launch.py
[1.047s] -- Up-to-date: /home/prakrutk/husky_ws/install/husky_base/share/husky_base/environment/library_path.sh
[1.048s] -- Up-to-date: /home/prakrutk/husky_ws/install/husky_base/share/husky_base/environment/library_path.dsv
[1.049s] -- Up-to-date: /home/prakrutk/husky_ws/install/husky_base/share/ament_index/resource_index/package_run_dependencies/husky_base
[1.049s] -- Up-to-date: /home/prakrutk/husky_ws/install/husky_base/share/ament_index/resource_index/parent_prefix_path/husky_base
[1.050s] -- Up-to-date: /home/prakrutk/husky_ws/install/husky_base/share/husky_base/environment/ament_prefix_path.sh
[1.050s] -- Up-to-date: /home/prakrutk/husky_ws/install/husky_base/share/husky_base/environment/ament_prefix_path.dsv
[1.051s] -- Up-to-date: /home/prakrutk/husky_ws/install/husky_base/share/husky_base/environment/path.sh
[1.051s] -- Up-to-date: /home/prakrutk/husky_ws/install/husky_base/share/husky_base/environment/path.dsv
[1.052s] -- Up-to-date: /home/prakrutk/husky_ws/install/husky_base/share/husky_base/local_setup.bash
[1.052s] -- Up-to-date: /home/prakrutk/husky_ws/install/husky_base/share/husky_base/local_setup.sh
[1.053s] -- Up-to-date: /home/prakrutk/husky_ws/install/husky_base/share/husky_base/local_setup.zsh
[1.053s] -- Up-to-date: /home/prakrutk/husky_ws/install/husky_base/share/husky_base/local_setup.dsv
[1.054s] -- Installing: /home/prakrutk/husky_ws/install/husky_base/share/husky_base/package.dsv
[1.055s] -- Up-to-date: /home/prakrutk/husky_ws/install/husky_base/share/ament_index/resource_index/packages/husky_base
[1.055s] -- Up-to-date: /home/prakrutk/husky_ws/install/husky_base/share/ament_index/resource_index/hardware_interface__pluginlib__plugin/husky_base
[1.056s] -- Up-to-date: /home/prakrutk/husky_ws/install/husky_base/share/husky_base/cmake/ament_cmake_export_include_directories-extras.cmake
[1.057s] -- Up-to-date: /home/prakrutk/husky_ws/install/husky_base/share/husky_base/cmake/ament_cmake_export_libraries-extras.cmake
[1.057s] -- Up-to-date: /home/prakrutk/husky_ws/install/husky_base/share/husky_base/cmake/ament_cmake_export_dependencies-extras.cmake
[1.058s] -- Up-to-date: /home/prakrutk/husky_ws/install/husky_base/share/husky_base/cmake/husky_baseConfig.cmake
[1.058s] -- Up-to-date: /home/prakrutk/husky_ws/install/husky_base/share/husky_base/cmake/husky_baseConfig-version.cmake
[1.059s] -- Up-to-date: /home/prakrutk/husky_ws/install/husky_base/share/husky_base/package.xml
[1.402s] Invoked command in '/home/prakrutk/husky_ws/build/husky_base' returned '0': CMAKE_PREFIX_PATH=/home/prakrutk/husky_ws/install/husky_msgs:/home/prakrutk/husky_ws/install/husky_desktop:/home/prakrutk/husky_ws/install/husky_viz:/home/prakrutk/husky_ws/install/husky_simulator:/home/prakrutk/husky_ws/install/husky_robot:/home/prakrutk/husky_ws/install/husky_bringup:/home/prakrutk/husky_ws/install/husky_base:/home/prakrutk/husky_ws/install/husky_gazebo:/home/prakrutk/husky_ws/install/husky_control:/home/prakrutk/husky_ws/install/husky_description:/opt/ros/humble LD_LIBRARY_PATH=/home/prakrutk/husky_ws/install/husky_msgs/lib:/home/prakrutk/husky_ws/install/husky_base/lib:/usr/lib/x86_64-linux-gnu/gazebo-11/plugins:/opt/ros/humble/opt/rviz_ogre_vendor/lib:/opt/ros/humble/lib/x86_64-linux-gnu:/opt/ros/humble/lib /usr/bin/cmake --install /home/prakrutk/husky_ws/build/husky_base
