[0.142s] Invoking command in '/home/prakrutk/husky_ws/build/husky_viz': CMAKE_PREFIX_PATH=/home/prakrutk/husky_ws/install/husky_description:/home/prakrutk/husky_ws/install/husky_desktop:/home/prakrutk/husky_ws/install/husky_viz:/home/prakrutk/husky_ws/install/husky_simulator:/home/prakrutk/husky_ws/install/husky_robot:/home/prakrutk/husky_ws/install/husky_bringup:/home/prakrutk/husky_ws/install/husky_base:/home/prakrutk/husky_ws/install/husky_msgs:/home/prakrutk/husky_ws/install/husky_gazebo:/home/prakrutk/husky_ws/install/husky_control:/opt/ros/humble /usr/bin/cmake --build /home/prakrutk/husky_ws/build/husky_viz -- -j8 -l8
[0.202s] Invoked command in '/home/prakrutk/husky_ws/build/husky_viz' returned '0': CMAKE_PREFIX_PATH=/home/prakrutk/husky_ws/install/husky_description:/home/prakrutk/husky_ws/install/husky_desktop:/home/prakrutk/husky_ws/install/husky_viz:/home/prakrutk/husky_ws/install/husky_simulator:/home/prakrutk/husky_ws/install/husky_robot:/home/prakrutk/husky_ws/install/husky_bringup:/home/prakrutk/husky_ws/install/husky_base:/home/prakrutk/husky_ws/install/husky_msgs:/home/prakrutk/husky_ws/install/husky_gazebo:/home/prakrutk/husky_ws/install/husky_control:/opt/ros/humble /usr/bin/cmake --build /home/prakrutk/husky_ws/build/husky_viz -- -j8 -l8
[0.244s] Invoking command in '/home/prakrutk/husky_ws/build/husky_viz': CMAKE_PREFIX_PATH=/home/prakrutk/husky_ws/install/husky_description:/home/prakrutk/husky_ws/install/husky_desktop:/home/prakrutk/husky_ws/install/husky_viz:/home/prakrutk/husky_ws/install/husky_simulator:/home/prakrutk/husky_ws/install/husky_robot:/home/prakrutk/husky_ws/install/husky_bringup:/home/prakrutk/husky_ws/install/husky_base:/home/prakrutk/husky_ws/install/husky_msgs:/home/prakrutk/husky_ws/install/husky_gazebo:/home/prakrutk/husky_ws/install/husky_control:/opt/ros/humble /usr/bin/cmake --install /home/prakrutk/husky_ws/build/husky_viz
[0.267s] -- Install configuration: ""
[0.267s] -- Up-to-date: /home/prakrutk/husky_ws/install/husky_viz/share/husky_viz/launch
[0.267s] -- Up-to-date: /home/prakrutk/husky_ws/install/husky_viz/share/husky_viz/launch/view_robot.launch
[0.268s] -- Up-to-date: /home/prakrutk/husky_ws/install/husky_viz/share/husky_viz/launch/view_model_launch.py
[0.268s] -- Up-to-date: /home/prakrutk/husky_ws/install/husky_viz/share/husky_viz/launch/view_robot_launch.py
[0.272s] -- Up-to-date: /home/prakrutk/husky_ws/install/husky_viz/share/husky_viz/launch/view_model.launch
[0.272s] -- Up-to-date: /home/prakrutk/husky_ws/install/husky_viz/share/husky_viz/rviz
[0.272s] -- Up-to-date: /home/prakrutk/husky_ws/install/husky_viz/share/husky_viz/rviz/model.rviz
[0.273s] -- Up-to-date: /home/prakrutk/husky_ws/install/husky_viz/share/husky_viz/rviz/test.rviz
[0.273s] -- Up-to-date: /home/prakrutk/husky_ws/install/husky_viz/share/husky_viz/rviz/robot.rviz
[0.274s] -- Up-to-date: /home/prakrutk/husky_ws/install/husky_viz/share/ament_index/resource_index/package_run_dependencies/husky_viz
[0.274s] -- Up-to-date: /home/prakrutk/husky_ws/install/husky_viz/share/ament_index/resource_index/parent_prefix_path/husky_viz
[0.274s] -- Up-to-date: /home/prakrutk/husky_ws/install/husky_viz/share/husky_viz/environment/ament_prefix_path.sh
[0.274s] -- Up-to-date: /home/prakrutk/husky_ws/install/husky_viz/share/husky_viz/environment/ament_prefix_path.dsv
[0.274s] -- Up-to-date: /home/prakrutk/husky_ws/install/husky_viz/share/husky_viz/environment/path.sh
[0.275s] -- Up-to-date: /home/prakrutk/husky_ws/install/husky_viz/share/husky_viz/environment/path.dsv
[0.275s] -- Up-to-date: /home/prakrutk/husky_ws/install/husky_viz/share/husky_viz/local_setup.bash
[0.275s] -- Up-to-date: /home/prakrutk/husky_ws/install/husky_viz/share/husky_viz/local_setup.sh
[0.276s] -- Up-to-date: /home/prakrutk/husky_ws/install/husky_viz/share/husky_viz/local_setup.zsh
[0.279s] -- Up-to-date: /home/prakrutk/husky_ws/install/husky_viz/share/husky_viz/local_setup.dsv
[0.280s] -- Installing: /home/prakrutk/husky_ws/install/husky_viz/share/husky_viz/package.dsv
[0.280s] -- Up-to-date: /home/prakrutk/husky_ws/install/husky_viz/share/ament_index/resource_index/packages/husky_viz
[0.281s] -- Up-to-date: /home/prakrutk/husky_ws/install/husky_viz/share/husky_viz/cmake/husky_vizConfig.cmake
[0.281s] -- Up-to-date: /home/prakrutk/husky_ws/install/husky_viz/share/husky_viz/cmake/husky_vizConfig-version.cmake
[0.281s] -- Up-to-date: /home/prakrutk/husky_ws/install/husky_viz/share/husky_viz/package.xml
[0.422s] Invoked command in '/home/prakrutk/husky_ws/build/husky_viz' returned '0': CMAKE_PREFIX_PATH=/home/prakrutk/husky_ws/install/husky_description:/home/prakrutk/husky_ws/install/husky_desktop:/home/prakrutk/husky_ws/install/husky_viz:/home/prakrutk/husky_ws/install/husky_simulator:/home/prakrutk/husky_ws/install/husky_robot:/home/prakrutk/husky_ws/install/husky_bringup:/home/prakrutk/husky_ws/install/husky_base:/home/prakrutk/husky_ws/install/husky_msgs:/home/prakrutk/husky_ws/install/husky_gazebo:/home/prakrutk/husky_ws/install/husky_control:/opt/ros/humble /usr/bin/cmake --install /home/prakrutk/husky_ws/build/husky_viz
