[35m[1mConsolidate compiler generated dependencies of target husky_msgs__rosidl_generator_c[0m
[  3%] Built target husky_msgs__cpp
[ 12%] Built target husky_msgs__rosidl_generator_c
[ 12%] Built target ament_cmake_python_copy_husky_msgs
[35m[1mConsolidate compiler generated dependencies of target husky_msgs__rosidl_typesupport_cpp[0m
[35m[1mConsolidate compiler generated dependencies of target husky_msgs__rosidl_typesupport_introspection_cpp[0m
[35m[1mConsolidate compiler generated dependencies of target husky_msgs__rosidl_typesupport_fastrtps_cpp[0m
[35m[1mConsolidate compiler generated dependencies of target husky_msgs__rosidl_typesupport_fastrtps_c[0m
[35m[1mConsolidate compiler generated dependencies of target husky_msgs__rosidl_typesupport_c[0m
[35m[1mConsolidate compiler generated dependencies of target husky_msgs__rosidl_typesupport_introspection_c[0m
[ 22%] Built target husky_msgs__rosidl_typesupport_c
[ 45%] Built target husky_msgs__rosidl_typesupport_fastrtps_c
[ 45%] Built target husky_msgs__rosidl_typesupport_introspection_cpp
[ 61%] Built target husky_msgs__rosidl_typesupport_introspection_c
[ 51%] Built target husky_msgs__rosidl_typesupport_fastrtps_cpp
[ 70%] Built target husky_msgs__rosidl_typesupport_cpp
[ 70%] Built target husky_msgs
[ 74%] [34m[1mGenerating Python code for ROS interfaces[0m
running egg_info
writing husky_msgs.egg-info/PKG-INFO
writing dependency_links to husky_msgs.egg-info/dependency_links.txt
writing top-level names to husky_msgs.egg-info/top_level.txt
reading manifest file 'husky_msgs.egg-info/SOURCES.txt'
writing manifest file 'husky_msgs.egg-info/SOURCES.txt'
[ 74%] Built target ament_cmake_python_build_husky_msgs_egg
[ 74%] Built target husky_msgs__py
[ 77%] [32mBuilding C object CMakeFiles/husky_msgs__rosidl_generator_py.dir/rosidl_generator_py/husky_msgs/msg/_husky_status_s.c.o[0m
[ 80%] [32m[1mLinking C shared library rosidl_generator_py/husky_msgs/libhusky_msgs__rosidl_generator_py.so[0m
[ 80%] Built target husky_msgs__rosidl_generator_py
[ 87%] [32mBuilding C object CMakeFiles/husky_msgs__rosidl_typesupport_introspection_c__pyext.dir/rosidl_generator_py/husky_msgs/_husky_msgs_s.ep.rosidl_typesupport_introspection_c.c.o[0m
[ 87%] [32mBuilding C object CMakeFiles/husky_msgs__rosidl_typesupport_c__pyext.dir/rosidl_generator_py/husky_msgs/_husky_msgs_s.ep.rosidl_typesupport_c.c.o[0m
[ 90%] [32mBuilding C object CMakeFiles/husky_msgs__rosidl_typesupport_fastrtps_c__pyext.dir/rosidl_generator_py/husky_msgs/_husky_msgs_s.ep.rosidl_typesupport_fastrtps_c.c.o[0m
[ 96%] [32m[1mLinking C shared library rosidl_generator_py/husky_msgs/husky_msgs_s__rosidl_typesupport_c.cpython-311-x86_64-linux-gnu.so[0m
[ 96%] [32m[1mLinking C shared library rosidl_generator_py/husky_msgs/husky_msgs_s__rosidl_typesupport_introspection_c.cpython-311-x86_64-linux-gnu.so[0m
[100%] [32m[1mLinking C shared library rosidl_generator_py/husky_msgs/husky_msgs_s__rosidl_typesupport_fastrtps_c.cpython-311-x86_64-linux-gnu.so[0m
[100%] Built target husky_msgs__rosidl_typesupport_introspection_c__pyext
[100%] Built target husky_msgs__rosidl_typesupport_c__pyext
[100%] Built target husky_msgs__rosidl_typesupport_fastrtps_c__pyext
-- Install configuration: ""
-- Installing: /home/prakrutk/husky_ws/install/husky_msgs/share/ament_index/resource_index/rosidl_interfaces/husky_msgs
-- Installing: /home/prakrutk/husky_ws/install/husky_msgs/include/husky_msgs/husky_msgs
-- Installing: /home/prakrutk/husky_ws/install/husky_msgs/include/husky_msgs/husky_msgs/msg
-- Installing: /home/prakrutk/husky_ws/install/husky_msgs/include/husky_msgs/husky_msgs/msg/husky_status.h
-- Installing: /home/prakrutk/husky_ws/install/husky_msgs/include/husky_msgs/husky_msgs/msg/rosidl_generator_c__visibility_control.h
-- Installing: /home/prakrutk/husky_ws/install/husky_msgs/include/husky_msgs/husky_msgs/msg/detail
-- Installing: /home/prakrutk/husky_ws/install/husky_msgs/include/husky_msgs/husky_msgs/msg/detail/husky_status__struct.h
-- Installing: /home/prakrutk/husky_ws/install/husky_msgs/include/husky_msgs/husky_msgs/msg/detail/husky_status__type_support.h
-- Installing: /home/prakrutk/husky_ws/install/husky_msgs/include/husky_msgs/husky_msgs/msg/detail/husky_status__functions.h
-- Installing: /home/prakrutk/husky_ws/install/husky_msgs/include/husky_msgs/husky_msgs/msg/detail/husky_status__functions.c
-- Installing: /home/prakrutk/husky_ws/install/husky_msgs/share/husky_msgs/environment/library_path.sh
-- Installing: /home/prakrutk/husky_ws/install/husky_msgs/share/husky_msgs/environment/library_path.dsv
-- Installing: /home/prakrutk/husky_ws/install/husky_msgs/lib/libhusky_msgs__rosidl_generator_c.so
-- Set runtime path of "/home/prakrutk/husky_ws/install/husky_msgs/lib/libhusky_msgs__rosidl_generator_c.so" to ""
-- Up-to-date: /home/prakrutk/husky_ws/install/husky_msgs/include/husky_msgs/husky_msgs
-- Up-to-date: /home/prakrutk/husky_ws/install/husky_msgs/include/husky_msgs/husky_msgs/msg
-- Up-to-date: /home/prakrutk/husky_ws/install/husky_msgs/include/husky_msgs/husky_msgs/msg/detail
-- Installing: /home/prakrutk/husky_ws/install/husky_msgs/include/husky_msgs/husky_msgs/msg/detail/husky_status__rosidl_typesupport_fastrtps_c.h
-- Installing: /home/prakrutk/husky_ws/install/husky_msgs/include/husky_msgs/husky_msgs/msg/rosidl_typesupport_fastrtps_c__visibility_control.h
-- Installing: /home/prakrutk/husky_ws/install/husky_msgs/lib/libhusky_msgs__rosidl_typesupport_fastrtps_c.so
-- Set runtime path of "/home/prakrutk/husky_ws/install/husky_msgs/lib/libhusky_msgs__rosidl_typesupport_fastrtps_c.so" to ""
-- Up-to-date: /home/prakrutk/husky_ws/install/husky_msgs/include/husky_msgs/husky_msgs
-- Up-to-date: /home/prakrutk/husky_ws/install/husky_msgs/include/husky_msgs/husky_msgs/msg
-- Installing: /home/prakrutk/husky_ws/install/husky_msgs/include/husky_msgs/husky_msgs/msg/husky_status.hpp
-- Up-to-date: /home/prakrutk/husky_ws/install/husky_msgs/include/husky_msgs/husky_msgs/msg/detail
-- Installing: /home/prakrutk/husky_ws/install/husky_msgs/include/husky_msgs/husky_msgs/msg/detail/husky_status__struct.hpp
-- Installing: /home/prakrutk/husky_ws/install/husky_msgs/include/husky_msgs/husky_msgs/msg/detail/husky_status__builder.hpp
-- Installing: /home/prakrutk/husky_ws/install/husky_msgs/include/husky_msgs/husky_msgs/msg/detail/husky_status__traits.hpp
-- Up-to-date: /home/prakrutk/husky_ws/install/husky_msgs/include/husky_msgs/husky_msgs
-- Up-to-date: /home/prakrutk/husky_ws/install/husky_msgs/include/husky_msgs/husky_msgs/msg
-- Up-to-date: /home/prakrutk/husky_ws/install/husky_msgs/include/husky_msgs/husky_msgs/msg/detail
-- Installing: /home/prakrutk/husky_ws/install/husky_msgs/include/husky_msgs/husky_msgs/msg/detail/husky_status__rosidl_typesupport_fastrtps_cpp.hpp
-- Installing: /home/prakrutk/husky_ws/install/husky_msgs/include/husky_msgs/husky_msgs/msg/detail/dds_fastrtps
-- Installing: /home/prakrutk/husky_ws/install/husky_msgs/include/husky_msgs/husky_msgs/msg/rosidl_typesupport_fastrtps_cpp__visibility_control.h
-- Installing: /home/prakrutk/husky_ws/install/husky_msgs/lib/libhusky_msgs__rosidl_typesupport_fastrtps_cpp.so
-- Set runtime path of "/home/prakrutk/husky_ws/install/husky_msgs/lib/libhusky_msgs__rosidl_typesupport_fastrtps_cpp.so" to ""
-- Up-to-date: /home/prakrutk/husky_ws/install/husky_msgs/include/husky_msgs/husky_msgs
-- Up-to-date: /home/prakrutk/husky_ws/install/husky_msgs/include/husky_msgs/husky_msgs/msg
-- Installing: /home/prakrutk/husky_ws/install/husky_msgs/include/husky_msgs/husky_msgs/msg/rosidl_typesupport_introspection_c__visibility_control.h
-- Up-to-date: /home/prakrutk/husky_ws/install/husky_msgs/include/husky_msgs/husky_msgs/msg/detail
-- Installing: /home/prakrutk/husky_ws/install/husky_msgs/include/husky_msgs/husky_msgs/msg/detail/husky_status__rosidl_typesupport_introspection_c.h
-- Installing: /home/prakrutk/husky_ws/install/husky_msgs/include/husky_msgs/husky_msgs/msg/detail/husky_status__type_support.c
-- Installing: /home/prakrutk/husky_ws/install/husky_msgs/lib/libhusky_msgs__rosidl_typesupport_introspection_c.so
-- Set runtime path of "/home/prakrutk/husky_ws/install/husky_msgs/lib/libhusky_msgs__rosidl_typesupport_introspection_c.so" to ""
-- Installing: /home/prakrutk/husky_ws/install/husky_msgs/lib/libhusky_msgs__rosidl_typesupport_c.so
-- Set runtime path of "/home/prakrutk/husky_ws/install/husky_msgs/lib/libhusky_msgs__rosidl_typesupport_c.so" to ""
-- Up-to-date: /home/prakrutk/husky_ws/install/husky_msgs/include/husky_msgs/husky_msgs
-- Up-to-date: /home/prakrutk/husky_ws/install/husky_msgs/include/husky_msgs/husky_msgs/msg
-- Up-to-date: /home/prakrutk/husky_ws/install/husky_msgs/include/husky_msgs/husky_msgs/msg/detail
-- Installing: /home/prakrutk/husky_ws/install/husky_msgs/include/husky_msgs/husky_msgs/msg/detail/husky_status__type_support.cpp
-- Installing: /home/prakrutk/husky_ws/install/husky_msgs/include/husky_msgs/husky_msgs/msg/detail/husky_status__rosidl_typesupport_introspection_cpp.hpp
-- Installing: /home/prakrutk/husky_ws/install/husky_msgs/lib/libhusky_msgs__rosidl_typesupport_introspection_cpp.so
-- Set runtime path of "/home/prakrutk/husky_ws/install/husky_msgs/lib/libhusky_msgs__rosidl_typesupport_introspection_cpp.so" to ""
-- Installing: /home/prakrutk/husky_ws/install/husky_msgs/lib/libhusky_msgs__rosidl_typesupport_cpp.so
-- Set runtime path of "/home/prakrutk/husky_ws/install/husky_msgs/lib/libhusky_msgs__rosidl_typesupport_cpp.so" to ""
-- Installing: /home/prakrutk/husky_ws/install/husky_msgs/share/husky_msgs/environment/pythonpath.sh
-- Installing: /home/prakrutk/husky_ws/install/husky_msgs/share/husky_msgs/environment/pythonpath.dsv
-- Installing: /home/prakrutk/husky_ws/install/husky_msgs/local/lib/python3.10/dist-packages/husky_msgs-1.0.8-py3.10.egg-info
-- Installing: /home/prakrutk/husky_ws/install/husky_msgs/local/lib/python3.10/dist-packages/husky_msgs-1.0.8-py3.10.egg-info/SOURCES.txt
-- Installing: /home/prakrutk/husky_ws/install/husky_msgs/local/lib/python3.10/dist-packages/husky_msgs-1.0.8-py3.10.egg-info/top_level.txt
-- Installing: /home/prakrutk/husky_ws/install/husky_msgs/local/lib/python3.10/dist-packages/husky_msgs-1.0.8-py3.10.egg-info/dependency_links.txt
-- Installing: /home/prakrutk/husky_ws/install/husky_msgs/local/lib/python3.10/dist-packages/husky_msgs-1.0.8-py3.10.egg-info/PKG-INFO
-- Installing: /home/prakrutk/husky_ws/install/husky_msgs/local/lib/python3.10/dist-packages/husky_msgs
-- Installing: /home/prakrutk/husky_ws/install/husky_msgs/local/lib/python3.10/dist-packages/husky_msgs/_husky_msgs_s.ep.rosidl_typesupport_introspection_c.c
-- Installing: /home/prakrutk/husky_ws/install/husky_msgs/local/lib/python3.10/dist-packages/husky_msgs/husky_msgs_s__rosidl_typesupport_introspection_c.cpython-311-x86_64-linux-gnu.so
-- Installing: /home/prakrutk/husky_ws/install/husky_msgs/local/lib/python3.10/dist-packages/husky_msgs/_husky_msgs_s.ep.rosidl_typesupport_fastrtps_c.c
-- Installing: /home/prakrutk/husky_ws/install/husky_msgs/local/lib/python3.10/dist-packages/husky_msgs/libhusky_msgs__rosidl_generator_py.so
-- Installing: /home/prakrutk/husky_ws/install/husky_msgs/local/lib/python3.10/dist-packages/husky_msgs/_husky_msgs_s.ep.rosidl_typesupport_c.c
-- Installing: /home/prakrutk/husky_ws/install/husky_msgs/local/lib/python3.10/dist-packages/husky_msgs/msg
-- Installing: /home/prakrutk/husky_ws/install/husky_msgs/local/lib/python3.10/dist-packages/husky_msgs/msg/_husky_status.py
-- Installing: /home/prakrutk/husky_ws/install/husky_msgs/local/lib/python3.10/dist-packages/husky_msgs/msg/_husky_status_s.c
-- Installing: /home/prakrutk/husky_ws/install/husky_msgs/local/lib/python3.10/dist-packages/husky_msgs/msg/__init__.py
-- Installing: /home/prakrutk/husky_ws/install/husky_msgs/local/lib/python3.10/dist-packages/husky_msgs/__init__.py
-- Installing: /home/prakrutk/husky_ws/install/husky_msgs/local/lib/python3.10/dist-packages/husky_msgs/husky_msgs_s__rosidl_typesupport_c.cpython-311-x86_64-linux-gnu.so
-- Installing: /home/prakrutk/husky_ws/install/husky_msgs/local/lib/python3.10/dist-packages/husky_msgs/husky_msgs_s__rosidl_typesupport_fastrtps_c.cpython-311-x86_64-linux-gnu.so
Listing '/home/prakrutk/husky_ws/install/husky_msgs/local/lib/python3.10/dist-packages/husky_msgs'...
Compiling '/home/prakrutk/husky_ws/install/husky_msgs/local/lib/python3.10/dist-packages/husky_msgs/__init__.py'...
Listing '/home/prakrutk/husky_ws/install/husky_msgs/local/lib/python3.10/dist-packages/husky_msgs/msg'...
Compiling '/home/prakrutk/husky_ws/install/husky_msgs/local/lib/python3.10/dist-packages/husky_msgs/msg/__init__.py'...
Compiling '/home/prakrutk/husky_ws/install/husky_msgs/local/lib/python3.10/dist-packages/husky_msgs/msg/_husky_status.py'...
-- Installing: /home/prakrutk/husky_ws/install/husky_msgs/local/lib/python3.10/dist-packages/husky_msgs/husky_msgs_s__rosidl_typesupport_fastrtps_c.cpython-311-x86_64-linux-gnu.so
-- Set runtime path of "/home/prakrutk/husky_ws/install/husky_msgs/local/lib/python3.10/dist-packages/husky_msgs/husky_msgs_s__rosidl_typesupport_fastrtps_c.cpython-311-x86_64-linux-gnu.so" to ""
-- Installing: /home/prakrutk/husky_ws/install/husky_msgs/local/lib/python3.10/dist-packages/husky_msgs/husky_msgs_s__rosidl_typesupport_introspection_c.cpython-311-x86_64-linux-gnu.so
-- Set runtime path of "/home/prakrutk/husky_ws/install/husky_msgs/local/lib/python3.10/dist-packages/husky_msgs/husky_msgs_s__rosidl_typesupport_introspection_c.cpython-311-x86_64-linux-gnu.so" to ""
-- Installing: /home/prakrutk/husky_ws/install/husky_msgs/local/lib/python3.10/dist-packages/husky_msgs/husky_msgs_s__rosidl_typesupport_c.cpython-311-x86_64-linux-gnu.so
-- Set runtime path of "/home/prakrutk/husky_ws/install/husky_msgs/local/lib/python3.10/dist-packages/husky_msgs/husky_msgs_s__rosidl_typesupport_c.cpython-311-x86_64-linux-gnu.so" to ""
-- Installing: /home/prakrutk/husky_ws/install/husky_msgs/lib/libhusky_msgs__rosidl_generator_py.so
-- Set runtime path of "/home/prakrutk/husky_ws/install/husky_msgs/lib/libhusky_msgs__rosidl_generator_py.so" to ""
-- Installing: /home/prakrutk/husky_ws/install/husky_msgs/share/husky_msgs/msg/HuskyStatus.idl
-- Installing: /home/prakrutk/husky_ws/install/husky_msgs/share/husky_msgs/msg/HuskyStatus.msg
-- Installing: /home/prakrutk/husky_ws/install/husky_msgs/share/ament_index/resource_index/package_run_dependencies/husky_msgs
-- Installing: /home/prakrutk/husky_ws/install/husky_msgs/share/ament_index/resource_index/parent_prefix_path/husky_msgs
-- Installing: /home/prakrutk/husky_ws/install/husky_msgs/share/husky_msgs/environment/ament_prefix_path.sh
-- Installing: /home/prakrutk/husky_ws/install/husky_msgs/share/husky_msgs/environment/ament_prefix_path.dsv
-- Installing: /home/prakrutk/husky_ws/install/husky_msgs/share/husky_msgs/environment/path.sh
-- Installing: /home/prakrutk/husky_ws/install/husky_msgs/share/husky_msgs/environment/path.dsv
-- Installing: /home/prakrutk/husky_ws/install/husky_msgs/share/husky_msgs/local_setup.bash
-- Installing: /home/prakrutk/husky_ws/install/husky_msgs/share/husky_msgs/local_setup.sh
-- Installing: /home/prakrutk/husky_ws/install/husky_msgs/share/husky_msgs/local_setup.zsh
-- Installing: /home/prakrutk/husky_ws/install/husky_msgs/share/husky_msgs/local_setup.dsv
-- Installing: /home/prakrutk/husky_ws/install/husky_msgs/share/husky_msgs/package.dsv
-- Installing: /home/prakrutk/husky_ws/install/husky_msgs/share/ament_index/resource_index/packages/husky_msgs
-- Installing: /home/prakrutk/husky_ws/install/husky_msgs/share/husky_msgs/cmake/export_husky_msgs__rosidl_generator_cExport.cmake
-- Installing: /home/prakrutk/husky_ws/install/husky_msgs/share/husky_msgs/cmake/export_husky_msgs__rosidl_generator_cExport-noconfig.cmake
-- Installing: /home/prakrutk/husky_ws/install/husky_msgs/share/husky_msgs/cmake/export_husky_msgs__rosidl_typesupport_fastrtps_cExport.cmake
-- Installing: /home/prakrutk/husky_ws/install/husky_msgs/share/husky_msgs/cmake/export_husky_msgs__rosidl_typesupport_fastrtps_cExport-noconfig.cmake
-- Installing: /home/prakrutk/husky_ws/install/husky_msgs/share/husky_msgs/cmake/export_husky_msgs__rosidl_generator_cppExport.cmake
-- Installing: /home/prakrutk/husky_ws/install/husky_msgs/share/husky_msgs/cmake/export_husky_msgs__rosidl_typesupport_fastrtps_cppExport.cmake
-- Installing: /home/prakrutk/husky_ws/install/husky_msgs/share/husky_msgs/cmake/export_husky_msgs__rosidl_typesupport_fastrtps_cppExport-noconfig.cmake
-- Installing: /home/prakrutk/husky_ws/install/husky_msgs/share/husky_msgs/cmake/husky_msgs__rosidl_typesupport_introspection_cExport.cmake
-- Installing: /home/prakrutk/husky_ws/install/husky_msgs/share/husky_msgs/cmake/husky_msgs__rosidl_typesupport_introspection_cExport-noconfig.cmake
-- Installing: /home/prakrutk/husky_ws/install/husky_msgs/share/husky_msgs/cmake/husky_msgs__rosidl_typesupport_cExport.cmake
-- Installing: /home/prakrutk/husky_ws/install/husky_msgs/share/husky_msgs/cmake/husky_msgs__rosidl_typesupport_cExport-noconfig.cmake
-- Installing: /home/prakrutk/husky_ws/install/husky_msgs/share/husky_msgs/cmake/husky_msgs__rosidl_typesupport_introspection_cppExport.cmake
-- Installing: /home/prakrutk/husky_ws/install/husky_msgs/share/husky_msgs/cmake/husky_msgs__rosidl_typesupport_introspection_cppExport-noconfig.cmake
-- Installing: /home/prakrutk/husky_ws/install/husky_msgs/share/husky_msgs/cmake/husky_msgs__rosidl_typesupport_cppExport.cmake
-- Installing: /home/prakrutk/husky_ws/install/husky_msgs/share/husky_msgs/cmake/husky_msgs__rosidl_typesupport_cppExport-noconfig.cmake
-- Installing: /home/prakrutk/husky_ws/install/husky_msgs/share/husky_msgs/cmake/export_husky_msgs__rosidl_generator_pyExport.cmake
-- Installing: /home/prakrutk/husky_ws/install/husky_msgs/share/husky_msgs/cmake/export_husky_msgs__rosidl_generator_pyExport-noconfig.cmake
-- Installing: /home/prakrutk/husky_ws/install/husky_msgs/share/husky_msgs/cmake/rosidl_cmake-extras.cmake
-- Installing: /home/prakrutk/husky_ws/install/husky_msgs/share/husky_msgs/cmake/ament_cmake_export_dependencies-extras.cmake
-- Installing: /home/prakrutk/husky_ws/install/husky_msgs/share/husky_msgs/cmake/ament_cmake_export_include_directories-extras.cmake
-- Installing: /home/prakrutk/husky_ws/install/husky_msgs/share/husky_msgs/cmake/ament_cmake_export_libraries-extras.cmake
-- Installing: /home/prakrutk/husky_ws/install/husky_msgs/share/husky_msgs/cmake/ament_cmake_export_targets-extras.cmake
-- Installing: /home/prakrutk/husky_ws/install/husky_msgs/share/husky_msgs/cmake/rosidl_cmake_export_typesupport_targets-extras.cmake
-- Installing: /home/prakrutk/husky_ws/install/husky_msgs/share/husky_msgs/cmake/rosidl_cmake_export_typesupport_libraries-extras.cmake
-- Installing: /home/prakrutk/husky_ws/install/husky_msgs/share/husky_msgs/cmake/husky_msgsConfig.cmake
-- Installing: /home/prakrutk/husky_ws/install/husky_msgs/share/husky_msgs/cmake/husky_msgsConfig-version.cmake
-- Installing: /home/prakrutk/husky_ws/install/husky_msgs/share/husky_msgs/package.xml
