[0.051s] Invoking command in '/home/prakrutk/husky_ws/build/husky_simulator': AMENT_PREFIX_PATH=/home/prakrutk/husky_ws/install/husky_gazebo:/home/prakrutk/husky_ws/install/husky_control:/home/prakrutk/husky_ws/install/husky_description:${AMENT_PREFIX_PATH} CMAKE_PREFIX_PATH=/home/prakrutk/husky_ws/install/husky_gazebo:/home/prakrutk/husky_ws/install/husky_control:/home/prakrutk/husky_ws/install/husky_description:/opt/ros/humble CONDA_PROMPT_MODIFIER=(base) /usr/bin/cmake --build /home/prakrutk/husky_ws/build/husky_simulator -- -j8 -l8
[0.088s] Invoked command in '/home/prakrutk/husky_ws/build/husky_simulator' returned '0': AMENT_PREFIX_PATH=/home/prakrutk/husky_ws/install/husky_gazebo:/home/prakrutk/husky_ws/install/husky_control:/home/prakrutk/husky_ws/install/husky_description:${AMENT_PREFIX_PATH} CMAKE_PREFIX_PATH=/home/prakrutk/husky_ws/install/husky_gazebo:/home/prakrutk/husky_ws/install/husky_control:/home/prakrutk/husky_ws/install/husky_description:/opt/ros/humble CONDA_PROMPT_MODIFIER=(base) /usr/bin/cmake --build /home/prakrutk/husky_ws/build/husky_simulator -- -j8 -l8
[0.113s] Invoking command in '/home/prakrutk/husky_ws/build/husky_simulator': AMENT_PREFIX_PATH=/home/prakrutk/husky_ws/install/husky_gazebo:/home/prakrutk/husky_ws/install/husky_control:/home/prakrutk/husky_ws/install/husky_description:${AMENT_PREFIX_PATH} CMAKE_PREFIX_PATH=/home/prakrutk/husky_ws/install/husky_gazebo:/home/prakrutk/husky_ws/install/husky_control:/home/prakrutk/husky_ws/install/husky_description:/opt/ros/humble CONDA_PROMPT_MODIFIER=(base) /usr/bin/cmake --install /home/prakrutk/husky_ws/build/husky_simulator
[0.120s] -- Install configuration: ""
[0.120s] -- Installing: /home/prakrutk/husky_ws/install/husky_simulator/share/ament_index/resource_index/package_run_dependencies/husky_simulator
[0.121s] -- Installing: /home/prakrutk/husky_ws/install/husky_simulator/share/ament_index/resource_index/parent_prefix_path/husky_simulator
[0.121s] -- Installing: /home/prakrutk/husky_ws/install/husky_simulator/share/husky_simulator/environment/ament_prefix_path.sh
[0.121s] -- Installing: /home/prakrutk/husky_ws/install/husky_simulator/share/husky_simulator/environment/ament_prefix_path.dsv
[0.122s] -- Installing: /home/prakrutk/husky_ws/install/husky_simulator/share/husky_simulator/environment/path.sh
[0.122s] -- Installing: /home/prakrutk/husky_ws/install/husky_simulator/share/husky_simulator/environment/path.dsv
[0.122s] -- Installing: /home/prakrutk/husky_ws/install/husky_simulator/share/husky_simulator/local_setup.bash
[0.122s] -- Installing: /home/prakrutk/husky_ws/install/husky_simulator/share/husky_simulator/local_setup.sh
[0.122s] -- Installing: /home/prakrutk/husky_ws/install/husky_simulator/share/husky_simulator/local_setup.zsh
[0.123s] -- Installing: /home/prakrutk/husky_ws/install/husky_simulator/share/husky_simulator/local_setup.dsv
[0.123s] -- Installing: /home/prakrutk/husky_ws/install/husky_simulator/share/husky_simulator/package.dsv
[0.124s] -- Installing: /home/prakrutk/husky_ws/install/husky_simulator/share/ament_index/resource_index/packages/husky_simulator
[0.124s] -- Installing: /home/prakrutk/husky_ws/install/husky_simulator/share/husky_simulator/cmake/husky_simulatorConfig.cmake
[0.124s] -- Installing: /home/prakrutk/husky_ws/install/husky_simulator/share/husky_simulator/cmake/husky_simulatorConfig-version.cmake
[0.125s] -- Installing: /home/prakrutk/husky_ws/install/husky_simulator/share/husky_simulator/package.xml
[0.128s] Invoked command in '/home/prakrutk/husky_ws/build/husky_simulator' returned '0': AMENT_PREFIX_PATH=/home/prakrutk/husky_ws/install/husky_gazebo:/home/prakrutk/husky_ws/install/husky_control:/home/prakrutk/husky_ws/install/husky_description:${AMENT_PREFIX_PATH} CMAKE_PREFIX_PATH=/home/prakrutk/husky_ws/install/husky_gazebo:/home/prakrutk/husky_ws/install/husky_control:/home/prakrutk/husky_ws/install/husky_description:/opt/ros/humble CONDA_PROMPT_MODIFIER=(base) /usr/bin/cmake --install /home/prakrutk/husky_ws/build/husky_simulator
