[0.145s] Invoking command in '/home/prakrutk/husky_ws/build/husky_bringup': CMAKE_PREFIX_PATH=/home/prakrutk/husky_ws/install/husky_control:/home/prakrutk/husky_ws/install/husky_base:/home/prakrutk/husky_ws/install/husky_msgs:/home/prakrutk/husky_ws/install/husky_description:/home/prakrutk/husky_ws/install/husky_desktop:/home/prakrutk/husky_ws/install/husky_viz:/home/prakrutk/husky_ws/install/husky_simulator:/home/prakrutk/husky_ws/install/husky_robot:/home/prakrutk/husky_ws/install/husky_bringup:/home/prakrutk/husky_ws/install/husky_gazebo:/opt/ros/humble /usr/bin/cmake --build /home/prakrutk/husky_ws/build/husky_bringup -- -j8 -l8
[0.239s] Invoked command in '/home/prakrutk/husky_ws/build/husky_bringup' returned '0': CMAKE_PREFIX_PATH=/home/prakrutk/husky_ws/install/husky_control:/home/prakrutk/husky_ws/install/husky_base:/home/prakrutk/husky_ws/install/husky_msgs:/home/prakrutk/husky_ws/install/husky_description:/home/prakrutk/husky_ws/install/husky_desktop:/home/prakrutk/husky_ws/install/husky_viz:/home/prakrutk/husky_ws/install/husky_simulator:/home/prakrutk/husky_ws/install/husky_robot:/home/prakrutk/husky_ws/install/husky_bringup:/home/prakrutk/husky_ws/install/husky_gazebo:/opt/ros/humble /usr/bin/cmake --build /home/prakrutk/husky_ws/build/husky_bringup -- -j8 -l8
[0.402s] Invoking command in '/home/prakrutk/husky_ws/build/husky_bringup': CMAKE_PREFIX_PATH=/home/prakrutk/husky_ws/install/husky_control:/home/prakrutk/husky_ws/install/husky_base:/home/prakrutk/husky_ws/install/husky_msgs:/home/prakrutk/husky_ws/install/husky_description:/home/prakrutk/husky_ws/install/husky_desktop:/home/prakrutk/husky_ws/install/husky_viz:/home/prakrutk/husky_ws/install/husky_simulator:/home/prakrutk/husky_ws/install/husky_robot:/home/prakrutk/husky_ws/install/husky_bringup:/home/prakrutk/husky_ws/install/husky_gazebo:/opt/ros/humble /usr/bin/cmake --install /home/prakrutk/husky_ws/build/husky_bringup
[0.415s] -- Install configuration: ""
[0.415s] -- Up-to-date: /home/prakrutk/husky_ws/install/husky_bringup/share/husky_bringup/config
[0.416s] -- Up-to-date: /home/prakrutk/husky_ws/install/husky_bringup/share/husky_bringup/config/mag_config_default.yaml
[0.416s] -- Up-to-date: /home/prakrutk/husky_ws/install/husky_bringup/share/husky_bringup/launch
[0.417s] -- Up-to-date: /home/prakrutk/husky_ws/install/husky_bringup/share/husky_bringup/launch/accessories.launch.py
[0.418s] -- Up-to-date: /home/prakrutk/husky_ws/install/husky_bringup/share/husky_bringup/udev
[0.419s] -- Up-to-date: /home/prakrutk/husky_ws/install/husky_bringup/share/husky_bringup/udev/41-hokuyo.rules
[0.419s] -- Up-to-date: /home/prakrutk/husky_ws/install/husky_bringup/share/husky_bringup/udev/41-clearpath.rules
[0.419s] -- Up-to-date: /home/prakrutk/husky_ws/install/husky_bringup/share/husky_bringup/udev/52-ftdi.rules
[0.419s] -- Up-to-date: /home/prakrutk/husky_ws/install/husky_bringup/share/husky_bringup/udev/10-microstrain.rules
[0.419s] -- Up-to-date: /home/prakrutk/husky_ws/install/husky_bringup/share/husky_bringup/udev/41-logitech.rules
[0.420s] -- Up-to-date: /home/prakrutk/husky_ws/install/husky_bringup/share/husky_bringup/udev/README.md
[0.420s] -- Up-to-date: /home/prakrutk/husky_ws/install/husky_bringup/lib/husky_bringup/install
[0.420s] -- Up-to-date: /home/prakrutk/husky_ws/install/husky_bringup/share/ament_index/resource_index/package_run_dependencies/husky_bringup
[0.420s] -- Up-to-date: /home/prakrutk/husky_ws/install/husky_bringup/share/ament_index/resource_index/parent_prefix_path/husky_bringup
[0.420s] -- Up-to-date: /home/prakrutk/husky_ws/install/husky_bringup/share/husky_bringup/environment/ament_prefix_path.sh
[0.421s] -- Up-to-date: /home/prakrutk/husky_ws/install/husky_bringup/share/husky_bringup/environment/ament_prefix_path.dsv
[0.421s] -- Up-to-date: /home/prakrutk/husky_ws/install/husky_bringup/share/husky_bringup/environment/path.sh
[0.422s] -- Up-to-date: /home/prakrutk/husky_ws/install/husky_bringup/share/husky_bringup/environment/path.dsv
[0.424s] -- Up-to-date: /home/prakrutk/husky_ws/install/husky_bringup/share/husky_bringup/local_setup.bash
[0.424s] -- Up-to-date: /home/prakrutk/husky_ws/install/husky_bringup/share/husky_bringup/local_setup.sh
[0.425s] -- Up-to-date: /home/prakrutk/husky_ws/install/husky_bringup/share/husky_bringup/local_setup.zsh
[0.425s] -- Up-to-date: /home/prakrutk/husky_ws/install/husky_bringup/share/husky_bringup/local_setup.dsv
[0.425s] -- Installing: /home/prakrutk/husky_ws/install/husky_bringup/share/husky_bringup/package.dsv
[0.426s] -- Up-to-date: /home/prakrutk/husky_ws/install/husky_bringup/share/ament_index/resource_index/packages/husky_bringup
[0.427s] -- Up-to-date: /home/prakrutk/husky_ws/install/husky_bringup/share/husky_bringup/cmake/husky_bringupConfig.cmake
[0.427s] -- Up-to-date: /home/prakrutk/husky_ws/install/husky_bringup/share/husky_bringup/cmake/husky_bringupConfig-version.cmake
[0.428s] -- Up-to-date: /home/prakrutk/husky_ws/install/husky_bringup/share/husky_bringup/package.xml
[0.429s] Invoked command in '/home/prakrutk/husky_ws/build/husky_bringup' returned '0': CMAKE_PREFIX_PATH=/home/prakrutk/husky_ws/install/husky_control:/home/prakrutk/husky_ws/install/husky_base:/home/prakrutk/husky_ws/install/husky_msgs:/home/prakrutk/husky_ws/install/husky_description:/home/prakrutk/husky_ws/install/husky_desktop:/home/prakrutk/husky_ws/install/husky_viz:/home/prakrutk/husky_ws/install/husky_simulator:/home/prakrutk/husky_ws/install/husky_robot:/home/prakrutk/husky_ws/install/husky_bringup:/home/prakrutk/husky_ws/install/husky_gazebo:/opt/ros/humble /usr/bin/cmake --install /home/prakrutk/husky_ws/build/husky_bringup
