[0.093s] Invoking command in '/home/prakrutk/Downloads/FOR_Project/ROS-Gazebo/husky_ws/build/husky_simulator': AMENT_PREFIX_PATH=/home/prakrutk/husky_ws/install/husky_gazebo:/home/prakrutk/husky_ws/install/husky_control:/home/prakrutk/husky_ws/install/husky_description:${AMENT_PREFIX_PATH} CMAKE_PREFIX_PATH=/home/prakrutk/Downloads/FOR_Project/ROS-Gazebo/husky_ws/install/husky_gazebo:/home/prakrutk/Downloads/FOR_Project/ROS-Gazebo/husky_ws/install/husky_control:/home/prakrutk/Downloads/FOR_Project/ROS-Gazebo/husky_ws/install/husky_description:/opt/ros/humble /usr/bin/cmake --build /home/prakrutk/Downloads/FOR_Project/ROS-Gazebo/husky_ws/build/husky_simulator -- -j8 -l8
[0.108s] [0mCMake Error: The current CMakeCache.txt directory /home/prakrutk/Downloads/FOR_Project/ROS-Gazebo/husky_ws/build/husky_simulator/CMakeCache.txt is different than the directory /home/prakrutk/husky_ws/build/husky_simulator where CMakeCache.txt was created. This may result in binaries being created in the wrong place. If you are not sure, reedit the CMakeCache.txt[0m
[0.351s] Invoked command in '/home/prakrutk/Downloads/FOR_Project/ROS-Gazebo/husky_ws/build/husky_simulator' returned '0': AMENT_PREFIX_PATH=/home/prakrutk/husky_ws/install/husky_gazebo:/home/prakrutk/husky_ws/install/husky_control:/home/prakrutk/husky_ws/install/husky_description:${AMENT_PREFIX_PATH} CMAKE_PREFIX_PATH=/home/prakrutk/Downloads/FOR_Project/ROS-Gazebo/husky_ws/install/husky_gazebo:/home/prakrutk/Downloads/FOR_Project/ROS-Gazebo/husky_ws/install/husky_control:/home/prakrutk/Downloads/FOR_Project/ROS-Gazebo/husky_ws/install/husky_description:/opt/ros/humble /usr/bin/cmake --build /home/prakrutk/Downloads/FOR_Project/ROS-Gazebo/husky_ws/build/husky_simulator -- -j8 -l8
[0.607s] Invoking command in '/home/prakrutk/Downloads/FOR_Project/ROS-Gazebo/husky_ws/build/husky_simulator': AMENT_PREFIX_PATH=/home/prakrutk/husky_ws/install/husky_gazebo:/home/prakrutk/husky_ws/install/husky_control:/home/prakrutk/husky_ws/install/husky_description:${AMENT_PREFIX_PATH} CMAKE_PREFIX_PATH=/home/prakrutk/Downloads/FOR_Project/ROS-Gazebo/husky_ws/install/husky_gazebo:/home/prakrutk/Downloads/FOR_Project/ROS-Gazebo/husky_ws/install/husky_control:/home/prakrutk/Downloads/FOR_Project/ROS-Gazebo/husky_ws/install/husky_description:/opt/ros/humble /usr/bin/cmake --install /home/prakrutk/Downloads/FOR_Project/ROS-Gazebo/husky_ws/build/husky_simulator
[0.688s] -- Install configuration: ""
[0.688s] -- Up-to-date: /home/prakrutk/husky_ws/install/husky_simulator/share/ament_index/resource_index/package_run_dependencies/husky_simulator
[0.689s] -- Up-to-date: /home/prakrutk/husky_ws/install/husky_simulator/share/ament_index/resource_index/parent_prefix_path/husky_simulator
[0.689s] -- Up-to-date: /home/prakrutk/husky_ws/install/husky_simulator/share/husky_simulator/environment/ament_prefix_path.sh
[0.689s] -- Up-to-date: /home/prakrutk/husky_ws/install/husky_simulator/share/husky_simulator/environment/ament_prefix_path.dsv
[0.690s] -- Up-to-date: /home/prakrutk/husky_ws/install/husky_simulator/share/husky_simulator/environment/path.sh
[0.690s] -- Up-to-date: /home/prakrutk/husky_ws/install/husky_simulator/share/husky_simulator/environment/path.dsv
[0.690s] -- Up-to-date: /home/prakrutk/husky_ws/install/husky_simulator/share/husky_simulator/local_setup.bash
[0.690s] -- Up-to-date: /home/prakrutk/husky_ws/install/husky_simulator/share/husky_simulator/local_setup.sh
[0.690s] -- Up-to-date: /home/prakrutk/husky_ws/install/husky_simulator/share/husky_simulator/local_setup.zsh
[0.691s] -- Up-to-date: /home/prakrutk/husky_ws/install/husky_simulator/share/husky_simulator/local_setup.dsv
[0.691s] -- Installing: /home/prakrutk/husky_ws/install/husky_simulator/share/husky_simulator/package.dsv
[0.691s] -- Up-to-date: /home/prakrutk/husky_ws/install/husky_simulator/share/ament_index/resource_index/packages/husky_simulator
[0.691s] -- Up-to-date: /home/prakrutk/husky_ws/install/husky_simulator/share/husky_simulator/cmake/husky_simulatorConfig.cmake
[0.692s] -- Up-to-date: /home/prakrutk/husky_ws/install/husky_simulator/share/husky_simulator/cmake/husky_simulatorConfig-version.cmake
[0.692s] -- Up-to-date: /home/prakrutk/husky_ws/install/husky_simulator/share/husky_simulator/package.xml
[0.692s] Invoked command in '/home/prakrutk/Downloads/FOR_Project/ROS-Gazebo/husky_ws/build/husky_simulator' returned '0': AMENT_PREFIX_PATH=/home/prakrutk/husky_ws/install/husky_gazebo:/home/prakrutk/husky_ws/install/husky_control:/home/prakrutk/husky_ws/install/husky_description:${AMENT_PREFIX_PATH} CMAKE_PREFIX_PATH=/home/prakrutk/Downloads/FOR_Project/ROS-Gazebo/husky_ws/install/husky_gazebo:/home/prakrutk/Downloads/FOR_Project/ROS-Gazebo/husky_ws/install/husky_control:/home/prakrutk/Downloads/FOR_Project/ROS-Gazebo/husky_ws/install/husky_description:/opt/ros/humble /usr/bin/cmake --install /home/prakrutk/Downloads/FOR_Project/ROS-Gazebo/husky_ws/build/husky_simulator
